Building DAG of jobs...
Using shell: /usr/bin/bash
Provided cores: 4
Rules claiming more threads will be scaled down.
Job counts:
	count	jobs
	1	all
	1	downloadAnnotation
	1	downloadGenome
	1	extractAnnotation
	4

[Wed May 13 18:15:54 2020]
rule downloadAnnotation:
    output: data/annotation.gtf
    jobid: 3


[Wed May 13 18:15:54 2020]
rule downloadGenome:
    output: data/chr21.fa
    jobid: 1

[Wed May 13 18:16:07 2020]
Finished job 1.
1 of 4 steps (25%) done
[Wed May 13 18:16:10 2020]
Finished job 3.
2 of 4 steps (50%) done

[Wed May 13 18:16:10 2020]
rule extractAnnotation:
    input: data/annotation.gtf
    output: data/annotation21.gtf
    jobid: 2

[Wed May 13 18:16:12 2020]
Finished job 2.
3 of 4 steps (75%) done

[Wed May 13 18:16:12 2020]
localrule all:
    input: data/chr21.fa, data/annotation21.gtf
    jobid: 0

[Wed May 13 18:16:12 2020]
Finished job 0.
4 of 4 steps (100%) done
Complete log: /home/dlcgold/stage-unimib/extra/snake/.snakemake/log/2020-05-13T181554.127148.snakemake.log
