Building DAG of jobs...
Updating job 0 (run_after_checkpoint).
MissingInputException in line 97 of /home/dlcgold/stage-unimib/extra/snake/Snakefile:
Missing input files for rule run_after_checkpoint:
data/results/ENSG00000228137.mem
data/results/ENSG00000286267.mem
data/results/ENSG00000215351.mem
data/results/ENSG00000275664.mem
data/results/ENSG00000278433.mem
data/results/ENSG00000186977.mem
data/results/ENSG00000184441.mem
data/results/ENSG00000273104.mem
data/results/ENSG00000275496.mem
data/results/ENSG00000276612.mem
data/results/ENSG00000223078.mem
data/results/ENSG00000226956.mem
data/results/ENSG00000159256.mem
data/results/ENSG00000238265.mem
data/results/ENSG00000237527.mem
data/results/ENSG00000154639.mem
data/results/ENSG00000280604.mem
data/results/ENSG00000264452.mem
data/results/ENSG00000272958.mem
data/results/ENSG00000198054.mem
data/results/ENSG00000277572.mem
data/results/ENSG00000277991.mem
data/results/ENSG00000279773.mem
data/results/ENSG00000233215.mem
data/results/ENSG00000159231.mem
data/results/ENSG00000219368.mem
data/results/ENSG00000288555.mem
data/results/ENSG00000173276.mem
data/results/ENSG00000228708.mem
data/results/ENSG00000159212.mem
data/results/ENSG00000249493.mem
data/results/ENSG00000155304.mem
data/results/ENSG00000238257.mem
data/results/ENSG00000235374.mem
data/results/ENSG00000237731.mem
data/results/ENSG00000225906.mem
data/results/ENSG00000273840.mem
data/results/ENSG00000225731.mem
data/results/ENSG00000157578.mem
data/results/ENSG00000279998.mem
data/results/ENSG00000275139.mem
data/results/ENSG00000229231.mem
data/results/ENSG00000264063.mem
data/results/ENSG00000154645.mem
data/results/ENSG00000202339.mem
data/results/ENSG00000229025.mem
data/results/ENSG00000200754.mem
data/results/ENSG00000233480.mem
data/results/ENSG00000166351.mem
data/results/ENSG00000232124.mem
data/results/ENSG00000279669.mem
data/results/ENSG00000197683.mem
data/results/ENSG00000280018.mem
data/results/ENSG00000186965.mem
data/results/ENSG00000226501.mem
data/results/ENSG00000227090.mem
data/results/ENSG00000270533.mem
data/results/ENSG00000238197.mem
data/results/ENSG00000207147.mem
data/results/ENSG00000270071.mem
data/results/ENSG00000154736.mem
data/results/ENSG00000288094.mem
data/results/ENSG00000266692.mem
data/results/ENSG00000228159.mem
data/results/ENSG00000279534.mem
data/results/ENSG00000280071.mem
data/results/ENSG00000223975.mem
data/results/ENSG00000157540.mem
data/results/ENSG00000160216.mem
data/results/ENSG00000226115.mem
data/results/ENSG00000273796.mem
data/results/ENSG00000275799.mem
data/results/ENSG00000273492.mem
data/results/ENSG00000269950.mem
data/results/ENSG00000206107.mem
data/results/ENSG00000232608.mem
data/results/ENSG00000160233.mem
data/results/ENSG00000156239.mem
data/results/ENSG00000228930.mem
data/results/ENSG00000229289.mem
data/results/ENSG00000243627.mem
data/results/ENSG00000278381.mem
data/results/ENSG00000286148.mem
data/results/ENSG00000278618.mem
data/results/ENSG00000233783.mem
data/results/ENSG00000160255.mem
data/results/ENSG00000234052.mem
data/results/ENSG00000272657.mem
data/results/ENSG00000212933.mem
data/results/ENSG00000182240.mem
data/results/ENSG00000230965.mem
data/results/ENSG00000189169.mem
data/results/ENSG00000214326.mem
data/results/ENSG00000277437.mem
data/results/ENSG00000228107.mem
data/results/ENSG00000212136.mem
data/results/ENSG00000276902.mem
data/results/ENSG00000234439.mem
data/results/ENSG00000159228.mem
data/results/ENSG00000184385.mem
data/results/ENSG00000184029.mem
data/results/ENSG00000273027.mem
data/results/ENSG00000206104.mem
data/results/ENSG00000234293.mem
data/results/ENSG00000215326.mem
data/results/ENSG00000278955.mem
data/results/ENSG00000199806.mem
data/results/ENSG00000142156.mem
data/results/ENSG00000224018.mem
data/results/ENSG00000156284.mem
data/results/ENSG00000211590.mem
data/results/ENSG00000235564.mem
data/results/ENSG00000278158.mem
data/results/ENSG00000286082.mem
data/results/ENSG00000279414.mem
data/results/ENSG00000160221.mem
data/results/ENSG00000279709.mem
data/results/ENSG00000142197.mem
data/results/ENSG00000279769.mem
data/results/ENSG00000275945.mem
data/results/ENSG00000197381.mem
data/results/ENSG00000243927.mem
data/results/ENSG00000198390.mem
data/results/ENSG00000280013.mem
data/results/ENSG00000252462.mem
data/results/ENSG00000205929.mem
data/results/ENSG00000185186.mem
data/results/ENSG00000241945.mem
data/results/ENSG00000279851.mem
data/results/ENSG00000284448.mem
data/results/ENSG00000266299.mem
data/results/ENSG00000244025.mem
data/results/ENSG00000228235.mem
data/results/ENSG00000230859.mem
data/results/ENSG00000233756.mem
data/results/ENSG00000288187.mem
data/results/ENSG00000233056.mem
data/results/ENSG00000280372.mem
data/results/ENSG00000279156.mem
data/results/ENSG00000166979.mem
data/results/ENSG00000160200.mem
data/results/ENSG00000219280.mem
data/results/ENSG00000180509.mem
data/results/ENSG00000215734.mem
data/results/ENSG00000223741.mem
data/results/ENSG00000159197.mem
data/results/ENSG00000183778.mem
data/results/ENSG00000286222.mem
data/results/ENSG00000278996.mem
data/results/ENSG00000200213.mem
data/results/ENSG00000160202.mem
data/results/ENSG00000226012.mem
data/results/ENSG00000214976.mem
data/results/ENSG00000255568.mem
data/results/ENSG00000229925.mem
data/results/ENSG00000278678.mem
data/results/ENSG00000237989.mem
data/results/ENSG00000183145.mem
data/results/ENSG00000223662.mem
data/results/ENSG00000274559.mem
data/results/ENSG00000215559.mem
data/results/ENSG00000278878.mem
data/results/ENSG00000231068.mem
data/results/ENSG00000280179.mem
data/results/ENSG00000160179.mem
data/results/ENSG00000155307.mem
data/results/ENSG00000157538.mem
data/results/ENSG00000234730.mem
data/results/ENSG00000225043.mem
data/results/ENSG00000265841.mem
data/results/ENSG00000260583.mem
data/results/ENSG00000244362.mem
data/results/ENSG00000286057.mem
data/results/ENSG00000251851.mem
data/results/ENSG00000276738.mem
data/results/ENSG00000184787.mem
data/results/ENSG00000286103.mem
data/results/ENSG00000236384.mem
data/results/ENSG00000226996.mem
data/results/ENSG00000156261.mem
data/results/ENSG00000215424.mem
data/results/ENSG00000227702.mem
data/results/ENSG00000224100.mem
data/results/ENSG00000234340.mem
data/results/ENSG00000166265.mem
data/results/ENSG00000205439.mem
data/results/ENSG00000279177.mem
data/results/ENSG00000238390.mem
data/results/ENSG00000232777.mem
data/results/ENSG00000273590.mem
data/results/ENSG00000224832.mem
data/results/ENSG00000274248.mem
data/results/ENSG00000188694.mem
data/results/ENSG00000286027.mem
data/results/ENSG00000178457.mem
data/results/ENSG00000207097.mem
data/results/ENSG00000229047.mem
data/results/ENSG00000185658.mem
data/results/ENSG00000278961.mem
data/results/ENSG00000205758.mem
data/results/ENSG00000224247.mem
data/results/ENSG00000227406.mem
data/results/ENSG00000228600.mem
data/results/ENSG00000287109.mem
data/results/ENSG00000252915.mem
data/results/ENSG00000286886.mem
data/results/ENSG00000227716.mem
data/results/ENSG00000276529.mem
data/results/ENSG00000168122.mem
data/results/ENSG00000252619.mem
data/results/ENSG00000286155.mem
data/results/ENSG00000232512.mem
data/results/ENSG00000233300.mem
data/results/ENSG00000229382.mem
data/results/ENSG00000275523.mem
data/results/ENSG00000237444.mem
data/results/ENSG00000235023.mem
data/results/ENSG00000224860.mem
data/results/ENSG00000261706.mem
data/results/ENSG00000229880.mem
data/results/ENSG00000235123.mem
data/results/ENSG00000160181.mem
data/results/ENSG00000236883.mem
data/results/ENSG00000230870.mem
data/results/ENSG00000185390.mem
data/results/ENSG00000212564.mem
data/results/ENSG00000155313.mem
data/results/ENSG00000228861.mem
data/results/ENSG00000265590.mem
data/results/ENSG00000219592.mem
data/results/ENSG00000226406.mem
data/results/ENSG00000183527.mem
data/results/ENSG00000231713.mem
data/results/ENSG00000264002.mem
data/results/ENSG00000184856.mem
data/results/ENSG00000288578.mem
data/results/ENSG00000187175.mem
data/results/ENSG00000278927.mem
data/results/ENSG00000278903.mem
data/results/ENSG00000287082.mem
data/results/ENSG00000157601.mem
data/results/ENSG00000231125.mem
data/results/ENSG00000237202.mem
data/results/ENSG00000272991.mem
data/results/ENSG00000233997.mem
data/results/ENSG00000275167.mem
data/results/ENSG00000142182.mem
data/results/ENSG00000207638.mem
data/results/ENSG00000218549.mem
data/results/ENSG00000224598.mem
data/results/ENSG00000160294.mem
data/results/ENSG00000279615.mem
data/results/ENSG00000228817.mem
data/results/ENSG00000225735.mem
data/results/ENSG00000279213.mem
data/results/ENSG00000236663.mem
data/results/ENSG00000226433.mem
data/results/ENSG00000206105.mem
data/results/ENSG00000230233.mem
data/results/ENSG00000237338.mem
data/results/ENSG00000275215.mem
data/results/ENSG00000232079.mem
data/results/ENSG00000236382.mem
data/results/ENSG00000276289.mem
data/results/ENSG00000223870.mem
data/results/ENSG00000244294.mem
data/results/ENSG00000205424.mem
data/results/ENSG00000198862.mem
data/results/ENSG00000229356.mem
data/results/ENSG00000226935.mem
data/results/ENSG00000279783.mem
data/results/ENSG00000142207.mem
data/results/ENSG00000232401.mem
data/results/ENSG00000226054.mem
data/results/ENSG00000242553.mem
data/results/ENSG00000279647.mem
data/results/ENSG00000156282.mem
data/results/ENSG00000184724.mem
data/results/ENSG00000270652.mem
data/results/ENSG00000230198.mem
data/results/ENSG00000160218.mem
data/results/ENSG00000223287.mem
data/results/ENSG00000280095.mem
data/results/ENSG00000275166.mem
data/results/ENSG00000276546.mem
data/results/ENSG00000279895.mem
data/results/ENSG00000230379.mem
data/results/ENSG00000154646.mem
data/results/ENSG00000273210.mem
data/results/ENSG00000237138.mem
data/results/ENSG00000286252.mem
data/results/ENSG00000251972.mem
data/results/ENSG00000286224.mem
data/results/ENSG00000154727.mem
data/results/ENSG00000236677.mem
data/results/ENSG00000223901.mem
data/results/ENSG00000279648.mem
data/results/ENSG00000173638.mem
data/results/ENSG00000157551.mem
data/results/ENSG00000159131.mem
data/results/ENSG00000287066.mem
data/results/ENSG00000227342.mem
data/results/ENSG00000184012.mem
data/results/ENSG00000215317.mem
data/results/ENSG00000232118.mem
data/results/ENSG00000185917.mem
data/results/ENSG00000224905.mem
data/results/ENSG00000205622.mem
data/results/ENSG00000160224.mem
data/results/ENSG00000232806.mem
data/results/ENSG00000240755.mem
data/results/ENSG00000279365.mem
data/results/ENSG00000260256.mem
data/results/ENSG00000174680.mem
data/results/ENSG00000275170.mem
data/results/ENSG00000279390.mem
data/results/ENSG00000276556.mem
data/results/ENSG00000236332.mem
data/results/ENSG00000160223.mem
data/results/ENSG00000184351.mem
data/results/ENSG00000156265.mem
data/results/ENSG00000236612.mem
data/results/ENSG00000230972.mem
data/results/ENSG00000243489.mem
data/results/ENSG00000232623.mem
data/results/ENSG00000279321.mem
data/results/ENSG00000218125.mem
data/results/ENSG00000241837.mem
data/results/ENSG00000226298.mem
data/results/ENSG00000159128.mem
data/results/ENSG00000159082.mem
data/results/ENSG00000186866.mem
data/results/ENSG00000224790.mem
data/results/ENSG00000213440.mem
data/results/ENSG00000187172.mem
data/results/ENSG00000154723.mem
data/results/ENSG00000281181.mem
data/results/ENSG00000273254.mem
data/results/ENSG00000267857.mem
data/results/ENSG00000230212.mem
data/results/ENSG00000233754.mem
data/results/ENSG00000279062.mem
data/results/ENSG00000222018.mem
data/results/ENSG00000160209.mem
data/results/ENSG00000225431.mem
data/results/ENSG00000160213.mem
data/results/ENSG00000286902.mem
data/results/ENSG00000212932.mem
data/results/ENSG00000189089.mem
data/results/ENSG00000244278.mem
data/results/ENSG00000279493.mem
data/results/ENSG00000274046.mem
data/results/ENSG00000203616.mem
data/results/ENSG00000228592.mem
data/results/ENSG00000233676.mem
data/results/ENSG00000154642.mem
data/results/ENSG00000237735.mem
data/results/ENSG00000227256.mem
data/results/ENSG00000233442.mem
data/results/ENSG00000175894.mem
data/results/ENSG00000280330.mem
data/results/ENSG00000215533.mem
data/results/ENSG00000261610.mem
data/results/ENSG00000236532.mem
data/results/ENSG00000234107.mem
data/results/ENSG00000207863.mem
data/results/ENSG00000142188.mem
data/results/ENSG00000231324.mem
data/results/ENSG00000237373.mem
data/results/ENSG00000286149.mem
data/results/ENSG00000212609.mem
data/results/ENSG00000183255.mem
data/results/ENSG00000182362.mem
data/results/ENSG00000156256.mem
data/results/ENSG00000280191.mem
data/results/ENSG00000274333.mem
data/results/ENSG00000141959.mem
data/results/ENSG00000235965.mem
data/results/ENSG00000266133.mem
data/results/ENSG00000157542.mem
data/results/ENSG00000249624.mem
data/results/ENSG00000280441.mem
data/results/ENSG00000228677.mem
data/results/ENSG00000234083.mem
data/results/ENSG00000180530.mem
data/results/ENSG00000239930.mem
data/results/ENSG00000287088.mem
data/results/ENSG00000272948.mem
data/results/ENSG00000279967.mem
data/results/ENSG00000229761.mem
data/results/ENSG00000156299.mem
data/results/ENSG00000286018.mem
data/results/ENSG00000275464.mem
data/results/ENSG00000238220.mem
data/results/ENSG00000274749.mem
data/results/ENSG00000187005.mem
data/results/ENSG00000244676.mem
data/results/ENSG00000154734.mem
data/results/ENSG00000228120.mem
data/results/ENSG00000160284.mem
data/results/ENSG00000199962.mem
data/results/ENSG00000279718.mem
data/results/ENSG00000277671.mem
data/results/ENSG00000215386.mem
data/results/ENSG00000159147.mem
data/results/ENSG00000223262.mem
data/results/ENSG00000154721.mem
data/results/ENSG00000160193.mem
data/results/ENSG00000229046.mem
data/results/ENSG00000225555.mem
data/results/ENSG00000231136.mem
data/results/ENSG00000177398.mem
data/results/ENSG00000278775.mem
data/results/ENSG00000279690.mem
data/results/ENSG00000159110.mem
data/results/ENSG00000224269.mem
data/results/ENSG00000206102.mem
data/results/ENSG00000224602.mem
data/results/ENSG00000277379.mem
data/results/ENSG00000235808.mem
data/results/ENSG00000275950.mem
data/results/ENSG00000288536.mem
data/results/ENSG00000183067.mem
data/results/ENSG00000231058.mem
data/results/ENSG00000142178.mem
data/results/ENSG00000159267.mem
data/results/ENSG00000280433.mem
data/results/ENSG00000229306.mem
data/results/ENSG00000275895.mem
data/results/ENSG00000177692.mem
data/results/ENSG00000212938.mem
data/results/ENSG00000184809.mem
data/results/ENSG00000277282.mem
data/results/ENSG00000277117.mem
data/results/ENSG00000160201.mem
data/results/ENSG00000251778.mem
data/results/ENSG00000160188.mem
data/results/ENSG00000236400.mem
data/results/ENSG00000228941.mem
data/results/ENSG00000171587.mem
data/results/ENSG00000274276.mem
data/results/ENSG00000160307.mem
data/results/ENSG00000217026.mem
data/results/ENSG00000233236.mem
data/results/ENSG00000154640.mem
data/results/ENSG00000227874.mem
data/results/ENSG00000154719.mem
data/results/ENSG00000159086.mem
data/results/ENSG00000252045.mem
data/results/ENSG00000266195.mem
data/results/ENSG00000276873.mem
data/results/ENSG00000213885.mem
data/results/ENSG00000240770.mem
data/results/ENSG00000234538.mem
data/results/ENSG00000215454.mem
data/results/ENSG00000287612.mem
data/results/ENSG00000233036.mem
data/results/ENSG00000286643.mem
data/results/ENSG00000186924.mem
data/results/ENSG00000159200.mem
data/results/ENSG00000179381.mem
data/results/ENSG00000230978.mem
data/results/ENSG00000182591.mem
data/results/ENSG00000227698.mem
data/results/ENSG00000206802.mem
data/results/ENSG00000232687.mem
data/results/ENSG00000232263.mem
data/results/ENSG00000281383.mem
data/results/ENSG00000280172.mem
data/results/ENSG00000234034.mem
data/results/ENSG00000224574.mem
data/results/ENSG00000238141.mem
data/results/ENSG00000207476.mem
data/results/ENSG00000231123.mem
data/results/ENSG00000233956.mem
data/results/ENSG00000160214.mem
data/results/ENSG00000215458.mem
data/results/ENSG00000231355.mem
data/results/ENSG00000176054.mem
data/results/ENSG00000280243.mem
data/results/ENSG00000236056.mem
data/results/ENSG00000226818.mem
data/results/ENSG00000274484.mem
data/results/ENSG00000186980.mem
data/results/ENSG00000227840.mem
data/results/ENSG00000276076.mem
data/results/ENSG00000224421.mem
data/results/ENSG00000182912.mem
data/results/ENSG00000231986.mem
data/results/ENSG00000276077.mem
data/results/ENSG00000279477.mem
data/results/ENSG00000188681.mem
data/results/ENSG00000159055.mem
data/results/ENSG00000223563.mem
data/results/ENSG00000234159.mem
data/results/ENSG00000232884.mem
data/results/ENSG00000205445.mem
data/results/ENSG00000277277.mem
data/results/ENSG00000207416.mem
data/results/ENSG00000226204.mem
data/results/ENSG00000237484.mem
data/results/ENSG00000283904.mem
data/results/ENSG00000232360.mem
data/results/ENSG00000239415.mem
data/results/ENSG00000227330.mem
data/results/ENSG00000286425.mem
data/results/ENSG00000279226.mem
data/results/ENSG00000229623.mem
data/results/ENSG00000182816.mem
data/results/ENSG00000280019.mem
data/results/ENSG00000227721.mem
data/results/ENSG00000228318.mem
data/results/ENSG00000160180.mem
data/results/ENSG00000236519.mem
data/results/ENSG00000142192.mem
data/results/ENSG00000188155.mem
data/results/ENSG00000280594.mem
data/results/ENSG00000230366.mem
data/results/ENSG00000241728.mem
data/results/ENSG00000142185.mem
data/results/ENSG00000183486.mem
data/results/ENSG00000215353.mem
data/results/ENSG00000228184.mem
data/results/ENSG00000279501.mem
data/results/ENSG00000231106.mem
data/results/ENSG00000280614.mem
data/results/ENSG00000279720.mem
data/results/ENSG00000285413.mem
data/results/ENSG00000142166.mem
data/results/ENSG00000232797.mem
data/results/ENSG00000234380.mem
data/results/ENSG00000186971.mem
data/results/ENSG00000273091.mem
data/results/ENSG00000266211.mem
data/results/ENSG00000287507.mem
data/results/ENSG00000241123.mem
data/results/ENSG00000142149.mem
data/results/ENSG00000215369.mem
data/results/ENSG00000187026.mem
data/results/ENSG00000286517.mem
data/results/ENSG00000288069.mem
data/results/ENSG00000224413.mem
data/results/ENSG00000279094.mem
data/results/ENSG00000231620.mem
data/results/ENSG00000270116.mem
data/results/ENSG00000183249.mem
data/results/ENSG00000233316.mem
data/results/ENSG00000228709.mem
data/results/ENSG00000230323.mem
data/results/ENSG00000272825.mem
data/results/ENSG00000237232.mem
data/results/ENSG00000287637.mem
data/results/ENSG00000229986.mem
data/results/ENSG00000278189.mem
data/results/ENSG00000232837.mem
data/results/ENSG00000154654.mem
data/results/ENSG00000286054.mem
data/results/ENSG00000237841.mem
data/results/ENSG00000264580.mem
data/results/ENSG00000234880.mem
data/results/ENSG00000232886.mem
data/results/ENSG00000227039.mem
data/results/ENSG00000243646.mem
data/results/ENSG00000259981.mem
data/results/ENSG00000160191.mem
data/results/ENSG00000279728.mem
data/results/ENSG00000252963.mem
data/results/ENSG00000235277.mem
data/results/ENSG00000226543.mem
data/results/ENSG00000287470.mem
data/results/ENSG00000236471.mem
data/results/ENSG00000285815.mem
data/results/ENSG00000160199.mem
data/results/ENSG00000185433.mem
data/results/ENSG00000233922.mem
data/results/ENSG00000225218.mem
data/results/ENSG00000223400.mem
data/results/ENSG00000275592.mem
data/results/ENSG00000224747.mem
data/results/ENSG00000279788.mem
data/results/ENSG00000273872.mem
data/results/ENSG00000279990.mem
data/results/ENSG00000226983.mem
data/results/ENSG00000252273.mem
data/results/ENSG00000222042.mem
data/results/ENSG00000274662.mem
data/results/ENSG00000281903.mem
data/results/ENSG00000183640.mem
data/results/ENSG00000286594.mem
data/results/ENSG00000273017.mem
data/results/ENSG00000183535.mem
data/results/ENSG00000235772.mem
data/results/ENSG00000186925.mem
data/results/ENSG00000235609.mem
data/results/ENSG00000159140.mem
data/results/ENSG00000273102.mem
data/results/ENSG00000235312.mem
data/results/ENSG00000205927.mem
data/results/ENSG00000277693.mem
data/results/ENSG00000225298.mem
data/results/ENSG00000183570.mem
data/results/ENSG00000231236.mem
data/results/ENSG00000184032.mem
data/results/ENSG00000223431.mem
data/results/ENSG00000225330.mem
data/results/ENSG00000214955.mem
data/results/ENSG00000224924.mem
data/results/ENSG00000223806.mem
data/results/ENSG00000186970.mem
data/results/ENSG00000237664.mem
data/results/ENSG00000279167.mem
data/results/ENSG00000244624.mem
data/results/ENSG00000264462.mem
data/results/ENSG00000159079.mem
data/results/ENSG00000185272.mem
data/results/ENSG00000232010.mem
data/results/ENSG00000226930.mem
data/results/ENSG00000201984.mem
data/results/ENSG00000186967.mem
data/results/ENSG00000231231.mem
data/results/ENSG00000142173.mem
data/results/ENSG00000160285.mem
data/results/ENSG00000274868.mem
data/results/ENSG00000276647.mem
data/results/ENSG00000223799.mem
data/results/ENSG00000278884.mem
data/results/ENSG00000263681.mem
data/results/ENSG00000173231.mem
data/results/ENSG00000275692.mem
data/results/ENSG00000182670.mem
data/results/ENSG00000225637.mem
data/results/ENSG00000237609.mem
data/results/ENSG00000232692.mem
data/results/ENSG00000279751.mem
data/results/ENSG00000229336.mem
data/results/ENSG00000280145.mem
data/results/ENSG00000184900.mem
data/results/ENSG00000283300.mem
data/results/ENSG00000235701.mem
data/results/ENSG00000223671.mem
data/results/ENSG00000238627.mem
data/results/ENSG00000160182.mem
data/results/ENSG00000279064.mem
data/results/ENSG00000182093.mem
data/results/ENSG00000225331.mem
data/results/ENSG00000224649.mem
data/results/ENSG00000201812.mem
data/results/ENSG00000183421.mem
data/results/ENSG00000160185.mem
data/results/ENSG00000263973.mem
data/results/ENSG00000235890.mem
data/results/ENSG00000237594.mem
data/results/ENSG00000274391.mem
data/results/ENSG00000286549.mem
data/results/ENSG00000233206.mem
data/results/ENSG00000227456.mem
data/results/ENSG00000183844.mem
data/results/ENSG00000202239.mem
data/results/ENSG00000237569.mem
data/results/ENSG00000224524.mem
data/results/ENSG00000230982.mem
data/results/ENSG00000270835.mem
data/results/ENSG00000273115.mem
data/results/ENSG00000252199.mem
data/results/ENSG00000226771.mem
data/results/ENSG00000187766.mem
data/results/ENSG00000280081.mem
data/results/ENSG00000160310.mem
data/results/ENSG00000205930.mem
data/results/ENSG00000160190.mem
data/results/ENSG00000228349.mem
data/results/ENSG00000214889.mem
data/results/ENSG00000223822.mem
data/results/ENSG00000224309.mem
data/results/ENSG00000287801.mem
data/results/ENSG00000277739.mem
data/results/ENSG00000228404.mem
data/results/ENSG00000243064.mem
data/results/ENSG00000223692.mem
data/results/ENSG00000224541.mem
data/results/ENSG00000236830.mem
data/results/ENSG00000171189.mem
data/results/ENSG00000198743.mem
data/results/ENSG00000223768.mem
data/results/ENSG00000184221.mem
data/results/ENSG00000188660.mem
data/results/ENSG00000237864.mem
data/results/ENSG00000227075.mem
data/results/ENSG00000280109.mem
data/results/ENSG00000205581.mem
data/results/ENSG00000182586.mem
data/results/ENSG00000215005.mem
data/results/ENSG00000175302.mem
data/results/ENSG00000273464.mem
data/results/ENSG00000237325.mem
data/results/ENSG00000200792.mem
data/results/ENSG00000199698.mem
data/results/ENSG00000263969.mem
data/results/ENSG00000197934.mem
data/results/ENSG00000286146.mem
data/results/ENSG00000185808.mem
data/results/ENSG00000286178.mem
data/results/ENSG00000232969.mem
data/results/ENSG00000280108.mem
data/results/ENSG00000231201.mem
data/results/ENSG00000265007.mem
data/results/ENSG00000278106.mem
data/results/ENSG00000231300.mem
data/results/ENSG00000207098.mem
data/results/ENSG00000234703.mem
data/results/ENSG00000201025.mem
data/results/ENSG00000182871.mem
data/results/ENSG00000231755.mem
data/results/ENSG00000279381.mem
data/results/ENSG00000224141.mem
data/results/ENSG00000156304.mem
data/results/ENSG00000240432.mem
data/results/ENSG00000275993.mem
data/results/ENSG00000280346.mem
data/results/ENSG00000279211.mem
data/results/ENSG00000226496.mem
data/results/ENSG00000252606.mem
data/results/ENSG00000223608.mem
data/results/ENSG00000275874.mem
data/results/ENSG00000286852.mem
data/results/ENSG00000232855.mem
data/results/ENSG00000283051.mem
data/results/ENSG00000160256.mem
data/results/ENSG00000280800.mem
data/results/ENSG00000214867.mem
data/results/ENSG00000215455.mem
data/results/ENSG00000156273.mem
data/results/ENSG00000288266.mem
data/results/ENSG00000159259.mem
data/results/ENSG00000275708.mem
data/results/ENSG00000237646.mem
data/results/ENSG00000278181.mem
data/results/ENSG00000205726.mem
data/results/ENSG00000224922.mem
data/results/ENSG00000273692.mem
data/results/ENSG00000160194.mem
data/results/ENSG00000234008.mem
data/results/ENSG00000160226.mem
data/results/ENSG00000237945.mem
data/results/ENSG00000234509.mem
data/results/ENSG00000229086.mem
data/results/ENSG00000252950.mem
data/results/ENSG00000230479.mem
data/results/ENSG00000288593.mem
data/results/ENSG00000280082.mem
data/results/ENSG00000274225.mem
data/results/ENSG00000229007.mem
data/results/ENSG00000184274.mem
data/results/ENSG00000221398.mem
data/results/ENSG00000235514.mem
data/results/ENSG00000284550.mem
data/results/ENSG00000214319.mem
data/results/ENSG00000224388.mem
data/results/ENSG00000159261.mem
data/results/ENSG00000227438.mem
data/results/ENSG00000206106.mem
data/results/ENSG00000233818.mem
data/results/ENSG00000160282.mem
data/results/ENSG00000160299.mem
data/results/ENSG00000214914.mem
data/results/ENSG00000279579.mem
data/results/ENSG00000225267.mem
data/results/ENSG00000232539.mem
data/results/ENSG00000226527.mem
data/results/ENSG00000234289.mem
data/results/ENSG00000230794.mem
data/results/ENSG00000229962.mem
data/results/ENSG00000277352.mem
data/results/ENSG00000235888.mem
data/results/ENSG00000183250.mem
data/results/ENSG00000279784.mem
data/results/ENSG00000159263.mem
data/results/ENSG00000272804.mem
data/results/ENSG00000275469.mem
data/results/ENSG00000249209.mem
data/results/ENSG00000279208.mem
data/results/ENSG00000185437.mem
data/results/ENSG00000232560.mem
data/results/ENSG00000275631.mem
data/results/ENSG00000142168.mem
data/results/ENSG00000242220.mem
data/results/ENSG00000280436.mem
data/results/ENSG00000279186.mem
data/results/ENSG00000236119.mem
data/results/ENSG00000272015.mem
data/results/ENSG00000279864.mem
data/results/ENSG00000279303.mem
data/results/ENSG00000223488.mem
data/results/ENSG00000199598.mem
data/results/ENSG00000186930.mem
data/results/ENSG00000250973.mem
data/results/ENSG00000227757.mem
data/results/ENSG00000156253.mem
data/results/ENSG00000160207.mem
data/results/ENSG00000228149.mem
data/results/ENSG00000198618.mem
data/results/ENSG00000236545.mem
data/results/ENSG00000280432.mem
data/results/ENSG00000281420.mem
data/results/ENSG00000239023.mem
data/results/ENSG00000237604.mem
data/results/ENSG00000157557.mem
data/results/ENSG00000256073.mem
data/results/ENSG00000274790.mem
data/results/ENSG00000270139.mem
data/results/ENSG00000229425.mem
data/results/ENSG00000286717.mem
data/results/ENSG00000278233.mem
data/results/ENSG00000233767.mem
data/results/ENSG00000278932.mem
data/results/ENSG00000221837.mem
data/results/ENSG00000279687.mem
data/results/ENSG00000159216.mem
data/results/ENSG00000274060.mem
data/results/ENSG00000215562.mem
data/results/ENSG00000221859.mem
data/results/ENSG00000227054.mem
data/results/ENSG00000228961.mem
data/results/ENSG00000276633.mem
data/results/ENSG00000277067.mem
data/results/ENSG00000183036.mem
data/results/ENSG00000160298.mem
data/results/ENSG00000230061.mem
data/results/ENSG00000207503.mem
data/results/ENSG00000205670.mem
data/results/ENSG00000227999.mem
data/results/ENSG00000228314.mem
data/results/ENSG00000212479.mem
data/results/ENSG00000157617.mem
data/results/ENSG00000273199.mem
data/results/ENSG00000221864.mem
data/results/ENSG00000278931.mem
data/results/ENSG00000160208.mem
data/results/ENSG00000215088.mem
data/results/ENSG00000188992.mem
data/results/ENSG00000233213.mem
data/results/ENSG00000286012.mem
data/results/ENSG00000234030.mem
data/results/ENSG00000271486.mem
data/results/ENSG00000248476.mem
data/results/ENSG00000228433.mem
data/results/ENSG00000233393.mem
data/results/ENSG00000273271.mem
data/results/ENSG00000141956.mem
data/results/ENSG00000286091.mem
data/results/ENSG00000286153.mem
data/results/ENSG00000231867.mem
data/results/ENSG00000232260.mem
data/results/ENSG00000286032.mem
data/results/ENSG00000226580.mem
data/results/ENSG00000226043.mem
data/results/ENSG00000277777.mem
data/results/ENSG00000286033.mem
data/results/ENSG00000233640.mem
data/results/ENSG00000170262.mem
data/results/ENSG00000280164.mem
data/results/ENSG00000231480.mem
data/results/ENSG00000228355.mem
data/results/ENSG00000224427.mem
data/results/ENSG00000286262.mem
data/results/ENSG00000212935.mem
data/results/ENSG00000232193.mem
data/results/ENSG00000157554.mem
data/results/ENSG00000160183.mem
data/results/ENSG00000235012.mem
data/results/ENSG00000160305.mem
data/results/ENSG00000199030.mem
data/results/ENSG00000225502.mem
data/results/ENSG00000234883.mem
data/results/ENSG00000273614.mem
