The flag 'directory' used in rule all is only valid for outputs, not inputs.
Building DAG of jobs...
Using shell: /usr/bin/bash
Provided cores: 4
Rules claiming more threads will be scaled down.
Job counts:
	count	jobs
	1	splitAnnotation
	1

[Wed May 13 16:00:35 2020]
rule splitAnnotation:
    input: data/annotation21.gtf, data
    output: data/annotations.txt
    jobid: 0

Waiting at most 5 seconds for missing files.
MissingOutputException in line 56 of /home/dlcgold/stage-unimib/extra/snake/Snakefile:
Job completed successfully, but some output files are missing. Missing files after 5 seconds:
data/annotations.txt
This might be due to filesystem latency. If that is the case, consider to increase the wait time with --latency-wait.
Shutting down, this might take some time.
Exiting because a job execution failed. Look above for error message
Complete log: /home/dlcgold/stage-unimib/extra/snake/.snakemake/log/2020-05-13T160035.076805.snakemake.log
