Building DAG of jobs...
Using shell: /usr/bin/bash
Provided cores: 4
Rules claiming more threads will be scaled down.
Job counts:
	count	jobs
	1	generatePlot
	1	run_after_checkpoint
	1	splitAnnotation
	3

[Fri Jul  3 17:17:54 2020]
checkpoint splitAnnotation:
    input: data/annotation21.gtf
    output: data/annotations
    jobid: 2
Downstream jobs will be updated after completion.

Updating job 1 (generatePlot).
[Fri Jul  3 17:18:03 2020]
Finished job 2.
1 of 6129 steps (0.02%) done

[Fri Jul  3 17:18:03 2020]
rule downloadGenome:
    output: data/chr21.fa
    jobid: 5256

[Fri Jul  3 17:18:07 2020]
Finished job 5256.
2 of 6129 steps (0.03%) done

[Fri Jul  3 17:18:07 2020]
rule generateReads:
    input: data/annotations/ENSG00000215386.gtf, data/chr21.fa
    output: data/annotations/ENSG00000215386.fa
    jobid: 5509
    wildcards: gene=ENSG00000215386


[Fri Jul  3 17:18:07 2020]
rule generateReads:
    input: data/annotations/ENSG00000224924.gtf, data/chr21.fa
    output: data/annotations/ENSG00000224924.fa
    jobid: 5552
    wildcards: gene=ENSG00000224924


[Fri Jul  3 17:18:07 2020]
rule removeExon:
    input: data/annotations/ENSG00000215386.gtf, data/chr21.fa
    output: data/annotationsLessExon/ENSG00000215386.gtf
    jobid: 2766
    wildcards: ann=data/annotationsLessExon, gene=ENSG00000215386

[Fri Jul  3 17:18:07 2020]
rule removeExon:
    input: data/annotations/ENSG00000224924.gtf, data/chr21.fa
    output: data/annotationsLessExon/ENSG00000224924.gtf
    jobid: 2938
    wildcards: ann=data/annotationsLessExon, gene=ENSG00000224924

Terminating processes on user request, this might take some time.
[Fri Jul  3 17:18:07 2020]
Error in rule generateReads:
    jobid: 5552
    output: data/annotations/ENSG00000224924.fa
    shell:
        
        bash scripts/RNASeqReadSimulator/RNASeqReadSimulator data/chr21.fa data/annotations/ENSG00000224924.gtf data/annotations/ENSG00000224924.fa 25000 100
        
        (one of the commands exited with non-zero exit code; note that snakemake uses bash strict mode!)

Removing output files of failed job generateReads since they might be corrupted:
data/annotations/ENSG00000224924.fa
[Fri Jul  3 17:18:07 2020]
Error in rule generateReads:
    jobid: 5509
    output: data/annotations/ENSG00000215386.fa
    shell:
        
        bash scripts/RNASeqReadSimulator/RNASeqReadSimulator data/chr21.fa data/annotations/ENSG00000215386.gtf data/annotations/ENSG00000215386.fa 25000 100
        
        (one of the commands exited with non-zero exit code; note that snakemake uses bash strict mode!)

Removing output files of failed job generateReads since they might be corrupted:
data/annotations/ENSG00000215386.fa
[Fri Jul  3 17:18:07 2020]
Error in rule removeExon:
[Fri Jul  3 17:18:07 2020]
    jobid: 2938
Error in rule removeExon:
    output: data/annotationsLessExon/ENSG00000224924.gtf
    jobid: 2766

    output: data/annotationsLessExon/ENSG00000215386.gtf

RuleException:
CalledProcessError in line 120 of /home/dlcgold/stage-unimib/extra/snake/Snakefile:
Command 'set -euo pipefail;  /usr/bin/python /home/dlcgold/stage-unimib/extra/snake/.snakemake/scripts/tmp7wyaj9tl.removeExon.py' died with <Signals.SIGINT: 2>.
  File "/home/dlcgold/stage-unimib/extra/snake/Snakefile", line 120, in __rule_removeExon
  File "/usr/lib/python3.8/concurrent/futures/thread.py", line 57, in run
RuleException:
CalledProcessError in line 120 of /home/dlcgold/stage-unimib/extra/snake/Snakefile:
Command 'set -euo pipefail;  /usr/bin/python /home/dlcgold/stage-unimib/extra/snake/.snakemake/scripts/tmp6b2zzj01.removeExon.py' died with <Signals.SIGINT: 2>.
  File "/home/dlcgold/stage-unimib/extra/snake/Snakefile", line 120, in __rule_removeExon
  File "/usr/lib/python3.8/concurrent/futures/thread.py", line 57, in run
Complete log: /home/dlcgold/stage-unimib/extra/snake/.snakemake/log/2020-07-03T171754.031936.snakemake.log
