Building DAG of jobs...
Using shell: /usr/bin/bash
Provided cores: 4
Rules claiming more threads will be scaled down.
Job counts:
	count	jobs
	1	extractAnnotation
	1	removeExon
	1	splitAnnotation
	3

[Wed May 13 14:20:49 2020]
rule extractAnnotation:
    input: data/annotation.gtf
    output: data/annotation21.gtf
    jobid: 3

[Wed May 13 14:20:53 2020]
Finished job 3.
1 of 3 steps (33%) done

[Wed May 13 14:20:53 2020]
rule splitAnnotation:
    input: data/annotation21.gtf, data
    output: data/annotations
    jobid: 1

[Wed May 13 14:20:59 2020]
Finished job 1.
2 of 3 steps (67%) done

[Wed May 13 14:20:59 2020]
rule removeExon:
    input: data/annotations, data/chr21.fa, data
    output: data/annotationsLessExon
    jobid: 0

Waiting at most 5 seconds for missing files.
MissingOutputException in line 63 of /home/dlcgold/stage-unimib/extra/snake/Snakefile:
Job completed successfully, but some output files are missing. Missing files after 5 seconds:
data/annotationsLessExon
This might be due to filesystem latency. If that is the case, consider to increase the wait time with --latency-wait.
Shutting down, this might take some time.
Exiting because a job execution failed. Look above for error message
Complete log: /home/dlcgold/stage-unimib/extra/snake/.snakemake/log/2020-05-13T142049.111368.snakemake.log
