The flag 'directory' used in rule all is only valid for outputs, not inputs.
Building DAG of jobs...
Using shell: /usr/bin/bash
Provided cores: 4
Rules claiming more threads will be scaled down.
Job counts:
	count	jobs
	1	all
	1	removeExon
	1	splitAnnotation
	3

[Wed May 13 15:54:26 2020]
rule splitAnnotation:
    input: data/annotation21.gtf, data
    output: data/annotations
    jobid: 2

Terminating processes on user request, this might take some time.
[Wed May 13 15:54:27 2020]
Error in rule splitAnnotation:
    jobid: 2
    output: data/annotations

RuleException:
CalledProcessError in line 64 of /home/dlcgold/stage-unimib/extra/snake/Snakefile:
Command 'set -euo pipefail;  /usr/bin/python /home/dlcgold/stage-unimib/extra/snake/.snakemake/scripts/tmp115i09oe.splitGene.py' died with <Signals.SIGINT: 2>.
  File "/home/dlcgold/stage-unimib/extra/snake/Snakefile", line 64, in __rule_splitAnnotation
  File "/usr/lib/python3.8/concurrent/futures/thread.py", line 57, in run
Removing output files of failed job splitAnnotation since they might be corrupted:
data/annotations
Complete log: /home/dlcgold/stage-unimib/extra/snake/.snakemake/log/2020-05-13T155426.322507.snakemake.log
