Building DAG of jobs...
Updating job 1 (generatePlot).
Using shell: /usr/bin/bash
Provided cores: 4
Rules claiming more threads will be scaled down.
Job counts:
	count	jobs
	1	compareMemIntron
	1	compareMemNoExon
	1	generateMemIntron
	1	generateMemNoExon
	1	generateMemNoIntron
	1	generatePlot
	1	generateReads
	1	removeExon
	1	run_after_checkpoint
	9

[Thu May 21 17:59:26 2020]
rule generateReads:
    input: data/annotations/ENSG00000215386.gtf, data/chr21.fa
    output: data/annotations/ENSG00000215386.fa
    jobid: 5509
    wildcards: gene=ENSG00000215386


[Thu May 21 17:59:26 2020]
rule removeExon:
    input: data/annotations/ENSG00000215386.gtf, data/chr21.fa
    output: data/annotationsLessExon/ENSG00000215386.gtf
    jobid: 2766
    wildcards: ann=data/annotationsLessExon, gene=ENSG00000215386

[Thu May 21 17:59:29 2020]
Finished job 2766.
1 of 9 steps (11%) done
[Thu May 21 17:59:30 2020]
Finished job 5509.
2 of 9 steps (22%) done

[Thu May 21 17:59:30 2020]
rule generateMemNoIntron:
    input: data/annotations/ENSG00000215386.gtf, data/chr21.fa, data/annotations/ENSG00000215386.fa
    output: data/annotations/ENSG00000215386.mem
    jobid: 2765
    benchmark: benchmarks/ENSG00000215386Origin.tsv
    wildcards: gene=ENSG00000215386


[Thu May 21 17:59:30 2020]
rule generateMemIntron:
    input: data/annotationsLessExon/ENSG00000215386.gtf, data/chr21.fa, data/annotations/ENSG00000215386.fa
    output: data/annotationsLessExon/ENSG00000215386.mem
    jobid: 2764
    benchmark: benchmarks/ENSG00000215386.tsv
    wildcards: gene=ENSG00000215386


[Thu May 21 17:59:30 2020]
rule generateMemNoExon:
    input: data/annotationsLessExon/ENSG00000215386.gtf, data/chr21.fa, data/annotations/ENSG00000215386.fa
    output: data/annotationsLessExon/ENSG00000215386NoExon.mem
    jobid: 2767
    benchmark: benchmarks/ENSG00000215386NoExon.tsv
    wildcards: gene=ENSG00000215386

Terminating processes on user request, this might take some time.
[Thu May 21 17:59:36 2020]
[Thu May 21 17:59:36 2020]
[Thu May 21 17:59:36 2020]
Error in rule generateMemNoIntron:
Error in rule generateMemNoExon:
Error in rule generateMemIntron:
    jobid: 2765
    jobid: 2767
    jobid: 2764
    output: data/annotations/ENSG00000215386.mem
    output: data/annotationsLessExon/ENSG00000215386NoExon.mem
    output: data/annotationsLessExon/ENSG00000215386.mem
    shell:
        
        ../bin/SpliceAwareAligner -g data/chr21.fa -a data/annotations/ENSG00000215386.gtf -s data/annotations/ENSG00000215386.fa -o data/annotations/ENSG00000215386.mem

        
        (one of the commands exited with non-zero exit code; note that snakemake uses bash strict mode!)
    shell:
        
        ../bin/SpliceAwareAligner -g data/chr21.fa -a data/annotationsLessExon/ENSG00000215386.gtf -s data/annotations/ENSG00000215386.fa -o data/annotationsLessExon/ENSG00000215386NoExon.mem
        
        (one of the commands exited with non-zero exit code; note that snakemake uses bash strict mode!)
    shell:
        
        ../bin/SpliceAwareAligner -g data/chr21.fa -a data/annotationsLessExon/ENSG00000215386.gtf -s data/annotations/ENSG00000215386.fa -o data/annotationsLessExon/ENSG00000215386.mem -i
        
        (one of the commands exited with non-zero exit code; note that snakemake uses bash strict mode!)



Removing output files of failed job generateMemNoIntron since they might be corrupted:
data/annotations/ENSG00000215386.mem
Removing output files of failed job generateMemNoExon since they might be corrupted:
data/annotationsLessExon/ENSG00000215386NoExon.mem
Removing output files of failed job generateMemIntron since they might be corrupted:
data/annotationsLessExon/ENSG00000215386.mem
Complete log: /home/dlcgold/stage-unimib/extra/snake/.snakemake/log/2020-05-21T175918.192466.snakemake.log
