Building DAG of jobs...
Using shell: /usr/bin/bash
Provided cores: 4
Rules claiming more threads will be scaled down.
Job counts:
	count	jobs
	1	all
	1	downloadAnnotation
	1	downloadGenome
	1	extractAnnotation
	1	removeExon
	1	splitAnnotation
	6

[Wed May 13 18:19:39 2020]
rule downloadAnnotation:
    output: data/annotation.gtf
    jobid: 5


[Wed May 13 18:19:39 2020]
rule downloadGenome:
    output: data/chr21.fa
    jobid: 3

[Wed May 13 18:19:44 2020]
Finished job 3.
1 of 6 steps (17%) done
[Wed May 13 18:19:54 2020]
Finished job 5.
2 of 6 steps (33%) done

[Wed May 13 18:19:54 2020]
rule extractAnnotation:
    input: data/annotation.gtf
    output: data/annotation21.gtf
    jobid: 4

[Wed May 13 18:19:56 2020]
Finished job 4.
3 of 6 steps (50%) done

[Wed May 13 18:19:56 2020]
rule splitAnnotation:
    input: data/annotation21.gtf
    output: data/annotations.txt, data/annotations
    jobid: 2

[Wed May 13 18:20:01 2020]
Finished job 2.
4 of 6 steps (67%) done

[Wed May 13 18:20:01 2020]
rule removeExon:
    input: data/annotations, data/chr21.fa
    output: data/annotationsLessExon.txt, data/annotationsLessExon
    jobid: 1
    threads: 4

[Wed May 13 18:24:38 2020]
Finished job 1.
5 of 6 steps (83%) done

[Wed May 13 18:24:38 2020]
localrule all:
    input: data/annotationsLessExon.txt
    jobid: 0

[Wed May 13 18:24:38 2020]
Finished job 0.
6 of 6 steps (100%) done
Complete log: /home/dlcgold/stage-unimib/extra/snake/.snakemake/log/2020-05-13T181939.659787.snakemake.log
