Building DAG of jobs...
Updating job 0 (run_after_checkpoint).
Using shell: /usr/bin/bash
Provided cores: 4
Rules claiming more threads will be scaled down.
Job counts:
	count	jobs
	874	compareMemIntron
	874	compareMemNoExon
	874	generateMemNoIntron
	1	run_after_checkpoint
	2623

[Mon May 18 19:00:34 2020]
rule generateMemNoIntron:
    input: data/annotations/ENSG00000182670.gtf, data/chr21.fa, data/annotations/ENSG00000182670.fa
    output: data/annotations/ENSG00000182670.mem
    jobid: 120
    benchmark: benchmarks/ENSG00000182670Origin.tsv
    wildcards: gene=ENSG00000182670


[Mon May 18 19:00:34 2020]
rule generateMemNoIntron:
    input: data/annotations/ENSG00000160191.gtf, data/chr21.fa, data/annotations/ENSG00000160191.fa
    output: data/annotations/ENSG00000160191.mem
    jobid: 411
    benchmark: benchmarks/ENSG00000160191Origin.tsv
    wildcards: gene=ENSG00000160191


[Mon May 18 19:00:34 2020]
rule generateMemNoIntron:
    input: data/annotations/ENSG00000224924.gtf, data/chr21.fa, data/annotations/ENSG00000224924.fa
    output: data/annotations/ENSG00000224924.mem
    jobid: 299
    benchmark: benchmarks/ENSG00000224924Origin.tsv
    wildcards: gene=ENSG00000224924


[Mon May 18 19:00:34 2020]
rule generateMemNoIntron:
    input: data/annotations/ENSG00000205726.gtf, data/chr21.fa, data/annotations/ENSG00000205726.fa
    output: data/annotations/ENSG00000205726.mem
    jobid: 285
    benchmark: benchmarks/ENSG00000205726Origin.tsv
    wildcards: gene=ENSG00000205726

[Mon May 18 19:00:38 2020]
Finished job 411.
1 of 2623 steps (0.04%) done

[Mon May 18 19:00:38 2020]
rule generateMemNoIntron:
    input: data/annotations/ENSG00000159082.gtf, data/chr21.fa, data/annotations/ENSG00000159082.fa
    output: data/annotations/ENSG00000159082.mem
    jobid: 635
    benchmark: benchmarks/ENSG00000159082Origin.tsv
    wildcards: gene=ENSG00000159082

[Mon May 18 19:00:38 2020]
Finished job 120.
2 of 2623 steps (0.08%) done

[Mon May 18 19:00:38 2020]
rule generateMemNoIntron:
    input: data/annotations/ENSG00000185658.gtf, data/chr21.fa, data/annotations/ENSG00000185658.fa
    output: data/annotations/ENSG00000185658.mem
    jobid: 388
    benchmark: benchmarks/ENSG00000185658Origin.tsv
    wildcards: gene=ENSG00000185658

[Mon May 18 19:00:38 2020]
Finished job 285.
3 of 2623 steps (0.11%) done

[Mon May 18 19:00:38 2020]
rule generateMemNoIntron:
    input: data/annotations/ENSG00000141956.gtf, data/chr21.fa, data/annotations/ENSG00000141956.fa
    output: data/annotations/ENSG00000141956.mem
    jobid: 241
    benchmark: benchmarks/ENSG00000141956Origin.tsv
    wildcards: gene=ENSG00000141956

[Mon May 18 19:00:41 2020]
Finished job 635.
4 of 2623 steps (0.15%) done

[Mon May 18 19:00:41 2020]
rule generateMemNoIntron:
    input: data/annotations/ENSG00000160305.gtf, data/chr21.fa, data/annotations/ENSG00000160305.fa
    output: data/annotations/ENSG00000160305.mem
    jobid: 201
    benchmark: benchmarks/ENSG00000160305Origin.tsv
    wildcards: gene=ENSG00000160305

[Mon May 18 19:00:42 2020]
Finished job 388.
5 of 2623 steps (0.19%) done

[Mon May 18 19:00:42 2020]
rule generateMemNoIntron:
    input: data/annotations/ENSG00000160255.gtf, data/chr21.fa, data/annotations/ENSG00000160255.fa
    output: data/annotations/ENSG00000160255.mem
    jobid: 717
    benchmark: benchmarks/ENSG00000160255Origin.tsv
    wildcards: gene=ENSG00000160255

[Mon May 18 19:00:43 2020]
Finished job 241.
6 of 2623 steps (0.23%) done

[Mon May 18 19:00:43 2020]
rule generateMemNoIntron:
    input: data/annotations/ENSG00000142185.gtf, data/chr21.fa, data/annotations/ENSG00000142185.fa
    output: data/annotations/ENSG00000142185.mem
    jobid: 797
    benchmark: benchmarks/ENSG00000142185Origin.tsv
    wildcards: gene=ENSG00000142185

[Mon May 18 19:00:43 2020]
Finished job 299.
7 of 2623 steps (0.27%) done

[Mon May 18 19:00:43 2020]
rule generateMemNoIntron:
    input: data/annotations/ENSG00000157540.gtf, data/chr21.fa, data/annotations/ENSG00000157540.fa
    output: data/annotations/ENSG00000157540.mem
    jobid: 809
    benchmark: benchmarks/ENSG00000157540Origin.tsv
    wildcards: gene=ENSG00000157540

[Mon May 18 19:00:45 2020]
Finished job 201.
8 of 2623 steps (0.30%) done

[Mon May 18 19:00:45 2020]
rule generateMemNoIntron:
    input: data/annotations/ENSG00000182871.gtf, data/chr21.fa, data/annotations/ENSG00000182871.fa
    output: data/annotations/ENSG00000182871.mem
    jobid: 46
    benchmark: benchmarks/ENSG00000182871Origin.tsv
    wildcards: gene=ENSG00000182871

[Mon May 18 19:00:46 2020]
Finished job 797.
9 of 2623 steps (0.34%) done

[Mon May 18 19:00:46 2020]
rule generateMemNoIntron:
    input: data/annotations/ENSG00000142192.gtf, data/chr21.fa, data/annotations/ENSG00000142192.fa
    output: data/annotations/ENSG00000142192.mem
    jobid: 453
    benchmark: benchmarks/ENSG00000142192Origin.tsv
    wildcards: gene=ENSG00000142192

[Mon May 18 19:00:47 2020]
Finished job 717.
10 of 2623 steps (0.38%) done

[Mon May 18 19:00:47 2020]
rule generateMemNoIntron:
    input: data/annotations/ENSG00000265590.gtf, data/chr21.fa, data/annotations/ENSG00000265590.fa
    output: data/annotations/ENSG00000265590.mem
    jobid: 226
    benchmark: benchmarks/ENSG00000265590Origin.tsv
    wildcards: gene=ENSG00000265590

[Mon May 18 19:00:48 2020]
Finished job 809.
11 of 2623 steps (0.42%) done

[Mon May 18 19:00:48 2020]
rule generateMemNoIntron:
    input: data/annotations/ENSG00000177398.gtf, data/chr21.fa, data/annotations/ENSG00000177398.fa
    output: data/annotations/ENSG00000177398.mem
    jobid: 75
    benchmark: benchmarks/ENSG00000177398Origin.tsv
    wildcards: gene=ENSG00000177398

[Mon May 18 19:00:48 2020]
Finished job 46.
12 of 2623 steps (0.46%) done

[Mon May 18 19:00:48 2020]
rule generateMemNoIntron:
    input: data/annotations/ENSG00000205758.gtf, data/chr21.fa, data/annotations/ENSG00000205758.fa
    output: data/annotations/ENSG00000205758.mem
    jobid: 426
    benchmark: benchmarks/ENSG00000205758Origin.tsv
    wildcards: gene=ENSG00000205758

[Mon May 18 19:00:50 2020]
Finished job 453.
13 of 2623 steps (0.50%) done

[Mon May 18 19:00:50 2020]
rule generateMemNoIntron:
    input: data/annotations/ENSG00000142173.gtf, data/chr21.fa, data/annotations/ENSG00000142173.fa
    output: data/annotations/ENSG00000142173.mem
    jobid: 527
    benchmark: benchmarks/ENSG00000142173Origin.tsv
    wildcards: gene=ENSG00000142173

[Mon May 18 19:00:52 2020]
Finished job 75.
14 of 2623 steps (0.53%) done

[Mon May 18 19:00:52 2020]
rule generateMemNoIntron:
    input: data/annotations/ENSG00000159131.gtf, data/chr21.fa, data/annotations/ENSG00000159131.fa
    output: data/annotations/ENSG00000159131.mem
    jobid: 391
    benchmark: benchmarks/ENSG00000159131Origin.tsv
    wildcards: gene=ENSG00000159131

[Mon May 18 19:00:53 2020]
Finished job 226.
15 of 2623 steps (0.57%) done

[Mon May 18 19:00:53 2020]
rule generateMemNoIntron:
    input: data/annotations/ENSG00000160179.gtf, data/chr21.fa, data/annotations/ENSG00000160179.fa
    output: data/annotations/ENSG00000160179.mem
    jobid: 63
    benchmark: benchmarks/ENSG00000160179Origin.tsv
    wildcards: gene=ENSG00000160179

[Mon May 18 19:00:55 2020]
Finished job 527.
16 of 2623 steps (0.61%) done
[Mon May 18 19:00:55 2020]
Finished job 426.
17 of 2623 steps (0.65%) done

[Mon May 18 19:00:55 2020]
rule generateMemNoIntron:
    input: data/annotations/ENSG00000157554.gtf, data/chr21.fa, data/annotations/ENSG00000157554.fa
    output: data/annotations/ENSG00000157554.mem
    jobid: 683
    benchmark: benchmarks/ENSG00000157554Origin.tsv
    wildcards: gene=ENSG00000157554


[Mon May 18 19:00:55 2020]
rule generateMemNoIntron:
    input: data/annotations/ENSG00000183570.gtf, data/chr21.fa, data/annotations/ENSG00000183570.fa
    output: data/annotations/ENSG00000183570.mem
    jobid: 714
    benchmark: benchmarks/ENSG00000183570Origin.tsv
    wildcards: gene=ENSG00000183570

[Mon May 18 19:00:57 2020]
Finished job 63.
18 of 2623 steps (0.69%) done

[Mon May 18 19:00:57 2020]
rule generateMemNoIntron:
    input: data/annotations/ENSG00000141959.gtf, data/chr21.fa, data/annotations/ENSG00000141959.fa
    output: data/annotations/ENSG00000141959.mem
    jobid: 863
    benchmark: benchmarks/ENSG00000141959Origin.tsv
    wildcards: gene=ENSG00000141959

[Mon May 18 19:00:57 2020]
Finished job 391.
19 of 2623 steps (0.72%) done

[Mon May 18 19:00:57 2020]
rule generateMemNoIntron:
    input: data/annotations/ENSG00000160299.gtf, data/chr21.fa, data/annotations/ENSG00000160299.fa
    output: data/annotations/ENSG00000160299.mem
    jobid: 852
    benchmark: benchmarks/ENSG00000160299Origin.tsv
    wildcards: gene=ENSG00000160299

[Mon May 18 19:01:00 2020]
Finished job 683.
20 of 2623 steps (0.76%) done

[Mon May 18 19:01:00 2020]
rule generateMemNoIntron:
    input: data/annotations/ENSG00000160200.gtf, data/chr21.fa, data/annotations/ENSG00000160200.fa
    output: data/annotations/ENSG00000160200.mem
    jobid: 468
    benchmark: benchmarks/ENSG00000160200Origin.tsv
    wildcards: gene=ENSG00000160200

[Mon May 18 19:01:00 2020]
Finished job 714.
21 of 2623 steps (0.80%) done

[Mon May 18 19:01:00 2020]
rule generateMemNoIntron:
    input: data/annotations/ENSG00000171189.gtf, data/chr21.fa, data/annotations/ENSG00000171189.fa
    output: data/annotations/ENSG00000171189.mem
    jobid: 538
    benchmark: benchmarks/ENSG00000171189Origin.tsv
    wildcards: gene=ENSG00000171189

[Mon May 18 19:01:02 2020]
Finished job 852.
22 of 2623 steps (0.84%) done

[Mon May 18 19:01:02 2020]
rule generateMemNoIntron:
    input: data/annotations/ENSG00000198862.gtf, data/chr21.fa, data/annotations/ENSG00000198862.fa
    output: data/annotations/ENSG00000198862.mem
    jobid: 20
    benchmark: benchmarks/ENSG00000198862Origin.tsv
    wildcards: gene=ENSG00000198862

[Mon May 18 19:01:02 2020]
Finished job 863.
23 of 2623 steps (0.88%) done

[Mon May 18 19:01:02 2020]
rule generateMemNoIntron:
    input: data/annotations/ENSG00000155313.gtf, data/chr21.fa, data/annotations/ENSG00000155313.fa
    output: data/annotations/ENSG00000155313.mem
    jobid: 278
    benchmark: benchmarks/ENSG00000155313Origin.tsv
    wildcards: gene=ENSG00000155313

[Mon May 18 19:01:04 2020]
Finished job 538.
24 of 2623 steps (0.91%) done

[Mon May 18 19:01:04 2020]
rule generateMemNoIntron:
    input: data/annotations/ENSG00000160294.gtf, data/chr21.fa, data/annotations/ENSG00000160294.fa
    output: data/annotations/ENSG00000160294.mem
    jobid: 706
    benchmark: benchmarks/ENSG00000160294Origin.tsv
    wildcards: gene=ENSG00000160294

[Mon May 18 19:01:04 2020]
Finished job 468.
25 of 2623 steps (0.95%) done

[Mon May 18 19:01:04 2020]
rule generateMemNoIntron:
    input: data/annotations/ENSG00000157601.gtf, data/chr21.fa, data/annotations/ENSG00000157601.fa
    output: data/annotations/ENSG00000157601.mem
    jobid: 854
    benchmark: benchmarks/ENSG00000157601Origin.tsv
    wildcards: gene=ENSG00000157601

[Mon May 18 19:01:06 2020]
Finished job 20.
26 of 2623 steps (0.99%) done

[Mon May 18 19:01:06 2020]
rule generateMemNoIntron:
    input: data/annotations/ENSG00000197381.gtf, data/chr21.fa, data/annotations/ENSG00000197381.fa
    output: data/annotations/ENSG00000197381.mem
    jobid: 847
    benchmark: benchmarks/ENSG00000197381Origin.tsv
    wildcards: gene=ENSG00000197381

[Mon May 18 19:01:06 2020]
Finished job 278.
27 of 2623 steps (1%) done

[Mon May 18 19:01:06 2020]
rule generateMemNoIntron:
    input: data/annotations/ENSG00000160285.gtf, data/chr21.fa, data/annotations/ENSG00000160285.fa
    output: data/annotations/ENSG00000160285.mem
    jobid: 211
    benchmark: benchmarks/ENSG00000160285Origin.tsv
    wildcards: gene=ENSG00000160285

[Mon May 18 19:01:09 2020]
Finished job 706.
28 of 2623 steps (1%) done

[Mon May 18 19:01:09 2020]
rule generateMemNoIntron:
    input: data/annotations/ENSG00000274391.gtf, data/chr21.fa, data/annotations/ENSG00000274391.fa
    output: data/annotations/ENSG00000274391.mem
    jobid: 179
    benchmark: benchmarks/ENSG00000274391Origin.tsv
    wildcards: gene=ENSG00000274391

[Mon May 18 19:01:09 2020]
Finished job 854.
29 of 2623 steps (1%) done

[Mon May 18 19:01:09 2020]
rule generateMemNoIntron:
    input: data/annotations/ENSG00000185917.gtf, data/chr21.fa, data/annotations/ENSG00000185917.fa
    output: data/annotations/ENSG00000185917.mem
    jobid: 21
    benchmark: benchmarks/ENSG00000185917Origin.tsv
    wildcards: gene=ENSG00000185917

[Mon May 18 19:01:10 2020]
Finished job 847.
30 of 2623 steps (1%) done

[Mon May 18 19:01:10 2020]
rule generateMemNoIntron:
    input: data/annotations/ENSG00000171587.gtf, data/chr21.fa, data/annotations/ENSG00000171587.fa
    output: data/annotations/ENSG00000171587.mem
    jobid: 437
    benchmark: benchmarks/ENSG00000171587Origin.tsv
    wildcards: gene=ENSG00000171587

[Mon May 18 19:01:12 2020]
Finished job 211.
31 of 2623 steps (1%) done

[Mon May 18 19:01:12 2020]
rule generateMemNoIntron:
    input: data/annotations/ENSG00000159140.gtf, data/chr21.fa, data/annotations/ENSG00000159140.fa
    output: data/annotations/ENSG00000159140.mem
    jobid: 729
    benchmark: benchmarks/ENSG00000159140Origin.tsv
    wildcards: gene=ENSG00000159140

Terminating processes on user request, this might take some time.
[Mon May 18 19:01:13 2020]
Error in rule generateMemNoIntron:
    jobid: 437
    output: data/annotations/ENSG00000171587.mem
    shell:
        
        ../bin/SpliceAwareAligner -g data/chr21.fa -a data/annotations/ENSG00000171587.gtf -s data/annotations/ENSG00000171587.fa -o data/annotations/ENSG00000171587.mem

        
        (one of the commands exited with non-zero exit code; note that snakemake uses bash strict mode!)
[Mon May 18 19:01:13 2020]

Error in rule generateMemNoIntron:
[Mon May 18 19:01:13 2020]
    jobid: 21
Error in rule generateMemNoIntron:
Removing output files of failed job generateMemNoIntron since they might be corrupted:
data/annotations/ENSG00000171587.mem
[Mon May 18 19:01:13 2020]
    output: data/annotations/ENSG00000185917.mem
    jobid: 729
Error in rule generateMemNoIntron:
    shell:
        
        ../bin/SpliceAwareAligner -g data/chr21.fa -a data/annotations/ENSG00000185917.gtf -s data/annotations/ENSG00000185917.fa -o data/annotations/ENSG00000185917.mem

        
        (one of the commands exited with non-zero exit code; note that snakemake uses bash strict mode!)
    output: data/annotations/ENSG00000159140.mem
    jobid: 179

    shell:
        
        ../bin/SpliceAwareAligner -g data/chr21.fa -a data/annotations/ENSG00000159140.gtf -s data/annotations/ENSG00000159140.fa -o data/annotations/ENSG00000159140.mem

        
        (one of the commands exited with non-zero exit code; note that snakemake uses bash strict mode!)
    output: data/annotations/ENSG00000274391.mem

    shell:
        
        ../bin/SpliceAwareAligner -g data/chr21.fa -a data/annotations/ENSG00000274391.gtf -s data/annotations/ENSG00000274391.fa -o data/annotations/ENSG00000274391.mem

        
        (one of the commands exited with non-zero exit code; note that snakemake uses bash strict mode!)
Removing output files of failed job generateMemNoIntron since they might be corrupted:
data/annotations/ENSG00000185917.mem

Removing output files of failed job generateMemNoIntron since they might be corrupted:
data/annotations/ENSG00000159140.mem
Removing output files of failed job generateMemNoIntron since they might be corrupted:
data/annotations/ENSG00000274391.mem
Complete log: /home/dlcgold/stage-unimib/extra/snake/.snakemake/log/2020-05-18T190028.744286.snakemake.log
