Building DAG of jobs...
Using shell: /usr/bin/bash
Provided cores: 7
Rules claiming more threads will be scaled down.
Job counts:
	count	jobs
	1	downloadAnnotation
	1	fetch_annotation
	1	generatePlot
	1	run_after_checkpoint
	1	splitAnnotation
	5

[Sat May 23 09:35:10 2020]
rule downloadAnnotation:
    output: data/annotation.gtf
    jobid: 4

[Sat May 23 09:35:26 2020]
Finished job 4.
1 of 5 steps (20%) done

[Sat May 23 09:35:26 2020]
rule fetch_annotation:
    input: data/annotation.gtf
    output: data/annotation1.gtf
    jobid: 3

[Sat May 23 09:35:28 2020]
Finished job 3.
2 of 5 steps (40%) done

[Sat May 23 09:35:28 2020]
checkpoint splitAnnotation:
    input: data/annotation1.gtf
    output: data/annotations
    jobid: 2
Downstream jobs will be updated after completion.

Updating job 1 (generatePlot).
[Sat May 23 09:36:34 2020]
Finished job 2.
3 of 38331 steps (0.01%) done

[Sat May 23 09:36:35 2020]
rule downloadGenome:
    output: data/chr1.fa
    jobid: 32856

[Sat May 23 09:36:56 2020]
Finished job 32856.
4 of 38331 steps (0.01%) done

[Sat May 23 09:36:56 2020]
rule generateReads:
    input: data/annotations/ENSG00000126091.gtf, data/chr1.fa
    output: data/annotations/ENSG00000126091.fa
    jobid: 35478
    wildcards: gene=ENSG00000126091


[Sat May 23 09:36:56 2020]
rule removeExon:
    input: data/annotations/ENSG00000154358.gtf, data/chr1.fa
    output: data/annotationsLessExon/ENSG00000154358.gtf
    jobid: 30698
    wildcards: ann=data/annotationsLessExon, gene=ENSG00000154358

[Sat May 23 09:36:56 2020]
rule generateReads:
    input: data/annotations/ENSG00000127603.gtf, data/chr1.fa
    output: data/annotations/ENSG00000127603.fa
    jobid: 33500
    wildcards: gene=ENSG00000127603


[Sat May 23 09:36:57 2020]
rule generateReads:
    input: data/annotations/ENSG00000117114.gtf, data/chr1.fa
    output: data/annotations/ENSG00000117114.fa
    jobid: 33005
    wildcards: gene=ENSG00000117114


[Sat May 23 09:36:57 2020]
rule removeExon:
    input: data/annotations/ENSG00000127603.gtf, data/chr1.fa
    output: data/annotationsLessExon/ENSG00000127603.gtf
    jobid: 13530
    wildcards: ann=data/annotationsLessExon, gene=ENSG00000127603

[Sat May 23 09:36:57 2020]
rule generateReads:
    input: data/annotations/ENSG00000154358.gtf, data/chr1.fa
    output: data/annotations/ENSG00000154358.fa
    jobid: 37792
    wildcards: gene=ENSG00000154358


[Sat May 23 09:36:57 2020]
rule removeExon:
    input: data/annotations/ENSG00000126091.gtf, data/chr1.fa
    output: data/annotationsLessExon/ENSG00000126091.gtf
    jobid: 21442
    wildcards: ann=data/annotationsLessExon, gene=ENSG00000126091

[Sat May 23 09:37:01 2020]
Finished job 13530.
5 of 38331 steps (0.01%) done

[Sat May 23 09:37:01 2020]
rule removeExon:
    input: data/annotations/ENSG00000117114.gtf, data/chr1.fa
    output: data/annotationsLessExon/ENSG00000117114.gtf
    jobid: 11550
    wildcards: ann=data/annotationsLessExon, gene=ENSG00000117114

[Sat May 23 09:37:01 2020]
Finished job 30698.
6 of 38331 steps (0.02%) done

[Sat May 23 09:37:01 2020]
rule generateReads:
    input: data/annotations/ENSG00000284770.gtf, data/chr1.fa
    output: data/annotations/ENSG00000284770.fa
    jobid: 33772
    wildcards: gene=ENSG00000284770

[Sat May 23 09:37:04 2020]
Finished job 21442.
7 of 38331 steps (0.02%) done
[Sat May 23 09:37:04 2020]
Finished job 11550.
8 of 38331 steps (0.02%) done

[Sat May 23 09:37:05 2020]
rule removeExon:
    input: data/annotations/ENSG00000131778.gtf, data/chr1.fa
    output: data/annotationsLessExon/ENSG00000131778.gtf
    jobid: 15282
    wildcards: ann=data/annotationsLessExon, gene=ENSG00000131778

[Sat May 23 09:37:05 2020]
rule removeExon:
    input: data/annotations/ENSG00000284770.gtf, data/chr1.fa
    output: data/annotationsLessExon/ENSG00000284770.gtf
    jobid: 14618
    wildcards: ann=data/annotationsLessExon, gene=ENSG00000284770

[Sat May 23 09:37:08 2020]
Finished job 37792.
9 of 38331 steps (0.02%) done

[Sat May 23 09:37:09 2020]
rule generateMemNoIntron:
    input: data/annotations/ENSG00000154358.gtf, data/chr1.fa, data/annotations/ENSG00000154358.fa
    output: data/annotations/ENSG00000154358.mem
    jobid: 30697
    benchmark: benchmarks/ENSG00000154358Origin.tsv
    wildcards: gene=ENSG00000154358

[Sat May 23 09:37:11 2020]
Finished job 15282.
10 of 38331 steps (0.03%) done
[Sat May 23 09:37:11 2020]
Finished job 35478.
11 of 38331 steps (0.03%) done
[Sat May 23 09:37:11 2020]
Finished job 14618.
12 of 38331 steps (0.03%) done

[Sat May 23 09:37:12 2020]
rule generateMemNoIntron:
    input: data/annotations/ENSG00000126091.gtf, data/chr1.fa, data/annotations/ENSG00000126091.fa
    output: data/annotations/ENSG00000126091.mem
    jobid: 21441
    benchmark: benchmarks/ENSG00000126091Origin.tsv
    wildcards: gene=ENSG00000126091


[Sat May 23 09:37:12 2020]
rule generateMemIntron:
    input: data/annotationsLessExon/ENSG00000154358.gtf, data/chr1.fa, data/annotations/ENSG00000154358.fa
    output: data/annotationsLessExon/ENSG00000154358.mem
    jobid: 30696
    benchmark: benchmarks/ENSG00000154358.tsv
    wildcards: gene=ENSG00000154358


[Sat May 23 09:37:12 2020]
rule generateMemNoExon:
    input: data/annotationsLessExon/ENSG00000154358.gtf, data/chr1.fa, data/annotations/ENSG00000154358.fa
    output: data/annotationsLessExon/ENSG00000154358NoExon.mem
    jobid: 30699
    benchmark: benchmarks/ENSG00000154358NoExon.tsv
    wildcards: gene=ENSG00000154358

