Building DAG of jobs...
Using shell: /usr/bin/bash
Provided cores: 4
Rules claiming more threads will be scaled down.
Job counts:
	count	jobs
	1	all
	1	removeExon
	1	splitAnnotation
	3

[Wed May 13 17:29:06 2020]
rule splitAnnotation:
    input: data/annotation21.gtf, data
    output: data/annotations
    jobid: 2

[Wed May 13 17:29:07 2020]
Finished job 2.
1 of 3 steps (33%) done

[Wed May 13 17:29:07 2020]
rule removeExon:
    input: data/annotations, data/chr21.fa, data
    output: data/annotationsLessExon
    jobid: 1

Terminating processes on user request, this might take some time.
[Wed May 13 17:29:19 2020]
Error in rule removeExon:
    jobid: 1
    output: data/annotationsLessExon

RuleException:
CalledProcessError in line 77 of /home/dlcgold/stage-unimib/extra/snake/Snakefile:
Command 'set -euo pipefail;  /usr/bin/python /home/dlcgold/stage-unimib/extra/snake/.snakemake/scripts/tmpd7mwg52c.removeExon.py' died with <Signals.SIGINT: 2>.
  File "/home/dlcgold/stage-unimib/extra/snake/Snakefile", line 77, in __rule_removeExon
  File "/usr/lib/python3.8/concurrent/futures/thread.py", line 57, in run
Removing output files of failed job removeExon since they might be corrupted:
data/annotationsLessExon
Complete log: /home/dlcgold/stage-unimib/extra/snake/.snakemake/log/2020-05-13T172906.068268.snakemake.log
