Building DAG of jobs...
Updating job 0 (run_after_checkpoint).
Using shell: /usr/bin/bash
Provided cores: 4
Rules claiming more threads will be scaled down.
Job counts:
	count	jobs
	875	generateReads
	1	run_after_checkpoint
	876

[Fri May 15 16:32:59 2020]
rule generateReads:
    input: data/annotations/ENSG00000215386.gtf, data/chr21.fa
    output: data/annotations/ENSG00000215386.fa
    jobid: 257
    wildcards: gene=ENSG00000215386


[Fri May 15 16:32:59 2020]
rule generateReads:
    input: data/annotations/ENSG00000182670.gtf, data/chr21.fa
    output: data/annotations/ENSG00000182670.fa
    jobid: 120
    wildcards: gene=ENSG00000182670


[Fri May 15 16:32:59 2020]
rule generateReads:
    input: data/annotations/ENSG00000224924.gtf, data/chr21.fa
    output: data/annotations/ENSG00000224924.fa
    jobid: 300
    wildcards: gene=ENSG00000224924


[Fri May 15 16:32:59 2020]
rule generateReads:
    input: data/annotations/ENSG00000160191.gtf, data/chr21.fa
    output: data/annotations/ENSG00000160191.fa
    jobid: 412
    wildcards: gene=ENSG00000160191

[Fri May 15 16:32:59 2020]
Error in rule generateReads:
    jobid: 120
    output: data/annotations/ENSG00000182670.fa
    shell:
        
        bash scripts/RNASeqReadSimulator data/chr21.fa data/annotations/ENSG00000182670.gtf data/annotations/ENSG00000182670.fa 25000 100
        
        (one of the commands exited with non-zero exit code; note that snakemake uses bash strict mode!)
[Fri May 15 16:32:59 2020]

Error in rule generateReads:
[Fri May 15 16:32:59 2020]
    jobid: 257
Error in rule generateReads:
    output: data/annotations/ENSG00000215386.fa
    jobid: 300
    shell:
        
        bash scripts/RNASeqReadSimulator data/chr21.fa data/annotations/ENSG00000215386.gtf data/annotations/ENSG00000215386.fa 25000 100
        
        (one of the commands exited with non-zero exit code; note that snakemake uses bash strict mode!)
[Fri May 15 16:32:59 2020]
    output: data/annotations/ENSG00000224924.fa

Error in rule generateReads:
    shell:
        
        bash scripts/RNASeqReadSimulator data/chr21.fa data/annotations/ENSG00000224924.gtf data/annotations/ENSG00000224924.fa 25000 100
        
        (one of the commands exited with non-zero exit code; note that snakemake uses bash strict mode!)
    jobid: 412

    output: data/annotations/ENSG00000160191.fa
    shell:
        
        bash scripts/RNASeqReadSimulator data/chr21.fa data/annotations/ENSG00000160191.gtf data/annotations/ENSG00000160191.fa 25000 100
        
        (one of the commands exited with non-zero exit code; note that snakemake uses bash strict mode!)

Shutting down, this might take some time.
Exiting because a job execution failed. Look above for error message
Complete log: /home/dlcgold/stage-unimib/extra/snake/.snakemake/log/2020-05-15T163259.161323.snakemake.log
