Building DAG of jobs...
Updating job 0 (run_after_checkpoint).
Using shell: /usr/bin/bash
Provided cores: 4
Rules claiming more threads will be scaled down.
Job counts:
	count	jobs
	875	removeExon
	1	run_after_checkpoint
	876

[Fri May 15 16:07:03 2020]
rule removeExon:
    input: data/annotations/ENSG00000182670.gtf, data/chr21.fa
    output: data/annotationsLessExon/ENSG00000182670.gtf
    jobid: 120
    wildcards: ann=data/annotationsLessExon, gene=ENSG00000182670

[Fri May 15 16:07:03 2020]
rule removeExon:
    input: data/annotations/ENSG00000160191.gtf, data/chr21.fa
    output: data/annotationsLessExon/ENSG00000160191.gtf
    jobid: 412
    wildcards: ann=data/annotationsLessExon, gene=ENSG00000160191

[Fri May 15 16:07:03 2020]
rule removeExon:
    input: data/annotations/ENSG00000215386.gtf, data/chr21.fa
    output: data/annotationsLessExon/ENSG00000215386.gtf
    jobid: 257
    wildcards: ann=data/annotationsLessExon, gene=ENSG00000215386

[Fri May 15 16:07:03 2020]
rule removeExon:
    input: data/annotations/ENSG00000205726.gtf, data/chr21.fa
    output: data/annotationsLessExon/ENSG00000205726.gtf
    jobid: 286
    wildcards: ann=data/annotationsLessExon, gene=ENSG00000205726

[Fri May 15 16:07:04 2020]
Finished job 120.
1 of 876 steps (0.11%) done

[Fri May 15 16:07:04 2020]
rule removeExon:
    input: data/annotations/ENSG00000159082.gtf, data/chr21.fa
    output: data/annotationsLessExon/ENSG00000159082.gtf
    jobid: 636
    wildcards: ann=data/annotationsLessExon, gene=ENSG00000159082

[Fri May 15 16:07:04 2020]
Finished job 286.
2 of 876 steps (0.23%) done

[Fri May 15 16:07:04 2020]
rule removeExon:
    input: data/annotations/ENSG00000185658.gtf, data/chr21.fa
    output: data/annotationsLessExon/ENSG00000185658.gtf
    jobid: 389
    wildcards: ann=data/annotationsLessExon, gene=ENSG00000185658

[Fri May 15 16:07:05 2020]
Finished job 412.
3 of 876 steps (0.34%) done

[Fri May 15 16:07:05 2020]
rule removeExon:
    input: data/annotations/ENSG00000224924.gtf, data/chr21.fa
    output: data/annotationsLessExon/ENSG00000224924.gtf
    jobid: 300
    wildcards: ann=data/annotationsLessExon, gene=ENSG00000224924

[Fri May 15 16:07:05 2020]
Finished job 389.
4 of 876 steps (0.46%) done

[Fri May 15 16:07:05 2020]
rule removeExon:
    input: data/annotations/ENSG00000141956.gtf, data/chr21.fa
    output: data/annotationsLessExon/ENSG00000141956.gtf
    jobid: 241
    wildcards: ann=data/annotationsLessExon, gene=ENSG00000141956

[Fri May 15 16:07:05 2020]
Finished job 636.
5 of 876 steps (0.57%) done

[Fri May 15 16:07:05 2020]
rule removeExon:
    input: data/annotations/ENSG00000157540.gtf, data/chr21.fa
    output: data/annotationsLessExon/ENSG00000157540.gtf
    jobid: 810
    wildcards: ann=data/annotationsLessExon, gene=ENSG00000157540

[Fri May 15 16:07:05 2020]
Finished job 257.
6 of 876 steps (0.68%) done

[Fri May 15 16:07:05 2020]
rule removeExon:
    input: data/annotations/ENSG00000160255.gtf, data/chr21.fa
    output: data/annotationsLessExon/ENSG00000160255.gtf
    jobid: 718
    wildcards: ann=data/annotationsLessExon, gene=ENSG00000160255

[Fri May 15 16:07:05 2020]
Finished job 300.
7 of 876 steps (0.80%) done

[Fri May 15 16:07:05 2020]
rule removeExon:
    input: data/annotations/ENSG00000160305.gtf, data/chr21.fa
    output: data/annotationsLessExon/ENSG00000160305.gtf
    jobid: 201
    wildcards: ann=data/annotationsLessExon, gene=ENSG00000160305

[Fri May 15 16:07:06 2020]
Finished job 241.
8 of 876 steps (0.91%) done

[Fri May 15 16:07:06 2020]
rule removeExon:
    input: data/annotations/ENSG00000265590.gtf, data/chr21.fa
    output: data/annotationsLessExon/ENSG00000265590.gtf
    jobid: 226
    wildcards: ann=data/annotationsLessExon, gene=ENSG00000265590

[Fri May 15 16:07:06 2020]
Finished job 201.
9 of 876 steps (1%) done

[Fri May 15 16:07:06 2020]
rule removeExon:
    input: data/annotations/ENSG00000142192.gtf, data/chr21.fa
    output: data/annotationsLessExon/ENSG00000142192.gtf
    jobid: 454
    wildcards: ann=data/annotationsLessExon, gene=ENSG00000142192

[Fri May 15 16:07:06 2020]
Finished job 718.
10 of 876 steps (1%) done

[Fri May 15 16:07:06 2020]
rule removeExon:
    input: data/annotations/ENSG00000205758.gtf, data/chr21.fa
    output: data/annotationsLessExon/ENSG00000205758.gtf
    jobid: 427
    wildcards: ann=data/annotationsLessExon, gene=ENSG00000205758

[Fri May 15 16:07:06 2020]
Finished job 810.
11 of 876 steps (1%) done

[Fri May 15 16:07:06 2020]
rule removeExon:
    input: data/annotations/ENSG00000142185.gtf, data/chr21.fa
    output: data/annotationsLessExon/ENSG00000142185.gtf
    jobid: 798
    wildcards: ann=data/annotationsLessExon, gene=ENSG00000142185

[Fri May 15 16:07:07 2020]
Finished job 427.
12 of 876 steps (1%) done

[Fri May 15 16:07:07 2020]
rule removeExon:
    input: data/annotations/ENSG00000182871.gtf, data/chr21.fa
    output: data/annotationsLessExon/ENSG00000182871.gtf
    jobid: 46
    wildcards: ann=data/annotationsLessExon, gene=ENSG00000182871

[Fri May 15 16:07:07 2020]
Finished job 454.
13 of 876 steps (1%) done

[Fri May 15 16:07:07 2020]
rule removeExon:
    input: data/annotations/ENSG00000159131.gtf, data/chr21.fa
    output: data/annotationsLessExon/ENSG00000159131.gtf
    jobid: 392
    wildcards: ann=data/annotationsLessExon, gene=ENSG00000159131

[Fri May 15 16:07:07 2020]
Finished job 226.
14 of 876 steps (2%) done
[Fri May 15 16:07:07 2020]
Finished job 798.
15 of 876 steps (2%) done

[Fri May 15 16:07:07 2020]
rule removeExon:
    input: data/annotations/ENSG00000177398.gtf, data/chr21.fa
    output: data/annotationsLessExon/ENSG00000177398.gtf
    jobid: 75
    wildcards: ann=data/annotationsLessExon, gene=ENSG00000177398


[Fri May 15 16:07:07 2020]
rule removeExon:
    input: data/annotations/ENSG00000157554.gtf, data/chr21.fa
    output: data/annotationsLessExon/ENSG00000157554.gtf
    jobid: 684
    wildcards: ann=data/annotationsLessExon, gene=ENSG00000157554

[Fri May 15 16:07:07 2020]
Finished job 46.
16 of 876 steps (2%) done

[Fri May 15 16:07:07 2020]
rule removeExon:
    input: data/annotations/ENSG00000142173.gtf, data/chr21.fa
    output: data/annotationsLessExon/ENSG00000142173.gtf
    jobid: 528
    wildcards: ann=data/annotationsLessExon, gene=ENSG00000142173

[Fri May 15 16:07:07 2020]
Finished job 392.
17 of 876 steps (2%) done

[Fri May 15 16:07:07 2020]
rule removeExon:
    input: data/annotations/ENSG00000183570.gtf, data/chr21.fa
    output: data/annotationsLessExon/ENSG00000183570.gtf
    jobid: 715
    wildcards: ann=data/annotationsLessExon, gene=ENSG00000183570

[Fri May 15 16:07:07 2020]
Finished job 684.
18 of 876 steps (2%) done

[Fri May 15 16:07:07 2020]
rule removeExon:
    input: data/annotations/ENSG00000157601.gtf, data/chr21.fa
    output: data/annotationsLessExon/ENSG00000157601.gtf
    jobid: 855
    wildcards: ann=data/annotationsLessExon, gene=ENSG00000157601

[Fri May 15 16:07:07 2020]
Finished job 75.
19 of 876 steps (2%) done

[Fri May 15 16:07:07 2020]
rule removeExon:
    input: data/annotations/ENSG00000160179.gtf, data/chr21.fa
    output: data/annotationsLessExon/ENSG00000160179.gtf
    jobid: 63
    wildcards: ann=data/annotationsLessExon, gene=ENSG00000160179

[Fri May 15 16:07:08 2020]
Finished job 528.
20 of 876 steps (2%) done

[Fri May 15 16:07:08 2020]
rule removeExon:
    input: data/annotations/ENSG00000171189.gtf, data/chr21.fa
    output: data/annotationsLessExon/ENSG00000171189.gtf
    jobid: 539
    wildcards: ann=data/annotationsLessExon, gene=ENSG00000171189

[Fri May 15 16:07:08 2020]
Finished job 715.
21 of 876 steps (2%) done

[Fri May 15 16:07:08 2020]
rule removeExon:
    input: data/annotations/ENSG00000160200.gtf, data/chr21.fa
    output: data/annotationsLessExon/ENSG00000160200.gtf
    jobid: 469
    wildcards: ann=data/annotationsLessExon, gene=ENSG00000160200

[Fri May 15 16:07:08 2020]
Finished job 855.
22 of 876 steps (3%) done

[Fri May 15 16:07:08 2020]
rule removeExon:
    input: data/annotations/ENSG00000185917.gtf, data/chr21.fa
    output: data/annotationsLessExon/ENSG00000185917.gtf
    jobid: 21
    wildcards: ann=data/annotationsLessExon, gene=ENSG00000185917

[Fri May 15 16:07:08 2020]
Finished job 63.
23 of 876 steps (3%) done

[Fri May 15 16:07:08 2020]
rule removeExon:
    input: data/annotations/ENSG00000198862.gtf, data/chr21.fa
    output: data/annotationsLessExon/ENSG00000198862.gtf
    jobid: 20
    wildcards: ann=data/annotationsLessExon, gene=ENSG00000198862

[Fri May 15 16:07:08 2020]
Finished job 539.
24 of 876 steps (3%) done

[Fri May 15 16:07:08 2020]
rule removeExon:
    input: data/annotations/ENSG00000197381.gtf, data/chr21.fa
    output: data/annotationsLessExon/ENSG00000197381.gtf
    jobid: 848
    wildcards: ann=data/annotationsLessExon, gene=ENSG00000197381

[Fri May 15 16:07:08 2020]
Finished job 469.
25 of 876 steps (3%) done

[Fri May 15 16:07:08 2020]
rule removeExon:
    input: data/annotations/ENSG00000160310.gtf, data/chr21.fa
    output: data/annotationsLessExon/ENSG00000160310.gtf
    jobid: 248
    wildcards: ann=data/annotationsLessExon, gene=ENSG00000160310

[Fri May 15 16:07:09 2020]
Finished job 21.
26 of 876 steps (3%) done

[Fri May 15 16:07:09 2020]
rule removeExon:
    input: data/annotations/ENSG00000157551.gtf, data/chr21.fa
    output: data/annotationsLessExon/ENSG00000157551.gtf
    jobid: 332
    wildcards: ann=data/annotationsLessExon, gene=ENSG00000157551

[Fri May 15 16:07:09 2020]
Finished job 20.
27 of 876 steps (3%) done

[Fri May 15 16:07:09 2020]
rule removeExon:
    input: data/annotations/ENSG00000160285.gtf, data/chr21.fa
    output: data/annotationsLessExon/ENSG00000160285.gtf
    jobid: 211
    wildcards: ann=data/annotationsLessExon, gene=ENSG00000160285

[Fri May 15 16:07:09 2020]
Finished job 848.
28 of 876 steps (3%) done

[Fri May 15 16:07:09 2020]
rule removeExon:
    input: data/annotations/ENSG00000155313.gtf, data/chr21.fa
    output: data/annotationsLessExon/ENSG00000155313.gtf
    jobid: 279
    wildcards: ann=data/annotationsLessExon, gene=ENSG00000155313

[Fri May 15 16:07:09 2020]
Finished job 332.
29 of 876 steps (3%) done

[Fri May 15 16:07:09 2020]
rule removeExon:
    input: data/annotations/ENSG00000160216.gtf, data/chr21.fa
    output: data/annotationsLessExon/ENSG00000160216.gtf
    jobid: 93
    wildcards: ann=data/annotationsLessExon, gene=ENSG00000160216

[Fri May 15 16:07:09 2020]
Finished job 248.
30 of 876 steps (3%) done

[Fri May 15 16:07:09 2020]
rule removeExon:
    input: data/annotations/ENSG00000182093.gtf, data/chr21.fa
    output: data/annotationsLessExon/ENSG00000182093.gtf
    jobid: 253
    wildcards: ann=data/annotationsLessExon, gene=ENSG00000182093

[Fri May 15 16:07:09 2020]
Finished job 211.
31 of 876 steps (4%) done

[Fri May 15 16:07:09 2020]
rule removeExon:
    input: data/annotations/ENSG00000159140.gtf, data/chr21.fa
    output: data/annotationsLessExon/ENSG00000159140.gtf
    jobid: 730
    wildcards: ann=data/annotationsLessExon, gene=ENSG00000159140

[Fri May 15 16:07:10 2020]
Finished job 279.
32 of 876 steps (4%) done

[Fri May 15 16:07:10 2020]
rule removeExon:
    input: data/annotations/ENSG00000157578.gtf, data/chr21.fa
    output: data/annotationsLessExon/ENSG00000157578.gtf
    jobid: 818
    wildcards: ann=data/annotationsLessExon, gene=ENSG00000157578

[Fri May 15 16:07:10 2020]
Finished job 93.
33 of 876 steps (4%) done

[Fri May 15 16:07:10 2020]
rule removeExon:
    input: data/annotations/ENSG00000156265.gtf, data/chr21.fa
    output: data/annotationsLessExon/ENSG00000156265.gtf
    jobid: 538
    wildcards: ann=data/annotationsLessExon, gene=ENSG00000156265

[Fri May 15 16:07:10 2020]
Finished job 253.
34 of 876 steps (4%) done
[Fri May 15 16:07:10 2020]
Finished job 730.
35 of 876 steps (4%) done

[Fri May 15 16:07:10 2020]
rule removeExon:
    input: data/annotations/ENSG00000274276.gtf, data/chr21.fa
    output: data/annotationsLessExon/ENSG00000274276.gtf
    jobid: 196
    wildcards: ann=data/annotationsLessExon, gene=ENSG00000274276


[Fri May 15 16:07:10 2020]
rule removeExon:
    input: data/annotations/ENSG00000205581.gtf, data/chr21.fa
    output: data/annotationsLessExon/ENSG00000205581.gtf
    jobid: 856
    wildcards: ann=data/annotationsLessExon, gene=ENSG00000205581

[Fri May 15 16:07:10 2020]
Finished job 818.
36 of 876 steps (4%) done

[Fri May 15 16:07:10 2020]
rule removeExon:
    input: data/annotations/ENSG00000274391.gtf, data/chr21.fa
    output: data/annotationsLessExon/ENSG00000274391.gtf
    jobid: 179
    wildcards: ann=data/annotationsLessExon, gene=ENSG00000274391

[Fri May 15 16:07:10 2020]
Finished job 538.
37 of 876 steps (4%) done

[Fri May 15 16:07:10 2020]
rule removeExon:
    input: data/annotations/ENSG00000159147.gtf, data/chr21.fa
    output: data/annotationsLessExon/ENSG00000159147.gtf
    jobid: 458
    wildcards: ann=data/annotationsLessExon, gene=ENSG00000159147

[Fri May 15 16:07:10 2020]
Finished job 196.
38 of 876 steps (4%) done

[Fri May 15 16:07:10 2020]
rule removeExon:
    input: data/annotations/ENSG00000160185.gtf, data/chr21.fa
    output: data/annotationsLessExon/ENSG00000160185.gtf
    jobid: 195
    wildcards: ann=data/annotationsLessExon, gene=ENSG00000160185

[Fri May 15 16:07:10 2020]
Finished job 856.
39 of 876 steps (4%) done

[Fri May 15 16:07:10 2020]
rule removeExon:
    input: data/annotations/ENSG00000160294.gtf, data/chr21.fa
    output: data/annotationsLessExon/ENSG00000160294.gtf
    jobid: 707
    wildcards: ann=data/annotationsLessExon, gene=ENSG00000160294

[Fri May 15 16:07:11 2020]
Error in rule removeExon:
    jobid: 707
    output: data/annotationsLessExon/ENSG00000160294.gtf

RuleException:
CalledProcessError in line 143 of /home/dlcgold/stage-unimib/extra/snake/Snakefile:
Command 'set -euo pipefail;  /usr/bin/python /home/dlcgold/stage-unimib/extra/snake/.snakemake/scripts/tmpub876jpc.removeExon.py' returned non-zero exit status 1.
  File "/home/dlcgold/stage-unimib/extra/snake/Snakefile", line 143, in __rule_removeExon
  File "/usr/lib/python3.8/concurrent/futures/thread.py", line 57, in run
[Fri May 15 16:07:11 2020]
Finished job 179.
40 of 876 steps (5%) done
[Fri May 15 16:07:11 2020]
Finished job 195.
41 of 876 steps (5%) done
[Fri May 15 16:07:11 2020]
Finished job 458.
42 of 876 steps (5%) done
Shutting down, this might take some time.
Exiting because a job execution failed. Look above for error message
Complete log: /home/dlcgold/stage-unimib/extra/snake/.snakemake/log/2020-05-15T160703.259074.snakemake.log
