Building DAG of jobs...
Using shell: /usr/bin/bash
Provided cores: 4
Rules claiming more threads will be scaled down.
Job counts:
	count	jobs
	1	all
	1	downloadA
	1	downloadG
	3

[Tue May 12 12:16:58 2020]
rule downloadG:
    output: data/genome.fa
    jobid: 1


[Tue May 12 12:16:58 2020]
rule downloadA:
    output: data/annotation.gtf
    jobid: 2

[Tue May 12 12:17:02 2020]
Finished job 1.
1 of 3 steps (33%) done
[Tue May 12 12:17:15 2020]
Finished job 2.
2 of 3 steps (67%) done

[Tue May 12 12:17:15 2020]
localrule all:
    input: data/genome.fa, data/annotation.gtf
    jobid: 0

[Tue May 12 12:17:15 2020]
Finished job 0.
3 of 3 steps (100%) done
Complete log: /home/dlcgold/stage-unimib/extra/snake/.snakemake/log/2020-05-12T121658.510811.snakemake.log
