Building DAG of jobs...
Updating job 0 (run_after_checkpoint).
Using shell: /usr/bin/bash
Provided cores: 4
Rules claiming more threads will be scaled down.
Job counts:
	count	jobs
	875	generateReads
	1	run_after_checkpoint
	876

[Fri May 15 16:33:38 2020]
rule generateReads:
    input: data/annotations/ENSG00000182670.gtf, data/chr21.fa
    output: data/annotations/ENSG00000182670.fa
    jobid: 120
    wildcards: gene=ENSG00000182670


[Fri May 15 16:33:38 2020]
rule generateReads:
    input: data/annotations/ENSG00000160191.gtf, data/chr21.fa
    output: data/annotations/ENSG00000160191.fa
    jobid: 412
    wildcards: gene=ENSG00000160191


[Fri May 15 16:33:38 2020]
rule generateReads:
    input: data/annotations/ENSG00000224924.gtf, data/chr21.fa
    output: data/annotations/ENSG00000224924.fa
    jobid: 300
    wildcards: gene=ENSG00000224924


[Fri May 15 16:33:38 2020]
rule generateReads:
    input: data/annotations/ENSG00000215386.gtf, data/chr21.fa
    output: data/annotations/ENSG00000215386.fa
    jobid: 257
    wildcards: gene=ENSG00000215386

[Fri May 15 16:33:42 2020]
Finished job 300.
1 of 876 steps (0.11%) done
[Fri May 15 16:33:42 2020]
Finished job 257.
2 of 876 steps (0.23%) done

[Fri May 15 16:33:42 2020]
rule generateReads:
    input: data/annotations/ENSG00000205726.gtf, data/chr21.fa
    output: data/annotations/ENSG00000205726.fa
    jobid: 286
    wildcards: gene=ENSG00000205726


[Fri May 15 16:33:42 2020]
rule generateReads:
    input: data/annotations/ENSG00000159082.gtf, data/chr21.fa
    output: data/annotations/ENSG00000159082.fa
    jobid: 636
    wildcards: gene=ENSG00000159082

[Fri May 15 16:33:42 2020]
Finished job 412.
3 of 876 steps (0.34%) done

[Fri May 15 16:33:42 2020]
rule generateReads:
    input: data/annotations/ENSG00000185658.gtf, data/chr21.fa
    output: data/annotations/ENSG00000185658.fa
    jobid: 389
    wildcards: gene=ENSG00000185658

[Fri May 15 16:33:42 2020]
Finished job 120.
4 of 876 steps (0.46%) done

[Fri May 15 16:33:42 2020]
rule generateReads:
    input: data/annotations/ENSG00000141956.gtf, data/chr21.fa
    output: data/annotations/ENSG00000141956.fa
    jobid: 241
    wildcards: gene=ENSG00000141956

[Fri May 15 16:33:45 2020]
Finished job 636.
5 of 876 steps (0.57%) done

[Fri May 15 16:33:45 2020]
rule generateReads:
    input: data/annotations/ENSG00000160305.gtf, data/chr21.fa
    output: data/annotations/ENSG00000160305.fa
    jobid: 201
    wildcards: gene=ENSG00000160305

[Fri May 15 16:33:46 2020]
Finished job 389.
6 of 876 steps (0.68%) done

[Fri May 15 16:33:46 2020]
rule generateReads:
    input: data/annotations/ENSG00000160255.gtf, data/chr21.fa
    output: data/annotations/ENSG00000160255.fa
    jobid: 718
    wildcards: gene=ENSG00000160255

[Fri May 15 16:33:46 2020]
Finished job 241.
7 of 876 steps (0.80%) done

[Fri May 15 16:33:46 2020]
rule generateReads:
    input: data/annotations/ENSG00000157540.gtf, data/chr21.fa
    output: data/annotations/ENSG00000157540.fa
    jobid: 810
    wildcards: gene=ENSG00000157540

[Fri May 15 16:33:46 2020]
Finished job 286.
8 of 876 steps (0.91%) done

[Fri May 15 16:33:46 2020]
rule generateReads:
    input: data/annotations/ENSG00000265590.gtf, data/chr21.fa
    output: data/annotations/ENSG00000265590.fa
    jobid: 226
    wildcards: gene=ENSG00000265590

[Fri May 15 16:33:49 2020]
Finished job 201.
9 of 876 steps (1%) done

[Fri May 15 16:33:49 2020]
rule generateReads:
    input: data/annotations/ENSG00000142192.gtf, data/chr21.fa
    output: data/annotations/ENSG00000142192.fa
    jobid: 454
    wildcards: gene=ENSG00000142192

[Fri May 15 16:33:49 2020]
Finished job 226.
10 of 876 steps (1%) done

[Fri May 15 16:33:49 2020]
rule generateReads:
    input: data/annotations/ENSG00000142185.gtf, data/chr21.fa
    output: data/annotations/ENSG00000142185.fa
    jobid: 798
    wildcards: gene=ENSG00000142185

[Fri May 15 16:33:49 2020]
Finished job 718.
11 of 876 steps (1%) done

[Fri May 15 16:33:49 2020]
rule generateReads:
    input: data/annotations/ENSG00000205758.gtf, data/chr21.fa
    output: data/annotations/ENSG00000205758.fa
    jobid: 427
    wildcards: gene=ENSG00000205758

[Fri May 15 16:33:49 2020]
Finished job 810.
12 of 876 steps (1%) done

[Fri May 15 16:33:49 2020]
rule generateReads:
    input: data/annotations/ENSG00000182871.gtf, data/chr21.fa
    output: data/annotations/ENSG00000182871.fa
    jobid: 46
    wildcards: gene=ENSG00000182871

Terminating processes on user request, this might take some time.
[Fri May 15 16:33:51 2020]
Error in rule generateReads:
    jobid: 454
    output: data/annotations/ENSG00000142192.fa
    shell:
        
        bash scripts/RNASeqReadSimulator/RNASeqReadSimulator data/chr21.fa data/annotations/ENSG00000142192.gtf data/annotations/ENSG00000142192.fa 25000 100
        
        (one of the commands exited with non-zero exit code; note that snakemake uses bash strict mode!)

Removing output files of failed job generateReads since they might be corrupted:
data/annotations/ENSG00000142192.fa
[Fri May 15 16:33:51 2020]
Error in rule generateReads:
[Fri May 15 16:33:51 2020]
    jobid: 427
Error in rule generateReads:
    output: data/annotations/ENSG00000205758.fa
    jobid: 798
    shell:
        
        bash scripts/RNASeqReadSimulator/RNASeqReadSimulator data/chr21.fa data/annotations/ENSG00000205758.gtf data/annotations/ENSG00000205758.fa 25000 100
        
        (one of the commands exited with non-zero exit code; note that snakemake uses bash strict mode!)
    output: data/annotations/ENSG00000142185.fa

    shell:
        
        bash scripts/RNASeqReadSimulator/RNASeqReadSimulator data/chr21.fa data/annotations/ENSG00000142185.gtf data/annotations/ENSG00000142185.fa 25000 100
        
        (one of the commands exited with non-zero exit code; note that snakemake uses bash strict mode!)
Removing output files of failed job generateReads since they might be corrupted:
data/annotations/ENSG00000205758.fa

Removing output files of failed job generateReads since they might be corrupted:
data/annotations/ENSG00000142185.fa
[Fri May 15 16:33:51 2020]
Error in rule generateReads:
    jobid: 46
    output: data/annotations/ENSG00000182871.fa
    shell:
        
        bash scripts/RNASeqReadSimulator/RNASeqReadSimulator data/chr21.fa data/annotations/ENSG00000182871.gtf data/annotations/ENSG00000182871.fa 25000 100
        
        (one of the commands exited with non-zero exit code; note that snakemake uses bash strict mode!)

Removing output files of failed job generateReads since they might be corrupted:
data/annotations/ENSG00000182871.fa
Complete log: /home/dlcgold/stage-unimib/extra/snake/.snakemake/log/2020-05-15T163338.296596.snakemake.log
