Building DAG of jobs...
Updating job 0 (run_after_checkpoint).
MissingInputException in line 99 of /home/dlcgold/stage-unimib/extra/snake/Snakefile:
Missing input files for rule run_after_checkpoint:
data/annotations/ENSG00000279534.gtf.gtf
data/annotations/ENSG00000270835.gtf.gtf
data/annotations/ENSG00000168122.gtf.gtf
data/annotations/ENSG00000233997.gtf.gtf
data/annotations/ENSG00000226983.gtf.gtf
data/annotations/ENSG00000185437.gtf.gtf
data/annotations/ENSG00000287109.gtf.gtf
data/annotations/ENSG00000231136.gtf.gtf
data/annotations/ENSG00000273017.gtf.gtf
data/annotations/ENSG00000252199.gtf.gtf
data/annotations/ENSG00000235514.gtf.gtf
data/annotations/ENSG00000227716.gtf.gtf
data/annotations/ENSG00000236384.gtf.gtf
data/annotations/ENSG00000280018.gtf.gtf
data/annotations/ENSG00000232687.gtf.gtf
data/annotations/ENSG00000243627.gtf.gtf
data/annotations/ENSG00000228107.gtf.gtf
data/annotations/ENSG00000230379.gtf.gtf
data/annotations/ENSG00000284448.gtf.gtf
data/annotations/ENSG00000275592.gtf.gtf
data/annotations/ENSG00000205445.gtf.gtf
data/annotations/ENSG00000240432.gtf.gtf
data/annotations/ENSG00000274559.gtf.gtf
data/annotations/ENSG00000226433.gtf.gtf
data/annotations/ENSG00000235888.gtf.gtf
data/annotations/ENSG00000228709.gtf.gtf
data/annotations/ENSG00000228961.gtf.gtf
data/annotations/ENSG00000228349.gtf.gtf
data/annotations/ENSG00000237609.gtf.gtf
data/annotations/ENSG00000229231.gtf.gtf
data/annotations/ENSG00000160201.gtf.gtf
data/annotations/ENSG00000273590.gtf.gtf
data/annotations/ENSG00000159197.gtf.gtf
data/annotations/ENSG00000252963.gtf.gtf
data/annotations/ENSG00000265007.gtf.gtf
data/annotations/ENSG00000225043.gtf.gtf
data/annotations/ENSG00000259981.gtf.gtf
data/annotations/ENSG00000236663.gtf.gtf
data/annotations/ENSG00000185272.gtf.gtf
data/annotations/ENSG00000273210.gtf.gtf
data/annotations/ENSG00000264580.gtf.gtf
data/annotations/ENSG00000269950.gtf.gtf
data/annotations/ENSG00000159110.gtf.gtf
data/annotations/ENSG00000286033.gtf.gtf
data/annotations/ENSG00000288187.gtf.gtf
data/annotations/ENSG00000215734.gtf.gtf
data/annotations/ENSG00000280433.gtf.gtf
data/annotations/ENSG00000215317.gtf.gtf
data/annotations/ENSG00000279648.gtf.gtf
data/annotations/ENSG00000234107.gtf.gtf
data/annotations/ENSG00000225267.gtf.gtf
data/annotations/ENSG00000252045.gtf.gtf
data/annotations/ENSG00000228817.gtf.gtf
data/annotations/ENSG00000233676.gtf.gtf
data/annotations/ENSG00000286222.gtf.gtf
data/annotations/ENSG00000286091.gtf.gtf
data/annotations/ENSG00000250973.gtf.gtf
data/annotations/ENSG00000212609.gtf.gtf
data/annotations/ENSG00000274749.gtf.gtf
data/annotations/ENSG00000221859.gtf.gtf
data/annotations/ENSG00000231125.gtf.gtf
data/annotations/ENSG00000237646.gtf.gtf
data/annotations/ENSG00000286054.gtf.gtf
data/annotations/ENSG00000279213.gtf.gtf
data/annotations/ENSG00000142192.gtf.gtf
data/annotations/ENSG00000232010.gtf.gtf
data/annotations/ENSG00000224100.gtf.gtf
data/annotations/ENSG00000226043.gtf.gtf
data/annotations/ENSG00000215424.gtf.gtf
data/annotations/ENSG00000226406.gtf.gtf
data/annotations/ENSG00000279493.gtf.gtf
data/annotations/ENSG00000234880.gtf.gtf
data/annotations/ENSG00000273840.gtf.gtf
data/annotations/ENSG00000223608.gtf.gtf
data/annotations/ENSG00000154639.gtf.gtf
data/annotations/ENSG00000280330.gtf.gtf
data/annotations/ENSG00000166265.gtf.gtf
data/annotations/ENSG00000280145.gtf.gtf
data/annotations/ENSG00000279851.gtf.gtf
data/annotations/ENSG00000276077.gtf.gtf
data/annotations/ENSG00000288069.gtf.gtf
data/annotations/ENSG00000171587.gtf.gtf
data/annotations/ENSG00000275895.gtf.gtf
data/annotations/ENSG00000224427.gtf.gtf
data/annotations/ENSG00000228355.gtf.gtf
data/annotations/ENSG00000227840.gtf.gtf
data/annotations/ENSG00000232401.gtf.gtf
data/annotations/ENSG00000276612.gtf.gtf
data/annotations/ENSG00000286267.gtf.gtf
data/annotations/ENSG00000272825.gtf.gtf
data/annotations/ENSG00000157538.gtf.gtf
data/annotations/ENSG00000279094.gtf.gtf
data/annotations/ENSG00000263681.gtf.gtf
data/annotations/ENSG00000279208.gtf.gtf
data/annotations/ENSG00000275950.gtf.gtf
data/annotations/ENSG00000159256.gtf.gtf
data/annotations/ENSG00000287801.gtf.gtf
data/annotations/ENSG00000229356.gtf.gtf
data/annotations/ENSG00000272958.gtf.gtf
data/annotations/ENSG00000154736.gtf.gtf
data/annotations/ENSG00000224247.gtf.gtf
data/annotations/ENSG00000154654.gtf.gtf
data/annotations/ENSG00000229007.gtf.gtf
data/annotations/ENSG00000225735.gtf.gtf
data/annotations/ENSG00000227330.gtf.gtf
data/annotations/ENSG00000235312.gtf.gtf
data/annotations/ENSG00000228314.gtf.gtf
data/annotations/ENSG00000207416.gtf.gtf
data/annotations/ENSG00000278931.gtf.gtf
data/annotations/ENSG00000159131.gtf.gtf
data/annotations/ENSG00000285413.gtf.gtf
data/annotations/ENSG00000286902.gtf.gtf
data/annotations/ENSG00000179381.gtf.gtf
data/annotations/ENSG00000264002.gtf.gtf
data/annotations/ENSG00000277572.gtf.gtf
data/annotations/ENSG00000274662.gtf.gtf
data/annotations/ENSG00000224922.gtf.gtf
data/annotations/ENSG00000223262.gtf.gtf
data/annotations/ENSG00000275692.gtf.gtf
data/annotations/ENSG00000159079.gtf.gtf
data/annotations/ENSG00000235890.gtf.gtf
data/annotations/ENSG00000280594.gtf.gtf
data/annotations/ENSG00000201025.gtf.gtf
data/annotations/ENSG00000224598.gtf.gtf
data/annotations/ENSG00000286178.gtf.gtf
data/annotations/ENSG00000275496.gtf.gtf
data/annotations/ENSG00000160214.gtf.gtf
data/annotations/ENSG00000239415.gtf.gtf
data/annotations/ENSG00000187026.gtf.gtf
data/annotations/ENSG00000233393.gtf.gtf
data/annotations/ENSG00000160307.gtf.gtf
data/annotations/ENSG00000278158.gtf.gtf
data/annotations/ENSG00000270116.gtf.gtf
data/annotations/ENSG00000170262.gtf.gtf
data/annotations/ENSG00000278233.gtf.gtf
data/annotations/ENSG00000177692.gtf.gtf
data/annotations/ENSG00000274484.gtf.gtf
data/annotations/ENSG00000227406.gtf.gtf
data/annotations/ENSG00000224141.gtf.gtf
data/annotations/ENSG00000212564.gtf.gtf
data/annotations/ENSG00000261610.gtf.gtf
data/annotations/ENSG00000166351.gtf.gtf
data/annotations/ENSG00000229382.gtf.gtf
data/annotations/ENSG00000159259.gtf.gtf
data/annotations/ENSG00000279226.gtf.gtf
data/annotations/ENSG00000232623.gtf.gtf
data/annotations/ENSG00000233783.gtf.gtf
data/annotations/ENSG00000180509.gtf.gtf
data/annotations/ENSG00000160221.gtf.gtf
data/annotations/ENSG00000156282.gtf.gtf
data/annotations/ENSG00000278189.gtf.gtf
data/annotations/ENSG00000241837.gtf.gtf
data/annotations/ENSG00000239023.gtf.gtf
data/annotations/ENSG00000237138.gtf.gtf
data/annotations/ENSG00000280071.gtf.gtf
data/annotations/ENSG00000279690.gtf.gtf
data/annotations/ENSG00000286155.gtf.gtf
data/annotations/ENSG00000280164.gtf.gtf
data/annotations/ENSG00000272804.gtf.gtf
data/annotations/ENSG00000233236.gtf.gtf
data/annotations/ENSG00000142156.gtf.gtf
data/annotations/ENSG00000229623.gtf.gtf
data/annotations/ENSG00000199698.gtf.gtf
data/annotations/ENSG00000231867.gtf.gtf
data/annotations/ENSG00000185186.gtf.gtf
data/annotations/ENSG00000227256.gtf.gtf
data/annotations/ENSG00000183527.gtf.gtf
data/annotations/ENSG00000142149.gtf.gtf
data/annotations/ENSG00000275664.gtf.gtf
data/annotations/ENSG00000278878.gtf.gtf
data/annotations/ENSG00000232969.gtf.gtf
data/annotations/ENSG00000273104.gtf.gtf
data/annotations/ENSG00000226501.gtf.gtf
data/annotations/ENSG00000142168.gtf.gtf
data/annotations/ENSG00000224388.gtf.gtf
data/annotations/ENSG00000279064.gtf.gtf
data/annotations/ENSG00000275166.gtf.gtf
data/annotations/ENSG00000198862.gtf.gtf
data/annotations/ENSG00000286517.gtf.gtf
data/annotations/ENSG00000160188.gtf.gtf
data/annotations/ENSG00000237484.gtf.gtf
data/annotations/ENSG00000205726.gtf.gtf
data/annotations/ENSG00000280432.gtf.gtf
data/annotations/ENSG00000212479.gtf.gtf
data/annotations/ENSG00000228137.gtf.gtf
data/annotations/ENSG00000286149.gtf.gtf
data/annotations/ENSG00000224602.gtf.gtf
data/annotations/ENSG00000142188.gtf.gtf
data/annotations/ENSG00000286103.gtf.gtf
data/annotations/ENSG00000207503.gtf.gtf
data/annotations/ENSG00000154640.gtf.gtf
data/annotations/ENSG00000286224.gtf.gtf
data/annotations/ENSG00000200754.gtf.gtf
data/annotations/ENSG00000278927.gtf.gtf
data/annotations/ENSG00000213885.gtf.gtf
data/annotations/ENSG00000277739.gtf.gtf
data/annotations/ENSG00000175302.gtf.gtf
data/annotations/ENSG00000266692.gtf.gtf
data/annotations/ENSG00000244362.gtf.gtf
data/annotations/ENSG00000275170.gtf.gtf
data/annotations/ENSG00000142182.gtf.gtf
data/annotations/ENSG00000224413.gtf.gtf
data/annotations/ENSG00000226956.gtf.gtf
data/annotations/ENSG00000233300.gtf.gtf
data/annotations/ENSG00000228930.gtf.gtf
data/annotations/ENSG00000223400.gtf.gtf
data/annotations/ENSG00000229925.gtf.gtf
data/annotations/ENSG00000201984.gtf.gtf
data/annotations/ENSG00000281383.gtf.gtf
data/annotations/ENSG00000182362.gtf.gtf
data/annotations/ENSG00000264462.gtf.gtf
data/annotations/ENSG00000199598.gtf.gtf
data/annotations/ENSG00000182816.gtf.gtf
data/annotations/ENSG00000256073.gtf.gtf
data/annotations/ENSG00000180530.gtf.gtf
data/annotations/ENSG00000252462.gtf.gtf
data/annotations/ENSG00000280372.gtf.gtf
data/annotations/ENSG00000183145.gtf.gtf
data/annotations/ENSG00000223806.gtf.gtf
data/annotations/ENSG00000206802.gtf.gtf
data/annotations/ENSG00000215458.gtf.gtf
data/annotations/ENSG00000232539.gtf.gtf
data/annotations/ENSG00000273614.gtf.gtf
data/annotations/ENSG00000283300.gtf.gtf
data/annotations/ENSG00000212933.gtf.gtf
data/annotations/ENSG00000142185.gtf.gtf
data/annotations/ENSG00000234159.gtf.gtf
data/annotations/ENSG00000267857.gtf.gtf
data/annotations/ENSG00000187172.gtf.gtf
data/annotations/ENSG00000232512.gtf.gtf
data/annotations/ENSG00000156239.gtf.gtf
data/annotations/ENSG00000228184.gtf.gtf
data/annotations/ENSG00000214955.gtf.gtf
data/annotations/ENSG00000206106.gtf.gtf
data/annotations/ENSG00000265841.gtf.gtf
data/annotations/ENSG00000233756.gtf.gtf
data/annotations/ENSG00000264452.gtf.gtf
data/annotations/ENSG00000155307.gtf.gtf
data/annotations/ENSG00000234293.gtf.gtf
data/annotations/ENSG00000212935.gtf.gtf
data/annotations/ENSG00000230794.gtf.gtf
data/annotations/ENSG00000184029.gtf.gtf
data/annotations/ENSG00000157540.gtf.gtf
data/annotations/ENSG00000232797.gtf.gtf
data/annotations/ENSG00000243489.gtf.gtf
data/annotations/ENSG00000199806.gtf.gtf
data/annotations/ENSG00000278961.gtf.gtf
data/annotations/ENSG00000228592.gtf.gtf
data/annotations/ENSG00000286032.gtf.gtf
data/annotations/ENSG00000235277.gtf.gtf
data/annotations/ENSG00000226054.gtf.gtf
data/annotations/ENSG00000199962.gtf.gtf
data/annotations/ENSG00000231106.gtf.gtf
data/annotations/ENSG00000243064.gtf.gtf
data/annotations/ENSG00000159216.gtf.gtf
data/annotations/ENSG00000249209.gtf.gtf
data/annotations/ENSG00000174680.gtf.gtf
data/annotations/ENSG00000154723.gtf.gtf
data/annotations/ENSG00000223799.gtf.gtf
data/annotations/ENSG00000229962.gtf.gtf
data/annotations/ENSG00000236883.gtf.gtf
data/annotations/ENSG00000223488.gtf.gtf
data/annotations/ENSG00000230859.gtf.gtf
data/annotations/ENSG00000183036.gtf.gtf
data/annotations/ENSG00000160208.gtf.gtf
data/annotations/ENSG00000277379.gtf.gtf
data/annotations/ENSG00000234008.gtf.gtf
data/annotations/ENSG00000279728.gtf.gtf
data/annotations/ENSG00000233206.gtf.gtf
data/annotations/ENSG00000225298.gtf.gtf
data/annotations/ENSG00000280095.gtf.gtf
data/annotations/ENSG00000156284.gtf.gtf
data/annotations/ENSG00000274868.gtf.gtf
data/annotations/ENSG00000280013.gtf.gtf
data/annotations/ENSG00000230061.gtf.gtf
data/annotations/ENSG00000189169.gtf.gtf
data/annotations/ENSG00000279414.gtf.gtf
data/annotations/ENSG00000231236.gtf.gtf
data/annotations/ENSG00000184385.gtf.gtf
data/annotations/ENSG00000280082.gtf.gtf
data/annotations/ENSG00000286082.gtf.gtf
data/annotations/ENSG00000160299.gtf.gtf
data/annotations/ENSG00000197381.gtf.gtf
data/annotations/ENSG00000275993.gtf.gtf
data/annotations/ENSG00000240770.gtf.gtf
data/annotations/ENSG00000226204.gtf.gtf
data/annotations/ENSG00000207638.gtf.gtf
data/annotations/ENSG00000228600.gtf.gtf
data/annotations/ENSG00000279773.gtf.gtf
data/annotations/ENSG00000159055.gtf.gtf
data/annotations/ENSG00000215533.gtf.gtf
data/annotations/ENSG00000200792.gtf.gtf
data/annotations/ENSG00000237841.gtf.gtf
data/annotations/ENSG00000266211.gtf.gtf
data/annotations/ENSG00000244025.gtf.gtf
data/annotations/ENSG00000184809.gtf.gtf
data/annotations/ENSG00000159200.gtf.gtf
data/annotations/ENSG00000288266.gtf.gtf
data/annotations/ENSG00000215454.gtf.gtf
data/annotations/ENSG00000225331.gtf.gtf
data/annotations/ENSG00000160224.gtf.gtf
data/annotations/ENSG00000280019.gtf.gtf
data/annotations/ENSG00000183640.gtf.gtf
data/annotations/ENSG00000232560.gtf.gtf
data/annotations/ENSG00000276556.gtf.gtf
data/annotations/ENSG00000160194.gtf.gtf
data/annotations/ENSG00000184787.gtf.gtf
data/annotations/ENSG00000234083.gtf.gtf
data/annotations/ENSG00000234883.gtf.gtf
data/annotations/ENSG00000229761.gtf.gtf
data/annotations/ENSG00000187005.gtf.gtf
data/annotations/ENSG00000273692.gtf.gtf
data/annotations/ENSG00000160185.gtf.gtf
data/annotations/ENSG00000279990.gtf.gtf
data/annotations/ENSG00000229306.gtf.gtf
data/annotations/ENSG00000224541.gtf.gtf
data/annotations/ENSG00000279303.gtf.gtf
data/annotations/ENSG00000221398.gtf.gtf
data/annotations/ENSG00000160218.gtf.gtf
data/annotations/ENSG00000276647.gtf.gtf
data/annotations/ENSG00000274225.gtf.gtf
data/annotations/ENSG00000183250.gtf.gtf
data/annotations/ENSG00000224747.gtf.gtf
data/annotations/ENSG00000237989.gtf.gtf
data/annotations/ENSG00000235023.gtf.gtf
data/annotations/ENSG00000160298.gtf.gtf
data/annotations/ENSG00000183486.gtf.gtf
data/annotations/ENSG00000230212.gtf.gtf
data/annotations/ENSG00000278775.gtf.gtf
data/annotations/ENSG00000197683.gtf.gtf
data/annotations/ENSG00000279615.gtf.gtf
data/annotations/ENSG00000285815.gtf.gtf
data/annotations/ENSG00000188694.gtf.gtf
data/annotations/ENSG00000275469.gtf.gtf
data/annotations/ENSG00000277117.gtf.gtf
data/annotations/ENSG00000279720.gtf.gtf
data/annotations/ENSG00000183844.gtf.gtf
data/annotations/ENSG00000232806.gtf.gtf
data/annotations/ENSG00000234034.gtf.gtf
data/annotations/ENSG00000229336.gtf.gtf
data/annotations/ENSG00000154645.gtf.gtf
data/annotations/ENSG00000278884.gtf.gtf
data/annotations/ENSG00000142166.gtf.gtf
data/annotations/ENSG00000184724.gtf.gtf
data/annotations/ENSG00000255568.gtf.gtf
data/annotations/ENSG00000233767.gtf.gtf
data/annotations/ENSG00000244624.gtf.gtf
data/annotations/ENSG00000238257.gtf.gtf
data/annotations/ENSG00000160284.gtf.gtf
data/annotations/ENSG00000270139.gtf.gtf
data/annotations/ENSG00000244676.gtf.gtf
data/annotations/ENSG00000225731.gtf.gtf
data/annotations/ENSG00000157578.gtf.gtf
data/annotations/ENSG00000229086.gtf.gtf
data/annotations/ENSG00000154646.gtf.gtf
data/annotations/ENSG00000226543.gtf.gtf
data/annotations/ENSG00000173276.gtf.gtf
data/annotations/ENSG00000142173.gtf.gtf
data/annotations/ENSG00000160256.gtf.gtf
data/annotations/ENSG00000160216.gtf.gtf
data/annotations/ENSG00000236545.gtf.gtf
data/annotations/ENSG00000233754.gtf.gtf
data/annotations/ENSG00000159261.gtf.gtf
data/annotations/ENSG00000279751.gtf.gtf
data/annotations/ENSG00000229880.gtf.gtf
data/annotations/ENSG00000188660.gtf.gtf
data/annotations/ENSG00000185390.gtf.gtf
data/annotations/ENSG00000232837.gtf.gtf
data/annotations/ENSG00000226298.gtf.gtf
data/annotations/ENSG00000280243.gtf.gtf
data/annotations/ENSG00000230978.gtf.gtf
data/annotations/ENSG00000236056.gtf.gtf
data/annotations/ENSG00000215088.gtf.gtf
data/annotations/ENSG00000234439.gtf.gtf
data/annotations/ENSG00000237325.gtf.gtf
data/annotations/ENSG00000241945.gtf.gtf
data/annotations/ENSG00000157542.gtf.gtf
data/annotations/ENSG00000242220.gtf.gtf
data/annotations/ENSG00000231201.gtf.gtf
data/annotations/ENSG00000252606.gtf.gtf
data/annotations/ENSG00000277693.gtf.gtf
data/annotations/ENSG00000215369.gtf.gtf
data/annotations/ENSG00000279864.gtf.gtf
data/annotations/ENSG00000206105.gtf.gtf
data/annotations/ENSG00000237664.gtf.gtf
data/annotations/ENSG00000288578.gtf.gtf
data/annotations/ENSG00000231300.gtf.gtf
data/annotations/ENSG00000236612.gtf.gtf
data/annotations/ENSG00000159263.gtf.gtf
data/annotations/ENSG00000182670.gtf.gtf
data/annotations/ENSG00000236400.gtf.gtf
data/annotations/ENSG00000215353.gtf.gtf
data/annotations/ENSG00000286148.gtf.gtf
data/annotations/ENSG00000160282.gtf.gtf
data/annotations/ENSG00000230233.gtf.gtf
data/annotations/ENSG00000287507.gtf.gtf
data/annotations/ENSG00000237202.gtf.gtf
data/annotations/ENSG00000280604.gtf.gtf
data/annotations/ENSG00000229046.gtf.gtf
data/annotations/ENSG00000225330.gtf.gtf
data/annotations/ENSG00000215455.gtf.gtf
data/annotations/ENSG00000251972.gtf.gtf
data/annotations/ENSG00000231068.gtf.gtf
data/annotations/ENSG00000223671.gtf.gtf
data/annotations/ENSG00000186980.gtf.gtf
data/annotations/ENSG00000232118.gtf.gtf
data/annotations/ENSG00000197934.gtf.gtf
data/annotations/ENSG00000232777.gtf.gtf
data/annotations/ENSG00000205622.gtf.gtf
data/annotations/ENSG00000230366.gtf.gtf
data/annotations/ENSG00000214889.gtf.gtf
data/annotations/ENSG00000280441.gtf.gtf
data/annotations/ENSG00000275708.gtf.gtf
data/annotations/ENSG00000273027.gtf.gtf
data/annotations/ENSG00000233442.gtf.gtf
data/annotations/ENSG00000236471.gtf.gtf
data/annotations/ENSG00000159082.gtf.gtf
data/annotations/ENSG00000183067.gtf.gtf
data/annotations/ENSG00000279895.gtf.gtf
data/annotations/ENSG00000186925.gtf.gtf
data/annotations/ENSG00000230982.gtf.gtf
data/annotations/ENSG00000279062.gtf.gtf
data/annotations/ENSG00000275631.gtf.gtf
data/annotations/ENSG00000235965.gtf.gtf
data/annotations/ENSG00000287612.gtf.gtf
data/annotations/ENSG00000281181.gtf.gtf
data/annotations/ENSG00000287470.gtf.gtf
data/annotations/ENSG00000205929.gtf.gtf
data/annotations/ENSG00000224790.gtf.gtf
data/annotations/ENSG00000177398.gtf.gtf
data/annotations/ENSG00000159147.gtf.gtf
data/annotations/ENSG00000182240.gtf.gtf
data/annotations/ENSG00000171189.gtf.gtf
data/annotations/ENSG00000234340.gtf.gtf
data/annotations/ENSG00000160285.gtf.gtf
data/annotations/ENSG00000238265.gtf.gtf
data/annotations/ENSG00000287066.gtf.gtf
data/annotations/ENSG00000236332.gtf.gtf
data/annotations/ENSG00000182586.gtf.gtf
data/annotations/ENSG00000287637.gtf.gtf
data/annotations/ENSG00000231986.gtf.gtf
data/annotations/ENSG00000228149.gtf.gtf
data/annotations/ENSG00000278618.gtf.gtf
data/annotations/ENSG00000225431.gtf.gtf
data/annotations/ENSG00000206107.gtf.gtf
data/annotations/ENSG00000280346.gtf.gtf
data/annotations/ENSG00000280109.gtf.gtf
data/annotations/ENSG00000224574.gtf.gtf
data/annotations/ENSG00000176054.gtf.gtf
data/annotations/ENSG00000286018.gtf.gtf
data/annotations/ENSG00000272657.gtf.gtf
data/annotations/ENSG00000277777.gtf.gtf
data/annotations/ENSG00000207476.gtf.gtf
data/annotations/ENSG00000278381.gtf.gtf
data/annotations/ENSG00000278996.gtf.gtf
data/annotations/ENSG00000223901.gtf.gtf
data/annotations/ENSG00000223741.gtf.gtf
data/annotations/ENSG00000227075.gtf.gtf
data/annotations/ENSG00000198743.gtf.gtf
data/annotations/ENSG00000160305.gtf.gtf
data/annotations/ENSG00000159128.gtf.gtf
data/annotations/ENSG00000202239.gtf.gtf
data/annotations/ENSG00000233056.gtf.gtf
data/annotations/ENSG00000226496.gtf.gtf
data/annotations/ENSG00000229425.gtf.gtf
data/annotations/ENSG00000206104.gtf.gtf
data/annotations/ENSG00000225555.gtf.gtf
data/annotations/ENSG00000160180.gtf.gtf
data/annotations/ENSG00000228404.gtf.gtf
data/annotations/ENSG00000236677.gtf.gtf
data/annotations/ENSG00000217026.gtf.gtf
data/annotations/ENSG00000279211.gtf.gtf
data/annotations/ENSG00000154727.gtf.gtf
data/annotations/ENSG00000231620.gtf.gtf
data/annotations/ENSG00000270071.gtf.gtf
data/annotations/ENSG00000287082.gtf.gtf
data/annotations/ENSG00000224309.gtf.gtf
data/annotations/ENSG00000236519.gtf.gtf
data/annotations/ENSG00000205581.gtf.gtf
data/annotations/ENSG00000288094.gtf.gtf
data/annotations/ENSG00000237373.gtf.gtf
data/annotations/ENSG00000156256.gtf.gtf
data/annotations/ENSG00000223078.gtf.gtf
data/annotations/ENSG00000157557.gtf.gtf
data/annotations/ENSG00000160191.gtf.gtf
data/annotations/ENSG00000207098.gtf.gtf
data/annotations/ENSG00000273492.gtf.gtf
data/annotations/ENSG00000211590.gtf.gtf
data/annotations/ENSG00000207863.gtf.gtf
data/annotations/ENSG00000223692.gtf.gtf
data/annotations/ENSG00000186924.gtf.gtf
data/annotations/ENSG00000215005.gtf.gtf
data/annotations/ENSG00000229025.gtf.gtf
data/annotations/ENSG00000273254.gtf.gtf
data/annotations/ENSG00000223822.gtf.gtf
data/annotations/ENSG00000266133.gtf.gtf
data/annotations/ENSG00000233213.gtf.gtf
data/annotations/ENSG00000227438.gtf.gtf
data/annotations/ENSG00000234380.gtf.gtf
data/annotations/ENSG00000229986.gtf.gtf
data/annotations/ENSG00000214867.gtf.gtf
data/annotations/ENSG00000215326.gtf.gtf
data/annotations/ENSG00000224905.gtf.gtf
data/annotations/ENSG00000286425.gtf.gtf
data/annotations/ENSG00000226527.gtf.gtf
data/annotations/ENSG00000251851.gtf.gtf
data/annotations/ENSG00000160200.gtf.gtf
data/annotations/ENSG00000275139.gtf.gtf
data/annotations/ENSG00000222018.gtf.gtf
data/annotations/ENSG00000270652.gtf.gtf
data/annotations/ENSG00000185658.gtf.gtf
data/annotations/ENSG00000237338.gtf.gtf
data/annotations/ENSG00000273464.gtf.gtf
data/annotations/ENSG00000218549.gtf.gtf
data/annotations/ENSG00000234030.gtf.gtf
data/annotations/ENSG00000235772.gtf.gtf
data/annotations/ENSG00000160294.gtf.gtf
data/annotations/ENSG00000279365.gtf.gtf
data/annotations/ENSG00000226996.gtf.gtf
data/annotations/ENSG00000228318.gtf.gtf
data/annotations/ENSG00000232608.gtf.gtf
data/annotations/ENSG00000271486.gtf.gtf
data/annotations/ENSG00000232124.gtf.gtf
data/annotations/ENSG00000155313.gtf.gtf
data/annotations/ENSG00000187766.gtf.gtf
data/annotations/ENSG00000281903.gtf.gtf
data/annotations/ENSG00000278678.gtf.gtf
data/annotations/ENSG00000224018.gtf.gtf
data/annotations/ENSG00000237731.gtf.gtf
data/annotations/ENSG00000273115.gtf.gtf
data/annotations/ENSG00000238220.gtf.gtf
data/annotations/ENSG00000182093.gtf.gtf
data/annotations/ENSG00000156273.gtf.gtf
data/annotations/ENSG00000275167.gtf.gtf
data/annotations/ENSG00000224269.gtf.gtf
data/annotations/ENSG00000286594.gtf.gtf
data/annotations/ENSG00000232193.gtf.gtf
data/annotations/ENSG00000226818.gtf.gtf
data/annotations/ENSG00000160183.gtf.gtf
data/annotations/ENSG00000159228.gtf.gtf
data/annotations/ENSG00000279783.gtf.gtf
data/annotations/ENSG00000273199.gtf.gtf
data/annotations/ENSG00000234703.gtf.gtf
data/annotations/ENSG00000186965.gtf.gtf
data/annotations/ENSG00000223768.gtf.gtf
data/annotations/ENSG00000280081.gtf.gtf
data/annotations/ENSG00000215562.gtf.gtf
data/annotations/ENSG00000233818.gtf.gtf
data/annotations/ENSG00000223431.gtf.gtf
data/annotations/ENSG00000279477.gtf.gtf
data/annotations/ENSG00000160213.gtf.gtf
data/annotations/ENSG00000233480.gtf.gtf
data/annotations/ENSG00000226935.gtf.gtf
data/annotations/ENSG00000229289.gtf.gtf
data/annotations/ENSG00000227702.gtf.gtf
data/annotations/ENSG00000226580.gtf.gtf
data/annotations/ENSG00000232886.gtf.gtf
data/annotations/ENSG00000241123.gtf.gtf
data/annotations/ENSG00000260256.gtf.gtf
data/annotations/ENSG00000233316.gtf.gtf
data/annotations/ENSG00000279177.gtf.gtf
data/annotations/ENSG00000184900.gtf.gtf
data/annotations/ENSG00000286057.gtf.gtf
data/annotations/ENSG00000275945.gtf.gtf
data/annotations/ENSG00000184012.gtf.gtf
data/annotations/ENSG00000251778.gtf.gtf
data/annotations/ENSG00000157617.gtf.gtf
data/annotations/ENSG00000283904.gtf.gtf
data/annotations/ENSG00000249624.gtf.gtf
data/annotations/ENSG00000286549.gtf.gtf
data/annotations/ENSG00000231231.gtf.gtf
data/annotations/ENSG00000279788.gtf.gtf
data/annotations/ENSG00000234052.gtf.gtf
data/annotations/ENSG00000232855.gtf.gtf
data/annotations/ENSG00000183778.gtf.gtf
data/annotations/ENSG00000288593.gtf.gtf
data/annotations/ENSG00000232884.gtf.gtf
data/annotations/ENSG00000159086.gtf.gtf
data/annotations/ENSG00000160255.gtf.gtf
data/annotations/ENSG00000229047.gtf.gtf
data/annotations/ENSG00000188155.gtf.gtf
data/annotations/ENSG00000286252.gtf.gtf
data/annotations/ENSG00000279186.gtf.gtf
data/annotations/ENSG00000160207.gtf.gtf
data/annotations/ENSG00000278903.gtf.gtf
data/annotations/ENSG00000279709.gtf.gtf
data/annotations/ENSG00000227054.gtf.gtf
data/annotations/ENSG00000232260.gtf.gtf
data/annotations/ENSG00000233956.gtf.gtf
data/annotations/ENSG00000225637.gtf.gtf
data/annotations/ENSG00000225906.gtf.gtf
data/annotations/ENSG00000237232.gtf.gtf
data/annotations/ENSG00000279967.gtf.gtf
data/annotations/ENSG00000221864.gtf.gtf
data/annotations/ENSG00000234509.gtf.gtf
data/annotations/ENSG00000157554.gtf.gtf
data/annotations/ENSG00000186977.gtf.gtf
data/annotations/ENSG00000277991.gtf.gtf
data/annotations/ENSG00000219280.gtf.gtf
data/annotations/ENSG00000184351.gtf.gtf
data/annotations/ENSG00000230870.gtf.gtf
data/annotations/ENSG00000226115.gtf.gtf
data/annotations/ENSG00000278181.gtf.gtf
data/annotations/ENSG00000198618.gtf.gtf
data/annotations/ENSG00000277277.gtf.gtf
data/annotations/ENSG00000215386.gtf.gtf
data/annotations/ENSG00000237569.gtf.gtf
data/annotations/ENSG00000244294.gtf.gtf
data/annotations/ENSG00000221837.gtf.gtf
data/annotations/ENSG00000160233.gtf.gtf
data/annotations/ENSG00000160209.gtf.gtf
data/annotations/ENSG00000235123.gtf.gtf
data/annotations/ENSG00000231058.gtf.gtf
data/annotations/ENSG00000276902.gtf.gtf
data/annotations/ENSG00000286643.gtf.gtf
data/annotations/ENSG00000184032.gtf.gtf
data/annotations/ENSG00000277437.gtf.gtf
data/annotations/ENSG00000286027.gtf.gtf
data/annotations/ENSG00000214914.gtf.gtf
data/annotations/ENSG00000228941.gtf.gtf
data/annotations/ENSG00000252915.gtf.gtf
data/annotations/ENSG00000232263.gtf.gtf
data/annotations/ENSG00000154642.gtf.gtf
data/annotations/ENSG00000237604.gtf.gtf
data/annotations/ENSG00000205670.gtf.gtf
data/annotations/ENSG00000231755.gtf.gtf
data/annotations/ENSG00000227698.gtf.gtf
data/annotations/ENSG00000227721.gtf.gtf
data/annotations/ENSG00000286852.gtf.gtf
data/annotations/ENSG00000233215.gtf.gtf
data/annotations/ENSG00000219368.gtf.gtf
data/annotations/ENSG00000212938.gtf.gtf
data/annotations/ENSG00000241728.gtf.gtf
data/annotations/ENSG00000279321.gtf.gtf
data/annotations/ENSG00000277282.gtf.gtf
data/annotations/ENSG00000198054.gtf.gtf
data/annotations/ENSG00000184441.gtf.gtf
data/annotations/ENSG00000223563.gtf.gtf
data/annotations/ENSG00000249493.gtf.gtf
data/annotations/ENSG00000261706.gtf.gtf
data/annotations/ENSG00000273271.gtf.gtf
data/annotations/ENSG00000183249.gtf.gtf
data/annotations/ENSG00000266195.gtf.gtf
data/annotations/ENSG00000243927.gtf.gtf
data/annotations/ENSG00000279156.gtf.gtf
data/annotations/ENSG00000287088.gtf.gtf
data/annotations/ENSG00000160181.gtf.gtf
data/annotations/ENSG00000238627.gtf.gtf
data/annotations/ENSG00000207097.gtf.gtf
data/annotations/ENSG00000232692.gtf.gtf
data/annotations/ENSG00000276289.gtf.gtf
data/annotations/ENSG00000276529.gtf.gtf
data/annotations/ENSG00000235701.gtf.gtf
data/annotations/ENSG00000236830.gtf.gtf
data/annotations/ENSG00000187175.gtf.gtf
data/annotations/ENSG00000215351.gtf.gtf
data/annotations/ENSG00000142207.gtf.gtf
data/annotations/ENSG00000218125.gtf.gtf
data/annotations/ENSG00000142178.gtf.gtf
data/annotations/ENSG00000275464.gtf.gtf
data/annotations/ENSG00000278932.gtf.gtf
data/annotations/ENSG00000227999.gtf.gtf
data/annotations/ENSG00000223975.gtf.gtf
data/annotations/ENSG00000232360.gtf.gtf
data/annotations/ENSG00000274333.gtf.gtf
data/annotations/ENSG00000223870.gtf.gtf
data/annotations/ENSG00000239930.gtf.gtf
data/annotations/ENSG00000188992.gtf.gtf
data/annotations/ENSG00000226012.gtf.gtf
data/annotations/ENSG00000274790.gtf.gtf
data/annotations/ENSG00000288555.gtf.gtf
data/annotations/ENSG00000266299.gtf.gtf
data/annotations/ENSG00000235808.gtf.gtf
data/annotations/ENSG00000156299.gtf.gtf
data/annotations/ENSG00000156265.gtf.gtf
data/annotations/ENSG00000228708.gtf.gtf
data/annotations/ENSG00000224860.gtf.gtf
data/annotations/ENSG00000279381.gtf.gtf
data/annotations/ENSG00000273091.gtf.gtf
data/annotations/ENSG00000279167.gtf.gtf
data/annotations/ENSG00000270533.gtf.gtf
data/annotations/ENSG00000252950.gtf.gtf
data/annotations/ENSG00000286012.gtf.gtf
data/annotations/ENSG00000184856.gtf.gtf
data/annotations/ENSG00000159212.gtf.gtf
data/annotations/ENSG00000189089.gtf.gtf
data/annotations/ENSG00000142197.gtf.gtf
data/annotations/ENSG00000185808.gtf.gtf
data/annotations/ENSG00000154734.gtf.gtf
data/annotations/ENSG00000227090.gtf.gtf
data/annotations/ENSG00000274276.gtf.gtf
data/annotations/ENSG00000159140.gtf.gtf
data/annotations/ENSG00000238197.gtf.gtf
data/annotations/ENSG00000227456.gtf.gtf
data/annotations/ENSG00000278106.gtf.gtf
data/annotations/ENSG00000243646.gtf.gtf
data/annotations/ENSG00000242553.gtf.gtf
data/annotations/ENSG00000184274.gtf.gtf
data/annotations/ENSG00000272015.gtf.gtf
data/annotations/ENSG00000230479.gtf.gtf
data/annotations/ENSG00000222042.gtf.gtf
data/annotations/ENSG00000277067.gtf.gtf
data/annotations/ENSG00000233036.gtf.gtf
data/annotations/ENSG00000226930.gtf.gtf
data/annotations/ENSG00000237735.gtf.gtf
data/annotations/ENSG00000186971.gtf.gtf
data/annotations/ENSG00000203616.gtf.gtf
data/annotations/ENSG00000199030.gtf.gtf
data/annotations/ENSG00000286886.gtf.gtf
data/annotations/ENSG00000214976.gtf.gtf
data/annotations/ENSG00000160193.gtf.gtf
data/annotations/ENSG00000252273.gtf.gtf
data/annotations/ENSG00000231480.gtf.gtf
data/annotations/ENSG00000280191.gtf.gtf
data/annotations/ENSG00000225218.gtf.gtf
data/annotations/ENSG00000274060.gtf.gtf
data/annotations/ENSG00000248476.gtf.gtf
data/annotations/ENSG00000156253.gtf.gtf
data/annotations/ENSG00000275523.gtf.gtf
data/annotations/ENSG00000280172.gtf.gtf
data/annotations/ENSG00000286717.gtf.gtf
data/annotations/ENSG00000231324.gtf.gtf
data/annotations/ENSG00000182912.gtf.gtf
data/annotations/ENSG00000141959.gtf.gtf
data/annotations/ENSG00000272991.gtf.gtf
data/annotations/ENSG00000240755.gtf.gtf
data/annotations/ENSG00000228235.gtf.gtf
data/annotations/ENSG00000235374.gtf.gtf
data/annotations/ENSG00000186970.gtf.gtf
data/annotations/ENSG00000186866.gtf.gtf
data/annotations/ENSG00000237945.gtf.gtf
data/annotations/ENSG00000235609.gtf.gtf
data/annotations/ENSG00000188681.gtf.gtf
data/annotations/ENSG00000226771.gtf.gtf
data/annotations/ENSG00000219592.gtf.gtf
data/annotations/ENSG00000231123.gtf.gtf
data/annotations/ENSG00000230972.gtf.gtf
data/annotations/ENSG00000214326.gtf.gtf
data/annotations/ENSG00000228433.gtf.gtf
data/annotations/ENSG00000159267.gtf.gtf
data/annotations/ENSG00000236382.gtf.gtf
data/annotations/ENSG00000227039.gtf.gtf
data/annotations/ENSG00000263973.gtf.gtf
data/annotations/ENSG00000286146.gtf.gtf
data/annotations/ENSG00000274391.gtf.gtf
data/annotations/ENSG00000281420.gtf.gtf
data/annotations/ENSG00000184221.gtf.gtf
data/annotations/ENSG00000279769.gtf.gtf
data/annotations/ENSG00000260583.gtf.gtf
data/annotations/ENSG00000159231.gtf.gtf
data/annotations/ENSG00000224924.gtf.gtf
data/annotations/ENSG00000280614.gtf.gtf
data/annotations/ENSG00000279647.gtf.gtf
data/annotations/ENSG00000230965.gtf.gtf
data/annotations/ENSG00000235012.gtf.gtf
data/annotations/ENSG00000223662.gtf.gtf
data/annotations/ENSG00000183421.gtf.gtf
data/annotations/ENSG00000237527.gtf.gtf
data/annotations/ENSG00000230198.gtf.gtf
data/annotations/ENSG00000173231.gtf.gtf
data/annotations/ENSG00000160179.gtf.gtf
data/annotations/ENSG00000276738.gtf.gtf
data/annotations/ENSG00000279579.gtf.gtf
data/annotations/ENSG00000264063.gtf.gtf
data/annotations/ENSG00000280436.gtf.gtf
data/annotations/ENSG00000233922.gtf.gtf
data/annotations/ENSG00000225502.gtf.gtf
data/annotations/ENSG00000227757.gtf.gtf
data/annotations/ENSG00000237864.gtf.gtf
data/annotations/ENSG00000160202.gtf.gtf
data/annotations/ENSG00000286262.gtf.gtf
data/annotations/ENSG00000157551.gtf.gtf
data/annotations/ENSG00000228120.gtf.gtf
data/annotations/ENSG00000280179.gtf.gtf
data/annotations/ENSG00000228861.gtf.gtf
data/annotations/ENSG00000223287.gtf.gtf
data/annotations/ENSG00000228677.gtf.gtf
data/annotations/ENSG00000154721.gtf.gtf
data/annotations/ENSG00000205439.gtf.gtf
data/annotations/ENSG00000276633.gtf.gtf
data/annotations/ENSG00000279784.gtf.gtf
data/annotations/ENSG00000202339.gtf.gtf
data/annotations/ENSG00000280108.gtf.gtf
data/annotations/ENSG00000234730.gtf.gtf
data/annotations/ENSG00000234289.gtf.gtf
data/annotations/ENSG00000277671.gtf.gtf
data/annotations/ENSG00000234538.gtf.gtf
data/annotations/ENSG00000175894.gtf.gtf
data/annotations/ENSG00000207147.gtf.gtf
data/annotations/ENSG00000275215.gtf.gtf
data/annotations/ENSG00000212932.gtf.gtf
data/annotations/ENSG00000156304.gtf.gtf
data/annotations/ENSG00000160310.gtf.gtf
data/annotations/ENSG00000185433.gtf.gtf
data/annotations/ENSG00000273102.gtf.gtf
data/annotations/ENSG00000273872.gtf.gtf
data/annotations/ENSG00000283051.gtf.gtf
data/annotations/ENSG00000215559.gtf.gtf
data/annotations/ENSG00000186967.gtf.gtf
data/annotations/ENSG00000228159.gtf.gtf
data/annotations/ENSG00000224524.gtf.gtf
data/annotations/ENSG00000275799.gtf.gtf
data/annotations/ENSG00000279390.gtf.gtf
data/annotations/ENSG00000201812.gtf.gtf
data/annotations/ENSG00000280800.gtf.gtf
data/annotations/ENSG00000227874.gtf.gtf
data/annotations/ENSG00000160182.gtf.gtf
data/annotations/ENSG00000238390.gtf.gtf
data/annotations/ENSG00000183535.gtf.gtf
data/annotations/ENSG00000286153.gtf.gtf
data/annotations/ENSG00000227342.gtf.gtf
data/annotations/ENSG00000186930.gtf.gtf
data/annotations/ENSG00000277352.gtf.gtf
data/annotations/ENSG00000273796.gtf.gtf
data/annotations/ENSG00000276873.gtf.gtf
data/annotations/ENSG00000157601.gtf.gtf
data/annotations/ENSG00000276546.gtf.gtf
data/annotations/ENSG00000275874.gtf.gtf
data/annotations/ENSG00000279669.gtf.gtf
data/annotations/ENSG00000279718.gtf.gtf
data/annotations/ENSG00000160190.gtf.gtf
data/annotations/ENSG00000173638.gtf.gtf
data/annotations/ENSG00000212136.gtf.gtf
data/annotations/ENSG00000288536.gtf.gtf
data/annotations/ENSG00000231355.gtf.gtf
data/annotations/ENSG00000232079.gtf.gtf
data/annotations/ENSG00000237444.gtf.gtf
data/annotations/ENSG00000274046.gtf.gtf
data/annotations/ENSG00000214319.gtf.gtf
data/annotations/ENSG00000206102.gtf.gtf
data/annotations/ENSG00000183570.gtf.gtf
data/annotations/ENSG00000182871.gtf.gtf
data/annotations/ENSG00000233640.gtf.gtf
data/annotations/ENSG00000198390.gtf.gtf
data/annotations/ENSG00000279998.gtf.gtf
data/annotations/ENSG00000213440.gtf.gtf
data/annotations/ENSG00000185917.gtf.gtf
data/annotations/ENSG00000279687.gtf.gtf
data/annotations/ENSG00000238141.gtf.gtf
data/annotations/ENSG00000224421.gtf.gtf
data/annotations/ENSG00000237594.gtf.gtf
data/annotations/ENSG00000205758.gtf.gtf
data/annotations/ENSG00000224832.gtf.gtf
data/annotations/ENSG00000200213.gtf.gtf
data/annotations/ENSG00000265590.gtf.gtf
data/annotations/ENSG00000183255.gtf.gtf
data/annotations/ENSG00000205927.gtf.gtf
data/annotations/ENSG00000231713.gtf.gtf
data/annotations/ENSG00000236532.gtf.gtf
data/annotations/ENSG00000235564.gtf.gtf
data/annotations/ENSG00000236119.gtf.gtf
data/annotations/ENSG00000224649.gtf.gtf
data/annotations/ENSG00000230323.gtf.gtf
data/annotations/ENSG00000160226.gtf.gtf
data/annotations/ENSG00000160223.gtf.gtf
data/annotations/ENSG00000141956.gtf.gtf
data/annotations/ENSG00000182591.gtf.gtf
data/annotations/ENSG00000205424.gtf.gtf
data/annotations/ENSG00000156261.gtf.gtf
data/annotations/ENSG00000244278.gtf.gtf
data/annotations/ENSG00000178457.gtf.gtf
data/annotations/ENSG00000205930.gtf.gtf
data/annotations/ENSG00000272948.gtf.gtf
data/annotations/ENSG00000160199.gtf.gtf
data/annotations/ENSG00000166979.gtf.gtf
data/annotations/ENSG00000263969.gtf.gtf
data/annotations/ENSG00000278433.gtf.gtf
data/annotations/ENSG00000154719.gtf.gtf
data/annotations/ENSG00000278955.gtf.gtf
data/annotations/ENSG00000276076.gtf.gtf
data/annotations/ENSG00000274248.gtf.gtf
data/annotations/ENSG00000252619.gtf.gtf
data/annotations/ENSG00000284550.gtf.gtf
data/annotations/ENSG00000155304.gtf.gtf
data/annotations/ENSG00000279501.gtf.gtf
