Building DAG of jobs...
Using shell: /usr/bin/bash
Provided cores: 4
Rules claiming more threads will be scaled down.
Job counts:
	count	jobs
	1	run_after_checkpoint
	1	splitAnnotation
	2

[Fri May 15 14:38:17 2020]
checkpoint splitAnnotation:
    input: data/annotation21.gtf
    output: data/annotations
    jobid: 1
Downstream jobs will be updated after completion.

Updating job 0 (run_after_checkpoint).
[Fri May 15 14:38:19 2020]
Finished job 1.
1 of 1 steps (100%) done
Complete log: /home/dlcgold/stage-unimib/extra/snake/.snakemake/log/2020-05-15T143817.090857.snakemake.log
