The flag 'directory' used in rule generatePlot is only valid for outputs, not inputs.
Building DAG of jobs...
Updating job 0 (run_after_checkpoint).
Using shell: /usr/bin/bash
Provided cores: 6
Rules claiming more threads will be scaled down.
Job counts:
	count	jobs
	875	generateMemIntron
	1	run_after_checkpoint
	876

[Sat May 16 21:55:04 2020]
rule generateMemIntron:
    input: data/annotationsLessExon/ENSG00000224924.gtf, data/chr21.fa, data/annotations/ENSG00000224924.fa
    output: data/annotationsLessExon/ENSG00000224924.mem
    jobid: 300
    wildcards: gene=ENSG00000224924


[Sat May 16 21:55:04 2020]
rule generateMemIntron:
    input: data/annotationsLessExon/ENSG00000215386.gtf, data/chr21.fa, data/annotations/ENSG00000215386.fa
    output: data/annotationsLessExon/ENSG00000215386.mem
    jobid: 257
    wildcards: gene=ENSG00000215386


[Sat May 16 21:55:04 2020]
rule generateMemIntron:
    input: data/annotationsLessExon/ENSG00000159082.gtf, data/chr21.fa, data/annotations/ENSG00000159082.fa
    output: data/annotationsLessExon/ENSG00000159082.mem
    jobid: 636
    wildcards: gene=ENSG00000159082


[Sat May 16 21:55:04 2020]
rule generateMemIntron:
    input: data/annotationsLessExon/ENSG00000205726.gtf, data/chr21.fa, data/annotations/ENSG00000205726.fa
    output: data/annotationsLessExon/ENSG00000205726.mem
    jobid: 286
    wildcards: gene=ENSG00000205726


[Sat May 16 21:55:04 2020]
rule generateMemIntron:
    input: data/annotationsLessExon/ENSG00000182670.gtf, data/chr21.fa, data/annotations/ENSG00000182670.fa
    output: data/annotationsLessExon/ENSG00000182670.mem
    jobid: 120
    wildcards: gene=ENSG00000182670


[Sat May 16 21:55:04 2020]
rule generateMemIntron:
    input: data/annotationsLessExon/ENSG00000160191.gtf, data/chr21.fa, data/annotations/ENSG00000160191.fa
    output: data/annotationsLessExon/ENSG00000160191.mem
    jobid: 412
    wildcards: gene=ENSG00000160191

[Sat May 16 21:55:10 2020]
Finished job 636.
1 of 876 steps (0.11%) done

[Sat May 16 21:55:10 2020]
rule generateMemIntron:
    input: data/annotationsLessExon/ENSG00000185658.gtf, data/chr21.fa, data/annotations/ENSG00000185658.fa
    output: data/annotationsLessExon/ENSG00000185658.mem
    jobid: 389
    wildcards: gene=ENSG00000185658

[Sat May 16 21:55:14 2020]
Finished job 286.
2 of 876 steps (0.23%) done

[Sat May 16 21:55:15 2020]
rule generateMemIntron:
    input: data/annotationsLessExon/ENSG00000141956.gtf, data/chr21.fa, data/annotations/ENSG00000141956.fa
    output: data/annotationsLessExon/ENSG00000141956.mem
    jobid: 241
    wildcards: gene=ENSG00000141956

[Sat May 16 21:55:15 2020]
Finished job 120.
3 of 876 steps (0.34%) done

[Sat May 16 21:55:15 2020]
rule generateMemIntron:
    input: data/annotationsLessExon/ENSG00000160305.gtf, data/chr21.fa, data/annotations/ENSG00000160305.fa
    output: data/annotationsLessExon/ENSG00000160305.mem
    jobid: 201
    wildcards: gene=ENSG00000160305

[Sat May 16 21:55:17 2020]
Finished job 412.
4 of 876 steps (0.46%) done

[Sat May 16 21:55:17 2020]
rule generateMemIntron:
    input: data/annotationsLessExon/ENSG00000142185.gtf, data/chr21.fa, data/annotations/ENSG00000142185.fa
    output: data/annotationsLessExon/ENSG00000142185.mem
    jobid: 798
    wildcards: gene=ENSG00000142185

[Sat May 16 21:55:25 2020]
Finished job 389.
5 of 876 steps (0.57%) done

[Sat May 16 21:55:25 2020]
rule generateMemIntron:
    input: data/annotationsLessExon/ENSG00000160255.gtf, data/chr21.fa, data/annotations/ENSG00000160255.fa
    output: data/annotationsLessExon/ENSG00000160255.mem
    jobid: 718
    wildcards: gene=ENSG00000160255

[Sat May 16 21:55:25 2020]
Finished job 241.
6 of 876 steps (0.68%) done

[Sat May 16 21:55:25 2020]
rule generateMemIntron:
    input: data/annotationsLessExon/ENSG00000182871.gtf, data/chr21.fa, data/annotations/ENSG00000182871.fa
    output: data/annotationsLessExon/ENSG00000182871.mem
    jobid: 46
    wildcards: gene=ENSG00000182871

[Sat May 16 21:55:27 2020]
Finished job 798.
7 of 876 steps (0.80%) done

[Sat May 16 21:55:27 2020]
rule generateMemIntron:
    input: data/annotationsLessExon/ENSG00000157540.gtf, data/chr21.fa, data/annotations/ENSG00000157540.fa
    output: data/annotationsLessExon/ENSG00000157540.mem
    jobid: 810
    wildcards: gene=ENSG00000157540

[Sat May 16 21:55:29 2020]
Finished job 201.
8 of 876 steps (0.91%) done

[Sat May 16 21:55:29 2020]
rule generateMemIntron:
    input: data/annotationsLessExon/ENSG00000142192.gtf, data/chr21.fa, data/annotations/ENSG00000142192.fa
    output: data/annotationsLessExon/ENSG00000142192.mem
    jobid: 454
    wildcards: gene=ENSG00000142192

[Sat May 16 21:55:39 2020]
Finished job 46.
9 of 876 steps (1%) done

[Sat May 16 21:55:39 2020]
rule generateMemIntron:
    input: data/annotationsLessExon/ENSG00000265590.gtf, data/chr21.fa, data/annotations/ENSG00000265590.fa
    output: data/annotationsLessExon/ENSG00000265590.mem
    jobid: 226
    wildcards: gene=ENSG00000265590

[Sat May 16 21:55:41 2020]
Finished job 718.
10 of 876 steps (1%) done

[Sat May 16 21:55:41 2020]
rule generateMemIntron:
    input: data/annotationsLessExon/ENSG00000142173.gtf, data/chr21.fa, data/annotations/ENSG00000142173.fa
    output: data/annotationsLessExon/ENSG00000142173.mem
    jobid: 528
    wildcards: gene=ENSG00000142173

[Sat May 16 21:55:42 2020]
Finished job 300.
11 of 876 steps (1%) done

[Sat May 16 21:55:42 2020]
rule generateMemIntron:
    input: data/annotationsLessExon/ENSG00000205758.gtf, data/chr21.fa, data/annotations/ENSG00000205758.fa
    output: data/annotationsLessExon/ENSG00000205758.mem
    jobid: 427
    wildcards: gene=ENSG00000205758

[Sat May 16 21:55:50 2020]
Finished job 528.
12 of 876 steps (1%) done

[Sat May 16 21:55:50 2020]
rule generateMemIntron:
    input: data/annotationsLessExon/ENSG00000159131.gtf, data/chr21.fa, data/annotations/ENSG00000159131.fa
    output: data/annotationsLessExon/ENSG00000159131.mem
    jobid: 392
    wildcards: gene=ENSG00000159131

[Sat May 16 21:56:02 2020]
Finished job 392.
13 of 876 steps (1%) done

[Sat May 16 21:56:02 2020]
rule generateMemIntron:
    input: data/annotationsLessExon/ENSG00000177398.gtf, data/chr21.fa, data/annotations/ENSG00000177398.fa
    output: data/annotationsLessExon/ENSG00000177398.mem
    jobid: 75
    wildcards: gene=ENSG00000177398

[Sat May 16 21:56:14 2020]
Finished job 75.
14 of 876 steps (2%) done

[Sat May 16 21:56:14 2020]
rule generateMemIntron:
    input: data/annotationsLessExon/ENSG00000157554.gtf, data/chr21.fa, data/annotations/ENSG00000157554.fa
    output: data/annotationsLessExon/ENSG00000157554.mem
    jobid: 684
    wildcards: gene=ENSG00000157554

[Sat May 16 21:56:18 2020]
Finished job 226.
15 of 876 steps (2%) done

[Sat May 16 21:56:18 2020]
rule generateMemIntron:
    input: data/annotationsLessExon/ENSG00000160179.gtf, data/chr21.fa, data/annotations/ENSG00000160179.fa
    output: data/annotationsLessExon/ENSG00000160179.mem
    jobid: 63
    wildcards: gene=ENSG00000160179

[Sat May 16 21:56:26 2020]
Finished job 684.
16 of 876 steps (2%) done

[Sat May 16 21:56:26 2020]
rule generateMemIntron:
    input: data/annotationsLessExon/ENSG00000160299.gtf, data/chr21.fa, data/annotations/ENSG00000160299.fa
    output: data/annotationsLessExon/ENSG00000160299.mem
    jobid: 853
    wildcards: gene=ENSG00000160299

[Sat May 16 21:56:29 2020]
Finished job 63.
17 of 876 steps (2%) done

[Sat May 16 21:56:29 2020]
rule generateMemIntron:
    input: data/annotationsLessExon/ENSG00000141959.gtf, data/chr21.fa, data/annotations/ENSG00000141959.fa
    output: data/annotationsLessExon/ENSG00000141959.mem
    jobid: 864
    wildcards: gene=ENSG00000141959

[Sat May 16 21:56:37 2020]
Finished job 853.
18 of 876 steps (2%) done

[Sat May 16 21:56:37 2020]
rule generateMemIntron:
    input: data/annotationsLessExon/ENSG00000183570.gtf, data/chr21.fa, data/annotations/ENSG00000183570.fa
    output: data/annotationsLessExon/ENSG00000183570.mem
    jobid: 715
    wildcards: gene=ENSG00000183570

[Sat May 16 21:56:39 2020]
Finished job 454.
19 of 876 steps (2%) done

[Sat May 16 21:56:39 2020]
rule generateMemIntron:
    input: data/annotationsLessExon/ENSG00000198862.gtf, data/chr21.fa, data/annotations/ENSG00000198862.fa
    output: data/annotationsLessExon/ENSG00000198862.mem
    jobid: 20
    wildcards: gene=ENSG00000198862

[Sat May 16 21:56:39 2020]
Finished job 864.
20 of 876 steps (2%) done

[Sat May 16 21:56:39 2020]
rule generateMemIntron:
    input: data/annotationsLessExon/ENSG00000160200.gtf, data/chr21.fa, data/annotations/ENSG00000160200.fa
    output: data/annotationsLessExon/ENSG00000160200.mem
    jobid: 469
    wildcards: gene=ENSG00000160200

[Sat May 16 21:56:48 2020]
Finished job 20.
21 of 876 steps (2%) done

[Sat May 16 21:56:48 2020]
rule generateMemIntron:
    input: data/annotationsLessExon/ENSG00000171189.gtf, data/chr21.fa, data/annotations/ENSG00000171189.fa
    output: data/annotationsLessExon/ENSG00000171189.mem
    jobid: 539
    wildcards: gene=ENSG00000171189

[Sat May 16 21:56:53 2020]
Finished job 469.
22 of 876 steps (3%) done

[Sat May 16 21:56:53 2020]
rule generateMemIntron:
    input: data/annotationsLessExon/ENSG00000160294.gtf, data/chr21.fa, data/annotations/ENSG00000160294.fa
    output: data/annotationsLessExon/ENSG00000160294.mem
    jobid: 707
    wildcards: gene=ENSG00000160294

[Sat May 16 21:56:53 2020]
Finished job 715.
23 of 876 steps (3%) done

[Sat May 16 21:56:53 2020]
rule generateMemIntron:
    input: data/annotationsLessExon/ENSG00000197381.gtf, data/chr21.fa, data/annotations/ENSG00000197381.fa
    output: data/annotationsLessExon/ENSG00000197381.mem
    jobid: 848
    wildcards: gene=ENSG00000197381

[Sat May 16 21:56:59 2020]
Finished job 539.
24 of 876 steps (3%) done

[Sat May 16 21:56:59 2020]
rule generateMemIntron:
    input: data/annotationsLessExon/ENSG00000155313.gtf, data/chr21.fa, data/annotations/ENSG00000155313.fa
    output: data/annotationsLessExon/ENSG00000155313.mem
    jobid: 279
    wildcards: gene=ENSG00000155313

[Sat May 16 21:57:03 2020]
Finished job 707.
25 of 876 steps (3%) done

[Sat May 16 21:57:03 2020]
rule generateMemIntron:
    input: data/annotationsLessExon/ENSG00000160285.gtf, data/chr21.fa, data/annotations/ENSG00000160285.fa
    output: data/annotationsLessExon/ENSG00000160285.mem
    jobid: 211
    wildcards: gene=ENSG00000160285

[Sat May 16 21:57:03 2020]
Finished job 848.
26 of 876 steps (3%) done

[Sat May 16 21:57:04 2020]
rule generateMemIntron:
    input: data/annotationsLessExon/ENSG00000157601.gtf, data/chr21.fa, data/annotations/ENSG00000157601.fa
    output: data/annotationsLessExon/ENSG00000157601.mem
    jobid: 855
    wildcards: gene=ENSG00000157601

[Sat May 16 21:57:09 2020]
Finished job 279.
27 of 876 steps (3%) done

[Sat May 16 21:57:09 2020]
rule generateMemIntron:
    input: data/annotationsLessExon/ENSG00000274391.gtf, data/chr21.fa, data/annotations/ENSG00000274391.fa
    output: data/annotationsLessExon/ENSG00000274391.mem
    jobid: 179
    wildcards: gene=ENSG00000274391

[Sat May 16 21:57:13 2020]
Finished job 855.
28 of 876 steps (3%) done

[Sat May 16 21:57:14 2020]
rule generateMemIntron:
    input: data/annotationsLessExon/ENSG00000185917.gtf, data/chr21.fa, data/annotations/ENSG00000185917.fa
    output: data/annotationsLessExon/ENSG00000185917.mem
    jobid: 21
    wildcards: gene=ENSG00000185917

[Sat May 16 21:57:15 2020]
Finished job 211.
29 of 876 steps (3%) done

[Sat May 16 21:57:15 2020]
rule generateMemIntron:
    input: data/annotationsLessExon/ENSG00000171587.gtf, data/chr21.fa, data/annotations/ENSG00000171587.fa
    output: data/annotationsLessExon/ENSG00000171587.mem
    jobid: 438
    wildcards: gene=ENSG00000171587

[Sat May 16 21:57:20 2020]
Finished job 179.
30 of 876 steps (3%) done

[Sat May 16 21:57:20 2020]
rule generateMemIntron:
    input: data/annotationsLessExon/ENSG00000229425.gtf, data/chr21.fa, data/annotations/ENSG00000229425.fa
    output: data/annotationsLessExon/ENSG00000229425.mem
    jobid: 647
    wildcards: gene=ENSG00000229425

[Sat May 16 21:57:24 2020]
Finished job 21.
31 of 876 steps (4%) done

[Sat May 16 21:57:24 2020]
rule generateMemIntron:
    input: data/annotationsLessExon/ENSG00000159140.gtf, data/chr21.fa, data/annotations/ENSG00000159140.fa
    output: data/annotationsLessExon/ENSG00000159140.mem
    jobid: 730
    wildcards: gene=ENSG00000159140

[Sat May 16 21:57:25 2020]
Finished job 438.
32 of 876 steps (4%) done

[Sat May 16 21:57:25 2020]
rule generateMemIntron:
    input: data/annotationsLessExon/ENSG00000159086.gtf, data/chr21.fa, data/annotations/ENSG00000159086.fa
    output: data/annotationsLessExon/ENSG00000159086.mem
    jobid: 162
    wildcards: gene=ENSG00000159086

[Sat May 16 21:57:36 2020]
Finished job 162.
33 of 876 steps (4%) done

[Sat May 16 21:57:36 2020]
rule generateMemIntron:
    input: data/annotationsLessExon/ENSG00000157578.gtf, data/chr21.fa, data/annotations/ENSG00000157578.fa
    output: data/annotationsLessExon/ENSG00000157578.mem
    jobid: 818
    wildcards: gene=ENSG00000157578

[Sat May 16 21:57:39 2020]
Finished job 647.
34 of 876 steps (4%) done

[Sat May 16 21:57:39 2020]
rule generateMemIntron:
    input: data/annotationsLessExon/ENSG00000156261.gtf, data/chr21.fa, data/annotations/ENSG00000156261.fa
    output: data/annotationsLessExon/ENSG00000156261.mem
    jobid: 569
    wildcards: gene=ENSG00000156261

[Sat May 16 21:57:40 2020]
Finished job 730.
35 of 876 steps (4%) done

[Sat May 16 21:57:41 2020]
rule generateMemIntron:
    input: data/annotationsLessExon/ENSG00000142156.gtf, data/chr21.fa, data/annotations/ENSG00000142156.fa
    output: data/annotationsLessExon/ENSG00000142156.mem
    jobid: 512
    wildcards: gene=ENSG00000142156

[Sat May 16 21:57:50 2020]
Finished job 569.
36 of 876 steps (4%) done

[Sat May 16 21:57:50 2020]
rule generateMemIntron:
    input: data/annotationsLessExon/ENSG00000160209.gtf, data/chr21.fa, data/annotations/ENSG00000160209.fa
    output: data/annotationsLessExon/ENSG00000160209.mem
    jobid: 503
    wildcards: gene=ENSG00000160209

[Sat May 16 21:57:51 2020]
Finished job 512.
37 of 876 steps (4%) done

[Sat May 16 21:57:51 2020]
rule generateMemIntron:
    input: data/annotationsLessExon/ENSG00000156299.gtf, data/chr21.fa, data/annotations/ENSG00000156299.fa
    output: data/annotationsLessExon/ENSG00000156299.mem
    jobid: 90
    wildcards: gene=ENSG00000156299

[Sat May 16 21:57:51 2020]
Finished job 818.
38 of 876 steps (4%) done

[Sat May 16 21:57:51 2020]
rule generateMemIntron:
    input: data/annotationsLessExon/ENSG00000160216.gtf, data/chr21.fa, data/annotations/ENSG00000160216.fa
    output: data/annotationsLessExon/ENSG00000160216.mem
    jobid: 93
    wildcards: gene=ENSG00000160216

[Sat May 16 21:58:03 2020]
Finished job 503.
39 of 876 steps (4%) done

[Sat May 16 21:58:03 2020]
rule generateMemIntron:
    input: data/annotationsLessExon/ENSG00000156304.gtf, data/chr21.fa, data/annotations/ENSG00000156304.fa
    output: data/annotationsLessExon/ENSG00000156304.mem
    jobid: 324
    wildcards: gene=ENSG00000156304

[Sat May 16 21:58:08 2020]
Finished job 93.
40 of 876 steps (5%) done

[Sat May 16 21:58:08 2020]
rule generateMemIntron:
    input: data/annotationsLessExon/ENSG00000160310.gtf, data/chr21.fa, data/annotations/ENSG00000160310.fa
    output: data/annotationsLessExon/ENSG00000160310.mem
    jobid: 248
    wildcards: gene=ENSG00000160310

[Sat May 16 21:58:14 2020]
Finished job 324.
41 of 876 steps (5%) done

[Sat May 16 21:58:14 2020]
rule generateMemIntron:
    input: data/annotationsLessExon/ENSG00000160185.gtf, data/chr21.fa, data/annotations/ENSG00000160185.fa
    output: data/annotationsLessExon/ENSG00000160185.mem
    jobid: 195
    wildcards: gene=ENSG00000160185

[Sat May 16 21:58:19 2020]
Finished job 248.
42 of 876 steps (5%) done

[Sat May 16 21:58:19 2020]
rule generateMemIntron:
    input: data/annotationsLessExon/ENSG00000237484.gtf, data/chr21.fa, data/annotations/ENSG00000237484.fa
    output: data/annotationsLessExon/ENSG00000237484.mem
    jobid: 747
    wildcards: gene=ENSG00000237484

[Sat May 16 21:58:25 2020]
Finished job 195.
43 of 876 steps (5%) done

[Sat May 16 21:58:25 2020]
rule generateMemIntron:
    input: data/annotationsLessExon/ENSG00000205581.gtf, data/chr21.fa, data/annotations/ENSG00000205581.fa
    output: data/annotationsLessExon/ENSG00000205581.mem
    jobid: 856
    wildcards: gene=ENSG00000205581

[Sat May 16 21:58:51 2020]
Finished job 856.
44 of 876 steps (5%) done

[Sat May 16 21:58:51 2020]
rule generateMemIntron:
    input: data/annotationsLessExon/ENSG00000156265.gtf, data/chr21.fa, data/annotations/ENSG00000156265.fa
    output: data/annotationsLessExon/ENSG00000156265.mem
    jobid: 538
    wildcards: gene=ENSG00000156265

[Sat May 16 21:58:57 2020]
Finished job 747.
45 of 876 steps (5%) done

[Sat May 16 21:58:57 2020]
rule generateMemIntron:
    input: data/annotationsLessExon/ENSG00000160282.gtf, data/chr21.fa, data/annotations/ENSG00000160282.fa
    output: data/annotationsLessExon/ENSG00000160282.mem
    jobid: 452
    wildcards: gene=ENSG00000160282

[Sat May 16 21:59:06 2020]
Finished job 538.
46 of 876 steps (5%) done

[Sat May 16 21:59:06 2020]
rule generateMemIntron:
    input: data/annotationsLessExon/ENSG00000160218.gtf, data/chr21.fa, data/annotations/ENSG00000160218.fa
    output: data/annotationsLessExon/ENSG00000160218.mem
    jobid: 457
    wildcards: gene=ENSG00000160218

[Sat May 16 21:59:10 2020]
Finished job 452.
47 of 876 steps (5%) done

[Sat May 16 21:59:10 2020]
rule generateMemIntron:
    input: data/annotationsLessExon/ENSG00000156256.gtf, data/chr21.fa, data/annotations/ENSG00000156256.fa
    output: data/annotationsLessExon/ENSG00000156256.mem
    jobid: 296
    wildcards: gene=ENSG00000156256

[Sat May 16 21:59:18 2020]
Finished job 296.
48 of 876 steps (5%) done

[Sat May 16 21:59:18 2020]
rule generateMemIntron:
    input: data/annotationsLessExon/ENSG00000160183.gtf, data/chr21.fa, data/annotations/ENSG00000160183.fa
    output: data/annotationsLessExon/ENSG00000160183.mem
    jobid: 12
    wildcards: gene=ENSG00000160183

[Sat May 16 21:59:19 2020]
Finished job 457.
49 of 876 steps (6%) done

[Sat May 16 21:59:19 2020]
rule generateMemIntron:
    input: data/annotationsLessExon/ENSG00000159147.gtf, data/chr21.fa, data/annotations/ENSG00000159147.fa
    output: data/annotationsLessExon/ENSG00000159147.mem
    jobid: 458
    wildcards: gene=ENSG00000159147

[Sat May 16 21:59:28 2020]
Finished job 12.
50 of 876 steps (6%) done

[Sat May 16 21:59:28 2020]
rule generateMemIntron:
    input: data/annotationsLessExon/ENSG00000273840.gtf, data/chr21.fa, data/annotations/ENSG00000273840.fa
    output: data/annotationsLessExon/ENSG00000273840.mem
    jobid: 673
    wildcards: gene=ENSG00000273840

[Sat May 16 21:59:36 2020]
Finished job 673.
51 of 876 steps (6%) done

[Sat May 16 21:59:36 2020]
rule generateMemIntron:
    input: data/annotationsLessExon/ENSG00000159256.gtf, data/chr21.fa, data/annotations/ENSG00000159256.fa
    output: data/annotationsLessExon/ENSG00000159256.mem
    jobid: 375
    wildcards: gene=ENSG00000159256

[Sat May 16 22:01:21 2020]
Finished job 458.
52 of 876 steps (6%) done

[Sat May 16 22:01:21 2020]
rule generateMemIntron:
    input: data/annotationsLessExon/ENSG00000184012.gtf, data/chr21.fa, data/annotations/ENSG00000184012.fa
    output: data/annotationsLessExon/ENSG00000184012.mem
    jobid: 645
    wildcards: gene=ENSG00000184012

[Sat May 16 22:01:32 2020]
Finished job 645.
53 of 876 steps (6%) done

[Sat May 16 22:01:32 2020]
rule generateMemIntron:
    input: data/annotationsLessExon/ENSG00000182093.gtf, data/chr21.fa, data/annotations/ENSG00000182093.fa
    output: data/annotationsLessExon/ENSG00000182093.mem
    jobid: 253
    wildcards: gene=ENSG00000182093

[Sat May 16 22:01:49 2020]
Finished job 253.
54 of 876 steps (6%) done

[Sat May 16 22:01:49 2020]
rule generateMemIntron:
    input: data/annotationsLessExon/ENSG00000157551.gtf, data/chr21.fa, data/annotations/ENSG00000157551.fa
    output: data/annotationsLessExon/ENSG00000157551.mem
    jobid: 332
    wildcards: gene=ENSG00000157551

[Sat May 16 22:01:55 2020]
Finished job 90.
55 of 876 steps (6%) done

[Sat May 16 22:01:55 2020]
rule generateMemIntron:
    input: data/annotationsLessExon/ENSG00000155307.gtf, data/chr21.fa, data/annotations/ENSG00000155307.fa
    output: data/annotationsLessExon/ENSG00000155307.mem
    jobid: 31
    wildcards: gene=ENSG00000155307

[Sat May 16 22:02:01 2020]
Finished job 31.
56 of 876 steps (6%) done

[Sat May 16 22:02:01 2020]
rule generateMemIntron:
    input: data/annotationsLessExon/ENSG00000157557.gtf, data/chr21.fa, data/annotations/ENSG00000157557.fa
    output: data/annotationsLessExon/ENSG00000157557.mem
    jobid: 473
    wildcards: gene=ENSG00000157557

[Sat May 16 22:02:07 2020]
Finished job 473.
57 of 876 steps (7%) done

[Sat May 16 22:02:07 2020]
rule generateMemIntron:
    input: data/annotationsLessExon/ENSG00000160298.gtf, data/chr21.fa, data/annotations/ENSG00000160298.fa
    output: data/annotationsLessExon/ENSG00000160298.mem
    jobid: 149
    wildcards: gene=ENSG00000160298

[Sat May 16 22:02:12 2020]
Finished job 332.
58 of 876 steps (7%) done

[Sat May 16 22:02:12 2020]
rule generateMemIntron:
    input: data/annotationsLessExon/ENSG00000186866.gtf, data/chr21.fa, data/annotations/ENSG00000186866.fa
    output: data/annotationsLessExon/ENSG00000186866.mem
    jobid: 650
    wildcards: gene=ENSG00000186866

[Sat May 16 22:02:17 2020]
Finished job 149.
59 of 876 steps (7%) done

[Sat May 16 22:02:18 2020]
rule generateMemIntron:
    input: data/annotationsLessExon/ENSG00000215559.gtf, data/chr21.fa, data/annotations/ENSG00000215559.fa
    output: data/annotationsLessExon/ENSG00000215559.mem
    jobid: 159
    wildcards: gene=ENSG00000215559

[Sat May 16 22:02:21 2020]
Finished job 650.
60 of 876 steps (7%) done

[Sat May 16 22:02:21 2020]
rule generateMemIntron:
    input: data/annotationsLessExon/ENSG00000243064.gtf, data/chr21.fa, data/annotations/ENSG00000243064.fa
    output: data/annotationsLessExon/ENSG00000243064.mem
    jobid: 778
    wildcards: gene=ENSG00000243064

[Sat May 16 22:02:25 2020]
Finished job 257.
61 of 876 steps (7%) done

[Sat May 16 22:02:25 2020]
rule generateMemIntron:
    input: data/annotationsLessExon/ENSG00000159110.gtf, data/chr21.fa, data/annotations/ENSG00000159110.fa
    output: data/annotationsLessExon/ENSG00000159110.mem
    jobid: 788
    wildcards: gene=ENSG00000159110

[Sat May 16 22:02:28 2020]
Finished job 159.
62 of 876 steps (7%) done

[Sat May 16 22:02:28 2020]
rule generateMemIntron:
    input: data/annotationsLessExon/ENSG00000175302.gtf, data/chr21.fa, data/annotations/ENSG00000175302.fa
    output: data/annotationsLessExon/ENSG00000175302.mem
    jobid: 247
    wildcards: gene=ENSG00000175302

[Sat May 16 22:02:31 2020]
Finished job 778.
63 of 876 steps (7%) done

[Sat May 16 22:02:31 2020]
rule generateMemIntron:
    input: data/annotationsLessExon/ENSG00000160190.gtf, data/chr21.fa, data/annotations/ENSG00000160190.fa
    output: data/annotationsLessExon/ENSG00000160190.mem
    jobid: 494
    wildcards: gene=ENSG00000160190

[Sat May 16 22:02:34 2020]
Finished job 247.
64 of 876 steps (7%) done

[Sat May 16 22:02:34 2020]
rule generateMemIntron:
    input: data/annotationsLessExon/ENSG00000157617.gtf, data/chr21.fa, data/annotations/ENSG00000157617.fa
    output: data/annotationsLessExon/ENSG00000157617.mem
    jobid: 570
    wildcards: gene=ENSG00000157617

[Sat May 16 22:02:40 2020]
Finished job 788.
65 of 876 steps (7%) done

[Sat May 16 22:02:40 2020]
rule generateMemIntron:
    input: data/annotationsLessExon/ENSG00000160221.gtf, data/chr21.fa, data/annotations/ENSG00000160221.fa
    output: data/annotationsLessExon/ENSG00000160221.mem
    jobid: 121
    wildcards: gene=ENSG00000160221

[Sat May 16 22:02:40 2020]
Finished job 494.
66 of 876 steps (8%) done

[Sat May 16 22:02:40 2020]
rule generateMemIntron:
    input: data/annotationsLessExon/ENSG00000159216.gtf, data/chr21.fa, data/annotations/ENSG00000159216.fa
    output: data/annotationsLessExon/ENSG00000159216.mem
    jobid: 849
    wildcards: gene=ENSG00000159216

[Sat May 16 22:02:43 2020]
Error in rule generateMemIntron:
    jobid: 849
    output: data/annotationsLessExon/ENSG00000159216.mem
    shell:
        
        ../bin/SpliceAwareAligner -g data/chr21.fa -a data/annotationsLessExon/ENSG00000159216.gtf -s data/annotations/ENSG00000159216.fa -o data/annotationsLessExon/ENSG00000159216.mem -i
        
        (one of the commands exited with non-zero exit code; note that snakemake uses bash strict mode!)

Removing output files of failed job generateMemIntron since they might be corrupted:
data/annotationsLessExon/ENSG00000159216.mem
[Sat May 16 22:02:44 2020]
Finished job 570.
67 of 876 steps (8%) done
[Sat May 16 22:02:49 2020]
Finished job 121.
68 of 876 steps (8%) done
[Sat May 16 22:03:36 2020]
Finished job 375.
69 of 876 steps (8%) done
Terminating processes on user request, this might take some time.
[Sat May 16 22:05:34 2020]
Error in rule generateMemIntron:
    jobid: 427
    output: data/annotationsLessExon/ENSG00000205758.mem
    shell:
        
        ../bin/SpliceAwareAligner -g data/chr21.fa -a data/annotationsLessExon/ENSG00000205758.gtf -s data/annotations/ENSG00000205758.fa -o data/annotationsLessExon/ENSG00000205758.mem -i
        
        (one of the commands exited with non-zero exit code; note that snakemake uses bash strict mode!)

Removing output files of failed job generateMemIntron since they might be corrupted:
data/annotationsLessExon/ENSG00000205758.mem
[Sat May 16 22:05:34 2020]
Error in rule generateMemIntron:
    jobid: 810
    output: data/annotationsLessExon/ENSG00000157540.mem
    shell:
        
        ../bin/SpliceAwareAligner -g data/chr21.fa -a data/annotationsLessExon/ENSG00000157540.gtf -s data/annotations/ENSG00000157540.fa -o data/annotationsLessExon/ENSG00000157540.mem -i
        
        (one of the commands exited with non-zero exit code; note that snakemake uses bash strict mode!)

Removing output files of failed job generateMemIntron since they might be corrupted:
data/annotationsLessExon/ENSG00000157540.mem
Complete log: /home/dlcgold/stage-unimib/extra/snake/.snakemake/log/2020-05-16T215501.931922.snakemake.log
