Building DAG of jobs...
Using shell: /usr/bin/bash
Provided cores: 4
Rules claiming more threads will be scaled down.
Job counts:
	count	jobs
	1	downloadG
	1

[Tue May 12 18:06:04 2020]
rule downloadG:
    output: data/chr21.fa
    jobid: 0

[Tue May 12 18:06:12 2020]
Error in rule downloadG:
    jobid: 0
    output: data/chr21.fa
    shell:
        
        wget ftp://ftp.ensembl.org/pub/release-100/fasta/homo_sapiens/dna/Homo_sapiens.GRCh38.dna.chromosome.21.fa.gz -P data | gunzip > data/chr21.fa
        
        (one of the commands exited with non-zero exit code; note that snakemake uses bash strict mode!)

Removing output files of failed job downloadG since they might be corrupted:
data/chr21.fa
Shutting down, this might take some time.
Exiting because a job execution failed. Look above for error message
Complete log: /home/dlcgold/stage-unimib/extra/snake/.snakemake/log/2020-05-12T180604.704725.snakemake.log
