Building DAG of jobs...
Using shell: /usr/bin/bash
Provided cores: 4
Rules claiming more threads will be scaled down.
Job counts:
	count	jobs
	1	splitAnnotation
	1

[Tue May 12 21:53:18 2020]
rule splitAnnotation:
    input: data/annotation21.gtf, data
    output: data/annotations
    jobid: 0

ImproperOutputException in line 45 of /home/dlcgold/stage-unimib/extra/snake/Snakefile:
Outputs of incorrect type (directories when expecting files or vice versa). Output directories must be flagged with directory(). for rule splitAnnotation:
data/annotations
Removing output files of failed job splitAnnotation since they might be corrupted:
data/annotations
Skipped removing non-empty directory data/annotations
Shutting down, this might take some time.
Exiting because a job execution failed. Look above for error message
Complete log: /home/dlcgold/stage-unimib/extra/snake/.snakemake/log/2020-05-12T215318.164805.snakemake.log
