The flag 'directory' used in rule generatePlot is only valid for outputs, not inputs.
Building DAG of jobs...
Updating job 0 (run_after_checkpoint).
Using shell: /usr/bin/bash
Provided cores: 4
Rules claiming more threads will be scaled down.
Job counts:
	count	jobs
	821	generateMemIntron
	820	generateMemNoIntron
	820	generateReads
	820	removeExon
	1	run_after_checkpoint
	3282

[Sat May 16 21:10:49 2020]
rule generateMemIntron:
    input: data/annotationsLessExon/ENSG00000159216.gtf, data/chr21.fa, data/annotations/ENSG00000159216.fa
    output: data/annotationsLessExon/ENSG00000159216.mem
    jobid: 3474
    wildcards: gene=ENSG00000159216


[Sat May 16 21:10:49 2020]
rule removeExon:
    input: data/annotations/ENSG00000160185.gtf, data/chr21.fa
    output: data/annotationsLessExon/ENSG00000160185.gtf
    jobid: 195
    wildcards: ann=data/annotationsLessExon, gene=ENSG00000160185

[Sat May 16 21:10:49 2020]
rule generateReads:
    input: data/annotations/ENSG00000205622.gtf, data/chr21.fa
    output: data/annotations/ENSG00000205622.fa
    jobid: 973
    wildcards: gene=ENSG00000205622


[Sat May 16 21:10:49 2020]
rule generateReads:
    input: data/annotations/ENSG00000160185.gtf, data/chr21.fa
    output: data/annotations/ENSG00000160185.fa
    jobid: 1070
    wildcards: gene=ENSG00000160185

[Sat May 16 21:10:49 2020]
Finished job 195.
1 of 3282 steps (0.03%) done

[Sat May 16 21:10:49 2020]
rule removeExon:
    input: data/annotations/ENSG00000205622.gtf, data/chr21.fa
    output: data/annotationsLessExon/ENSG00000205622.gtf
    jobid: 98
    wildcards: ann=data/annotationsLessExon, gene=ENSG00000205622

[Sat May 16 21:10:50 2020]
Error in rule generateMemIntron:
    jobid: 3474
    output: data/annotationsLessExon/ENSG00000159216.mem
    shell:
        
        ../bin/SpliceAwareAligner -g data/chr21.fa -a data/annotationsLessExon/ENSG00000159216.gtf -s data/annotations/ENSG00000159216.fa -o data/annotationsLessExon/ENSG00000159216.mem -i
        
        (one of the commands exited with non-zero exit code; note that snakemake uses bash strict mode!)

Removing output files of failed job generateMemIntron since they might be corrupted:
data/annotationsLessExon/ENSG00000159216.mem
[Sat May 16 21:10:50 2020]
Finished job 98.
2 of 3282 steps (0.06%) done
[Sat May 16 21:10:52 2020]
Finished job 973.
3 of 3282 steps (0.09%) done
[Sat May 16 21:10:52 2020]
Finished job 1070.
4 of 3282 steps (0.12%) done
Shutting down, this might take some time.
Exiting because a job execution failed. Look above for error message
Complete log: /home/dlcgold/stage-unimib/extra/snake/.snakemake/log/2020-05-16T211047.304268.snakemake.log
