Building DAG of jobs...
Updating job 0 (run_after_checkpoint).
MissingInputException in line 100 of /home/dlcgold/stage-unimib/extra/snake/Snakefile:
Missing input files for rule run_after_checkpoint:
data/annotations/ENSG00000260583
data/annotations/ENSG00000160207
data/annotations/ENSG00000203616
data/annotations/ENSG00000274484
data/annotations/ENSG00000182912
data/annotations/ENSG00000186930
data/annotations/ENSG00000205670
data/annotations/ENSG00000283904
data/annotations/ENSG00000234340
data/annotations/ENSG00000274333
data/annotations/ENSG00000276077
data/annotations/ENSG00000184032
data/annotations/ENSG00000214889
data/annotations/ENSG00000228592
data/annotations/ENSG00000184221
data/annotations/ENSG00000227456
data/annotations/ENSG00000159228
data/annotations/ENSG00000281420
data/annotations/ENSG00000154736
data/annotations/ENSG00000279381
data/annotations/ENSG00000278381
data/annotations/ENSG00000155313
data/annotations/ENSG00000274248
data/annotations/ENSG00000215088
data/annotations/ENSG00000234052
data/annotations/ENSG00000183255
data/annotations/ENSG00000272657
data/annotations/ENSG00000226983
data/annotations/ENSG00000237609
data/annotations/ENSG00000233236
data/annotations/ENSG00000234159
data/annotations/ENSG00000279177
data/annotations/ENSG00000228318
data/annotations/ENSG00000166265
data/annotations/ENSG00000229925
data/annotations/ENSG00000279213
data/annotations/ENSG00000160199
data/annotations/ENSG00000288094
data/annotations/ENSG00000159256
data/annotations/ENSG00000160282
data/annotations/ENSG00000232969
data/annotations/ENSG00000183486
data/annotations/ENSG00000228159
data/annotations/ENSG00000287507
data/annotations/ENSG00000252950
data/annotations/ENSG00000273614
data/annotations/ENSG00000238390
data/annotations/ENSG00000225735
data/annotations/ENSG00000207503
data/annotations/ENSG00000279321
data/annotations/ENSG00000273115
data/annotations/ENSG00000207638
data/annotations/ENSG00000231236
data/annotations/ENSG00000279493
data/annotations/ENSG00000273796
data/annotations/ENSG00000225431
data/annotations/ENSG00000231620
data/annotations/ENSG00000234880
data/annotations/ENSG00000184900
data/annotations/ENSG00000232539
data/annotations/ENSG00000141956
data/annotations/ENSG00000231300
data/annotations/ENSG00000233956
data/annotations/ENSG00000274790
data/annotations/ENSG00000280432
data/annotations/ENSG00000231136
data/annotations/ENSG00000180530
data/annotations/ENSG00000160307
data/annotations/ENSG00000199598
data/annotations/ENSG00000154640
data/annotations/ENSG00000237373
data/annotations/ENSG00000231201
data/annotations/ENSG00000231480
data/annotations/ENSG00000275664
data/annotations/ENSG00000280436
data/annotations/ENSG00000233206
data/annotations/ENSG00000275469
data/annotations/ENSG00000237594
data/annotations/ENSG00000286155
data/annotations/ENSG00000286091
data/annotations/ENSG00000235277
data/annotations/ENSG00000235772
data/annotations/ENSG00000231986
data/annotations/ENSG00000182591
data/annotations/ENSG00000276873
data/annotations/ENSG00000272991
data/annotations/ENSG00000286153
data/annotations/ENSG00000227698
data/annotations/ENSG00000189169
data/annotations/ENSG00000286886
data/annotations/ENSG00000171587
data/annotations/ENSG00000225218
data/annotations/ENSG00000159110
data/annotations/ENSG00000166351
data/annotations/ENSG00000279773
data/annotations/ENSG00000184787
data/annotations/ENSG00000238197
data/annotations/ENSG00000159212
data/annotations/ENSG00000186925
data/annotations/ENSG00000188694
data/annotations/ENSG00000227438
data/annotations/ENSG00000212479
data/annotations/ENSG00000142207
data/annotations/ENSG00000229046
data/annotations/ENSG00000278927
data/annotations/ENSG00000286178
data/annotations/ENSG00000235808
data/annotations/ENSG00000197934
data/annotations/ENSG00000287612
data/annotations/ENSG00000280082
data/annotations/ENSG00000159200
data/annotations/ENSG00000275631
data/annotations/ENSG00000232884
data/annotations/ENSG00000233640
data/annotations/ENSG00000279687
data/annotations/ENSG00000157578
data/annotations/ENSG00000244025
data/annotations/ENSG00000286425
data/annotations/ENSG00000270652
data/annotations/ENSG00000183067
data/annotations/ENSG00000183249
data/annotations/ENSG00000277067
data/annotations/ENSG00000280372
data/annotations/ENSG00000249624
data/annotations/ENSG00000227702
data/annotations/ENSG00000235374
data/annotations/ENSG00000184724
data/annotations/ENSG00000221837
data/annotations/ENSG00000156304
data/annotations/ENSG00000232193
data/annotations/ENSG00000154654
data/annotations/ENSG00000226818
data/annotations/ENSG00000205581
data/annotations/ENSG00000212935
data/annotations/ENSG00000206102
data/annotations/ENSG00000156273
data/annotations/ENSG00000286252
data/annotations/ENSG00000264452
data/annotations/ENSG00000185186
data/annotations/ENSG00000182816
data/annotations/ENSG00000279062
data/annotations/ENSG00000279690
data/annotations/ENSG00000214976
data/annotations/ENSG00000272958
data/annotations/ENSG00000280191
data/annotations/ENSG00000266692
data/annotations/ENSG00000159259
data/annotations/ENSG00000223400
data/annotations/ENSG00000252963
data/annotations/ENSG00000237864
data/annotations/ENSG00000230978
data/annotations/ENSG00000233213
data/annotations/ENSG00000280145
data/annotations/ENSG00000207476
data/annotations/ENSG00000219368
data/annotations/ENSG00000226935
data/annotations/ENSG00000202339
data/annotations/ENSG00000142182
data/annotations/ENSG00000160216
data/annotations/ENSG00000274559
data/annotations/ENSG00000233754
data/annotations/ENSG00000221398
data/annotations/ENSG00000185433
data/annotations/ENSG00000235012
data/annotations/ENSG00000236382
data/annotations/ENSG00000236332
data/annotations/ENSG00000227757
data/annotations/ENSG00000156299
data/annotations/ENSG00000287801
data/annotations/ENSG00000213885
data/annotations/ENSG00000197381
data/annotations/ENSG00000229986
data/annotations/ENSG00000270071
data/annotations/ENSG00000184012
data/annotations/ENSG00000160179
data/annotations/ENSG00000273091
data/annotations/ENSG00000279534
data/annotations/ENSG00000275592
data/annotations/ENSG00000279851
data/annotations/ENSG00000224832
data/annotations/ENSG00000185390
data/annotations/ENSG00000215353
data/annotations/ENSG00000206107
data/annotations/ENSG00000237484
data/annotations/ENSG00000280433
data/annotations/ENSG00000238141
data/annotations/ENSG00000215351
data/annotations/ENSG00000224018
data/annotations/ENSG00000160180
data/annotations/ENSG00000234380
data/annotations/ENSG00000224247
data/annotations/ENSG00000273492
data/annotations/ENSG00000160213
data/annotations/ENSG00000273692
data/annotations/ENSG00000224388
data/annotations/ENSG00000223488
data/annotations/ENSG00000277282
data/annotations/ENSG00000238265
data/annotations/ENSG00000214867
data/annotations/ENSG00000224309
data/annotations/ENSG00000270139
data/annotations/ENSG00000142178
data/annotations/ENSG00000219592
data/annotations/ENSG00000277739
data/annotations/ENSG00000230323
data/annotations/ENSG00000160255
data/annotations/ENSG00000234509
data/annotations/ENSG00000157601
data/annotations/ENSG00000222018
data/annotations/ENSG00000223608
data/annotations/ENSG00000231068
data/annotations/ENSG00000276902
data/annotations/ENSG00000279390
data/annotations/ENSG00000230982
data/annotations/ENSG00000179381
data/annotations/ENSG00000160201
data/annotations/ENSG00000286717
data/annotations/ENSG00000235890
data/annotations/ENSG00000281181
data/annotations/ENSG00000205758
data/annotations/ENSG00000230794
data/annotations/ENSG00000160224
data/annotations/ENSG00000156253
data/annotations/ENSG00000278233
data/annotations/ENSG00000264063
data/annotations/ENSG00000275692
data/annotations/ENSG00000232401
data/annotations/ENSG00000228404
data/annotations/ENSG00000284448
data/annotations/ENSG00000279769
data/annotations/ENSG00000252199
data/annotations/ENSG00000160209
data/annotations/ENSG00000197683
data/annotations/ENSG00000212938
data/annotations/ENSG00000226433
data/annotations/ENSG00000223431
data/annotations/ENSG00000160233
data/annotations/ENSG00000280243
data/annotations/ENSG00000232623
data/annotations/ENSG00000186965
data/annotations/ENSG00000224602
data/annotations/ENSG00000288555
data/annotations/ENSG00000154723
data/annotations/ENSG00000224269
data/annotations/ENSG00000279751
data/annotations/ENSG00000214914
data/annotations/ENSG00000157554
data/annotations/ENSG00000233922
data/annotations/ENSG00000286057
data/annotations/ENSG00000272015
data/annotations/ENSG00000240432
data/annotations/ENSG00000228709
data/annotations/ENSG00000154639
data/annotations/ENSG00000251972
data/annotations/ENSG00000160188
data/annotations/ENSG00000229623
data/annotations/ENSG00000232797
data/annotations/ENSG00000228817
data/annotations/ENSG00000264462
data/annotations/ENSG00000278189
data/annotations/ENSG00000279784
data/annotations/ENSG00000224421
data/annotations/ENSG00000142197
data/annotations/ENSG00000200792
data/annotations/ENSG00000228149
data/annotations/ENSG00000265590
data/annotations/ENSG00000229231
data/annotations/ENSG00000273872
data/annotations/ENSG00000236830
data/annotations/ENSG00000224790
data/annotations/ENSG00000198862
data/annotations/ENSG00000142166
data/annotations/ENSG00000231123
data/annotations/ENSG00000186980
data/annotations/ENSG00000279615
data/annotations/ENSG00000277379
data/annotations/ENSG00000171189
data/annotations/ENSG00000156261
data/annotations/ENSG00000275464
data/annotations/ENSG00000160310
data/annotations/ENSG00000224860
data/annotations/ENSG00000233036
data/annotations/ENSG00000187005
data/annotations/ENSG00000160208
data/annotations/ENSG00000237945
data/annotations/ENSG00000244294
data/annotations/ENSG00000279720
data/annotations/ENSG00000173231
data/annotations/ENSG00000224598
data/annotations/ENSG00000229761
data/annotations/ENSG00000264002
data/annotations/ENSG00000280614
data/annotations/ENSG00000279303
data/annotations/ENSG00000236400
data/annotations/ENSG00000232608
data/annotations/ENSG00000183250
data/annotations/ENSG00000228600
data/annotations/ENSG00000274749
data/annotations/ENSG00000240755
data/annotations/ENSG00000279477
data/annotations/ENSG00000283300
data/annotations/ENSG00000229025
data/annotations/ENSG00000224427
data/annotations/ENSG00000160214
data/annotations/ENSG00000230198
data/annotations/ENSG00000279094
data/annotations/ENSG00000182362
data/annotations/ENSG00000184856
data/annotations/ENSG00000223870
data/annotations/ENSG00000284550
data/annotations/ENSG00000160193
data/annotations/ENSG00000231106
data/annotations/ENSG00000198743
data/annotations/ENSG00000226115
data/annotations/ENSG00000279211
data/annotations/ENSG00000159216
data/annotations/ENSG00000206802
data/annotations/ENSG00000186971
data/annotations/ENSG00000280172
data/annotations/ENSG00000234293
data/annotations/ENSG00000275945
data/annotations/ENSG00000215454
data/annotations/ENSG00000227721
data/annotations/ENSG00000226956
data/annotations/ENSG00000159140
data/annotations/ENSG00000154734
data/annotations/ENSG00000160194
data/annotations/ENSG00000277693
data/annotations/ENSG00000236677
data/annotations/ENSG00000279864
data/annotations/ENSG00000236471
data/annotations/ENSG00000274060
data/annotations/ENSG00000277437
data/annotations/ENSG00000232512
data/annotations/ENSG00000160183
data/annotations/ENSG00000225502
data/annotations/ENSG00000277671
data/annotations/ENSG00000160305
data/annotations/ENSG00000160285
data/annotations/ENSG00000226996
data/annotations/ENSG00000279967
data/annotations/ENSG00000264580
data/annotations/ENSG00000215326
data/annotations/ENSG00000235609
data/annotations/ENSG00000183844
data/annotations/ENSG00000286012
data/annotations/ENSG00000270835
data/annotations/ENSG00000155307
data/annotations/ENSG00000249493
data/annotations/ENSG00000273271
data/annotations/ENSG00000187026
data/annotations/ENSG00000236883
data/annotations/ENSG00000223287
data/annotations/ENSG00000227330
data/annotations/ENSG00000279647
data/annotations/ENSG00000226930
data/annotations/ENSG00000228107
data/annotations/ENSG00000274276
data/annotations/ENSG00000286222
data/annotations/ENSG00000280179
data/annotations/ENSG00000279709
data/annotations/ENSG00000224649
data/annotations/ENSG00000288578
data/annotations/ENSG00000160190
data/annotations/ENSG00000230870
data/annotations/ENSG00000142168
data/annotations/ENSG00000185658
data/annotations/ENSG00000199806
data/annotations/ENSG00000275523
data/annotations/ENSG00000236532
data/annotations/ENSG00000231231
data/annotations/ENSG00000232837
data/annotations/ENSG00000286146
data/annotations/ENSG00000275950
data/annotations/ENSG00000273590
data/annotations/ENSG00000157538
data/annotations/ENSG00000231713
data/annotations/ENSG00000236119
data/annotations/ENSG00000226406
data/annotations/ENSG00000234439
data/annotations/ENSG00000232855
data/annotations/ENSG00000228930
data/annotations/ENSG00000237325
data/annotations/ENSG00000235965
data/annotations/ENSG00000213440
data/annotations/ENSG00000273104
data/annotations/ENSG00000175894
data/annotations/ENSG00000239415
data/annotations/ENSG00000270116
data/annotations/ENSG00000224541
data/annotations/ENSG00000229289
data/annotations/ENSG00000224747
data/annotations/ENSG00000154645
data/annotations/ENSG00000184029
data/annotations/ENSG00000283051
data/annotations/ENSG00000272948
data/annotations/ENSG00000226298
data/annotations/ENSG00000156265
data/annotations/ENSG00000273254
data/annotations/ENSG00000230212
data/annotations/ENSG00000233300
data/annotations/ENSG00000226496
data/annotations/ENSG00000159261
data/annotations/ENSG00000184351
data/annotations/ENSG00000156284
data/annotations/ENSG00000275496
data/annotations/ENSG00000227039
data/annotations/ENSG00000243627
data/annotations/ENSG00000278775
data/annotations/ENSG00000142156
data/annotations/ENSG00000222042
data/annotations/ENSG00000231755
data/annotations/ENSG00000228433
data/annotations/ENSG00000229425
data/annotations/ENSG00000230479
data/annotations/ENSG00000224922
data/annotations/ENSG00000273199
data/annotations/ENSG00000241123
data/annotations/ENSG00000275166
data/annotations/ENSG00000229356
data/annotations/ENSG00000272825
data/annotations/ENSG00000278996
data/annotations/ENSG00000228961
data/annotations/ENSG00000227342
data/annotations/ENSG00000252915
data/annotations/ENSG00000225555
data/annotations/ENSG00000182093
data/annotations/ENSG00000276529
data/annotations/ENSG00000244624
data/annotations/ENSG00000223806
data/annotations/ENSG00000279064
data/annotations/ENSG00000237569
data/annotations/ENSG00000160200
data/annotations/ENSG00000160226
data/annotations/ENSG00000241837
data/annotations/ENSG00000234703
data/annotations/ENSG00000160182
data/annotations/ENSG00000221859
data/annotations/ENSG00000205930
data/annotations/ENSG00000286852
data/annotations/ENSG00000223768
data/annotations/ENSG00000276647
data/annotations/ENSG00000228355
data/annotations/ENSG00000214326
data/annotations/ENSG00000160298
data/annotations/ENSG00000168122
data/annotations/ENSG00000206104
data/annotations/ENSG00000201812
data/annotations/ENSG00000273102
data/annotations/ENSG00000223671
data/annotations/ENSG00000235023
data/annotations/ENSG00000281383
data/annotations/ENSG00000221864
data/annotations/ENSG00000279669
data/annotations/ENSG00000233442
data/annotations/ENSG00000286262
data/annotations/ENSG00000227840
data/annotations/ENSG00000266195
data/annotations/ENSG00000185272
data/annotations/ENSG00000159079
data/annotations/ENSG00000275895
data/annotations/ENSG00000142149
data/annotations/ENSG00000251851
data/annotations/ENSG00000278932
data/annotations/ENSG00000183778
data/annotations/ENSG00000226054
data/annotations/ENSG00000261706
data/annotations/ENSG00000157551
data/annotations/ENSG00000280013
data/annotations/ENSG00000271486
data/annotations/ENSG00000232124
data/annotations/ENSG00000212609
data/annotations/ENSG00000280018
data/annotations/ENSG00000225043
data/annotations/ENSG00000238627
data/annotations/ENSG00000217026
data/annotations/ENSG00000199698
data/annotations/ENSG00000277277
data/annotations/ENSG00000187172
data/annotations/ENSG00000228120
data/annotations/ENSG00000228235
data/annotations/ENSG00000273017
data/annotations/ENSG00000278931
data/annotations/ENSG00000278678
data/annotations/ENSG00000236663
data/annotations/ENSG00000175302
data/annotations/ENSG00000170262
data/annotations/ENSG00000142185
data/annotations/ENSG00000279186
data/annotations/ENSG00000156256
data/annotations/ENSG00000215424
data/annotations/ENSG00000266299
data/annotations/ENSG00000237444
data/annotations/ENSG00000233818
data/annotations/ENSG00000186967
data/annotations/ENSG00000159147
data/annotations/ENSG00000235888
data/annotations/ENSG00000160256
data/annotations/ENSG00000286032
data/annotations/ENSG00000241945
data/annotations/ENSG00000215005
data/annotations/ENSG00000233215
data/annotations/ENSG00000243646
data/annotations/ENSG00000279998
data/annotations/ENSG00000198618
data/annotations/ENSG00000286148
data/annotations/ENSG00000279501
data/annotations/ENSG00000279895
data/annotations/ENSG00000183640
data/annotations/ENSG00000278884
data/annotations/ENSG00000186866
data/annotations/ENSG00000278961
data/annotations/ENSG00000232886
data/annotations/ENSG00000215369
data/annotations/ENSG00000223799
data/annotations/ENSG00000235701
data/annotations/ENSG00000229007
data/annotations/ENSG00000159128
data/annotations/ENSG00000237232
data/annotations/ENSG00000215455
data/annotations/ENSG00000286082
data/annotations/ENSG00000239930
data/annotations/ENSG00000205424
data/annotations/ENSG00000279156
data/annotations/ENSG00000215458
data/annotations/ENSG00000286594
data/annotations/ENSG00000233756
data/annotations/ENSG00000287470
data/annotations/ENSG00000223563
data/annotations/ENSG00000142192
data/annotations/ENSG00000279648
data/annotations/ENSG00000233767
data/annotations/ENSG00000229962
data/annotations/ENSG00000224100
data/annotations/ENSG00000229047
data/annotations/ENSG00000240770
data/annotations/ENSG00000218549
data/annotations/ENSG00000223975
data/annotations/ENSG00000277572
data/annotations/ENSG00000211590
data/annotations/ENSG00000230366
data/annotations/ENSG00000276076
data/annotations/ENSG00000227054
data/annotations/ENSG00000276633
data/annotations/ENSG00000279728
data/annotations/ENSG00000232560
data/annotations/ENSG00000229880
data/annotations/ENSG00000235564
data/annotations/ENSG00000277117
data/annotations/ENSG00000183570
data/annotations/ENSG00000188992
data/annotations/ENSG00000159082
data/annotations/ENSG00000233056
data/annotations/ENSG00000232360
data/annotations/ENSG00000199962
data/annotations/ENSG00000279167
data/annotations/ENSG00000277352
data/annotations/ENSG00000226012
data/annotations/ENSG00000235123
data/annotations/ENSG00000277777
data/annotations/ENSG00000154642
data/annotations/ENSG00000201025
data/annotations/ENSG00000280594
data/annotations/ENSG00000182670
data/annotations/ENSG00000229306
data/annotations/ENSG00000187175
data/annotations/ENSG00000207097
data/annotations/ENSG00000276612
data/annotations/ENSG00000234883
data/annotations/ENSG00000278955
data/annotations/ENSG00000231058
data/annotations/ENSG00000177398
data/annotations/ENSG00000228314
data/annotations/ENSG00000174680
data/annotations/ENSG00000183421
data/annotations/ENSG00000280604
data/annotations/ENSG00000266133
data/annotations/ENSG00000215386
data/annotations/ENSG00000237841
data/annotations/ENSG00000231125
data/annotations/ENSG00000274391
data/annotations/ENSG00000280441
data/annotations/ENSG00000261610
data/annotations/ENSG00000250973
data/annotations/ENSG00000207147
data/annotations/ENSG00000231355
data/annotations/ENSG00000188681
data/annotations/ENSG00000225331
data/annotations/ENSG00000235514
data/annotations/ENSG00000278181
data/annotations/ENSG00000185437
data/annotations/ENSG00000186924
data/annotations/ENSG00000156282
data/annotations/ENSG00000278618
data/annotations/ENSG00000252045
data/annotations/ENSG00000205927
data/annotations/ENSG00000287066
data/annotations/ENSG00000252273
data/annotations/ENSG00000269950
data/annotations/ENSG00000229086
data/annotations/ENSG00000206106
data/annotations/ENSG00000278878
data/annotations/ENSG00000228349
data/annotations/ENSG00000207098
data/annotations/ENSG00000215533
data/annotations/ENSG00000186970
data/annotations/ENSG00000225298
data/annotations/ENSG00000249209
data/annotations/ENSG00000234289
data/annotations/ENSG00000185808
data/annotations/ENSG00000280109
data/annotations/ENSG00000232260
data/annotations/ENSG00000279414
data/annotations/ENSG00000215317
data/annotations/ENSG00000263973
data/annotations/ENSG00000286054
data/annotations/ENSG00000207863
data/annotations/ENSG00000286902
data/annotations/ENSG00000205622
data/annotations/ENSG00000232079
data/annotations/ENSG00000223662
data/annotations/ENSG00000159131
data/annotations/ENSG00000251778
data/annotations/ENSG00000215559
data/annotations/ENSG00000275874
data/annotations/ENSG00000244676
data/annotations/ENSG00000287637
data/annotations/ENSG00000277991
data/annotations/ENSG00000279783
data/annotations/ENSG00000280330
data/annotations/ENSG00000160223
data/annotations/ENSG00000273464
data/annotations/ENSG00000279788
data/annotations/ENSG00000278433
data/annotations/ENSG00000226543
data/annotations/ENSG00000230965
data/annotations/ENSG00000270533
data/annotations/ENSG00000259981
data/annotations/ENSG00000223262
data/annotations/ENSG00000274225
data/annotations/ENSG00000223901
data/annotations/ENSG00000243489
data/annotations/ENSG00000199030
data/annotations/ENSG00000159263
data/annotations/ENSG00000184441
data/annotations/ENSG00000159197
data/annotations/ENSG00000227406
data/annotations/ENSG00000232118
data/annotations/ENSG00000186977
data/annotations/ENSG00000231324
data/annotations/ENSG00000280071
data/annotations/ENSG00000225330
data/annotations/ENSG00000286517
data/annotations/ENSG00000219280
data/annotations/ENSG00000234107
data/annotations/ENSG00000237527
data/annotations/ENSG00000234083
data/annotations/ENSG00000232263
data/annotations/ENSG00000200213
data/annotations/ENSG00000275708
data/annotations/ENSG00000265007
data/annotations/ENSG00000237604
data/annotations/ENSG00000166979
data/annotations/ENSG00000286033
data/annotations/ENSG00000286027
data/annotations/ENSG00000226580
data/annotations/ENSG00000223078
data/annotations/ENSG00000226501
data/annotations/ENSG00000160299
data/annotations/ENSG00000178457
data/annotations/ENSG00000229336
data/annotations/ENSG00000160202
data/annotations/ENSG00000226527
data/annotations/ENSG00000286149
data/annotations/ENSG00000160218
data/annotations/ENSG00000235312
data/annotations/ENSG00000160294
data/annotations/ENSG00000286643
data/annotations/ENSG00000225906
data/annotations/ENSG00000160181
data/annotations/ENSG00000279226
data/annotations/ENSG00000141959
data/annotations/ENSG00000279718
data/annotations/ENSG00000276289
data/annotations/ENSG00000228137
data/annotations/ENSG00000233480
data/annotations/ENSG00000232010
data/annotations/ENSG00000252619
data/annotations/ENSG00000230972
data/annotations/ENSG00000244362
data/annotations/ENSG00000214955
data/annotations/ENSG00000142188
data/annotations/ENSG00000280095
data/annotations/ENSG00000278106
data/annotations/ENSG00000288069
data/annotations/ENSG00000232692
data/annotations/ENSG00000230233
data/annotations/ENSG00000286018
data/annotations/ENSG00000288266
data/annotations/ENSG00000265841
data/annotations/ENSG00000227716
data/annotations/ENSG00000214319
data/annotations/ENSG00000288593
data/annotations/ENSG00000227090
data/annotations/ENSG00000263969
data/annotations/ENSG00000188155
data/annotations/ENSG00000273027
data/annotations/ENSG00000286103
data/annotations/ENSG00000173276
data/annotations/ENSG00000154719
data/annotations/ENSG00000248476
data/annotations/ENSG00000173638
data/annotations/ENSG00000230061
data/annotations/ENSG00000286224
data/annotations/ENSG00000238257
data/annotations/ENSG00000233783
data/annotations/ENSG00000155304
data/annotations/ENSG00000232806
data/annotations/ENSG00000233997
data/annotations/ENSG00000157617
data/annotations/ENSG00000232687
data/annotations/ENSG00000276738
data/annotations/ENSG00000236612
data/annotations/ENSG00000234730
data/annotations/ENSG00000275215
data/annotations/ENSG00000187766
data/annotations/ENSG00000224141
data/annotations/ENSG00000288187
data/annotations/ENSG00000205726
data/annotations/ENSG00000182871
data/annotations/ENSG00000189089
data/annotations/ENSG00000224924
data/annotations/ENSG00000272804
data/annotations/ENSG00000236384
data/annotations/ENSG00000227075
data/annotations/ENSG00000267857
data/annotations/ENSG00000242553
data/annotations/ENSG00000287082
data/annotations/ENSG00000237731
data/annotations/ENSG00000233316
data/annotations/ENSG00000160221
data/annotations/ENSG00000206105
data/annotations/ENSG00000230379
data/annotations/ENSG00000184385
data/annotations/ENSG00000234538
data/annotations/ENSG00000230859
data/annotations/ENSG00000183535
data/annotations/ENSG00000242220
data/annotations/ENSG00000232777
data/annotations/ENSG00000278903
data/annotations/ENSG00000238220
data/annotations/ENSG00000236545
data/annotations/ENSG00000159086
data/annotations/ENSG00000228861
data/annotations/ENSG00000154646
data/annotations/ENSG00000280108
data/annotations/ENSG00000180509
data/annotations/ENSG00000227874
data/annotations/ENSG00000233676
data/annotations/ENSG00000227999
data/annotations/ENSG00000285815
data/annotations/ENSG00000223741
data/annotations/ENSG00000157557
data/annotations/ENSG00000227256
data/annotations/ENSG00000225731
data/annotations/ENSG00000205445
data/annotations/ENSG00000184274
data/annotations/ENSG00000241728
data/annotations/ENSG00000274868
data/annotations/ENSG00000234008
data/annotations/ENSG00000154727
data/annotations/ENSG00000212933
data/annotations/ENSG00000279208
data/annotations/ENSG00000274662
data/annotations/ENSG00000224524
data/annotations/ENSG00000260256
data/annotations/ENSG00000224413
data/annotations/ENSG00000285413
data/annotations/ENSG00000266211
data/annotations/ENSG00000263681
data/annotations/ENSG00000275993
data/annotations/ENSG00000202239
data/annotations/ENSG00000256073
data/annotations/ENSG00000237989
data/annotations/ENSG00000160185
data/annotations/ENSG00000212136
data/annotations/ENSG00000205929
data/annotations/ENSG00000234030
data/annotations/ENSG00000207416
data/annotations/ENSG00000205439
data/annotations/ENSG00000231867
data/annotations/ENSG00000226043
data/annotations/ENSG00000276546
data/annotations/ENSG00000279579
data/annotations/ENSG00000223692
data/annotations/ENSG00000276556
data/annotations/ENSG00000228941
data/annotations/ENSG00000183036
data/annotations/ENSG00000225267
data/annotations/ENSG00000234034
data/annotations/ENSG00000273210
data/annotations/ENSG00000157540
data/annotations/ENSG00000275139
data/annotations/ENSG00000236056
data/annotations/ENSG00000275167
data/annotations/ENSG00000228677
data/annotations/ENSG00000279990
data/annotations/ENSG00000142173
data/annotations/ENSG00000287088
data/annotations/ENSG00000212564
data/annotations/ENSG00000275170
data/annotations/ENSG00000281903
data/annotations/ENSG00000159231
data/annotations/ENSG00000280081
data/annotations/ENSG00000198054
data/annotations/ENSG00000188660
data/annotations/ENSG00000275799
data/annotations/ENSG00000224574
data/annotations/ENSG00000279365
data/annotations/ENSG00000286267
data/annotations/ENSG00000184809
data/annotations/ENSG00000226771
data/annotations/ENSG00000237735
data/annotations/ENSG00000159055
data/annotations/ENSG00000280164
data/annotations/ENSG00000160191
data/annotations/ENSG00000156239
data/annotations/ENSG00000182586
data/annotations/ENSG00000177692
data/annotations/ENSG00000215734
data/annotations/ENSG00000183145
data/annotations/ENSG00000255568
data/annotations/ENSG00000223822
data/annotations/ENSG00000182240
data/annotations/ENSG00000212932
data/annotations/ENSG00000273840
data/annotations/ENSG00000274046
data/annotations/ENSG00000185917
data/annotations/ENSG00000280019
data/annotations/ENSG00000288536
data/annotations/ENSG00000224905
data/annotations/ENSG00000280346
data/annotations/ENSG00000226204
data/annotations/ENSG00000228184
data/annotations/ENSG00000201984
data/annotations/ENSG00000157542
data/annotations/ENSG00000215562
data/annotations/ENSG00000218125
data/annotations/ENSG00000244278
data/annotations/ENSG00000225637
data/annotations/ENSG00000252462
data/annotations/ENSG00000243064
data/annotations/ENSG00000176054
data/annotations/ENSG00000239023
data/annotations/ENSG00000237338
data/annotations/ENSG00000160284
data/annotations/ENSG00000280800
data/annotations/ENSG00000287109
data/annotations/ENSG00000237202
data/annotations/ENSG00000237138
data/annotations/ENSG00000236519
data/annotations/ENSG00000183527
data/annotations/ENSG00000237646
data/annotations/ENSG00000200754
data/annotations/ENSG00000159267
data/annotations/ENSG00000228708
data/annotations/ENSG00000237664
data/annotations/ENSG00000154721
data/annotations/ENSG00000243927
data/annotations/ENSG00000252606
data/annotations/ENSG00000233393
data/annotations/ENSG00000198390
data/annotations/ENSG00000286549
data/annotations/ENSG00000278158
data/annotations/ENSG00000229382
