Building DAG of jobs...
Using shell: /usr/bin/bash
Provided cores: 4
Rules claiming more threads will be scaled down.
Job counts:
	count	jobs
	1	all
	1	downloadGenome
	2

[Tue May 12 18:18:43 2020]
rule downloadGenome:
    output: data/chr21.fa
    jobid: 1

[Tue May 12 18:18:50 2020]
Finished job 1.
1 of 2 steps (50%) done

[Tue May 12 18:18:50 2020]
localrule all:
    input: data/chr21.fa, data/annotation21.gtf
    jobid: 0

[Tue May 12 18:18:50 2020]
Finished job 0.
2 of 2 steps (100%) done
Complete log: /home/dlcgold/stage-unimib/extra/snake/.snakemake/log/2020-05-12T181843.703891.snakemake.log
