Building DAG of jobs...
Updating job 0 (run_after_checkpoint).
MissingInputException in line 103 of /home/dlcgold/stage-unimib/extra/snake/Snakefile:
Missing input files for rule run_after_checkpoint:
data/annotationsLessExon/ENSG00000155304.fa
data/annotationsLessExon/ENSG00000207416.fa
data/annotationsLessExon/ENSG00000264452.fa
data/annotationsLessExon/ENSG00000226054.fa
data/annotationsLessExon/ENSG00000159110.fa
data/annotationsLessExon/ENSG00000168122.fa
data/annotationsLessExon/ENSG00000228708.fa
data/annotationsLessExon/ENSG00000141956.fa
data/annotationsLessExon/ENSG00000159212.fa
data/annotationsLessExon/ENSG00000274333.fa
data/annotationsLessExon/ENSG00000252963.fa
data/annotationsLessExon/ENSG00000275874.fa
data/annotationsLessExon/ENSG00000279213.fa
data/annotationsLessExon/ENSG00000237604.fa
data/annotationsLessExon/ENSG00000223262.fa
data/annotationsLessExon/ENSG00000233036.fa
data/annotationsLessExon/ENSG00000274559.fa
data/annotationsLessExon/ENSG00000266692.fa
data/annotationsLessExon/ENSG00000273840.fa
data/annotationsLessExon/ENSG00000199598.fa
data/annotationsLessExon/ENSG00000236883.fa
data/annotationsLessExon/ENSG00000274391.fa
data/annotationsLessExon/ENSG00000224598.fa
data/annotationsLessExon/ENSG00000224247.fa
data/annotationsLessExon/ENSG00000275945.fa
data/annotationsLessExon/ENSG00000235701.fa
data/annotationsLessExon/ENSG00000205445.fa
data/annotationsLessExon/ENSG00000231300.fa
data/annotationsLessExon/ENSG00000275950.fa
data/annotationsLessExon/ENSG00000277277.fa
data/annotationsLessExon/ENSG00000232539.fa
data/annotationsLessExon/ENSG00000157554.fa
data/annotationsLessExon/ENSG00000224790.fa
data/annotationsLessExon/ENSG00000160188.fa
data/annotationsLessExon/ENSG00000212933.fa
data/annotationsLessExon/ENSG00000280594.fa
data/annotationsLessExon/ENSG00000215454.fa
data/annotationsLessExon/ENSG00000244676.fa
data/annotationsLessExon/ENSG00000279718.fa
data/annotationsLessExon/ENSG00000237138.fa
data/annotationsLessExon/ENSG00000160226.fa
data/annotationsLessExon/ENSG00000229047.fa
data/annotationsLessExon/ENSG00000234052.fa
data/annotationsLessExon/ENSG00000184351.fa
data/annotationsLessExon/ENSG00000155313.fa
data/annotationsLessExon/ENSG00000182816.fa
data/annotationsLessExon/ENSG00000236400.fa
data/annotationsLessExon/ENSG00000239023.fa
data/annotationsLessExon/ENSG00000223287.fa
data/annotationsLessExon/ENSG00000279211.fa
data/annotationsLessExon/ENSG00000276529.fa
data/annotationsLessExon/ENSG00000263681.fa
data/annotationsLessExon/ENSG00000215562.fa
data/annotationsLessExon/ENSG00000170262.fa
data/annotationsLessExon/ENSG00000187172.fa
data/annotationsLessExon/ENSG00000280604.fa
data/annotationsLessExon/ENSG00000231123.fa
data/annotationsLessExon/ENSG00000278884.fa
data/annotationsLessExon/ENSG00000154645.fa
data/annotationsLessExon/ENSG00000224388.fa
data/annotationsLessExon/ENSG00000198618.fa
data/annotationsLessExon/ENSG00000278996.fa
data/annotationsLessExon/ENSG00000212564.fa
data/annotationsLessExon/ENSG00000280095.fa
data/annotationsLessExon/ENSG00000186967.fa
data/annotationsLessExon/ENSG00000272958.fa
data/annotationsLessExon/ENSG00000244025.fa
data/annotationsLessExon/ENSG00000229382.fa
data/annotationsLessExon/ENSG00000226043.fa
data/annotationsLessExon/ENSG00000237664.fa
data/annotationsLessExon/ENSG00000278233.fa
data/annotationsLessExon/ENSG00000279851.fa
data/annotationsLessExon/ENSG00000283904.fa
data/annotationsLessExon/ENSG00000160193.fa
data/annotationsLessExon/ENSG00000275139.fa
data/annotationsLessExon/ENSG00000221859.fa
data/annotationsLessExon/ENSG00000174680.fa
data/annotationsLessExon/ENSG00000229086.fa
data/annotationsLessExon/ENSG00000279303.fa
data/annotationsLessExon/ENSG00000224309.fa
data/annotationsLessExon/ENSG00000225637.fa
data/annotationsLessExon/ENSG00000215353.fa
data/annotationsLessExon/ENSG00000286886.fa
data/annotationsLessExon/ENSG00000283051.fa
data/annotationsLessExon/ENSG00000182362.fa
data/annotationsLessExon/ENSG00000280433.fa
data/annotationsLessExon/ENSG00000244624.fa
data/annotationsLessExon/ENSG00000277671.fa
data/annotationsLessExon/ENSG00000276556.fa
data/annotationsLessExon/ENSG00000241123.fa
data/annotationsLessExon/ENSG00000229623.fa
data/annotationsLessExon/ENSG00000225330.fa
data/annotationsLessExon/ENSG00000288069.fa
data/annotationsLessExon/ENSG00000157538.fa
data/annotationsLessExon/ENSG00000231713.fa
data/annotationsLessExon/ENSG00000238197.fa
data/annotationsLessExon/ENSG00000286146.fa
data/annotationsLessExon/ENSG00000226935.fa
data/annotationsLessExon/ENSG00000222018.fa
data/annotationsLessExon/ENSG00000226543.fa
data/annotationsLessExon/ENSG00000279414.fa
data/annotationsLessExon/ENSG00000229925.fa
data/annotationsLessExon/ENSG00000280441.fa
data/annotationsLessExon/ENSG00000212935.fa
data/annotationsLessExon/ENSG00000207863.fa
data/annotationsLessExon/ENSG00000232886.fa
data/annotationsLessExon/ENSG00000227698.fa
data/annotationsLessExon/ENSG00000206104.fa
data/annotationsLessExon/ENSG00000270835.fa
data/annotationsLessExon/ENSG00000227757.fa
data/annotationsLessExon/ENSG00000171587.fa
data/annotationsLessExon/ENSG00000183778.fa
data/annotationsLessExon/ENSG00000185186.fa
data/annotationsLessExon/ENSG00000232260.fa
data/annotationsLessExon/ENSG00000279687.fa
data/annotationsLessExon/ENSG00000273104.fa
data/annotationsLessExon/ENSG00000223431.fa
data/annotationsLessExon/ENSG00000261610.fa
data/annotationsLessExon/ENSG00000248476.fa
data/annotationsLessExon/ENSG00000275799.fa
data/annotationsLessExon/ENSG00000214955.fa
data/annotationsLessExon/ENSG00000228600.fa
data/annotationsLessExon/ENSG00000286717.fa
data/annotationsLessExon/ENSG00000226580.fa
data/annotationsLessExon/ENSG00000287066.fa
data/annotationsLessExon/ENSG00000239930.fa
data/annotationsLessExon/ENSG00000252950.fa
data/annotationsLessExon/ENSG00000237325.fa
data/annotationsLessExon/ENSG00000279186.fa
data/annotationsLessExon/ENSG00000159231.fa
data/annotationsLessExon/ENSG00000231058.fa
data/annotationsLessExon/ENSG00000236332.fa
data/annotationsLessExon/ENSG00000215005.fa
data/annotationsLessExon/ENSG00000205929.fa
data/annotationsLessExon/ENSG00000286033.fa
data/annotationsLessExon/ENSG00000228235.fa
data/annotationsLessExon/ENSG00000285815.fa
data/annotationsLessExon/ENSG00000230965.fa
data/annotationsLessExon/ENSG00000214326.fa
data/annotationsLessExon/ENSG00000223662.fa
data/annotationsLessExon/ENSG00000207097.fa
data/annotationsLessExon/ENSG00000219592.fa
data/annotationsLessExon/ENSG00000218549.fa
data/annotationsLessExon/ENSG00000230379.fa
data/annotationsLessExon/ENSG00000233956.fa
data/annotationsLessExon/ENSG00000166979.fa
data/annotationsLessExon/ENSG00000233676.fa
data/annotationsLessExon/ENSG00000243646.fa
data/annotationsLessExon/ENSG00000287637.fa
data/annotationsLessExon/ENSG00000227702.fa
data/annotationsLessExon/ENSG00000225218.fa
data/annotationsLessExon/ENSG00000286594.fa
data/annotationsLessExon/ENSG00000179381.fa
data/annotationsLessExon/ENSG00000160305.fa
data/annotationsLessExon/ENSG00000215533.fa
data/annotationsLessExon/ENSG00000227090.fa
data/annotationsLessExon/ENSG00000269950.fa
data/annotationsLessExon/ENSG00000276873.fa
data/annotationsLessExon/ENSG00000243489.fa
data/annotationsLessExon/ENSG00000280179.fa
data/annotationsLessExon/ENSG00000236471.fa
data/annotationsLessExon/ENSG00000223741.fa
data/annotationsLessExon/ENSG00000224924.fa
data/annotationsLessExon/ENSG00000280081.fa
data/annotationsLessExon/ENSG00000272991.fa
data/annotationsLessExon/ENSG00000232797.fa
data/annotationsLessExon/ENSG00000237945.fa
data/annotationsLessExon/ENSG00000230061.fa
data/annotationsLessExon/ENSG00000154734.fa
data/annotationsLessExon/ENSG00000230198.fa
data/annotationsLessExon/ENSG00000186970.fa
data/annotationsLessExon/ENSG00000234008.fa
data/annotationsLessExon/ENSG00000288555.fa
data/annotationsLessExon/ENSG00000213440.fa
data/annotationsLessExon/ENSG00000227054.fa
data/annotationsLessExon/ENSG00000159261.fa
data/annotationsLessExon/ENSG00000197934.fa
data/annotationsLessExon/ENSG00000199698.fa
data/annotationsLessExon/ENSG00000237594.fa
data/annotationsLessExon/ENSG00000160182.fa
data/annotationsLessExon/ENSG00000157551.fa
data/annotationsLessExon/ENSG00000233640.fa
data/annotationsLessExon/ENSG00000286425.fa
data/annotationsLessExon/ENSG00000275469.fa
data/annotationsLessExon/ENSG00000224541.fa
data/annotationsLessExon/ENSG00000280614.fa
data/annotationsLessExon/ENSG00000154721.fa
data/annotationsLessExon/ENSG00000230794.fa
data/annotationsLessExon/ENSG00000230982.fa
data/annotationsLessExon/ENSG00000278158.fa
data/annotationsLessExon/ENSG00000160194.fa
data/annotationsLessExon/ENSG00000273254.fa
data/annotationsLessExon/ENSG00000270116.fa
data/annotationsLessExon/ENSG00000279769.fa
data/annotationsLessExon/ENSG00000183036.fa
data/annotationsLessExon/ENSG00000286902.fa
data/annotationsLessExon/ENSG00000231480.fa
data/annotationsLessExon/ENSG00000273271.fa
data/annotationsLessExon/ENSG00000239415.fa
data/annotationsLessExon/ENSG00000223806.fa
data/annotationsLessExon/ENSG00000160294.fa
data/annotationsLessExon/ENSG00000288593.fa
data/annotationsLessExon/ENSG00000156261.fa
data/annotationsLessExon/ENSG00000188694.fa
data/annotationsLessExon/ENSG00000225906.fa
data/annotationsLessExon/ENSG00000219368.fa
data/annotationsLessExon/ENSG00000280082.fa
data/annotationsLessExon/ENSG00000176054.fa
data/annotationsLessExon/ENSG00000203616.fa
data/annotationsLessExon/ENSG00000252606.fa
data/annotationsLessExon/ENSG00000207638.fa
data/annotationsLessExon/ENSG00000234030.fa
data/annotationsLessExon/ENSG00000231231.fa
data/annotationsLessExon/ENSG00000205670.fa
data/annotationsLessExon/ENSG00000233316.fa
data/annotationsLessExon/ENSG00000215734.fa
data/annotationsLessExon/ENSG00000279226.fa
data/annotationsLessExon/ENSG00000229025.fa
data/annotationsLessExon/ENSG00000281420.fa
data/annotationsLessExon/ENSG00000159263.fa
data/annotationsLessExon/ENSG00000206102.fa
data/annotationsLessExon/ENSG00000159197.fa
data/annotationsLessExon/ENSG00000215317.fa
data/annotationsLessExon/ENSG00000183421.fa
data/annotationsLessExon/ENSG00000263969.fa
data/annotationsLessExon/ENSG00000288187.fa
data/annotationsLessExon/ENSG00000279390.fa
data/annotationsLessExon/ENSG00000279998.fa
data/annotationsLessExon/ENSG00000279864.fa
data/annotationsLessExon/ENSG00000276633.fa
data/annotationsLessExon/ENSG00000157617.fa
data/annotationsLessExon/ENSG00000186930.fa
data/annotationsLessExon/ENSG00000259981.fa
data/annotationsLessExon/ENSG00000275496.fa
data/annotationsLessExon/ENSG00000240432.fa
data/annotationsLessExon/ENSG00000231986.fa
data/annotationsLessExon/ENSG00000156299.fa
data/annotationsLessExon/ENSG00000229356.fa
data/annotationsLessExon/ENSG00000237864.fa
data/annotationsLessExon/ENSG00000201812.fa
data/annotationsLessExon/ENSG00000272825.fa
data/annotationsLessExon/ENSG00000182586.fa
data/annotationsLessExon/ENSG00000156273.fa
data/annotationsLessExon/ENSG00000226818.fa
data/annotationsLessExon/ENSG00000251851.fa
data/annotationsLessExon/ENSG00000224018.fa
data/annotationsLessExon/ENSG00000278181.fa
data/annotationsLessExon/ENSG00000232837.fa
data/annotationsLessExon/ENSG00000274868.fa
data/annotationsLessExon/ENSG00000215458.fa
data/annotationsLessExon/ENSG00000223870.fa
data/annotationsLessExon/ENSG00000229046.fa
data/annotationsLessExon/ENSG00000159228.fa
data/annotationsLessExon/ENSG00000237484.fa
data/annotationsLessExon/ENSG00000233056.fa
data/annotationsLessExon/ENSG00000231755.fa
data/annotationsLessExon/ENSG00000250973.fa
data/annotationsLessExon/ENSG00000224141.fa
data/annotationsLessExon/ENSG00000280800.fa
data/annotationsLessExon/ENSG00000215386.fa
data/annotationsLessExon/ENSG00000228677.fa
data/annotationsLessExon/ENSG00000156239.fa
data/annotationsLessExon/ENSG00000278903.fa
data/annotationsLessExon/ENSG00000230479.fa
data/annotationsLessExon/ENSG00000223768.fa
data/annotationsLessExon/ENSG00000221398.fa
data/annotationsLessExon/ENSG00000230978.fa
data/annotationsLessExon/ENSG00000231355.fa
data/annotationsLessExon/ENSG00000228314.fa
data/annotationsLessExon/ENSG00000214976.fa
data/annotationsLessExon/ENSG00000252199.fa
data/annotationsLessExon/ENSG00000252915.fa
data/annotationsLessExon/ENSG00000160233.fa
data/annotationsLessExon/ENSG00000233818.fa
data/annotationsLessExon/ENSG00000160282.fa
data/annotationsLessExon/ENSG00000255568.fa
data/annotationsLessExon/ENSG00000142197.fa
data/annotationsLessExon/ENSG00000237609.fa
data/annotationsLessExon/ENSG00000184856.fa
data/annotationsLessExon/ENSG00000280018.fa
data/annotationsLessExon/ENSG00000238141.fa
data/annotationsLessExon/ENSG00000276647.fa
data/annotationsLessExon/ENSG00000286091.fa
data/annotationsLessExon/ENSG00000233754.fa
data/annotationsLessExon/ENSG00000159147.fa
data/annotationsLessExon/ENSG00000231201.fa
data/annotationsLessExon/ENSG00000221864.fa
data/annotationsLessExon/ENSG00000275592.fa
data/annotationsLessExon/ENSG00000273027.fa
data/annotationsLessExon/ENSG00000276077.fa
data/annotationsLessExon/ENSG00000232969.fa
data/annotationsLessExon/ENSG00000274248.fa
data/annotationsLessExon/ENSG00000173231.fa
data/annotationsLessExon/ENSG00000201025.fa
data/annotationsLessExon/ENSG00000238220.fa
data/annotationsLessExon/ENSG00000286517.fa
data/annotationsLessExon/ENSG00000275167.fa
data/annotationsLessExon/ENSG00000252462.fa
data/annotationsLessExon/ENSG00000278775.fa
data/annotationsLessExon/ENSG00000226433.fa
data/annotationsLessExon/ENSG00000276902.fa
data/annotationsLessExon/ENSG00000275166.fa
data/annotationsLessExon/ENSG00000227256.fa
data/annotationsLessExon/ENSG00000249624.fa
data/annotationsLessExon/ENSG00000279990.fa
data/annotationsLessExon/ENSG00000232360.fa
data/annotationsLessExon/ENSG00000142182.fa
data/annotationsLessExon/ENSG00000178457.fa
data/annotationsLessExon/ENSG00000234159.fa
data/annotationsLessExon/ENSG00000223799.fa
data/annotationsLessExon/ENSG00000279615.fa
data/annotationsLessExon/ENSG00000272948.fa
data/annotationsLessExon/ENSG00000183535.fa
data/annotationsLessExon/ENSG00000160213.fa
data/annotationsLessExon/ENSG00000160256.fa
data/annotationsLessExon/ENSG00000205758.fa
data/annotationsLessExon/ENSG00000206105.fa
data/annotationsLessExon/ENSG00000279579.fa
data/annotationsLessExon/ENSG00000235965.fa
data/annotationsLessExon/ENSG00000232855.fa
data/annotationsLessExon/ENSG00000157540.fa
data/annotationsLessExon/ENSG00000286032.fa
data/annotationsLessExon/ENSG00000186924.fa
data/annotationsLessExon/ENSG00000233767.fa
data/annotationsLessExon/ENSG00000230233.fa
data/annotationsLessExon/ENSG00000273091.fa
data/annotationsLessExon/ENSG00000270652.fa
data/annotationsLessExon/ENSG00000234880.fa
data/annotationsLessExon/ENSG00000237373.fa
data/annotationsLessExon/ENSG00000280145.fa
data/annotationsLessExon/ENSG00000228184.fa
data/annotationsLessExon/ENSG00000188660.fa
data/annotationsLessExon/ENSG00000281903.fa
data/annotationsLessExon/ENSG00000280432.fa
data/annotationsLessExon/ENSG00000156265.fa
data/annotationsLessExon/ENSG00000266195.fa
data/annotationsLessExon/ENSG00000274749.fa
data/annotationsLessExon/ENSG00000234730.fa
data/annotationsLessExon/ENSG00000230859.fa
data/annotationsLessExon/ENSG00000279365.fa
data/annotationsLessExon/ENSG00000185272.fa
data/annotationsLessExon/ENSG00000237527.fa
data/annotationsLessExon/ENSG00000223608.fa
data/annotationsLessExon/ENSG00000184900.fa
data/annotationsLessExon/ENSG00000185390.fa
data/annotationsLessExon/ENSG00000227342.fa
data/annotationsLessExon/ENSG00000229306.fa
data/annotationsLessExon/ENSG00000235277.fa
data/annotationsLessExon/ENSG00000226930.fa
data/annotationsLessExon/ENSG00000279493.fa
data/annotationsLessExon/ENSG00000186977.fa
data/annotationsLessExon/ENSG00000278381.fa
data/annotationsLessExon/ENSG00000160191.fa
data/annotationsLessExon/ENSG00000233215.fa
data/annotationsLessExon/ENSG00000278189.fa
data/annotationsLessExon/ENSG00000154639.fa
data/annotationsLessExon/ENSG00000227330.fa
data/annotationsLessExon/ENSG00000215559.fa
data/annotationsLessExon/ENSG00000160310.fa
data/annotationsLessExon/ENSG00000275895.fa
data/annotationsLessExon/ENSG00000230870.fa
data/annotationsLessExon/ENSG00000244362.fa
data/annotationsLessExon/ENSG00000182093.fa
data/annotationsLessExon/ENSG00000227716.fa
data/annotationsLessExon/ENSG00000224905.fa
data/annotationsLessExon/ENSG00000228159.fa
data/annotationsLessExon/ENSG00000182591.fa
data/annotationsLessExon/ENSG00000265590.fa
data/annotationsLessExon/ENSG00000280019.fa
data/annotationsLessExon/ENSG00000224574.fa
data/annotationsLessExon/ENSG00000275708.fa
data/annotationsLessExon/ENSG00000231324.fa
data/annotationsLessExon/ENSG00000223671.fa
data/annotationsLessExon/ENSG00000206106.fa
data/annotationsLessExon/ENSG00000160221.fa
data/annotationsLessExon/ENSG00000159082.fa
data/annotationsLessExon/ENSG00000280071.fa
data/annotationsLessExon/ENSG00000281181.fa
data/annotationsLessExon/ENSG00000142173.fa
data/annotationsLessExon/ENSG00000199806.fa
data/annotationsLessExon/ENSG00000160200.fa
data/annotationsLessExon/ENSG00000286262.fa
data/annotationsLessExon/ENSG00000286178.fa
data/annotationsLessExon/ENSG00000286267.fa
data/annotationsLessExon/ENSG00000273464.fa
data/annotationsLessExon/ENSG00000277282.fa
data/annotationsLessExon/ENSG00000188992.fa
data/annotationsLessExon/ENSG00000279788.fa
data/annotationsLessExon/ENSG00000229289.fa
data/annotationsLessExon/ENSG00000215088.fa
data/annotationsLessExon/ENSG00000287109.fa
data/annotationsLessExon/ENSG00000159128.fa
data/annotationsLessExon/ENSG00000222042.fa
data/annotationsLessExon/ENSG00000232806.fa
data/annotationsLessExon/ENSG00000263973.fa
data/annotationsLessExon/ENSG00000279477.fa
data/annotationsLessExon/ENSG00000237841.fa
data/annotationsLessExon/ENSG00000286149.fa
data/annotationsLessExon/ENSG00000198390.fa
data/annotationsLessExon/ENSG00000286018.fa
data/annotationsLessExon/ENSG00000229761.fa
data/annotationsLessExon/ENSG00000159131.fa
data/annotationsLessExon/ENSG00000273796.fa
data/annotationsLessExon/ENSG00000223975.fa
data/annotationsLessExon/ENSG00000237232.fa
data/annotationsLessExon/ENSG00000205927.fa
data/annotationsLessExon/ENSG00000197381.fa
data/annotationsLessExon/ENSG00000228941.fa
data/annotationsLessExon/ENSG00000226771.fa
data/annotationsLessExon/ENSG00000238265.fa
data/annotationsLessExon/ENSG00000201984.fa
data/annotationsLessExon/ENSG00000173638.fa
data/annotationsLessExon/ENSG00000233756.fa
data/annotationsLessExon/ENSG00000200792.fa
data/annotationsLessExon/ENSG00000228107.fa
data/annotationsLessExon/ENSG00000225735.fa
data/annotationsLessExon/ENSG00000274276.fa
data/annotationsLessExon/ENSG00000229986.fa
data/annotationsLessExon/ENSG00000226996.fa
data/annotationsLessExon/ENSG00000215326.fa
data/annotationsLessExon/ENSG00000240770.fa
data/annotationsLessExon/ENSG00000234340.fa
data/annotationsLessExon/ENSG00000171189.fa
data/annotationsLessExon/ENSG00000183640.fa
data/annotationsLessExon/ENSG00000187766.fa
data/annotationsLessExon/ENSG00000142188.fa
data/annotationsLessExon/ENSG00000159055.fa
data/annotationsLessExon/ENSG00000219280.fa
data/annotationsLessExon/ENSG00000159079.fa
data/annotationsLessExon/ENSG00000278955.fa
data/annotationsLessExon/ENSG00000235888.fa
data/annotationsLessExon/ENSG00000183570.fa
data/annotationsLessExon/ENSG00000215455.fa
data/annotationsLessExon/ENSG00000160179.fa
data/annotationsLessExon/ENSG00000251972.fa
data/annotationsLessExon/ENSG00000221837.fa
data/annotationsLessExon/ENSG00000177692.fa
data/annotationsLessExon/ENSG00000237202.fa
data/annotationsLessExon/ENSG00000280172.fa
data/annotationsLessExon/ENSG00000227438.fa
data/annotationsLessExon/ENSG00000228861.fa
data/annotationsLessExon/ENSG00000273115.fa
data/annotationsLessExon/ENSG00000286082.fa
data/annotationsLessExon/ENSG00000243927.fa
data/annotationsLessExon/ENSG00000236519.fa
data/annotationsLessExon/ENSG00000236663.fa
data/annotationsLessExon/ENSG00000154646.fa
data/annotationsLessExon/ENSG00000223822.fa
data/annotationsLessExon/ENSG00000185433.fa
data/annotationsLessExon/ENSG00000156304.fa
data/annotationsLessExon/ENSG00000218125.fa
data/annotationsLessExon/ENSG00000286252.fa
data/annotationsLessExon/ENSG00000279647.fa
data/annotationsLessExon/ENSG00000230212.fa
data/annotationsLessExon/ENSG00000229962.fa
data/annotationsLessExon/ENSG00000200213.fa
data/annotationsLessExon/ENSG00000287612.fa
data/annotationsLessExon/ENSG00000154719.fa
data/annotationsLessExon/ENSG00000252619.fa
data/annotationsLessExon/ENSG00000223488.fa
data/annotationsLessExon/ENSG00000279094.fa
data/annotationsLessExon/ENSG00000142192.fa
data/annotationsLessExon/ENSG00000160183.fa
data/annotationsLessExon/ENSG00000279751.fa
data/annotationsLessExon/ENSG00000227999.fa
data/annotationsLessExon/ENSG00000273210.fa
data/annotationsLessExon/ENSG00000227039.fa
data/annotationsLessExon/ENSG00000275631.fa
data/annotationsLessExon/ENSG00000142156.fa
data/annotationsLessExon/ENSG00000232623.fa
data/annotationsLessExon/ENSG00000199962.fa
data/annotationsLessExon/ENSG00000184032.fa
data/annotationsLessExon/ENSG00000233393.fa
data/annotationsLessExon/ENSG00000274060.fa
data/annotationsLessExon/ENSG00000280164.fa
data/annotationsLessExon/ENSG00000228349.fa
data/annotationsLessExon/ENSG00000199030.fa
data/annotationsLessExon/ENSG00000278678.fa
data/annotationsLessExon/ENSG00000175302.fa
data/annotationsLessExon/ENSG00000228137.fa
data/annotationsLessExon/ENSG00000185917.fa
data/annotationsLessExon/ENSG00000183249.fa
data/annotationsLessExon/ENSG00000236545.fa
data/annotationsLessExon/ENSG00000207098.fa
data/annotationsLessExon/ENSG00000235772.fa
data/annotationsLessExon/ENSG00000232010.fa
data/annotationsLessExon/ENSG00000225731.fa
data/annotationsLessExon/ENSG00000279783.fa
data/annotationsLessExon/ENSG00000229880.fa
data/annotationsLessExon/ENSG00000264462.fa
data/annotationsLessExon/ENSG00000288266.fa
data/annotationsLessExon/ENSG00000183844.fa
data/annotationsLessExon/ENSG00000224100.fa
data/annotationsLessExon/ENSG00000184441.fa
data/annotationsLessExon/ENSG00000154736.fa
data/annotationsLessExon/ENSG00000159200.fa
data/annotationsLessExon/ENSG00000185808.fa
data/annotationsLessExon/ENSG00000279720.fa
data/annotationsLessExon/ENSG00000266299.fa
data/annotationsLessExon/ENSG00000279690.fa
data/annotationsLessExon/ENSG00000229007.fa
data/annotationsLessExon/ENSG00000198862.fa
data/annotationsLessExon/ENSG00000226956.fa
data/annotationsLessExon/ENSG00000233997.fa
data/annotationsLessExon/ENSG00000275170.fa
data/annotationsLessExon/ENSG00000182871.fa
data/annotationsLessExon/ENSG00000202339.fa
data/annotationsLessExon/ENSG00000234107.fa
data/annotationsLessExon/ENSG00000214889.fa
data/annotationsLessExon/ENSG00000238390.fa
data/annotationsLessExon/ENSG00000286852.fa
data/annotationsLessExon/ENSG00000244294.fa
data/annotationsLessExon/ENSG00000276738.fa
data/annotationsLessExon/ENSG00000280109.fa
data/annotationsLessExon/ENSG00000224524.fa
data/annotationsLessExon/ENSG00000185658.fa
data/annotationsLessExon/ENSG00000160299.fa
data/annotationsLessExon/ENSG00000228709.fa
data/annotationsLessExon/ENSG00000159256.fa
data/annotationsLessExon/ENSG00000142168.fa
data/annotationsLessExon/ENSG00000277437.fa
data/annotationsLessExon/ENSG00000260256.fa
data/annotationsLessExon/ENSG00000205581.fa
data/annotationsLessExon/ENSG00000264002.fa
data/annotationsLessExon/ENSG00000234703.fa
data/annotationsLessExon/ENSG00000186980.fa
data/annotationsLessExon/ENSG00000234289.fa
data/annotationsLessExon/ENSG00000223563.fa
data/annotationsLessExon/ENSG00000228961.fa
data/annotationsLessExon/ENSG00000277777.fa
data/annotationsLessExon/ENSG00000224421.fa
data/annotationsLessExon/ENSG00000232193.fa
data/annotationsLessExon/ENSG00000288536.fa
data/annotationsLessExon/ENSG00000212479.fa
data/annotationsLessExon/ENSG00000274484.fa
data/annotationsLessExon/ENSG00000226406.fa
data/annotationsLessExon/ENSG00000242220.fa
data/annotationsLessExon/ENSG00000157542.fa
data/annotationsLessExon/ENSG00000279177.fa
data/annotationsLessExon/ENSG00000227721.fa
data/annotationsLessExon/ENSG00000198743.fa
data/annotationsLessExon/ENSG00000228930.fa
data/annotationsLessExon/ENSG00000189089.fa
data/annotationsLessExon/ENSG00000279773.fa
data/annotationsLessExon/ENSG00000265841.fa
data/annotationsLessExon/ENSG00000279534.fa
data/annotationsLessExon/ENSG00000233480.fa
data/annotationsLessExon/ENSG00000264063.fa
data/annotationsLessExon/ENSG00000154723.fa
data/annotationsLessExon/ENSG00000281383.fa
data/annotationsLessExon/ENSG00000234293.fa
data/annotationsLessExon/ENSG00000273102.fa
data/annotationsLessExon/ENSG00000229231.fa
data/annotationsLessExon/ENSG00000273614.fa
data/annotationsLessExon/ENSG00000225431.fa
data/annotationsLessExon/ENSG00000234509.fa
data/annotationsLessExon/ENSG00000182912.fa
data/annotationsLessExon/ENSG00000234883.fa
data/annotationsLessExon/ENSG00000280346.fa
data/annotationsLessExon/ENSG00000279784.fa
data/annotationsLessExon/ENSG00000232884.fa
data/annotationsLessExon/ENSG00000228120.fa
data/annotationsLessExon/ENSG00000224922.fa
data/annotationsLessExon/ENSG00000283300.fa
data/annotationsLessExon/ENSG00000225555.fa
data/annotationsLessExon/ENSG00000273492.fa
data/annotationsLessExon/ENSG00000233300.fa
data/annotationsLessExon/ENSG00000154727.fa
data/annotationsLessExon/ENSG00000237444.fa
data/annotationsLessExon/ENSG00000244278.fa
data/annotationsLessExon/ENSG00000279321.fa
data/annotationsLessExon/ENSG00000160199.fa
data/annotationsLessExon/ENSG00000235808.fa
data/annotationsLessExon/ENSG00000236677.fa
data/annotationsLessExon/ENSG00000215424.fa
data/annotationsLessExon/ENSG00000243064.fa
data/annotationsLessExon/ENSG00000237735.fa
data/annotationsLessExon/ENSG00000287801.fa
data/annotationsLessExon/ENSG00000241945.fa
data/annotationsLessExon/ENSG00000212136.fa
data/annotationsLessExon/ENSG00000242553.fa
data/annotationsLessExon/ENSG00000275523.fa
data/annotationsLessExon/ENSG00000236612.fa
data/annotationsLessExon/ENSG00000278927.fa
data/annotationsLessExon/ENSG00000237989.fa
data/annotationsLessExon/ENSG00000187026.fa
data/annotationsLessExon/ENSG00000228149.fa
data/annotationsLessExon/ENSG00000280191.fa
data/annotationsLessExon/ENSG00000225298.fa
data/annotationsLessExon/ENSG00000278932.fa
data/annotationsLessExon/ENSG00000182240.fa
data/annotationsLessExon/ENSG00000234380.fa
data/annotationsLessExon/ENSG00000287088.fa
data/annotationsLessExon/ENSG00000232608.fa
data/annotationsLessExon/ENSG00000226012.fa
data/annotationsLessExon/ENSG00000287082.fa
data/annotationsLessExon/ENSG00000224860.fa
data/annotationsLessExon/ENSG00000160202.fa
data/annotationsLessExon/ENSG00000272657.fa
data/annotationsLessExon/ENSG00000276289.fa
data/annotationsLessExon/ENSG00000224413.fa
data/annotationsLessExon/ENSG00000284448.fa
data/annotationsLessExon/ENSG00000251778.fa
data/annotationsLessExon/ENSG00000277379.fa
data/annotationsLessExon/ENSG00000279501.fa
data/annotationsLessExon/ENSG00000275993.fa
data/annotationsLessExon/ENSG00000286027.fa
data/annotationsLessExon/ENSG00000223692.fa
data/annotationsLessExon/ENSG00000273017.fa
data/annotationsLessExon/ENSG00000278618.fa
data/annotationsLessExon/ENSG00000202239.fa
data/annotationsLessExon/ENSG00000230323.fa
data/annotationsLessExon/ENSG00000270071.fa
data/annotationsLessExon/ENSG00000279648.fa
data/annotationsLessExon/ENSG00000214867.fa
data/annotationsLessExon/ENSG00000279208.fa
data/annotationsLessExon/ENSG00000186866.fa
data/annotationsLessExon/ENSG00000160223.fa
data/annotationsLessExon/ENSG00000183145.fa
data/annotationsLessExon/ENSG00000188155.fa
data/annotationsLessExon/ENSG00000230366.fa
data/annotationsLessExon/ENSG00000217026.fa
data/annotationsLessExon/ENSG00000284550.fa
data/annotationsLessExon/ENSG00000241837.fa
data/annotationsLessExon/ENSG00000160208.fa
data/annotationsLessExon/ENSG00000160218.fa
data/annotationsLessExon/ENSG00000274662.fa
data/annotationsLessExon/ENSG00000267857.fa
data/annotationsLessExon/ENSG00000160307.fa
data/annotationsLessExon/ENSG00000279709.fa
data/annotationsLessExon/ENSG00000280330.fa
data/annotationsLessExon/ENSG00000232777.fa
data/annotationsLessExon/ENSG00000212938.fa
data/annotationsLessExon/ENSG00000234034.fa
data/annotationsLessExon/ENSG00000187005.fa
data/annotationsLessExon/ENSG00000235023.fa
data/annotationsLessExon/ENSG00000231106.fa
data/annotationsLessExon/ENSG00000183067.fa
data/annotationsLessExon/ENSG00000206802.fa
data/annotationsLessExon/ENSG00000224649.fa
data/annotationsLessExon/ENSG00000232692.fa
data/annotationsLessExon/ENSG00000160255.fa
data/annotationsLessExon/ENSG00000227406.fa
data/annotationsLessExon/ENSG00000228592.fa
data/annotationsLessExon/ENSG00000278106.fa
data/annotationsLessExon/ENSG00000223400.fa
data/annotationsLessExon/ENSG00000205424.fa
data/annotationsLessExon/ENSG00000154654.fa
data/annotationsLessExon/ENSG00000184274.fa
data/annotationsLessExon/ENSG00000249493.fa
data/annotationsLessExon/ENSG00000233213.fa
data/annotationsLessExon/ENSG00000159216.fa
data/annotationsLessExon/ENSG00000157578.fa
data/annotationsLessExon/ENSG00000184221.fa
data/annotationsLessExon/ENSG00000252045.fa
data/annotationsLessExon/ENSG00000207476.fa
data/annotationsLessExon/ENSG00000205622.fa
data/annotationsLessExon/ENSG00000279064.fa
data/annotationsLessExon/ENSG00000160185.fa
data/annotationsLessExon/ENSG00000227840.fa
data/annotationsLessExon/ENSG00000286222.fa
data/annotationsLessExon/ENSG00000275215.fa
data/annotationsLessExon/ENSG00000273692.fa
data/annotationsLessExon/ENSG00000231136.fa
data/annotationsLessExon/ENSG00000277693.fa
data/annotationsLessExon/ENSG00000226983.fa
data/annotationsLessExon/ENSG00000187175.fa
data/annotationsLessExon/ENSG00000214319.fa
data/annotationsLessExon/ENSG00000235374.fa
data/annotationsLessExon/ENSG00000184724.fa
data/annotationsLessExon/ENSG00000278961.fa
data/annotationsLessExon/ENSG00000160207.fa
data/annotationsLessExon/ENSG00000157601.fa
data/annotationsLessExon/ENSG00000224427.fa
data/annotationsLessExon/ENSG00000166351.fa
data/annotationsLessExon/ENSG00000277991.fa
data/annotationsLessExon/ENSG00000142178.fa
data/annotationsLessExon/ENSG00000230972.fa
data/annotationsLessExon/ENSG00000286103.fa
data/annotationsLessExon/ENSG00000231867.fa
data/annotationsLessExon/ENSG00000227456.fa
data/annotationsLessExon/ENSG00000235312.fa
data/annotationsLessExon/ENSG00000273590.fa
data/annotationsLessExon/ENSG00000154640.fa
data/annotationsLessExon/ENSG00000287507.fa
data/annotationsLessExon/ENSG00000160214.fa
data/annotationsLessExon/ENSG00000286148.fa
data/annotationsLessExon/ENSG00000186965.fa
data/annotationsLessExon/ENSG00000237646.fa
data/annotationsLessExon/ENSG00000214914.fa
data/annotationsLessExon/ENSG00000198054.fa
data/annotationsLessExon/ENSG00000286153.fa
data/annotationsLessExon/ENSG00000212609.fa
data/annotationsLessExon/ENSG00000159140.fa
data/annotationsLessExon/ENSG00000279967.fa
data/annotationsLessExon/ENSG00000226115.fa
data/annotationsLessExon/ENSG00000226496.fa
data/annotationsLessExon/ENSG00000205930.fa
data/annotationsLessExon/ENSG00000211590.fa
data/annotationsLessExon/ENSG00000180509.fa
data/annotationsLessExon/ENSG00000141959.fa
data/annotationsLessExon/ENSG00000238627.fa
data/annotationsLessExon/ENSG00000160298.fa
data/annotationsLessExon/ENSG00000225043.fa
data/annotationsLessExon/ENSG00000237338.fa
data/annotationsLessExon/ENSG00000236056.fa
data/annotationsLessExon/ENSG00000270139.fa
data/annotationsLessExon/ENSG00000232124.fa
data/annotationsLessExon/ENSG00000227874.fa
data/annotationsLessExon/ENSG00000224602.fa
data/annotationsLessExon/ENSG00000236830.fa
data/annotationsLessExon/ENSG00000205726.fa
data/annotationsLessExon/ENSG00000232079.fa
data/annotationsLessExon/ENSG00000235609.fa
data/annotationsLessExon/ENSG00000183486.fa
data/annotationsLessExon/ENSG00000233236.fa
data/annotationsLessExon/ENSG00000184787.fa
data/annotationsLessExon/ENSG00000233206.fa
data/annotationsLessExon/ENSG00000279062.fa
data/annotationsLessExon/ENSG00000277572.fa
data/annotationsLessExon/ENSG00000142166.fa
data/annotationsLessExon/ENSG00000275464.fa
data/annotationsLessExon/ENSG00000277117.fa
data/annotationsLessExon/ENSG00000156282.fa
data/annotationsLessExon/ENSG00000215351.fa
data/annotationsLessExon/ENSG00000183255.fa
data/annotationsLessExon/ENSG00000159267.fa
data/annotationsLessExon/ENSG00000241728.fa
data/annotationsLessExon/ENSG00000278878.fa
data/annotationsLessExon/ENSG00000228318.fa
data/annotationsLessExon/ENSG00000280013.fa
data/annotationsLessExon/ENSG00000274046.fa
data/annotationsLessExon/ENSG00000184029.fa
data/annotationsLessExon/ENSG00000232118.fa
data/annotationsLessExon/ENSG00000226204.fa
data/annotationsLessExon/ENSG00000231068.fa
data/annotationsLessExon/ENSG00000235890.fa
data/annotationsLessExon/ENSG00000272015.fa
data/annotationsLessExon/ENSG00000280243.fa
data/annotationsLessExon/ENSG00000279728.fa
data/annotationsLessExon/ENSG00000276546.fa
data/annotationsLessExon/ENSG00000275664.fa
data/annotationsLessExon/ENSG00000156284.fa
data/annotationsLessExon/ENSG00000237731.fa
data/annotationsLessExon/ENSG00000186971.fa
data/annotationsLessExon/ENSG00000206107.fa
data/annotationsLessExon/ENSG00000223078.fa
data/annotationsLessExon/ENSG00000185437.fa
data/annotationsLessExon/ENSG00000286643.fa
data/annotationsLessExon/ENSG00000183250.fa
data/annotationsLessExon/ENSG00000177398.fa
data/annotationsLessExon/ENSG00000142149.fa
data/annotationsLessExon/ENSG00000271486.fa
data/annotationsLessExon/ENSG00000260583.fa
data/annotationsLessExon/ENSG00000160180.fa
data/annotationsLessExon/ENSG00000142185.fa
data/annotationsLessExon/ENSG00000160209.fa
data/annotationsLessExon/ENSG00000274790.fa
data/annotationsLessExon/ENSG00000231125.fa
data/annotationsLessExon/ENSG00000288094.fa
data/annotationsLessExon/ENSG00000227075.fa
data/annotationsLessExon/ENSG00000229425.fa
data/annotationsLessExon/ENSG00000279167.fa
data/annotationsLessExon/ENSG00000156256.fa
data/annotationsLessExon/ENSG00000183527.fa
data/annotationsLessExon/ENSG00000276612.fa
data/annotationsLessExon/ENSG00000184012.fa
data/annotationsLessExon/ENSG00000213885.fa
data/annotationsLessExon/ENSG00000266133.fa
data/annotationsLessExon/ENSG00000173276.fa
data/annotationsLessExon/ENSG00000157557.fa
data/annotationsLessExon/ENSG00000279156.fa
data/annotationsLessExon/ENSG00000175894.fa
data/annotationsLessExon/ENSG00000207147.fa
data/annotationsLessExon/ENSG00000232560.fa
data/annotationsLessExon/ENSG00000166265.fa
data/annotationsLessExon/ENSG00000154642.fa
data/annotationsLessExon/ENSG00000286054.fa
data/annotationsLessExon/ENSG00000279381.fa
data/annotationsLessExon/ENSG00000188681.fa
data/annotationsLessExon/ENSG00000240755.fa
data/annotationsLessExon/ENSG00000273872.fa
data/annotationsLessExon/ENSG00000160284.fa
data/annotationsLessExon/ENSG00000235514.fa
data/annotationsLessExon/ENSG00000226501.fa
data/annotationsLessExon/ENSG00000160216.fa
data/annotationsLessExon/ENSG00000285413.fa
data/annotationsLessExon/ENSG00000280436.fa
data/annotationsLessExon/ENSG00000235123.fa
data/annotationsLessExon/ENSG00000237569.fa
data/annotationsLessExon/ENSG00000234439.fa
data/annotationsLessExon/ENSG00000286224.fa
data/annotationsLessExon/ENSG00000235564.fa
data/annotationsLessExon/ENSG00000278931.fa
data/annotationsLessExon/ENSG00000273199.fa
data/annotationsLessExon/ENSG00000200754.fa
data/annotationsLessExon/ENSG00000225502.fa
data/annotationsLessExon/ENSG00000228433.fa
data/annotationsLessExon/ENSG00000155307.fa
data/annotationsLessExon/ENSG00000249209.fa
data/annotationsLessExon/ENSG00000236532.fa
data/annotationsLessExon/ENSG00000279895.fa
data/annotationsLessExon/ENSG00000233922.fa
data/annotationsLessExon/ENSG00000231236.fa
data/annotationsLessExon/ENSG00000205439.fa
data/annotationsLessExon/ENSG00000277352.fa
data/annotationsLessExon/ENSG00000160201.fa
data/annotationsLessExon/ENSG00000189169.fa
data/annotationsLessExon/ENSG00000224269.fa
data/annotationsLessExon/ENSG00000228817.fa
data/annotationsLessExon/ENSG00000277067.fa
data/annotationsLessExon/ENSG00000286057.fa
data/annotationsLessExon/ENSG00000184809.fa
data/annotationsLessExon/ENSG00000236384.fa
data/annotationsLessExon/ENSG00000235012.fa
data/annotationsLessExon/ENSG00000182670.fa
data/annotationsLessExon/ENSG00000264580.fa
data/annotationsLessExon/ENSG00000278433.fa
data/annotationsLessExon/ENSG00000270533.fa
data/annotationsLessExon/ENSG00000256073.fa
data/annotationsLessExon/ENSG00000266211.fa
data/annotationsLessExon/ENSG00000236119.fa
data/annotationsLessExon/ENSG00000207503.fa
data/annotationsLessExon/ENSG00000233442.fa
data/annotationsLessExon/ENSG00000287470.fa
data/annotationsLessExon/ENSG00000265007.fa
data/annotationsLessExon/ENSG00000226298.fa
data/annotationsLessExon/ENSG00000272804.fa
data/annotationsLessExon/ENSG00000286012.fa
data/annotationsLessExon/ENSG00000159259.fa
data/annotationsLessExon/ENSG00000232401.fa
data/annotationsLessExon/ENSG00000232263.fa
data/annotationsLessExon/ENSG00000160224.fa
data/annotationsLessExon/ENSG00000274225.fa
data/annotationsLessExon/ENSG00000275692.fa
data/annotationsLessExon/ENSG00000234538.fa
data/annotationsLessExon/ENSG00000215369.fa
data/annotationsLessExon/ENSG00000252273.fa
data/annotationsLessExon/ENSG00000160285.fa
data/annotationsLessExon/ENSG00000286549.fa
data/annotationsLessExon/ENSG00000160190.fa
data/annotationsLessExon/ENSG00000232687.fa
data/annotationsLessExon/ENSG00000228355.fa
data/annotationsLessExon/ENSG00000225331.fa
data/annotationsLessExon/ENSG00000160181.fa
data/annotationsLessExon/ENSG00000142207.fa
data/annotationsLessExon/ENSG00000184385.fa
data/annotationsLessExon/ENSG00000224747.fa
data/annotationsLessExon/ENSG00000261706.fa
data/annotationsLessExon/ENSG00000233783.fa
data/annotationsLessExon/ENSG00000229336.fa
data/annotationsLessExon/ENSG00000197683.fa
data/annotationsLessExon/ENSG00000288578.fa
data/annotationsLessExon/ENSG00000224832.fa
data/annotationsLessExon/ENSG00000277739.fa
data/annotationsLessExon/ENSG00000280108.fa
data/annotationsLessExon/ENSG00000231620.fa
data/annotationsLessExon/ENSG00000286155.fa
data/annotationsLessExon/ENSG00000228404.fa
data/annotationsLessExon/ENSG00000243627.fa
data/annotationsLessExon/ENSG00000180530.fa
data/annotationsLessExon/ENSG00000225267.fa
data/annotationsLessExon/ENSG00000236382.fa
data/annotationsLessExon/ENSG00000234083.fa
data/annotationsLessExon/ENSG00000276076.fa
data/annotationsLessExon/ENSG00000238257.fa
data/annotationsLessExon/ENSG00000212932.fa
data/annotationsLessExon/ENSG00000223901.fa
data/annotationsLessExon/ENSG00000156253.fa
data/annotationsLessExon/ENSG00000280372.fa
data/annotationsLessExon/ENSG00000159086.fa
data/annotationsLessExon/ENSG00000279669.fa
data/annotationsLessExon/ENSG00000186925.fa
data/annotationsLessExon/ENSG00000232512.fa
data/annotationsLessExon/ENSG00000226527.fa
