Building DAG of jobs...
Updating job 1 (generatePlot).
Using shell: /usr/bin/bash
Provided cores: 4
Rules claiming more threads will be scaled down.
Job counts:
	count	jobs
	2333	compareMemIntron
	2333	compareMemNoExon
	2188	generateMemIntron
	2187	generateMemNoExon
	2185	generateMemNoIntron
	1	generatePlot
	2184	generateReads
	2184	removeExon
	1	run_after_checkpoint
	15596

[Mon May 25 16:28:40 2020]
rule generateMemIntron:
    input: data/annotationsLessExon/ENSG00000107104.gtf, data/chr9.fa, data/annotations/ENSG00000107104.fa
    output: data/annotationsLessExon/ENSG00000107104.mem
    jobid: 4892
    benchmark: benchmarks/ENSG00000107104.tsv
    wildcards: gene=ENSG00000107104


[Mon May 25 16:28:40 2020]
rule generateMemIntron:
    input: data/annotationsLessExon/ENSG00000160408.gtf, data/chr9.fa, data/annotations/ENSG00000160408.fa
    output: data/annotationsLessExon/ENSG00000160408.mem
    jobid: 10144
    benchmark: benchmarks/ENSG00000160408.tsv
    wildcards: gene=ENSG00000160408


[Mon May 25 16:28:40 2020]
rule generateMemNoIntron:
    input: data/annotations/ENSG00000160408.gtf, data/chr9.fa, data/annotations/ENSG00000160408.fa
    output: data/annotations/ENSG00000160408.mem
    jobid: 10145
    benchmark: benchmarks/ENSG00000160408Origin.tsv
    wildcards: gene=ENSG00000160408


[Mon May 25 16:28:41 2020]
rule generateMemNoExon:
    input: data/annotationsLessExon/ENSG00000160408.gtf, data/chr9.fa, data/annotations/ENSG00000160408.fa
    output: data/annotationsLessExon/ENSG00000160408NoExon.mem
    jobid: 10147
    benchmark: benchmarks/ENSG00000160408NoExon.tsv
    wildcards: gene=ENSG00000160408

[Mon May 25 16:28:45 2020]
Finished job 10147.
1 of 15596 steps (0.01%) done
[Mon May 25 16:28:45 2020]
Finished job 10145.
2 of 15596 steps (0.01%) done

[Mon May 25 16:28:45 2020]
rule generateReads:
    input: data/annotations/ENSG00000164985.gtf, data/chr9.fa
    output: data/annotations/ENSG00000164985.fa
    jobid: 15388
    wildcards: gene=ENSG00000164985


[Mon May 25 16:28:45 2020]
rule removeExon:
    input: data/annotations/ENSG00000164985.gtf, data/chr9.fa
    output: data/annotationsLessExon/ENSG00000164985.gtf
    jobid: 10206
    wildcards: ann=data/annotationsLessExon, gene=ENSG00000164985

[Mon May 25 16:28:47 2020]
Finished job 10206.
3 of 15596 steps (0.02%) done

[Mon May 25 16:28:47 2020]
rule generateReads:
    input: data/annotations/ENSG00000125485.gtf, data/chr9.fa
    output: data/annotations/ENSG00000125485.fa
    jobid: 15824
    wildcards: gene=ENSG00000125485

[Mon May 25 16:28:47 2020]
Finished job 10144.
4 of 15596 steps (0.03%) done

[Mon May 25 16:28:47 2020]
rule removeExon:
    input: data/annotations/ENSG00000125485.gtf, data/chr9.fa
    output: data/annotationsLessExon/ENSG00000125485.gtf
    jobid: 11950
    wildcards: ann=data/annotationsLessExon, gene=ENSG00000125485

[Mon May 25 16:28:49 2020]
Finished job 11950.
5 of 15596 steps (0.03%) done

[Mon May 25 16:28:49 2020]
rule removeExon:
    input: data/annotations/ENSG00000070061.gtf, data/chr9.fa
    output: data/annotationsLessExon/ENSG00000070061.gtf
    jobid: 11282
    wildcards: ann=data/annotationsLessExon, gene=ENSG00000070061

[Mon May 25 16:28:50 2020]
Finished job 11282.
6 of 15596 steps (0.04%) done

[Mon May 25 16:28:50 2020]
rule generateReads:
    input: data/annotations/ENSG00000070061.gtf, data/chr9.fa
    output: data/annotations/ENSG00000070061.fa
    jobid: 15657
    wildcards: gene=ENSG00000070061

[Mon May 25 16:28:53 2020]
Finished job 15388.
7 of 15596 steps (0.04%) done

[Mon May 25 16:28:53 2020]
rule generateMemNoIntron:
    input: data/annotations/ENSG00000164985.gtf, data/chr9.fa, data/annotations/ENSG00000164985.fa
    output: data/annotations/ENSG00000164985.mem
    jobid: 10205
    benchmark: benchmarks/ENSG00000164985Origin.tsv
    wildcards: gene=ENSG00000164985

[Mon May 25 16:28:54 2020]
Finished job 15824.
8 of 15596 steps (0.05%) done

[Mon May 25 16:28:54 2020]
rule generateMemNoIntron:
    input: data/annotations/ENSG00000125485.gtf, data/chr9.fa, data/annotations/ENSG00000125485.fa
    output: data/annotations/ENSG00000125485.mem
    jobid: 11949
    benchmark: benchmarks/ENSG00000125485Origin.tsv
    wildcards: gene=ENSG00000125485

[Mon May 25 16:28:58 2020]
Finished job 15657.
9 of 15596 steps (0.06%) done
[Mon May 25 16:28:58 2020]
Finished job 10205.
10 of 15596 steps (0.06%) done
[Mon May 25 16:28:59 2020]
Finished job 11949.
11 of 15596 steps (0.07%) done

[Mon May 25 16:28:59 2020]
rule generateMemNoExon:
    input: data/annotationsLessExon/ENSG00000070061.gtf, data/chr9.fa, data/annotations/ENSG00000070061.fa
    output: data/annotationsLessExon/ENSG00000070061NoExon.mem
    jobid: 11283
    benchmark: benchmarks/ENSG00000070061NoExon.tsv
    wildcards: gene=ENSG00000070061


[Mon May 25 16:28:59 2020]
rule generateMemNoIntron:
    input: data/annotations/ENSG00000070061.gtf, data/chr9.fa, data/annotations/ENSG00000070061.fa
    output: data/annotations/ENSG00000070061.mem
    jobid: 11281
    benchmark: benchmarks/ENSG00000070061Origin.tsv
    wildcards: gene=ENSG00000070061


[Mon May 25 16:28:59 2020]
rule generateMemIntron:
    input: data/annotationsLessExon/ENSG00000070061.gtf, data/chr9.fa, data/annotations/ENSG00000070061.fa
    output: data/annotationsLessExon/ENSG00000070061.mem
    jobid: 11280
    benchmark: benchmarks/ENSG00000070061.tsv
    wildcards: gene=ENSG00000070061

[Mon May 25 16:29:03 2020]
Finished job 11283.
12 of 15596 steps (0.08%) done

[Mon May 25 16:29:03 2020]
rule generateMemNoExon:
    input: data/annotationsLessExon/ENSG00000125485.gtf, data/chr9.fa, data/annotations/ENSG00000125485.fa
    output: data/annotationsLessExon/ENSG00000125485NoExon.mem
    jobid: 11951
    benchmark: benchmarks/ENSG00000125485NoExon.tsv
    wildcards: gene=ENSG00000125485

[Mon May 25 16:29:03 2020]
Finished job 11281.
13 of 15596 steps (0.08%) done

[Mon May 25 16:29:03 2020]
rule generateMemIntron:
    input: data/annotationsLessExon/ENSG00000125485.gtf, data/chr9.fa, data/annotations/ENSG00000125485.fa
    output: data/annotationsLessExon/ENSG00000125485.mem
    jobid: 11948
    benchmark: benchmarks/ENSG00000125485.tsv
    wildcards: gene=ENSG00000125485

[Mon May 25 16:29:05 2020]
Finished job 11280.
14 of 15596 steps (0.09%) done

[Mon May 25 16:29:05 2020]
rule generateMemIntron:
    input: data/annotationsLessExon/ENSG00000164985.gtf, data/chr9.fa, data/annotations/ENSG00000164985.fa
    output: data/annotationsLessExon/ENSG00000164985.mem
    jobid: 10204
    benchmark: benchmarks/ENSG00000164985.tsv
    wildcards: gene=ENSG00000164985

[Mon May 25 16:29:07 2020]
Finished job 11951.
15 of 15596 steps (0.10%) done

[Mon May 25 16:29:07 2020]
rule generateMemNoExon:
    input: data/annotationsLessExon/ENSG00000164985.gtf, data/chr9.fa, data/annotations/ENSG00000164985.fa
    output: data/annotationsLessExon/ENSG00000164985NoExon.mem
    jobid: 10207
    benchmark: benchmarks/ENSG00000164985NoExon.tsv
    wildcards: gene=ENSG00000164985

[Mon May 25 16:29:09 2020]
Finished job 11948.
16 of 15596 steps (0.10%) done

[Mon May 25 16:29:09 2020]
rule generateMemNoExon:
    input: data/annotationsLessExon/ENSG00000136824.gtf, data/chr9.fa, data/annotations/ENSG00000136824.fa
    output: data/annotationsLessExon/ENSG00000136824NoExon.mem
    jobid: 9363
    benchmark: benchmarks/ENSG00000136824NoExon.tsv
    wildcards: gene=ENSG00000136824

[Mon May 25 16:29:10 2020]
Finished job 9363.
17 of 15596 steps (0.11%) done

[Mon May 25 16:29:10 2020]
rule generateMemIntron:
    input: data/annotationsLessExon/ENSG00000136824.gtf, data/chr9.fa, data/annotations/ENSG00000136824.fa
    output: data/annotationsLessExon/ENSG00000136824.mem
    jobid: 9360
    benchmark: benchmarks/ENSG00000136824.tsv
    wildcards: gene=ENSG00000136824

[Mon May 25 16:29:10 2020]
Finished job 9360.
18 of 15596 steps (0.12%) done

[Mon May 25 16:29:11 2020]
rule generateReads:
    input: data/annotations/ENSG00000106701.gtf, data/chr9.fa
    output: data/annotations/ENSG00000106701.fa
    jobid: 15155
    wildcards: gene=ENSG00000106701

[Mon May 25 16:29:12 2020]
Finished job 10207.
19 of 15596 steps (0.12%) done

[Mon May 25 16:29:12 2020]
rule removeExon:
    input: data/annotations/ENSG00000106701.gtf, data/chr9.fa
    output: data/annotationsLessExon/ENSG00000106701.gtf
    jobid: 9274
    wildcards: ann=data/annotationsLessExon, gene=ENSG00000106701

[Mon May 25 16:29:14 2020]
Finished job 9274.
20 of 15596 steps (0.13%) done

[Mon May 25 16:29:14 2020]
rule generateReads:
    input: data/annotations/ENSG00000119321.gtf, data/chr9.fa
    output: data/annotations/ENSG00000119321.fa
    jobid: 16112
    wildcards: gene=ENSG00000119321

[Mon May 25 16:29:18 2020]
Finished job 10204.
21 of 15596 steps (0.13%) done

[Mon May 25 16:29:19 2020]
rule removeExon:
    input: data/annotations/ENSG00000119321.gtf, data/chr9.fa
    output: data/annotationsLessExon/ENSG00000119321.gtf
    jobid: 13102
    wildcards: ann=data/annotationsLessExon, gene=ENSG00000119321

[Mon May 25 16:29:20 2020]
Finished job 15155.
22 of 15596 steps (0.14%) done

[Mon May 25 16:29:20 2020]
rule generateMemNoIntron:
    input: data/annotations/ENSG00000106701.gtf, data/chr9.fa, data/annotations/ENSG00000106701.fa
    output: data/annotations/ENSG00000106701.mem
    jobid: 9273
    benchmark: benchmarks/ENSG00000106701Origin.tsv
    wildcards: gene=ENSG00000106701

[Mon May 25 16:29:20 2020]
Finished job 13102.
23 of 15596 steps (0.15%) done

[Mon May 25 16:29:20 2020]
rule generateMemNoExon:
    input: data/annotationsLessExon/ENSG00000106701.gtf, data/chr9.fa, data/annotations/ENSG00000106701.fa
    output: data/annotationsLessExon/ENSG00000106701NoExon.mem
    jobid: 9275
    benchmark: benchmarks/ENSG00000106701NoExon.tsv
    wildcards: gene=ENSG00000106701

[Mon May 25 16:29:23 2020]
Finished job 16112.
24 of 15596 steps (0.15%) done

[Mon May 25 16:29:23 2020]
rule generateMemNoIntron:
    input: data/annotations/ENSG00000119321.gtf, data/chr9.fa, data/annotations/ENSG00000119321.fa
    output: data/annotations/ENSG00000119321.mem
    jobid: 13101
    benchmark: benchmarks/ENSG00000119321Origin.tsv
    wildcards: gene=ENSG00000119321

[Mon May 25 16:29:24 2020]
Finished job 9273.
25 of 15596 steps (0.16%) done

[Mon May 25 16:29:24 2020]
rule generateMemNoExon:
    input: data/annotationsLessExon/ENSG00000119321.gtf, data/chr9.fa, data/annotations/ENSG00000119321.fa
    output: data/annotationsLessExon/ENSG00000119321NoExon.mem
    jobid: 13103
    benchmark: benchmarks/ENSG00000119321NoExon.tsv
    wildcards: gene=ENSG00000119321

[Mon May 25 16:29:25 2020]
Finished job 9275.
26 of 15596 steps (0.17%) done

[Mon May 25 16:29:25 2020]
rule generateMemIntron:
    input: data/annotationsLessExon/ENSG00000119321.gtf, data/chr9.fa, data/annotations/ENSG00000119321.fa
    output: data/annotationsLessExon/ENSG00000119321.mem
    jobid: 13100
    benchmark: benchmarks/ENSG00000119321.tsv
    wildcards: gene=ENSG00000119321

[Mon May 25 16:29:27 2020]
Finished job 13101.
27 of 15596 steps (0.17%) done

[Mon May 25 16:29:27 2020]
rule generateMemIntron:
    input: data/annotationsLessExon/ENSG00000106701.gtf, data/chr9.fa, data/annotations/ENSG00000106701.fa
    output: data/annotationsLessExon/ENSG00000106701.mem
    jobid: 9272
    benchmark: benchmarks/ENSG00000106701.tsv
    wildcards: gene=ENSG00000106701

[Mon May 25 16:29:28 2020]
Finished job 13103.
28 of 15596 steps (0.18%) done

[Mon May 25 16:29:28 2020]
rule removeExon:
    input: data/annotations/ENSG00000285130.gtf, data/chr9.fa
    output: data/annotationsLessExon/ENSG00000285130.gtf
    jobid: 8478
    wildcards: ann=data/annotationsLessExon, gene=ENSG00000285130

[Mon May 25 16:29:30 2020]
Finished job 8478.
29 of 15596 steps (0.19%) done

[Mon May 25 16:29:30 2020]
rule generateReads:
    input: data/annotations/ENSG00000285130.gtf, data/chr9.fa
    output: data/annotations/ENSG00000285130.fa
    jobid: 14956
    wildcards: gene=ENSG00000285130

[Mon May 25 16:29:30 2020]
Finished job 13100.
30 of 15596 steps (0.19%) done

[Mon May 25 16:29:31 2020]
rule removeExon:
    input: data/annotations/ENSG00000119314.gtf, data/chr9.fa
    output: data/annotationsLessExon/ENSG00000119314.gtf
    jobid: 10862
    wildcards: ann=data/annotationsLessExon, gene=ENSG00000119314

[Mon May 25 16:29:32 2020]
Finished job 10862.
31 of 15596 steps (0.20%) done

[Mon May 25 16:29:32 2020]
rule generateReads:
    input: data/annotations/ENSG00000119314.gtf, data/chr9.fa
    output: data/annotations/ENSG00000119314.fa
    jobid: 15552
    wildcards: gene=ENSG00000119314

[Mon May 25 16:29:36 2020]
Finished job 9272.
32 of 15596 steps (0.21%) done

[Mon May 25 16:29:36 2020]
rule removeExon:
    input: data/annotations/ENSG00000176978.gtf, data/chr9.fa
    output: data/annotationsLessExon/ENSG00000176978.gtf
    jobid: 7038
    wildcards: ann=data/annotationsLessExon, gene=ENSG00000176978

[Mon May 25 16:29:37 2020]
Finished job 7038.
33 of 15596 steps (0.21%) done

[Mon May 25 16:29:37 2020]
rule generateReads:
    input: data/annotations/ENSG00000176978.gtf, data/chr9.fa
    output: data/annotations/ENSG00000176978.fa
    jobid: 14596
    wildcards: gene=ENSG00000176978

[Mon May 25 16:29:40 2020]
Finished job 14956.
34 of 15596 steps (0.22%) done

[Mon May 25 16:29:40 2020]
rule generateMemNoIntron:
    input: data/annotations/ENSG00000285130.gtf, data/chr9.fa, data/annotations/ENSG00000285130.fa
    output: data/annotations/ENSG00000285130.mem
    jobid: 8477
    benchmark: benchmarks/ENSG00000285130Origin.tsv
    wildcards: gene=ENSG00000285130

[Mon May 25 16:29:41 2020]
Finished job 15552.
35 of 15596 steps (0.22%) done

[Mon May 25 16:29:41 2020]
rule generateMemNoIntron:
    input: data/annotations/ENSG00000119314.gtf, data/chr9.fa, data/annotations/ENSG00000119314.fa
    output: data/annotations/ENSG00000119314.mem
    jobid: 10861
    benchmark: benchmarks/ENSG00000119314Origin.tsv
    wildcards: gene=ENSG00000119314

[Mon May 25 16:29:44 2020]
Finished job 8477.
36 of 15596 steps (0.23%) done

[Mon May 25 16:29:44 2020]
rule generateMemIntron:
    input: data/annotationsLessExon/ENSG00000119314.gtf, data/chr9.fa, data/annotations/ENSG00000119314.fa
    output: data/annotationsLessExon/ENSG00000119314.mem
    jobid: 10860
    benchmark: benchmarks/ENSG00000119314.tsv
    wildcards: gene=ENSG00000119314

[Mon May 25 16:29:46 2020]
Finished job 10861.
37 of 15596 steps (0.24%) done

[Mon May 25 16:29:47 2020]
rule generateMemNoExon:
    input: data/annotationsLessExon/ENSG00000119314.gtf, data/chr9.fa, data/annotations/ENSG00000119314.fa
    output: data/annotationsLessExon/ENSG00000119314NoExon.mem
    jobid: 10863
    benchmark: benchmarks/ENSG00000119314NoExon.tsv
    wildcards: gene=ENSG00000119314

[Mon May 25 16:29:47 2020]
Finished job 14596.
38 of 15596 steps (0.24%) done

[Mon May 25 16:29:47 2020]
rule generateMemNoIntron:
    input: data/annotations/ENSG00000176978.gtf, data/chr9.fa, data/annotations/ENSG00000176978.fa
    output: data/annotations/ENSG00000176978.mem
    jobid: 7037
    benchmark: benchmarks/ENSG00000176978Origin.tsv
    wildcards: gene=ENSG00000176978

[Mon May 25 16:29:51 2020]
Finished job 10863.
39 of 15596 steps (0.25%) done

[Mon May 25 16:29:52 2020]
rule generateMemNoExon:
    input: data/annotationsLessExon/ENSG00000176978.gtf, data/chr9.fa, data/annotations/ENSG00000176978.fa
    output: data/annotationsLessExon/ENSG00000176978NoExon.mem
    jobid: 7039
    benchmark: benchmarks/ENSG00000176978NoExon.tsv
    wildcards: gene=ENSG00000176978

[Mon May 25 16:29:52 2020]
Finished job 7037.
40 of 15596 steps (0.26%) done

[Mon May 25 16:29:52 2020]
rule generateMemIntron:
    input: data/annotationsLessExon/ENSG00000176978.gtf, data/chr9.fa, data/annotations/ENSG00000176978.fa
    output: data/annotationsLessExon/ENSG00000176978.mem
    jobid: 7036
    benchmark: benchmarks/ENSG00000176978.tsv
    wildcards: gene=ENSG00000176978

[Mon May 25 16:29:52 2020]
Finished job 10860.
41 of 15596 steps (0.26%) done

[Mon May 25 16:29:52 2020]
rule generateMemNoExon:
    input: data/annotationsLessExon/ENSG00000285130.gtf, data/chr9.fa, data/annotations/ENSG00000285130.fa
    output: data/annotationsLessExon/ENSG00000285130NoExon.mem
    jobid: 8479
    benchmark: benchmarks/ENSG00000285130NoExon.tsv
    wildcards: gene=ENSG00000285130

[Mon May 25 16:29:56 2020]
Finished job 8479.
42 of 15596 steps (0.27%) done

[Mon May 25 16:29:57 2020]
rule generateMemIntron:
    input: data/annotationsLessExon/ENSG00000285130.gtf, data/chr9.fa, data/annotations/ENSG00000285130.fa
    output: data/annotationsLessExon/ENSG00000285130.mem
    jobid: 8476
    benchmark: benchmarks/ENSG00000285130.tsv
    wildcards: gene=ENSG00000285130

[Mon May 25 16:29:57 2020]
Finished job 7039.
43 of 15596 steps (0.28%) done

[Mon May 25 16:29:57 2020]
rule removeExon:
    input: data/annotations/ENSG00000130559.gtf, data/chr9.fa
    output: data/annotationsLessExon/ENSG00000130559.gtf
    jobid: 4966
    wildcards: ann=data/annotationsLessExon, gene=ENSG00000130559

[Mon May 25 16:29:58 2020]
Finished job 4966.
44 of 15596 steps (0.28%) done

[Mon May 25 16:29:58 2020]
rule generateReads:
    input: data/annotations/ENSG00000130559.gtf, data/chr9.fa
    output: data/annotations/ENSG00000130559.fa
    jobid: 14078
    wildcards: gene=ENSG00000130559

[Mon May 25 16:30:00 2020]
Finished job 7036.
45 of 15596 steps (0.29%) done

[Mon May 25 16:30:00 2020]
rule removeExon:
    input: data/annotations/ENSG00000148343.gtf, data/chr9.fa
    output: data/annotationsLessExon/ENSG00000148343.gtf
    jobid: 7558
    wildcards: ann=data/annotationsLessExon, gene=ENSG00000148343

[Mon May 25 16:30:01 2020]
Finished job 7558.
46 of 15596 steps (0.29%) done

[Mon May 25 16:30:02 2020]
rule generateReads:
    input: data/annotations/ENSG00000148343.gtf, data/chr9.fa
    output: data/annotations/ENSG00000148343.fa
    jobid: 14726
    wildcards: gene=ENSG00000148343

[Mon May 25 16:30:07 2020]
Finished job 14078.
47 of 15596 steps (0.30%) done

[Mon May 25 16:30:07 2020]
rule generateMemNoIntron:
    input: data/annotations/ENSG00000130559.gtf, data/chr9.fa, data/annotations/ENSG00000130559.fa
    output: data/annotations/ENSG00000130559.mem
    jobid: 4965
    benchmark: benchmarks/ENSG00000130559Origin.tsv
    wildcards: gene=ENSG00000130559

[Mon May 25 16:30:11 2020]
Finished job 14726.
48 of 15596 steps (0.31%) done

[Mon May 25 16:30:11 2020]
rule generateMemIntron:
    input: data/annotationsLessExon/ENSG00000130559.gtf, data/chr9.fa, data/annotations/ENSG00000130559.fa
    output: data/annotationsLessExon/ENSG00000130559.mem
    jobid: 4964
    benchmark: benchmarks/ENSG00000130559.tsv
    wildcards: gene=ENSG00000130559

[Mon May 25 16:30:12 2020]
Finished job 4965.
49 of 15596 steps (0.31%) done

[Mon May 25 16:30:12 2020]
rule generateMemNoExon:
    input: data/annotationsLessExon/ENSG00000130559.gtf, data/chr9.fa, data/annotations/ENSG00000130559.fa
    output: data/annotationsLessExon/ENSG00000130559NoExon.mem
    jobid: 4967
    benchmark: benchmarks/ENSG00000130559NoExon.tsv
    wildcards: gene=ENSG00000130559

[Mon May 25 16:30:17 2020]
Finished job 4967.
50 of 15596 steps (0.32%) done

[Mon May 25 16:30:17 2020]
rule generateMemNoIntron:
    input: data/annotations/ENSG00000148343.gtf, data/chr9.fa, data/annotations/ENSG00000148343.fa
    output: data/annotations/ENSG00000148343.mem
    jobid: 7557
    benchmark: benchmarks/ENSG00000148343Origin.tsv
    wildcards: gene=ENSG00000148343

[Mon May 25 16:30:17 2020]
Finished job 4964.
51 of 15596 steps (0.33%) done

[Mon May 25 16:30:18 2020]
rule generateMemNoExon:
    input: data/annotationsLessExon/ENSG00000148343.gtf, data/chr9.fa, data/annotations/ENSG00000148343.fa
    output: data/annotationsLessExon/ENSG00000148343NoExon.mem
    jobid: 7559
    benchmark: benchmarks/ENSG00000148343NoExon.tsv
    wildcards: gene=ENSG00000148343

[Mon May 25 16:30:22 2020]
Finished job 7557.
52 of 15596 steps (0.33%) done

[Mon May 25 16:30:22 2020]
rule generateMemIntron:
    input: data/annotationsLessExon/ENSG00000148343.gtf, data/chr9.fa, data/annotations/ENSG00000148343.fa
    output: data/annotationsLessExon/ENSG00000148343.mem
    jobid: 7556
    benchmark: benchmarks/ENSG00000148343.tsv
    wildcards: gene=ENSG00000148343

[Mon May 25 16:30:23 2020]
Finished job 7559.
53 of 15596 steps (0.34%) done

[Mon May 25 16:30:23 2020]
rule removeExon:
    input: data/annotations/ENSG00000165271.gtf, data/chr9.fa
    output: data/annotationsLessExon/ENSG00000165271.gtf
    jobid: 9454
    wildcards: ann=data/annotationsLessExon, gene=ENSG00000165271

[Mon May 25 16:30:24 2020]
Finished job 9454.
54 of 15596 steps (0.35%) done

[Mon May 25 16:30:25 2020]
rule generateReads:
    input: data/annotations/ENSG00000165271.gtf, data/chr9.fa
    output: data/annotations/ENSG00000165271.fa
    jobid: 15200
    wildcards: gene=ENSG00000165271

[Mon May 25 16:30:33 2020]
Finished job 7556.
55 of 15596 steps (0.35%) done

[Mon May 25 16:30:33 2020]
rule generateReads:
    input: data/annotations/ENSG00000147854.gtf, data/chr9.fa
    output: data/annotations/ENSG00000147854.fa
    jobid: 15444
    wildcards: gene=ENSG00000147854

[Mon May 25 16:30:34 2020]
Finished job 15200.
56 of 15596 steps (0.36%) done

[Mon May 25 16:30:34 2020]
rule generateMemNoIntron:
    input: data/annotations/ENSG00000165271.gtf, data/chr9.fa, data/annotations/ENSG00000165271.fa
    output: data/annotations/ENSG00000165271.mem
    jobid: 9453
    benchmark: benchmarks/ENSG00000165271Origin.tsv
    wildcards: gene=ENSG00000165271

[Mon May 25 16:30:39 2020]
Finished job 9453.
57 of 15596 steps (0.37%) done

[Mon May 25 16:30:39 2020]
rule generateMemIntron:
    input: data/annotationsLessExon/ENSG00000165271.gtf, data/chr9.fa, data/annotations/ENSG00000165271.fa
    output: data/annotationsLessExon/ENSG00000165271.mem
    jobid: 9452
    benchmark: benchmarks/ENSG00000165271.tsv
    wildcards: gene=ENSG00000165271

[Mon May 25 16:30:42 2020]
Finished job 15444.
58 of 15596 steps (0.37%) done

[Mon May 25 16:30:42 2020]
rule generateMemNoExon:
    input: data/annotationsLessExon/ENSG00000165271.gtf, data/chr9.fa, data/annotations/ENSG00000165271.fa
    output: data/annotationsLessExon/ENSG00000165271NoExon.mem
    jobid: 9455
    benchmark: benchmarks/ENSG00000165271NoExon.tsv
    wildcards: gene=ENSG00000165271

[Mon May 25 16:30:46 2020]
Finished job 9452.
59 of 15596 steps (0.38%) done

[Mon May 25 16:30:46 2020]
rule generateMemNoIntron:
    input: data/annotations/ENSG00000147854.gtf, data/chr9.fa, data/annotations/ENSG00000147854.fa
    output: data/annotations/ENSG00000147854.mem
    jobid: 10429
    benchmark: benchmarks/ENSG00000147854Origin.tsv
    wildcards: gene=ENSG00000147854

[Mon May 25 16:30:48 2020]
Finished job 9455.
60 of 15596 steps (0.38%) done

[Mon May 25 16:30:48 2020]
rule removeExon:
    input: data/annotations/ENSG00000147854.gtf, data/chr9.fa
    output: data/annotationsLessExon/ENSG00000147854.gtf
    jobid: 10430
    wildcards: ann=data/annotationsLessExon, gene=ENSG00000147854

[Mon May 25 16:30:49 2020]
Finished job 10430.
61 of 15596 steps (0.39%) done

[Mon May 25 16:30:49 2020]
rule generateMemNoExon:
    input: data/annotationsLessExon/ENSG00000147854.gtf, data/chr9.fa, data/annotations/ENSG00000147854.fa
    output: data/annotationsLessExon/ENSG00000147854NoExon.mem
    jobid: 10431
    benchmark: benchmarks/ENSG00000147854NoExon.tsv
    wildcards: gene=ENSG00000147854

[Mon May 25 16:30:50 2020]
Finished job 8476.
62 of 15596 steps (0.40%) done

[Mon May 25 16:30:50 2020]
rule generateMemIntron:
    input: data/annotationsLessExon/ENSG00000147854.gtf, data/chr9.fa, data/annotations/ENSG00000147854.fa
    output: data/annotationsLessExon/ENSG00000147854.mem
    jobid: 10428
    benchmark: benchmarks/ENSG00000147854.tsv
    wildcards: gene=ENSG00000147854

[Mon May 25 16:30:51 2020]
Finished job 10429.
63 of 15596 steps (0.40%) done

[Mon May 25 16:30:51 2020]
rule generateReads:
    input: data/annotations/ENSG00000157657.gtf, data/chr9.fa
    output: data/annotations/ENSG00000157657.fa
    jobid: 16177
    wildcards: gene=ENSG00000157657

[Mon May 25 16:30:54 2020]
Finished job 10431.
64 of 15596 steps (0.41%) done

[Mon May 25 16:30:54 2020]
rule removeExon:
    input: data/annotations/ENSG00000157657.gtf, data/chr9.fa
    output: data/annotationsLessExon/ENSG00000157657.gtf
    jobid: 13362
    wildcards: ann=data/annotationsLessExon, gene=ENSG00000157657

[Mon May 25 16:30:55 2020]
Finished job 13362.
65 of 15596 steps (0.42%) done

[Mon May 25 16:30:55 2020]
rule removeExon:
    input: data/annotations/ENSG00000148334.gtf, data/chr9.fa
    output: data/annotationsLessExon/ENSG00000148334.gtf
    jobid: 8242
    wildcards: ann=data/annotationsLessExon, gene=ENSG00000148334

[Mon May 25 16:30:57 2020]
Finished job 8242.
66 of 15596 steps (0.42%) done

[Mon May 25 16:30:57 2020]
rule generateReads:
    input: data/annotations/ENSG00000148334.gtf, data/chr9.fa
    output: data/annotations/ENSG00000148334.fa
    jobid: 14897
    wildcards: gene=ENSG00000148334

[Mon May 25 16:30:57 2020]
Finished job 10428.
67 of 15596 steps (0.43%) done

[Mon May 25 16:30:57 2020]
rule generateMemIntron:
    input: data/annotationsLessExon/ENSG00000137103.gtf, data/chr9.fa, data/annotations/ENSG00000137103.fa
    output: data/annotationsLessExon/ENSG00000137103.mem
    jobid: 13528
    benchmark: benchmarks/ENSG00000137103.tsv
    wildcards: gene=ENSG00000137103

[Mon May 25 16:30:58 2020]
Finished job 13528.
68 of 15596 steps (0.44%) done

[Mon May 25 16:30:58 2020]
rule generateMemNoExon:
    input: data/annotationsLessExon/ENSG00000137103.gtf, data/chr9.fa, data/annotations/ENSG00000137103.fa
    output: data/annotationsLessExon/ENSG00000137103NoExon.mem
    jobid: 13531
    benchmark: benchmarks/ENSG00000137103NoExon.tsv
    wildcards: gene=ENSG00000137103

[Mon May 25 16:30:58 2020]
Finished job 13531.
69 of 15596 steps (0.44%) done

[Mon May 25 16:30:58 2020]
rule generateReads:
    input: data/annotations/ENSG00000276203.gtf, data/chr9.fa
    output: data/annotations/ENSG00000276203.fa
    jobid: 14282
    wildcards: gene=ENSG00000276203

[Mon May 25 16:30:59 2020]
Finished job 16177.
70 of 15596 steps (0.45%) done

[Mon May 25 16:30:59 2020]
rule generateMemNoIntron:
    input: data/annotations/ENSG00000157657.gtf, data/chr9.fa, data/annotations/ENSG00000157657.fa
    output: data/annotations/ENSG00000157657.mem
    jobid: 13361
    benchmark: benchmarks/ENSG00000157657Origin.tsv
    wildcards: gene=ENSG00000157657

[Mon May 25 16:31:04 2020]
Finished job 13361.
71 of 15596 steps (0.46%) done

[Mon May 25 16:31:04 2020]
rule generateMemIntron:
    input: data/annotationsLessExon/ENSG00000157657.gtf, data/chr9.fa, data/annotations/ENSG00000157657.fa
    output: data/annotationsLessExon/ENSG00000157657.mem
    jobid: 13360
    benchmark: benchmarks/ENSG00000157657.tsv
    wildcards: gene=ENSG00000157657

[Mon May 25 16:31:06 2020]
Finished job 14897.
72 of 15596 steps (0.46%) done

[Mon May 25 16:31:06 2020]
rule generateMemNoExon:
    input: data/annotationsLessExon/ENSG00000157657.gtf, data/chr9.fa, data/annotations/ENSG00000157657.fa
    output: data/annotationsLessExon/ENSG00000157657NoExon.mem
    jobid: 13363
    benchmark: benchmarks/ENSG00000157657NoExon.tsv
    wildcards: gene=ENSG00000157657

[Mon May 25 16:31:08 2020]
Finished job 14282.
73 of 15596 steps (0.47%) done

[Mon May 25 16:31:08 2020]
rule generateMemNoIntron:
    input: data/annotations/ENSG00000148334.gtf, data/chr9.fa, data/annotations/ENSG00000148334.fa
    output: data/annotations/ENSG00000148334.mem
    jobid: 8241
    benchmark: benchmarks/ENSG00000148334Origin.tsv
    wildcards: gene=ENSG00000148334

[Mon May 25 16:31:12 2020]
Finished job 13363.
74 of 15596 steps (0.47%) done

[Mon May 25 16:31:12 2020]
rule generateMemNoExon:
    input: data/annotationsLessExon/ENSG00000148334.gtf, data/chr9.fa, data/annotations/ENSG00000148334.fa
    output: data/annotationsLessExon/ENSG00000148334NoExon.mem
    jobid: 8243
    benchmark: benchmarks/ENSG00000148334NoExon.tsv
    wildcards: gene=ENSG00000148334

[Mon May 25 16:31:12 2020]
Finished job 13360.
75 of 15596 steps (0.48%) done

[Mon May 25 16:31:13 2020]
rule generateMemIntron:
    input: data/annotationsLessExon/ENSG00000148334.gtf, data/chr9.fa, data/annotations/ENSG00000148334.fa
    output: data/annotationsLessExon/ENSG00000148334.mem
    jobid: 8240
    benchmark: benchmarks/ENSG00000148334.tsv
    wildcards: gene=ENSG00000148334

[Mon May 25 16:31:15 2020]
Finished job 8241.
76 of 15596 steps (0.49%) done

[Mon May 25 16:31:15 2020]
rule generateMemNoIntron:
    input: data/annotations/ENSG00000276203.gtf, data/chr9.fa, data/annotations/ENSG00000276203.fa
    output: data/annotations/ENSG00000276203.mem
    jobid: 5781
    benchmark: benchmarks/ENSG00000276203Origin.tsv
    wildcards: gene=ENSG00000276203

[Mon May 25 16:31:18 2020]
Finished job 8243.
77 of 15596 steps (0.49%) done

[Mon May 25 16:31:18 2020]
rule removeExon:
    input: data/annotations/ENSG00000276203.gtf, data/chr9.fa
    output: data/annotationsLessExon/ENSG00000276203.gtf
    jobid: 5782
    wildcards: ann=data/annotationsLessExon, gene=ENSG00000276203

[Mon May 25 16:31:20 2020]
Finished job 5782.
78 of 15596 steps (0.50%) done
[Mon May 25 16:31:20 2020]
Finished job 5781.
79 of 15596 steps (0.51%) done

[Mon May 25 16:31:20 2020]
rule generateMemNoExon:
    input: data/annotationsLessExon/ENSG00000276203.gtf, data/chr9.fa, data/annotations/ENSG00000276203.fa
    output: data/annotationsLessExon/ENSG00000276203NoExon.mem
    jobid: 5783
    benchmark: benchmarks/ENSG00000276203NoExon.tsv
    wildcards: gene=ENSG00000276203


[Mon May 25 16:31:20 2020]
rule generateMemIntron:
    input: data/annotationsLessExon/ENSG00000276203.gtf, data/chr9.fa, data/annotations/ENSG00000276203.fa
    output: data/annotationsLessExon/ENSG00000276203.mem
    jobid: 5780
    benchmark: benchmarks/ENSG00000276203.tsv
    wildcards: gene=ENSG00000276203

[Mon May 25 16:31:21 2020]
Finished job 8240.
80 of 15596 steps (0.51%) done

[Mon May 25 16:31:21 2020]
rule removeExon:
    input: data/annotations/ENSG00000130948.gtf, data/chr9.fa
    output: data/annotationsLessExon/ENSG00000130948.gtf
    jobid: 7358
    wildcards: ann=data/annotationsLessExon, gene=ENSG00000130948

[Mon May 25 16:31:23 2020]
Finished job 7358.
81 of 15596 steps (0.52%) done

[Mon May 25 16:31:23 2020]
rule generateReads:
    input: data/annotations/ENSG00000130948.gtf, data/chr9.fa
    output: data/annotations/ENSG00000130948.fa
    jobid: 14676
    wildcards: gene=ENSG00000130948

[Mon May 25 16:31:25 2020]
Finished job 5783.
82 of 15596 steps (0.53%) done

[Mon May 25 16:31:25 2020]
rule removeExon:
    input: data/annotations/ENSG00000135063.gtf, data/chr9.fa
    output: data/annotationsLessExon/ENSG00000135063.gtf
    jobid: 6006
    wildcards: ann=data/annotationsLessExon, gene=ENSG00000135063

[Mon May 25 16:31:27 2020]
Finished job 6006.
83 of 15596 steps (0.53%) done

[Mon May 25 16:31:27 2020]
rule generateReads:
    input: data/annotations/ENSG00000135063.gtf, data/chr9.fa
    output: data/annotations/ENSG00000135063.fa
    jobid: 14338
    wildcards: gene=ENSG00000135063

[Mon May 25 16:31:27 2020]
Finished job 5780.
84 of 15596 steps (0.54%) done

[Mon May 25 16:31:27 2020]
rule removeExon:
    input: data/annotations/ENSG00000260691.gtf, data/chr9.fa
    output: data/annotationsLessExon/ENSG00000260691.gtf
    jobid: 4858
    wildcards: ann=data/annotationsLessExon, gene=ENSG00000260691

[Mon May 25 16:31:29 2020]
Finished job 4858.
85 of 15596 steps (0.55%) done

[Mon May 25 16:31:29 2020]
rule generateReads:
    input: data/annotations/ENSG00000260691.gtf, data/chr9.fa
    output: data/annotations/ENSG00000260691.fa
    jobid: 14051
    wildcards: gene=ENSG00000260691

[Mon May 25 16:31:33 2020]
Finished job 14676.
86 of 15596 steps (0.55%) done

[Mon May 25 16:31:33 2020]
rule generateMemNoIntron:
    input: data/annotations/ENSG00000130948.gtf, data/chr9.fa, data/annotations/ENSG00000130948.fa
    output: data/annotations/ENSG00000130948.mem
    jobid: 7357
    benchmark: benchmarks/ENSG00000130948Origin.tsv
    wildcards: gene=ENSG00000130948

[Mon May 25 16:31:36 2020]
Finished job 14338.
87 of 15596 steps (0.56%) done

[Mon May 25 16:31:36 2020]
rule generateMemNoIntron:
    input: data/annotations/ENSG00000135063.gtf, data/chr9.fa, data/annotations/ENSG00000135063.fa
    output: data/annotations/ENSG00000135063.mem
    jobid: 6005
    benchmark: benchmarks/ENSG00000135063Origin.tsv
    wildcards: gene=ENSG00000135063

[Mon May 25 16:31:38 2020]
Finished job 7357.
88 of 15596 steps (0.56%) done

[Mon May 25 16:31:38 2020]
rule generateMemIntron:
    input: data/annotationsLessExon/ENSG00000135063.gtf, data/chr9.fa, data/annotations/ENSG00000135063.fa
    output: data/annotationsLessExon/ENSG00000135063.mem
    jobid: 6004
    benchmark: benchmarks/ENSG00000135063.tsv
    wildcards: gene=ENSG00000135063

[Mon May 25 16:31:38 2020]
Finished job 14051.
89 of 15596 steps (0.57%) done

[Mon May 25 16:31:39 2020]
rule generateMemNoIntron:
    input: data/annotations/ENSG00000260691.gtf, data/chr9.fa, data/annotations/ENSG00000260691.fa
    output: data/annotations/ENSG00000260691.mem
    jobid: 4857
    benchmark: benchmarks/ENSG00000260691Origin.tsv
    wildcards: gene=ENSG00000260691

[Mon May 25 16:31:42 2020]
Finished job 6005.
90 of 15596 steps (0.58%) done

[Mon May 25 16:31:42 2020]
rule generateMemNoExon:
    input: data/annotationsLessExon/ENSG00000260691.gtf, data/chr9.fa, data/annotations/ENSG00000260691.fa
    output: data/annotationsLessExon/ENSG00000260691NoExon.mem
    jobid: 4859
    benchmark: benchmarks/ENSG00000260691NoExon.tsv
    wildcards: gene=ENSG00000260691

[Mon May 25 16:31:44 2020]
Finished job 4857.
91 of 15596 steps (0.58%) done

[Mon May 25 16:31:44 2020]
rule generateMemIntron:
    input: data/annotationsLessExon/ENSG00000260691.gtf, data/chr9.fa, data/annotations/ENSG00000260691.fa
    output: data/annotationsLessExon/ENSG00000260691.mem
    jobid: 4856
    benchmark: benchmarks/ENSG00000260691.tsv
    wildcards: gene=ENSG00000260691

[Mon May 25 16:31:47 2020]
Finished job 4859.
92 of 15596 steps (0.59%) done

[Mon May 25 16:31:47 2020]
rule generateMemNoExon:
    input: data/annotationsLessExon/ENSG00000135063.gtf, data/chr9.fa, data/annotations/ENSG00000135063.fa
    output: data/annotationsLessExon/ENSG00000135063NoExon.mem
    jobid: 6007
    benchmark: benchmarks/ENSG00000135063NoExon.tsv
    wildcards: gene=ENSG00000135063

[Mon May 25 16:31:47 2020]
Finished job 6004.
93 of 15596 steps (0.60%) done

[Mon May 25 16:31:48 2020]
rule generateMemNoExon:
    input: data/annotationsLessExon/ENSG00000130948.gtf, data/chr9.fa, data/annotations/ENSG00000130948.fa
    output: data/annotationsLessExon/ENSG00000130948NoExon.mem
    jobid: 7359
    benchmark: benchmarks/ENSG00000130948NoExon.tsv
    wildcards: gene=ENSG00000130948

[Mon May 25 16:31:52 2020]
Finished job 7359.
94 of 15596 steps (0.60%) done

[Mon May 25 16:31:52 2020]
rule generateMemIntron:
    input: data/annotationsLessExon/ENSG00000130948.gtf, data/chr9.fa, data/annotations/ENSG00000130948.fa
    output: data/annotationsLessExon/ENSG00000130948.mem
    jobid: 7356
    benchmark: benchmarks/ENSG00000130948.tsv
    wildcards: gene=ENSG00000130948

[Mon May 25 16:31:52 2020]
Finished job 6007.
95 of 15596 steps (0.61%) done

[Mon May 25 16:31:52 2020]
rule generateReads:
    input: data/annotations/ENSG00000107242.gtf, data/chr9.fa
    output: data/annotations/ENSG00000107242.fa
    jobid: 15192
    wildcards: gene=ENSG00000107242

[Mon May 25 16:31:53 2020]
Finished job 4856.
96 of 15596 steps (0.62%) done

[Mon May 25 16:31:53 2020]
rule removeExon:
    input: data/annotations/ENSG00000107242.gtf, data/chr9.fa
    output: data/annotationsLessExon/ENSG00000107242.gtf
    jobid: 9422
    wildcards: ann=data/annotationsLessExon, gene=ENSG00000107242

[Mon May 25 16:31:54 2020]
Finished job 9422.
97 of 15596 steps (0.62%) done

[Mon May 25 16:31:54 2020]
rule removeExon:
    input: data/annotations/ENSG00000187742.gtf, data/chr9.fa
    output: data/annotationsLessExon/ENSG00000187742.gtf
    jobid: 4674
    wildcards: ann=data/annotationsLessExon, gene=ENSG00000187742

[Mon May 25 16:31:57 2020]
Finished job 4674.
98 of 15596 steps (0.63%) done

[Mon May 25 16:31:57 2020]
rule generateReads:
    input: data/annotations/ENSG00000187742.gtf, data/chr9.fa
    output: data/annotations/ENSG00000187742.fa
    jobid: 14005
    wildcards: gene=ENSG00000187742

[Mon May 25 16:32:01 2020]
Finished job 7356.
99 of 15596 steps (0.63%) done

[Mon May 25 16:32:01 2020]
rule generateReads:
    input: data/annotations/ENSG00000122735.gtf, data/chr9.fa
    output: data/annotations/ENSG00000122735.fa
    jobid: 15247
    wildcards: gene=ENSG00000122735

[Mon May 25 16:32:02 2020]
Finished job 15192.
100 of 15596 steps (0.64%) done

[Mon May 25 16:32:02 2020]
rule generateMemNoIntron:
    input: data/annotations/ENSG00000107242.gtf, data/chr9.fa, data/annotations/ENSG00000107242.fa
    output: data/annotations/ENSG00000107242.mem
    jobid: 9421
    benchmark: benchmarks/ENSG00000107242Origin.tsv
    wildcards: gene=ENSG00000107242

[Mon May 25 16:32:07 2020]
Finished job 14005.
101 of 15596 steps (0.65%) done
[Mon May 25 16:32:07 2020]
Finished job 9421.
102 of 15596 steps (0.65%) done

[Mon May 25 16:32:07 2020]
rule generateMemNoIntron:
    input: data/annotations/ENSG00000187742.gtf, data/chr9.fa, data/annotations/ENSG00000187742.fa
    output: data/annotations/ENSG00000187742.mem
    jobid: 4673
    benchmark: benchmarks/ENSG00000187742Origin.tsv
    wildcards: gene=ENSG00000187742


[Mon May 25 16:32:07 2020]
rule generateMemNoExon:
    input: data/annotationsLessExon/ENSG00000107242.gtf, data/chr9.fa, data/annotations/ENSG00000107242.fa
    output: data/annotationsLessExon/ENSG00000107242NoExon.mem
    jobid: 9423
    benchmark: benchmarks/ENSG00000107242NoExon.tsv
    wildcards: gene=ENSG00000107242

[Mon May 25 16:32:10 2020]
Finished job 15247.
103 of 15596 steps (0.66%) done

[Mon May 25 16:32:10 2020]
rule generateMemNoIntron:
    input: data/annotations/ENSG00000122735.gtf, data/chr9.fa, data/annotations/ENSG00000122735.fa
    output: data/annotations/ENSG00000122735.mem
    jobid: 9641
    benchmark: benchmarks/ENSG00000122735Origin.tsv
    wildcards: gene=ENSG00000122735

[Mon May 25 16:32:12 2020]
Finished job 9423.
104 of 15596 steps (0.67%) done

[Mon May 25 16:32:12 2020]
rule generateMemIntron:
    input: data/annotationsLessExon/ENSG00000107242.gtf, data/chr9.fa, data/annotations/ENSG00000107242.fa
    output: data/annotationsLessExon/ENSG00000107242.mem
    jobid: 9420
    benchmark: benchmarks/ENSG00000107242.tsv
    wildcards: gene=ENSG00000107242

[Mon May 25 16:32:12 2020]
Finished job 4673.
105 of 15596 steps (0.67%) done

[Mon May 25 16:32:12 2020]
rule generateMemIntron:
    input: data/annotationsLessExon/ENSG00000187742.gtf, data/chr9.fa, data/annotations/ENSG00000187742.fa
    output: data/annotationsLessExon/ENSG00000187742.mem
    jobid: 4672
    benchmark: benchmarks/ENSG00000187742.tsv
    wildcards: gene=ENSG00000187742

[Mon May 25 16:32:15 2020]
Finished job 9641.
106 of 15596 steps (0.68%) done

[Mon May 25 16:32:15 2020]
rule generateMemNoExon:
    input: data/annotationsLessExon/ENSG00000187742.gtf, data/chr9.fa, data/annotations/ENSG00000187742.fa
    output: data/annotationsLessExon/ENSG00000187742NoExon.mem
    jobid: 4675
    benchmark: benchmarks/ENSG00000187742NoExon.tsv
    wildcards: gene=ENSG00000187742

[Mon May 25 16:32:19 2020]
Finished job 4672.
107 of 15596 steps (0.69%) done

[Mon May 25 16:32:20 2020]
rule removeExon:
    input: data/annotations/ENSG00000122735.gtf, data/chr9.fa
    output: data/annotationsLessExon/ENSG00000122735.gtf
    jobid: 9642
    wildcards: ann=data/annotationsLessExon, gene=ENSG00000122735

[Mon May 25 16:32:20 2020]
Finished job 4675.
108 of 15596 steps (0.69%) done

[Mon May 25 16:32:21 2020]
rule removeExon:
    input: data/annotations/ENSG00000136928.gtf, data/chr9.fa
    output: data/annotationsLessExon/ENSG00000136928.gtf
    jobid: 7634
    wildcards: ann=data/annotationsLessExon, gene=ENSG00000136928

[Mon May 25 16:32:21 2020]
Finished job 9642.
109 of 15596 steps (0.70%) done

[Mon May 25 16:32:21 2020]
rule generateMemIntron:
    input: data/annotationsLessExon/ENSG00000122735.gtf, data/chr9.fa, data/annotations/ENSG00000122735.fa
    output: data/annotationsLessExon/ENSG00000122735.mem
    jobid: 9640
    benchmark: benchmarks/ENSG00000122735.tsv
    wildcards: gene=ENSG00000122735

[Mon May 25 16:32:22 2020]
Finished job 9420.
110 of 15596 steps (0.71%) done

[Mon May 25 16:32:22 2020]
rule generateMemNoExon:
    input: data/annotationsLessExon/ENSG00000122735.gtf, data/chr9.fa, data/annotations/ENSG00000122735.fa
    output: data/annotationsLessExon/ENSG00000122735NoExon.mem
    jobid: 9643
    benchmark: benchmarks/ENSG00000122735NoExon.tsv
    wildcards: gene=ENSG00000122735

[Mon May 25 16:32:22 2020]
Finished job 7634.
111 of 15596 steps (0.71%) done

[Mon May 25 16:32:22 2020]
rule generateReads:
    input: data/annotations/ENSG00000136928.gtf, data/chr9.fa
    output: data/annotations/ENSG00000136928.fa
    jobid: 14745
    wildcards: gene=ENSG00000136928

[Mon May 25 16:32:26 2020]
Finished job 9643.
112 of 15596 steps (0.72%) done

[Mon May 25 16:32:26 2020]
rule generateReads:
    input: data/annotations/ENSG00000148187.gtf, data/chr9.fa
    output: data/annotations/ENSG00000148187.fa
    jobid: 14386
    wildcards: gene=ENSG00000148187

[Mon May 25 16:32:28 2020]
Finished job 9640.
113 of 15596 steps (0.72%) done

[Mon May 25 16:32:28 2020]
rule removeExon:
    input: data/annotations/ENSG00000148187.gtf, data/chr9.fa
    output: data/annotationsLessExon/ENSG00000148187.gtf
    jobid: 6198
    wildcards: ann=data/annotationsLessExon, gene=ENSG00000148187

[Mon May 25 16:32:30 2020]
Finished job 6198.
114 of 15596 steps (0.73%) done

[Mon May 25 16:32:30 2020]
rule generateReads:
    input: data/annotations/ENSG00000099219.gtf, data/chr9.fa
    output: data/annotations/ENSG00000099219.fa
    jobid: 15099
    wildcards: gene=ENSG00000099219

[Mon May 25 16:32:32 2020]
Finished job 14745.
115 of 15596 steps (0.74%) done

[Mon May 25 16:32:32 2020]
rule generateMemNoIntron:
    input: data/annotations/ENSG00000136928.gtf, data/chr9.fa, data/annotations/ENSG00000136928.fa
    output: data/annotations/ENSG00000136928.mem
    jobid: 7633
    benchmark: benchmarks/ENSG00000136928Origin.tsv
    wildcards: gene=ENSG00000136928

[Mon May 25 16:32:36 2020]
Finished job 14386.
116 of 15596 steps (0.74%) done

[Mon May 25 16:32:36 2020]
rule generateMemNoIntron:
    input: data/annotations/ENSG00000148187.gtf, data/chr9.fa, data/annotations/ENSG00000148187.fa
    output: data/annotations/ENSG00000148187.mem
    jobid: 6197
    benchmark: benchmarks/ENSG00000148187Origin.tsv
    wildcards: gene=ENSG00000148187

[Mon May 25 16:32:37 2020]
Finished job 7633.
117 of 15596 steps (0.75%) done

[Mon May 25 16:32:37 2020]
rule generateMemNoExon:
    input: data/annotationsLessExon/ENSG00000148187.gtf, data/chr9.fa, data/annotations/ENSG00000148187.fa
    output: data/annotationsLessExon/ENSG00000148187NoExon.mem
    jobid: 6199
    benchmark: benchmarks/ENSG00000148187NoExon.tsv
    wildcards: gene=ENSG00000148187

[Mon May 25 16:32:40 2020]
Finished job 15099.
118 of 15596 steps (0.76%) done

[Mon May 25 16:32:40 2020]
rule generateMemIntron:
    input: data/annotationsLessExon/ENSG00000148187.gtf, data/chr9.fa, data/annotations/ENSG00000148187.fa
    output: data/annotationsLessExon/ENSG00000148187.mem
    jobid: 6196
    benchmark: benchmarks/ENSG00000148187.tsv
    wildcards: gene=ENSG00000148187

[Mon May 25 16:32:41 2020]
Finished job 6197.
119 of 15596 steps (0.76%) done

[Mon May 25 16:32:42 2020]
rule generateMemNoExon:
    input: data/annotationsLessExon/ENSG00000136928.gtf, data/chr9.fa, data/annotations/ENSG00000136928.fa
    output: data/annotationsLessExon/ENSG00000136928NoExon.mem
    jobid: 7635
    benchmark: benchmarks/ENSG00000136928NoExon.tsv
    wildcards: gene=ENSG00000136928

[Mon May 25 16:32:43 2020]
Finished job 6199.
120 of 15596 steps (0.77%) done

[Mon May 25 16:32:43 2020]
rule generateMemIntron:
    input: data/annotationsLessExon/ENSG00000136928.gtf, data/chr9.fa, data/annotations/ENSG00000136928.fa
    output: data/annotationsLessExon/ENSG00000136928.mem
    jobid: 7632
    benchmark: benchmarks/ENSG00000136928.tsv
    wildcards: gene=ENSG00000136928

[Mon May 25 16:32:46 2020]
Finished job 7635.
121 of 15596 steps (0.78%) done

[Mon May 25 16:32:46 2020]
rule generateMemNoIntron:
    input: data/annotations/ENSG00000099219.gtf, data/chr9.fa, data/annotations/ENSG00000099219.fa
    output: data/annotations/ENSG00000099219.mem
    jobid: 9049
    benchmark: benchmarks/ENSG00000099219Origin.tsv
    wildcards: gene=ENSG00000099219

[Mon May 25 16:32:49 2020]
Finished job 6196.
122 of 15596 steps (0.78%) done

[Mon May 25 16:32:49 2020]
rule removeExon:
    input: data/annotations/ENSG00000099219.gtf, data/chr9.fa
    output: data/annotationsLessExon/ENSG00000099219.gtf
    jobid: 9050
    wildcards: ann=data/annotationsLessExon, gene=ENSG00000099219

[Mon May 25 16:32:50 2020]
Finished job 9050.
123 of 15596 steps (0.79%) done

[Mon May 25 16:32:51 2020]
rule generateMemIntron:
    input: data/annotationsLessExon/ENSG00000099219.gtf, data/chr9.fa, data/annotations/ENSG00000099219.fa
    output: data/annotationsLessExon/ENSG00000099219.mem
    jobid: 9048
    benchmark: benchmarks/ENSG00000099219.tsv
    wildcards: gene=ENSG00000099219

[Mon May 25 16:32:51 2020]
Finished job 9049.
124 of 15596 steps (0.80%) done

[Mon May 25 16:32:51 2020]
rule generateMemNoExon:
    input: data/annotationsLessExon/ENSG00000099219.gtf, data/chr9.fa, data/annotations/ENSG00000099219.fa
    output: data/annotationsLessExon/ENSG00000099219NoExon.mem
    jobid: 9051
    benchmark: benchmarks/ENSG00000099219NoExon.tsv
    wildcards: gene=ENSG00000099219

[Mon May 25 16:32:56 2020]
Finished job 9051.
125 of 15596 steps (0.80%) done

[Mon May 25 16:32:56 2020]
rule generateReads:
    input: data/annotations/ENSG00000070214.gtf, data/chr9.fa
    output: data/annotations/ENSG00000070214.fa
    jobid: 14623
    wildcards: gene=ENSG00000070214

[Mon May 25 16:32:57 2020]
Finished job 9048.
126 of 15596 steps (0.81%) done

[Mon May 25 16:32:57 2020]
rule removeExon:
    input: data/annotations/ENSG00000070214.gtf, data/chr9.fa
    output: data/annotationsLessExon/ENSG00000070214.gtf
    jobid: 7146
    wildcards: ann=data/annotationsLessExon, gene=ENSG00000070214

[Mon May 25 16:32:59 2020]
Finished job 7146.
127 of 15596 steps (0.81%) done

[Mon May 25 16:32:59 2020]
rule generateReads:
    input: data/annotations/ENSG00000130713.gtf, data/chr9.fa
    output: data/annotations/ENSG00000130713.fa
    jobid: 15033
    wildcards: gene=ENSG00000130713

[Mon May 25 16:33:05 2020]
Finished job 14623.
128 of 15596 steps (0.82%) done

[Mon May 25 16:33:05 2020]
rule generateMemNoIntron:
    input: data/annotations/ENSG00000070214.gtf, data/chr9.fa, data/annotations/ENSG00000070214.fa
    output: data/annotations/ENSG00000070214.mem
    jobid: 7145
    benchmark: benchmarks/ENSG00000070214Origin.tsv
    wildcards: gene=ENSG00000070214

[Mon May 25 16:33:08 2020]
Finished job 15033.
129 of 15596 steps (0.83%) done

[Mon May 25 16:33:08 2020]
rule generateMemIntron:
    input: data/annotationsLessExon/ENSG00000070214.gtf, data/chr9.fa, data/annotations/ENSG00000070214.fa
    output: data/annotationsLessExon/ENSG00000070214.mem
    jobid: 7144
    benchmark: benchmarks/ENSG00000070214.tsv
    wildcards: gene=ENSG00000070214

[Mon May 25 16:33:12 2020]
Finished job 7145.
130 of 15596 steps (0.83%) done

[Mon May 25 16:33:12 2020]
rule generateMemNoExon:
    input: data/annotationsLessExon/ENSG00000070214.gtf, data/chr9.fa, data/annotations/ENSG00000070214.fa
    output: data/annotationsLessExon/ENSG00000070214NoExon.mem
    jobid: 7147
    benchmark: benchmarks/ENSG00000070214NoExon.tsv
    wildcards: gene=ENSG00000070214

[Mon May 25 16:33:18 2020]
Finished job 7147.
131 of 15596 steps (0.84%) done

[Mon May 25 16:33:18 2020]
rule generateMemNoIntron:
    input: data/annotations/ENSG00000130713.gtf, data/chr9.fa, data/annotations/ENSG00000130713.fa
    output: data/annotations/ENSG00000130713.mem
    jobid: 8785
    benchmark: benchmarks/ENSG00000130713Origin.tsv
    wildcards: gene=ENSG00000130713

[Mon May 25 16:33:21 2020]
Finished job 7632.
132 of 15596 steps (0.85%) done

[Mon May 25 16:33:21 2020]
rule removeExon:
    input: data/annotations/ENSG00000130713.gtf, data/chr9.fa
    output: data/annotationsLessExon/ENSG00000130713.gtf
    jobid: 8786
    wildcards: ann=data/annotationsLessExon, gene=ENSG00000130713

[Mon May 25 16:33:23 2020]
Finished job 8786.
133 of 15596 steps (0.85%) done

[Mon May 25 16:33:23 2020]
rule generateMemIntron:
    input: data/annotationsLessExon/ENSG00000130713.gtf, data/chr9.fa, data/annotations/ENSG00000130713.fa
    output: data/annotationsLessExon/ENSG00000130713.mem
    jobid: 8784
    benchmark: benchmarks/ENSG00000130713.tsv
    wildcards: gene=ENSG00000130713

[Mon May 25 16:33:23 2020]
Finished job 8785.
134 of 15596 steps (0.86%) done

[Mon May 25 16:33:23 2020]
rule generateMemNoExon:
    input: data/annotationsLessExon/ENSG00000130713.gtf, data/chr9.fa, data/annotations/ENSG00000130713.fa
    output: data/annotationsLessExon/ENSG00000130713NoExon.mem
    jobid: 8787
    benchmark: benchmarks/ENSG00000130713NoExon.tsv
    wildcards: gene=ENSG00000130713

[Mon May 25 16:33:29 2020]
Finished job 8787.
135 of 15596 steps (0.87%) done

[Mon May 25 16:33:29 2020]
rule removeExon:
    input: data/annotations/ENSG00000148399.gtf, data/chr9.fa
    output: data/annotationsLessExon/ENSG00000148399.gtf
    jobid: 8706
    wildcards: ann=data/annotationsLessExon, gene=ENSG00000148399

[Mon May 25 16:33:31 2020]
Finished job 8706.
136 of 15596 steps (0.87%) done
[Mon May 25 16:33:31 2020]
Finished job 8784.
137 of 15596 steps (0.88%) done

[Mon May 25 16:33:31 2020]
rule generateReads:
    input: data/annotations/ENSG00000148399.gtf, data/chr9.fa
    output: data/annotations/ENSG00000148399.fa
    jobid: 15013
    wildcards: gene=ENSG00000148399


[Mon May 25 16:33:31 2020]
rule generateReads:
    input: data/annotations/ENSG00000165688.gtf, data/chr9.fa
    output: data/annotations/ENSG00000165688.fa
    jobid: 14525
    wildcards: gene=ENSG00000165688

[Mon May 25 16:33:39 2020]
Finished job 14525.
138 of 15596 steps (0.88%) done

[Mon May 25 16:33:39 2020]
rule removeExon:
    input: data/annotations/ENSG00000165688.gtf, data/chr9.fa
    output: data/annotationsLessExon/ENSG00000165688.gtf
    jobid: 6754
    wildcards: ann=data/annotationsLessExon, gene=ENSG00000165688

[Mon May 25 16:33:40 2020]
Finished job 15013.
139 of 15596 steps (0.89%) done

[Mon May 25 16:33:41 2020]
rule generateMemNoIntron:
    input: data/annotations/ENSG00000148399.gtf, data/chr9.fa, data/annotations/ENSG00000148399.fa
    output: data/annotations/ENSG00000148399.mem
    jobid: 8705
    benchmark: benchmarks/ENSG00000148399Origin.tsv
    wildcards: gene=ENSG00000148399

[Mon May 25 16:33:41 2020]
Finished job 6754.
140 of 15596 steps (0.90%) done

[Mon May 25 16:33:41 2020]
rule generateMemIntron:
    input: data/annotationsLessExon/ENSG00000148399.gtf, data/chr9.fa, data/annotations/ENSG00000148399.fa
    output: data/annotationsLessExon/ENSG00000148399.mem
    jobid: 8704
    benchmark: benchmarks/ENSG00000148399.tsv
    wildcards: gene=ENSG00000148399

[Mon May 25 16:33:48 2020]
Finished job 8705.
141 of 15596 steps (0.90%) done

[Mon May 25 16:33:48 2020]
rule generateMemNoExon:
    input: data/annotationsLessExon/ENSG00000148399.gtf, data/chr9.fa, data/annotations/ENSG00000148399.fa
    output: data/annotationsLessExon/ENSG00000148399NoExon.mem
    jobid: 8707
    benchmark: benchmarks/ENSG00000148399NoExon.tsv
    wildcards: gene=ENSG00000148399

[Mon May 25 16:33:51 2020]
Finished job 8704.
142 of 15596 steps (0.91%) done

[Mon May 25 16:33:51 2020]
rule generateMemNoIntron:
    input: data/annotations/ENSG00000165688.gtf, data/chr9.fa, data/annotations/ENSG00000165688.fa
    output: data/annotations/ENSG00000165688.mem
    jobid: 6753
    benchmark: benchmarks/ENSG00000165688Origin.tsv
    wildcards: gene=ENSG00000165688

[Mon May 25 16:33:52 2020]
Finished job 6753.
143 of 15596 steps (0.92%) done

[Mon May 25 16:33:52 2020]
rule removeExon:
    input: data/annotations/ENSG00000267026.gtf, data/chr9.fa
    output: data/annotationsLessExon/ENSG00000267026.gtf
    jobid: 10010
    wildcards: ann=data/annotationsLessExon, gene=ENSG00000267026

[Mon May 25 16:33:53 2020]
Finished job 10010.
144 of 15596 steps (0.92%) done

[Mon May 25 16:33:53 2020]
rule generateReads:
    input: data/annotations/ENSG00000267026.gtf, data/chr9.fa
    output: data/annotations/ENSG00000267026.fa
    jobid: 15339
    wildcards: gene=ENSG00000267026

[Mon May 25 16:33:54 2020]
Finished job 8707.
145 of 15596 steps (0.93%) done

[Mon May 25 16:33:54 2020]
rule generateReads:
    input: data/annotations/ENSG00000173068.gtf, data/chr9.fa
    output: data/annotations/ENSG00000173068.fa
    jobid: 14187
    wildcards: gene=ENSG00000173068

[Mon May 25 16:34:02 2020]
Finished job 15339.
146 of 15596 steps (0.94%) done

[Mon May 25 16:34:02 2020]
rule generateMemNoExon:
    input: data/annotationsLessExon/ENSG00000267026.gtf, data/chr9.fa, data/annotations/ENSG00000267026.fa
    output: data/annotationsLessExon/ENSG00000267026NoExon.mem
    jobid: 10011
    benchmark: benchmarks/ENSG00000267026NoExon.tsv
    wildcards: gene=ENSG00000267026

[Mon May 25 16:34:03 2020]
Finished job 10011.
147 of 15596 steps (0.94%) done

[Mon May 25 16:34:03 2020]
rule generateMemNoIntron:
    input: data/annotations/ENSG00000267026.gtf, data/chr9.fa, data/annotations/ENSG00000267026.fa
    output: data/annotations/ENSG00000267026.mem
    jobid: 10009
    benchmark: benchmarks/ENSG00000267026Origin.tsv
    wildcards: gene=ENSG00000267026

[Mon May 25 16:34:04 2020]
Finished job 10009.
148 of 15596 steps (0.95%) done

[Mon May 25 16:34:04 2020]
rule generateMemIntron:
    input: data/annotationsLessExon/ENSG00000267026.gtf, data/chr9.fa, data/annotations/ENSG00000267026.fa
    output: data/annotationsLessExon/ENSG00000267026.mem
    jobid: 10008
    benchmark: benchmarks/ENSG00000267026.tsv
    wildcards: gene=ENSG00000267026

[Mon May 25 16:34:04 2020]
Finished job 14187.
149 of 15596 steps (0.96%) done

[Mon May 25 16:34:04 2020]
rule generateMemNoIntron:
    input: data/annotations/ENSG00000173068.gtf, data/chr9.fa, data/annotations/ENSG00000173068.fa
    output: data/annotations/ENSG00000173068.mem
    jobid: 5401
    benchmark: benchmarks/ENSG00000173068Origin.tsv
    wildcards: gene=ENSG00000173068

[Mon May 25 16:34:05 2020]
Finished job 10008.
150 of 15596 steps (0.96%) done

[Mon May 25 16:34:05 2020]
rule removeExon:
    input: data/annotations/ENSG00000173068.gtf, data/chr9.fa
    output: data/annotationsLessExon/ENSG00000173068.gtf
    jobid: 5402
    wildcards: ann=data/annotationsLessExon, gene=ENSG00000173068

[Mon May 25 16:34:07 2020]
Finished job 5402.
151 of 15596 steps (0.97%) done

[Mon May 25 16:34:07 2020]
rule generateMemIntron:
    input: data/annotationsLessExon/ENSG00000173068.gtf, data/chr9.fa, data/annotations/ENSG00000173068.fa
    output: data/annotationsLessExon/ENSG00000173068.mem
    jobid: 5400
    benchmark: benchmarks/ENSG00000173068.tsv
    wildcards: gene=ENSG00000173068

[Mon May 25 16:34:11 2020]
Finished job 5401.
152 of 15596 steps (0.97%) done

[Mon May 25 16:34:11 2020]
rule generateMemNoExon:
    input: data/annotationsLessExon/ENSG00000173068.gtf, data/chr9.fa, data/annotations/ENSG00000173068.fa
    output: data/annotationsLessExon/ENSG00000173068NoExon.mem
    jobid: 5403
    benchmark: benchmarks/ENSG00000173068NoExon.tsv
    wildcards: gene=ENSG00000173068

[Mon May 25 16:34:19 2020]
Finished job 5403.
153 of 15596 steps (0.98%) done

[Mon May 25 16:34:19 2020]
rule generateReads:
    input: data/annotations/ENSG00000197859.gtf, data/chr9.fa
    output: data/annotations/ENSG00000197859.fa
    jobid: 15440
    wildcards: gene=ENSG00000197859

[Mon May 25 16:34:28 2020]
Finished job 15440.
154 of 15596 steps (0.99%) done

[Mon May 25 16:34:28 2020]
rule generateMemNoIntron:
    input: data/annotations/ENSG00000197859.gtf, data/chr9.fa, data/annotations/ENSG00000197859.fa
    output: data/annotations/ENSG00000197859.mem
    jobid: 10413
    benchmark: benchmarks/ENSG00000197859Origin.tsv
    wildcards: gene=ENSG00000197859

[Mon May 25 16:34:32 2020]
Finished job 10413.
155 of 15596 steps (0.99%) done

[Mon May 25 16:34:32 2020]
rule removeExon:
    input: data/annotations/ENSG00000197859.gtf, data/chr9.fa
    output: data/annotationsLessExon/ENSG00000197859.gtf
    jobid: 10414
    wildcards: ann=data/annotationsLessExon, gene=ENSG00000197859

[Mon May 25 16:34:34 2020]
Finished job 10414.
156 of 15596 steps (1%) done

[Mon May 25 16:34:34 2020]
rule generateMemNoExon:
    input: data/annotationsLessExon/ENSG00000197859.gtf, data/chr9.fa, data/annotations/ENSG00000197859.fa
    output: data/annotationsLessExon/ENSG00000197859NoExon.mem
    jobid: 10415
    benchmark: benchmarks/ENSG00000197859NoExon.tsv
    wildcards: gene=ENSG00000197859

[Mon May 25 16:34:38 2020]
Finished job 10415.
157 of 15596 steps (1%) done

[Mon May 25 16:34:38 2020]
rule generateMemIntron:
    input: data/annotationsLessExon/ENSG00000197859.gtf, data/chr9.fa, data/annotations/ENSG00000197859.fa
    output: data/annotationsLessExon/ENSG00000197859.mem
    jobid: 10412
    benchmark: benchmarks/ENSG00000197859.tsv
    wildcards: gene=ENSG00000197859

[Mon May 25 16:34:44 2020]
Finished job 10412.
158 of 15596 steps (1%) done

[Mon May 25 16:34:44 2020]
rule removeExon:
    input: data/annotations/ENSG00000147894.gtf, data/chr9.fa
    output: data/annotationsLessExon/ENSG00000147894.gtf
    jobid: 12450
    wildcards: ann=data/annotationsLessExon, gene=ENSG00000147894

[Mon May 25 16:34:46 2020]
Finished job 12450.
159 of 15596 steps (1%) done

[Mon May 25 16:34:46 2020]
rule generateReads:
    input: data/annotations/ENSG00000147894.gtf, data/chr9.fa
    output: data/annotations/ENSG00000147894.fa
    jobid: 15949
    wildcards: gene=ENSG00000147894

[Mon May 25 16:34:55 2020]
Finished job 15949.
160 of 15596 steps (1%) done

[Mon May 25 16:34:55 2020]
rule generateMemNoIntron:
    input: data/annotations/ENSG00000147894.gtf, data/chr9.fa, data/annotations/ENSG00000147894.fa
    output: data/annotations/ENSG00000147894.mem
    jobid: 12449
    benchmark: benchmarks/ENSG00000147894Origin.tsv
    wildcards: gene=ENSG00000147894

[Mon May 25 16:35:00 2020]
Finished job 12449.
161 of 15596 steps (1%) done

[Mon May 25 16:35:00 2020]
rule generateMemNoExon:
    input: data/annotationsLessExon/ENSG00000147894.gtf, data/chr9.fa, data/annotations/ENSG00000147894.fa
    output: data/annotationsLessExon/ENSG00000147894NoExon.mem
    jobid: 12451
    benchmark: benchmarks/ENSG00000147894NoExon.tsv
    wildcards: gene=ENSG00000147894

[Mon May 25 16:35:02 2020]
Finished job 5400.
162 of 15596 steps (1%) done

[Mon May 25 16:35:02 2020]
rule generateMemIntron:
    input: data/annotationsLessExon/ENSG00000147894.gtf, data/chr9.fa, data/annotations/ENSG00000147894.fa
    output: data/annotationsLessExon/ENSG00000147894.mem
    jobid: 12448
    benchmark: benchmarks/ENSG00000147894.tsv
    wildcards: gene=ENSG00000147894

[Mon May 25 16:35:05 2020]
Finished job 12451.
163 of 15596 steps (1%) done

[Mon May 25 16:35:05 2020]
rule removeExon:
    input: data/annotations/ENSG00000106852.gtf, data/chr9.fa
    output: data/annotationsLessExon/ENSG00000106852.gtf
    jobid: 11130
    wildcards: ann=data/annotationsLessExon, gene=ENSG00000106852

[Mon May 25 16:35:07 2020]
Finished job 11130.
164 of 15596 steps (1%) done

[Mon May 25 16:35:07 2020]
rule generateReads:
    input: data/annotations/ENSG00000106852.gtf, data/chr9.fa
    output: data/annotations/ENSG00000106852.fa
    jobid: 15619
    wildcards: gene=ENSG00000106852

[Mon May 25 16:35:08 2020]
Finished job 12448.
165 of 15596 steps (1%) done

[Mon May 25 16:35:08 2020]
rule removeExon:
    input: data/annotations/ENSG00000234665.gtf, data/chr9.fa
    output: data/annotationsLessExon/ENSG00000234665.gtf
    jobid: 11854
    wildcards: ann=data/annotationsLessExon, gene=ENSG00000234665

[Mon May 25 16:35:10 2020]
Finished job 7144.
166 of 15596 steps (1%) done
[Mon May 25 16:35:10 2020]
Finished job 11854.
167 of 15596 steps (1%) done

[Mon May 25 16:35:10 2020]
rule generateReads:
    input: data/annotations/ENSG00000234665.gtf, data/chr9.fa
    output: data/annotations/ENSG00000234665.fa
    jobid: 15800
    wildcards: gene=ENSG00000234665


[Mon May 25 16:35:10 2020]
rule removeExon:
    input: data/annotations/ENSG00000164989.gtf, data/chr9.fa
    output: data/annotationsLessExon/ENSG00000164989.gtf
    jobid: 10790
    wildcards: ann=data/annotationsLessExon, gene=ENSG00000164989

[Mon May 25 16:35:12 2020]
Finished job 10790.
168 of 15596 steps (1%) done

[Mon May 25 16:35:12 2020]
rule generateReads:
    input: data/annotations/ENSG00000164989.gtf, data/chr9.fa
    output: data/annotations/ENSG00000164989.fa
    jobid: 15534
    wildcards: gene=ENSG00000164989

[Mon May 25 16:35:16 2020]
Finished job 15619.
169 of 15596 steps (1%) done

[Mon May 25 16:35:16 2020]
rule generateMemNoIntron:
    input: data/annotations/ENSG00000106852.gtf, data/chr9.fa, data/annotations/ENSG00000106852.fa
    output: data/annotations/ENSG00000106852.mem
    jobid: 11129
    benchmark: benchmarks/ENSG00000106852Origin.tsv
    wildcards: gene=ENSG00000106852

[Mon May 25 16:35:18 2020]
Error in rule generateMemIntron:
    jobid: 4892
    output: data/annotationsLessExon/ENSG00000107104.mem
    shell:
        
        ../bin/SpliceAwareAligner -g data/chr9.fa -a data/annotationsLessExon/ENSG00000107104.gtf -s data/annotations/ENSG00000107104.fa -o data/annotationsLessExon/ENSG00000107104.mem -i
        
        (one of the commands exited with non-zero exit code; note that snakemake uses bash strict mode!)

Removing output files of failed job generateMemIntron since they might be corrupted:
data/annotationsLessExon/ENSG00000107104.mem
[Mon May 25 16:35:20 2020]
Finished job 15800.
170 of 15596 steps (1%) done
[Mon May 25 16:35:21 2020]
Finished job 15534.
171 of 15596 steps (1%) done
[Mon May 25 16:35:22 2020]
Finished job 11129.
172 of 15596 steps (1%) done
Shutting down, this might take some time.
Exiting because a job execution failed. Look above for error message
Complete log: /home/dlcgold/stage-unimib/extra/snake/.snakemake/log/2020-05-25T162826.735405.snakemake.log
