Building DAG of jobs...
Using shell: /usr/bin/bash
Provided cores: 4
Rules claiming more threads will be scaled down.
Job counts:
	count	jobs
	1	all
	1	removeExon
	1	splitAnnotation
	3

[Wed May 13 17:36:14 2020]
rule splitAnnotation:
    input: data/annotation21.gtf, data
    output: data/annotations
    jobid: 2

[Wed May 13 17:36:16 2020]
Finished job 2.
1 of 3 steps (33%) done

[Wed May 13 17:36:16 2020]
rule removeExon:
    input: data/annotations, data/chr21.fa, data
    output: data/annotationsLessExon
    jobid: 1

[Wed May 13 17:41:02 2020]
Finished job 1.
2 of 3 steps (67%) done

[Wed May 13 17:41:02 2020]
localrule all:
    input: data/annotationsLessExon
    jobid: 0

[Wed May 13 17:41:02 2020]
Finished job 0.
3 of 3 steps (100%) done
Complete log: /home/dlcgold/stage-unimib/extra/snake/.snakemake/log/2020-05-13T173614.605708.snakemake.log
