Building DAG of jobs...
Using shell: /usr/bin/bash
Provided cores: 4
Rules claiming more threads will be scaled down.
Job counts:
	count	jobs
	1	run_after_checkpoint
	1	splitAnnotation
	2

[Thu May 14 18:23:44 2020]
checkpoint splitAnnotation:
    input: data/annotation21.gtf
    output: data/annotations
    jobid: 1
Downstream jobs will be updated after completion.

Updating job 0 (run_after_checkpoint).
InputFunctionException in line 111 of /home/dlcgold/stage-unimib/extra/snake/Snakefile:
IndexError: list index out of range
Wildcards:

Removing output files of failed job splitAnnotation since they might be corrupted:
data/annotations
Shutting down, this might take some time.
Exiting because a job execution failed. Look above for error message
Complete log: /home/dlcgold/stage-unimib/extra/snake/.snakemake/log/2020-05-14T182344.107279.snakemake.log
