The flag 'directory' used in rule all is only valid for outputs, not inputs.
Building DAG of jobs...
Using shell: /usr/bin/bash
Provided cores: 8
Rules claiming more threads will be scaled down.
Job counts:
	count	jobs
	1	removeExon
	1

[Wed May 13 16:04:10 2020]
rule removeExon:
    input: data/annotations, data/chr21.fa, data
    output: data/annotationsLessExon.txt
    jobid: 0

Terminating processes on user request, this might take some time.
[Wed May 13 16:04:17 2020]
Error in rule removeExon:
    jobid: 0
    output: data/annotationsLessExon.txt

RuleException:
CalledProcessError in line 79 of /home/dlcgold/stage-unimib/extra/snake/Snakefile:
Command 'set -euo pipefail;  /usr/bin/python /home/dlcgold/stage-unimib/extra/snake/.snakemake/scripts/tmplmffi_ay.removeExon.py' died with <Signals.SIGINT: 2>.
  File "/home/dlcgold/stage-unimib/extra/snake/Snakefile", line 79, in __rule_removeExon
  File "/usr/lib/python3.8/concurrent/futures/thread.py", line 57, in run
Complete log: /home/dlcgold/stage-unimib/extra/snake/.snakemake/log/2020-05-13T160410.673717.snakemake.log
