Building DAG of jobs...
Using shell: /usr/bin/bash
Provided cores: 4
Rules claiming more threads will be scaled down.
Job counts:
	count	jobs
	1	all
	1	splitAnnotation
	2

[Wed May 13 17:47:15 2020]
rule splitAnnotation:
    input: data/annotation21.gtf, data
    output: data/annotations.txt
    jobid: 1

[Wed May 13 17:47:17 2020]
Error in rule splitAnnotation:
    jobid: 1
    output: data/annotations.txt

RuleException:
CalledProcessError in line 66 of /home/dlcgold/stage-unimib/extra/snake/Snakefile:
Command 'set -euo pipefail;  /usr/bin/python /home/dlcgold/stage-unimib/extra/snake/.snakemake/scripts/tmp7jyddo34.splitGene.py' returned non-zero exit status 1.
  File "/home/dlcgold/stage-unimib/extra/snake/Snakefile", line 66, in __rule_splitAnnotation
  File "/usr/lib/python3.8/concurrent/futures/thread.py", line 57, in run
Shutting down, this might take some time.
Exiting because a job execution failed. Look above for error message
Complete log: /home/dlcgold/stage-unimib/extra/snake/.snakemake/log/2020-05-13T174715.536085.snakemake.log
