Building DAG of jobs...
Using shell: /usr/bin/bash
Provided cores: 4
Rules claiming more threads will be scaled down.
Job counts:
	count	jobs
	1	removeExon
	1	splitAnnotation
	2

[Wed May 13 15:24:25 2020]
rule splitAnnotation:
    input: data/annotation21.gtf, data
    output: data/annotations
    jobid: 1

[Wed May 13 15:24:27 2020]
Finished job 1.
1 of 2 steps (50%) done

[Wed May 13 15:24:27 2020]
rule removeExon:
    input: data/annotations, data/chr21.fa, data
    output: data/annotationsLessExon
    jobid: 0

Terminating processes on user request, this might take some time.
[Wed May 13 15:24:30 2020]
Error in rule removeExon:
    jobid: 0
    output: data/annotationsLessExon

RuleException:
CalledProcessError in line 79 of /home/dlcgold/stage-unimib/extra/snake/Snakefile:
Command 'set -euo pipefail;  /usr/bin/python /home/dlcgold/stage-unimib/extra/snake/.snakemake/scripts/tmp_v35crz6.removeExon.py' died with <Signals.SIGINT: 2>.
  File "/home/dlcgold/stage-unimib/extra/snake/Snakefile", line 79, in __rule_removeExon
  File "/usr/lib/python3.8/concurrent/futures/thread.py", line 57, in run
Removing output files of failed job removeExon since they might be corrupted:
data/annotationsLessExon
Complete log: /home/dlcgold/stage-unimib/extra/snake/.snakemake/log/2020-05-13T152425.505413.snakemake.log
