Building DAG of jobs...
Using shell: /usr/bin/bash
Provided cores: 4
Rules claiming more threads will be scaled down.
Job counts:
	count	jobs
	1	generatePlot
	1	run_after_checkpoint
	2

[Tue May 19 10:51:51 2020]
rule generatePlot:
    input: data/results
    output: data/results/data.png
    jobid: 1

[Tue May 19 10:51:52 2020]
Error in rule generatePlot:
    jobid: 1
    output: data/results/data.png

RuleException:
CalledProcessError in line 204 of /home/dlcgold/stage-unimib/extra/snake/Snakefile:
Command 'set -euo pipefail;  /usr/bin/python /home/dlcgold/stage-unimib/extra/snake/.snakemake/scripts/tmpv3z_o1cg.generatePlot.py' returned non-zero exit status 1.
  File "/home/dlcgold/stage-unimib/extra/snake/Snakefile", line 204, in __rule_generatePlot
  File "/usr/lib/python3.8/concurrent/futures/thread.py", line 57, in run
Shutting down, this might take some time.
Exiting because a job execution failed. Look above for error message
Complete log: /home/dlcgold/stage-unimib/extra/snake/.snakemake/log/2020-05-19T105151.163404.snakemake.log
