Building DAG of jobs...
Using shell: /usr/bin/bash
Provided cores: 4
Rules claiming more threads will be scaled down.
Job counts:
	count	jobs
	1	all
	1	removeExon
	2

[Wed May 13 16:09:06 2020]
rule removeExon:
    input: data/annotations, data/chr21.fa, data
    output: data/annotationsLessExon.txt
    jobid: 1

[Wed May 13 16:09:12 2020]
Error in rule removeExon:
    jobid: 1
    output: data/annotationsLessExon.txt

RuleException:
CalledProcessError in line 79 of /home/dlcgold/stage-unimib/extra/snake/Snakefile:
Command 'set -euo pipefail;  /usr/bin/python /home/dlcgold/stage-unimib/extra/snake/.snakemake/scripts/tmpbnfot99c.removeExon.py' returned non-zero exit status 1.
  File "/home/dlcgold/stage-unimib/extra/snake/Snakefile", line 79, in __rule_removeExon
  File "/usr/lib/python3.8/concurrent/futures/thread.py", line 57, in run
Shutting down, this might take some time.
Exiting because a job execution failed. Look above for error message
Complete log: /home/dlcgold/stage-unimib/extra/snake/.snakemake/log/2020-05-13T160906.316828.snakemake.log
