Building DAG of jobs...
Updating job 1 (generatePlot).
Using shell: /usr/bin/bash
Provided cores: 4
Rules claiming more threads will be scaled down.
Job counts:
	count	jobs
	5475	compareMemIntron
	5475	compareMemNoExon
	4267	generateMemIntron
	4267	generateMemNoExon
	4263	generateMemNoIntron
	1	generatePlot
	4263	generateReads
	4259	removeExon
	1	run_after_checkpoint
	32271

[Sat May 23 17:08:53 2020]
rule generateMemNoIntron:
    input: data/annotations/ENSG00000234232.gtf, data/chr1.fa, data/annotations/ENSG00000234232.fa
    output: data/annotations/ENSG00000234232.mem
    jobid: 26309
    benchmark: benchmarks/ENSG00000234232Origin.tsv
    wildcards: gene=ENSG00000234232


[Sat May 23 17:08:53 2020]
rule generateReads:
    input: data/annotations/ENSG00000276600.gtf, data/chr1.fa
    output: data/annotations/ENSG00000276600.fa
    jobid: 33326
    wildcards: gene=ENSG00000276600


[Sat May 23 17:08:53 2020]
rule generateMemNoIntron:
    input: data/annotations/ENSG00000276600.gtf, data/chr1.fa, data/annotations/ENSG00000276600.fa
    output: data/annotations/ENSG00000276600.mem
    jobid: 12833
    benchmark: benchmarks/ENSG00000276600Origin.tsv
    wildcards: gene=ENSG00000276600


[Sat May 23 17:08:53 2020]
rule generateReads:
    input: data/annotations/ENSG00000234232.gtf, data/chr1.fa
    output: data/annotations/ENSG00000234232.fa
    jobid: 36695
    wildcards: gene=ENSG00000234232

[Sat May 23 17:08:53 2020]
Error in rule generateMemNoIntron:
    jobid: 26309
    output: data/annotations/ENSG00000234232.mem
    shell:
        
        ../bin/SpliceAwareAligner -g data/chr1.fa -a data/annotations/ENSG00000234232.gtf -s data/annotations/ENSG00000234232.fa -o data/annotations/ENSG00000234232.mem

        
        (one of the commands exited with non-zero exit code; note that snakemake uses bash strict mode!)

[Sat May 23 17:08:54 2020]
Error in rule generateMemNoIntron:
    jobid: 12833
    output: data/annotations/ENSG00000276600.mem
    shell:
        
        ../bin/SpliceAwareAligner -g data/chr1.fa -a data/annotations/ENSG00000276600.gtf -s data/annotations/ENSG00000276600.fa -o data/annotations/ENSG00000276600.mem

        
        (one of the commands exited with non-zero exit code; note that snakemake uses bash strict mode!)

[Sat May 23 17:09:04 2020]
Finished job 33326.
1 of 32271 steps (0.00%) done
[Sat May 23 17:09:05 2020]
Finished job 36695.
2 of 32271 steps (0.01%) done
Shutting down, this might take some time.
Exiting because a job execution failed. Look above for error message
Complete log: /home/dlcgold/stage-unimib/extra/snake/.snakemake/log/2020-05-23T170817.719305.snakemake.log
