Building DAG of jobs...
Updating job 0 (run_after_checkpoint).
Using shell: /usr/bin/bash
Provided cores: 4
Rules claiming more threads will be scaled down.
Job counts:
	count	jobs
	875	compareMem
	1	run_after_checkpoint
	876

[Fri May 15 21:23:47 2020]
rule compareMem:
    input: data/annotationsLessExon/ENSG00000229962.mem, data/annotations/ENSG00000229962.mem, data/annotationsLessExon/ENSG00000229962.gtf, data/annotations/ENSG00000229962.gtf
    output: data/results/ENSG00000229962.txt
    jobid: 3970
    wildcards: gene=ENSG00000229962

[Fri May 15 21:23:47 2020]
rule compareMem:
    input: data/annotationsLessExon/ENSG00000183145.mem, data/annotations/ENSG00000183145.mem, data/annotationsLessExon/ENSG00000183145.gtf, data/annotations/ENSG00000183145.gtf
    output: data/results/ENSG00000183145.txt
    jobid: 3522
    wildcards: gene=ENSG00000183145

[Fri May 15 21:23:47 2020]
rule compareMem:
    input: data/annotationsLessExon/ENSG00000226527.mem, data/annotations/ENSG00000226527.mem, data/annotationsLessExon/ENSG00000226527.gtf, data/annotations/ENSG00000226527.gtf
    output: data/results/ENSG00000226527.txt
    jobid: 3641
    wildcards: gene=ENSG00000226527

[Fri May 15 21:23:47 2020]
rule compareMem:
    input: data/annotationsLessExon/ENSG00000234880.mem, data/annotations/ENSG00000234880.mem, data/annotationsLessExon/ENSG00000234880.gtf, data/annotations/ENSG00000234880.gtf
    output: data/results/ENSG00000234880.txt
    jobid: 4350
    wildcards: gene=ENSG00000234880

Waiting at most 5 seconds for missing files.
Terminating processes on user request, this might take some time.
MissingOutputException in line 155 of /home/dlcgold/stage-unimib/extra/snake/Snakefile:
Job completed successfully, but some output files are missing. Missing files after 5 seconds:
data/results/ENSG00000183145.txt
This might be due to filesystem latency. If that is the case, consider to increase the wait time with --latency-wait.
Waiting at most 5 seconds for missing files.
MissingOutputException in line 155 of /home/dlcgold/stage-unimib/extra/snake/Snakefile:
Job completed successfully, but some output files are missing. Missing files after 5 seconds:
data/results/ENSG00000234880.txt
This might be due to filesystem latency. If that is the case, consider to increase the wait time with --latency-wait.
Waiting at most 5 seconds for missing files.
Cancelling snakemake on user request.
