Building DAG of jobs...
Using shell: /usr/bin/bash
Provided cores: 7
Rules claiming more threads will be scaled down.
Job counts:
	count	jobs
	1	downloadAnnotation
	1	fetch_annotation
	1	generatePlot
	1	run_after_checkpoint
	1	splitAnnotation
	5

[Sat May 23 09:33:56 2020]
rule downloadAnnotation:
    output: data/annotation.gtf
    jobid: 4

[Sat May 23 09:34:07 2020]
Error in rule downloadAnnotation:
    jobid: 4
    output: data/annotation.gtf
    shell:
        
        wget -O - ftp://ftp.ensembl.org/pub/release-100/gtf/homo_sapiens/Homo_sapiens.GRCh38.100.chr.gtf.gz | gunzip > data/annotation.gtf
        
        (one of the commands exited with non-zero exit code; note that snakemake uses bash strict mode!)

Removing output files of failed job downloadAnnotation since they might be corrupted:
data/annotation.gtf
Shutting down, this might take some time.
Exiting because a job execution failed. Look above for error message
Complete log: /home/dlcgold/stage-unimib/extra/snake/.snakemake/log/2020-05-23T093356.764569.snakemake.log
