Building DAG of jobs...
Using shell: /usr/bin/bash
Provided cores: 4
Rules claiming more threads will be scaled down.
Job counts:
	count	jobs
	1	generatePlot
	1	run_after_checkpoint
	2

[Tue May 19 11:26:36 2020]
rule generatePlot:
    input: data/results
    output: data/results/data.png
    jobid: 1

[Tue May 19 11:26:38 2020]
Finished job 1.
1 of 2 steps (50%) done

[Tue May 19 11:26:38 2020]
localrule run_after_checkpoint:
    input: data/results/data.png, data/results/times.png, data/results/mems.png
    jobid: 0

[Tue May 19 11:26:38 2020]
Finished job 0.
2 of 2 steps (100%) done
Complete log: /home/dlcgold/stage-unimib/extra/snake/.snakemake/log/2020-05-19T112636.883703.snakemake.log
