Building DAG of jobs...
Using shell: /usr/bin/bash
Provided cores: 4
Rules claiming more threads will be scaled down.
Job counts:
	count	jobs
	1	all
	1	downloadG
	2

[Tue May 12 17:55:39 2020]
rule downloadG:
    output: data/genome.fa
    jobid: 1

[Tue May 12 17:55:45 2020]
Error in rule downloadG:
    jobid: 1
    output: data/genome.fa
    shell:
        
        wget ftp://ftp.ensembl.org/pub/release-100/fasta/homo_sapiens/dna/Homo_sapiens.GRCh38.dna.chromosome.21.fa.gz | gunzip > data/chr21.fa
        
        (one of the commands exited with non-zero exit code; note that snakemake uses bash strict mode!)

Shutting down, this might take some time.
Exiting because a job execution failed. Look above for error message
Complete log: /home/dlcgold/stage-unimib/extra/snake/.snakemake/log/2020-05-12T175539.397506.snakemake.log
