Building DAG of jobs...
Using shell: /usr/bin/bash
Provided cores: 4
Rules claiming more threads will be scaled down.
Job counts:
	count	jobs
	1	all
	1	removeExon
	2

[Wed May 13 16:13:21 2020]
rule removeExon:
    input: data/annotations, data/chr21.fa, data, data/annotations.txt
    output: data/annotationsLessExon.txt
    jobid: 1

Terminating processes on user request, this might take some time.
[Wed May 13 16:13:23 2020]
Error in rule removeExon:
    jobid: 1
    output: data/annotationsLessExon.txt

RuleException:
CalledProcessError in line 80 of /home/dlcgold/stage-unimib/extra/snake/Snakefile:
Command 'set -euo pipefail;  /usr/bin/python /home/dlcgold/stage-unimib/extra/snake/.snakemake/scripts/tmpqzyoty4y.removeExon.py' died with <Signals.SIGINT: 2>.
  File "/home/dlcgold/stage-unimib/extra/snake/Snakefile", line 80, in __rule_removeExon
  File "/usr/lib/python3.8/concurrent/futures/thread.py", line 57, in run
Complete log: /home/dlcgold/stage-unimib/extra/snake/.snakemake/log/2020-05-13T161321.283148.snakemake.log
