The flag 'directory' used in rule all is only valid for outputs, not inputs.
The flag 'directory' used in rule removeExon is only valid for outputs, not inputs.
Building DAG of jobs...
Using shell: /usr/bin/bash
Provided cores: 4
Rules claiming more threads will be scaled down.
Job counts:
	count	jobs
	1	all
	1	removeExon
	2

[Wed May 13 15:43:05 2020]
rule removeExon:
    input: data/annotations, data/chr21.fa, data
    output: data/annotationsLessExon
    jobid: 1

[Wed May 13 15:47:57 2020]
Finished job 1.
1 of 2 steps (50%) done

[Wed May 13 15:47:57 2020]
localrule all:
    input: data/annotationsLessExon
    jobid: 0

[Wed May 13 15:47:57 2020]
Finished job 0.
2 of 2 steps (100%) done
Complete log: /home/dlcgold/stage-unimib/extra/snake/.snakemake/log/2020-05-13T154305.671039.snakemake.log
