The flag 'directory' used in rule generatePlot is only valid for outputs, not inputs.
Building DAG of jobs...
Using shell: /usr/bin/bash
Provided cores: 4
Rules claiming more threads will be scaled down.
Job counts:
	count	jobs
	1	generatePlot
	1	run_after_checkpoint
	2

[Mon May 18 12:30:21 2020]
rule generatePlot:
    input: data/results
    output: data/results/data.png
    jobid: 1

[Mon May 18 12:30:22 2020]
Finished job 1.
1 of 2 steps (50%) done

[Mon May 18 12:30:22 2020]
localrule run_after_checkpoint:
    input: data/results/data.png
    jobid: 0

[Mon May 18 12:30:22 2020]
Finished job 0.
2 of 2 steps (100%) done
Complete log: /home/dlcgold/stage-unimib/extra/snake/.snakemake/log/2020-05-18T123021.332293.snakemake.log
