Building DAG of jobs...
Using shell: /usr/bin/bash
Provided cores: 4
Rules claiming more threads will be scaled down.
Job counts:
	count	jobs
	1	downloadG
	1

[Tue May 12 12:05:41 2020]
rule downloadG:
    output: data/genome.fa
    jobid: 0

Waiting at most 5 seconds for missing files.
MissingOutputException in line 1 of /home/dlcgold/stage-unimib/extra/snake/Snakefile:
Job completed successfully, but some output files are missing. Missing files after 5 seconds:
data/genome.fa
This might be due to filesystem latency. If that is the case, consider to increase the wait time with --latency-wait.
Shutting down, this might take some time.
Exiting because a job execution failed. Look above for error message
Complete log: /home/dlcgold/stage-unimib/extra/snake/.snakemake/log/2020-05-12T120541.094165.snakemake.log
