The flag 'directory' used in rule generatePlot is only valid for outputs, not inputs.
Building DAG of jobs...
Updating job 0 (run_after_checkpoint).
Using shell: /usr/bin/bash
Provided cores: 4
Rules claiming more threads will be scaled down.
Job counts:
	count	jobs
	875	compareMemIntron
	875	compareMemNoExon
	1	run_after_checkpoint
	1751

[Sat May 16 10:57:07 2020]
rule compareMemIntron:
    input: data/annotationsLessExon/ENSG00000183145NoExon.mem, data/annotations/ENSG00000183145.mem, data/annotationsLessExon/ENSG00000183145.gtf, data/annotations/ENSG00000183145.gtf
    output: data/results/ENSG00000183145.txt
    jobid: 4397
    wildcards: gene=ENSG00000183145

[Sat May 16 10:57:07 2020]
rule compareMemIntron:
    input: data/annotationsLessExon/ENSG00000234880NoExon.mem, data/annotations/ENSG00000234880.mem, data/annotationsLessExon/ENSG00000234880.gtf, data/annotations/ENSG00000234880.gtf
    output: data/results/ENSG00000234880.txt
    jobid: 5225
    wildcards: gene=ENSG00000234880

[Sat May 16 10:57:07 2020]
rule compareMemNoExon:
    input: data/annotationsLessExon/ENSG00000234880NoExon.mem, data/annotations/ENSG00000234880.mem, data/annotationsLessExon/ENSG00000234880.gtf, data/annotations/ENSG00000234880.gtf
    output: data/results/ENSG00000234880NoExon.txt
    jobid: 6100
    wildcards: gene=ENSG00000234880

[Sat May 16 10:57:07 2020]
rule compareMemNoExon:
    input: data/annotationsLessExon/ENSG00000183145NoExon.mem, data/annotations/ENSG00000183145.mem, data/annotationsLessExon/ENSG00000183145.gtf, data/annotations/ENSG00000183145.gtf
    output: data/results/ENSG00000183145NoExon.txt
    jobid: 5272
    wildcards: gene=ENSG00000183145

Waiting at most 5 seconds for missing files.
MissingOutputException in line 178 of /home/dlcgold/stage-unimib/extra/snake/Snakefile:
Job completed successfully, but some output files are missing. Missing files after 5 seconds:
data/results/ENSG00000183145.txt
This might be due to filesystem latency. If that is the case, consider to increase the wait time with --latency-wait.
[Sat May 16 10:57:12 2020]
Finished job 5272.
1 of 1751 steps (0.06%) done
[Sat May 16 10:57:13 2020]
Finished job 6100.
2 of 1751 steps (0.11%) done
Waiting at most 5 seconds for missing files.
MissingOutputException in line 178 of /home/dlcgold/stage-unimib/extra/snake/Snakefile:
Job completed successfully, but some output files are missing. Missing files after 5 seconds:
data/results/ENSG00000234880.txt
This might be due to filesystem latency. If that is the case, consider to increase the wait time with --latency-wait.
Shutting down, this might take some time.
Exiting because a job execution failed. Look above for error message
Complete log: /home/dlcgold/stage-unimib/extra/snake/.snakemake/log/2020-05-16T105701.588352.snakemake.log
