Building DAG of jobs...
Using shell: /usr/bin/bash
Provided cores: 4
Rules claiming more threads will be scaled down.
Job counts:
	count	jobs
	1	all
	1	downloadAnnotation
	1	extractAnnotation
	3

[Tue May 12 18:17:30 2020]
rule downloadAnnotation:
    output: data/annotation.gtf
    jobid: 2

[Tue May 12 18:17:56 2020]
Finished job 2.
1 of 3 steps (33%) done

[Tue May 12 18:17:56 2020]
rule extractAnnotation:
    input: data/annotation.gtf
    output: data/annotation21.gtf
    jobid: 1

[Tue May 12 18:17:59 2020]
Finished job 1.
2 of 3 steps (67%) done

[Tue May 12 18:17:59 2020]
localrule all:
    input: data/annotation21.gtf
    jobid: 0

[Tue May 12 18:17:59 2020]
Finished job 0.
3 of 3 steps (100%) done
Complete log: /home/dlcgold/stage-unimib/extra/snake/.snakemake/log/2020-05-12T181730.097892.snakemake.log
