Building DAG of jobs...
Using shell: /usr/bin/bash
Provided cores: 4
Rules claiming more threads will be scaled down.
Job counts:
	count	jobs
	1	run_after_checkpoint
	1	splitAnnotation
	2

[Fri May 15 16:34:07 2020]
checkpoint splitAnnotation:
    input: data/annotation21.gtf
    output: data/annotations
    jobid: 1
Downstream jobs will be updated after completion.

Updating job 0 (run_after_checkpoint).
[Fri May 15 16:34:09 2020]
Finished job 1.
1 of 877 steps (0.11%) done

[Fri May 15 16:34:09 2020]
rule generateReads:
    input: data/annotations/ENSG00000215386.gtf, data/chr21.fa
    output: data/annotations/ENSG00000215386.fa
    jobid: 257
    wildcards: gene=ENSG00000215386


[Fri May 15 16:34:09 2020]
rule generateReads:
    input: data/annotations/ENSG00000224924.gtf, data/chr21.fa
    output: data/annotations/ENSG00000224924.fa
    jobid: 300
    wildcards: gene=ENSG00000224924


[Fri May 15 16:34:09 2020]
rule generateReads:
    input: data/annotations/ENSG00000182670.gtf, data/chr21.fa
    output: data/annotations/ENSG00000182670.fa
    jobid: 120
    wildcards: gene=ENSG00000182670


[Fri May 15 16:34:09 2020]
rule generateReads:
    input: data/annotations/ENSG00000160191.gtf, data/chr21.fa
    output: data/annotations/ENSG00000160191.fa
    jobid: 412
    wildcards: gene=ENSG00000160191

[Fri May 15 16:34:13 2020]
Finished job 257.
2 of 877 steps (0.23%) done
[Fri May 15 16:34:13 2020]
Finished job 300.
3 of 877 steps (0.34%) done

[Fri May 15 16:34:13 2020]
rule generateReads:
    input: data/annotations/ENSG00000205726.gtf, data/chr21.fa
    output: data/annotations/ENSG00000205726.fa
    jobid: 286
    wildcards: gene=ENSG00000205726


[Fri May 15 16:34:13 2020]
rule generateReads:
    input: data/annotations/ENSG00000159082.gtf, data/chr21.fa
    output: data/annotations/ENSG00000159082.fa
    jobid: 636
    wildcards: gene=ENSG00000159082

[Fri May 15 16:34:13 2020]
Finished job 120.
4 of 877 steps (0.46%) done

[Fri May 15 16:34:13 2020]
rule generateReads:
    input: data/annotations/ENSG00000185658.gtf, data/chr21.fa
    output: data/annotations/ENSG00000185658.fa
    jobid: 389
    wildcards: gene=ENSG00000185658

[Fri May 15 16:34:13 2020]
Finished job 412.
5 of 877 steps (0.57%) done

[Fri May 15 16:34:13 2020]
rule generateReads:
    input: data/annotations/ENSG00000141956.gtf, data/chr21.fa
    output: data/annotations/ENSG00000141956.fa
    jobid: 241
    wildcards: gene=ENSG00000141956

[Fri May 15 16:34:16 2020]
Finished job 389.
6 of 877 steps (0.68%) done

[Fri May 15 16:34:16 2020]
rule generateReads:
    input: data/annotations/ENSG00000160305.gtf, data/chr21.fa
    output: data/annotations/ENSG00000160305.fa
    jobid: 201
    wildcards: gene=ENSG00000160305

[Fri May 15 16:34:16 2020]
Finished job 636.
7 of 877 steps (0.80%) done

[Fri May 15 16:34:16 2020]
rule generateReads:
    input: data/annotations/ENSG00000160255.gtf, data/chr21.fa
    output: data/annotations/ENSG00000160255.fa
    jobid: 718
    wildcards: gene=ENSG00000160255

[Fri May 15 16:34:17 2020]
Finished job 286.
8 of 877 steps (0.91%) done

[Fri May 15 16:34:17 2020]
rule generateReads:
    input: data/annotations/ENSG00000157540.gtf, data/chr21.fa
    output: data/annotations/ENSG00000157540.fa
    jobid: 810
    wildcards: gene=ENSG00000157540

[Fri May 15 16:34:17 2020]
Finished job 241.
9 of 877 steps (1%) done

[Fri May 15 16:34:17 2020]
rule generateReads:
    input: data/annotations/ENSG00000265590.gtf, data/chr21.fa
    output: data/annotations/ENSG00000265590.fa
    jobid: 226
    wildcards: gene=ENSG00000265590

Terminating processes on user request, this might take some time.
[Fri May 15 16:34:19 2020]
Error in rule generateReads:
    jobid: 718
    output: data/annotations/ENSG00000160255.fa
    shell:
        
        bash scripts/RNASeqReadSimulator/RNASeqReadSimulator data/chr21.fa data/annotations/ENSG00000160255.gtf data/annotations/ENSG00000160255.fa 25000 100
        
        (one of the commands exited with non-zero exit code; note that snakemake uses bash strict mode!)

Removing output files of failed job generateReads since they might be corrupted:
data/annotations/ENSG00000160255.fa
[Fri May 15 16:34:19 2020]
Error in rule generateReads:
    jobid: 201
    output: data/annotations/ENSG00000160305.fa
    shell:
        
        bash scripts/RNASeqReadSimulator/RNASeqReadSimulator data/chr21.fa data/annotations/ENSG00000160305.gtf data/annotations/ENSG00000160305.fa 25000 100
        
        (one of the commands exited with non-zero exit code; note that snakemake uses bash strict mode!)

[Fri May 15 16:34:19 2020]
Removing output files of failed job generateReads since they might be corrupted:
data/annotations/ENSG00000160305.fa
Error in rule generateReads:
[Fri May 15 16:34:19 2020]
    jobid: 810
Error in rule generateReads:
    output: data/annotations/ENSG00000157540.fa
    jobid: 226
    shell:
        
        bash scripts/RNASeqReadSimulator/RNASeqReadSimulator data/chr21.fa data/annotations/ENSG00000157540.gtf data/annotations/ENSG00000157540.fa 25000 100
        
        (one of the commands exited with non-zero exit code; note that snakemake uses bash strict mode!)
    output: data/annotations/ENSG00000265590.fa

    shell:
        
        bash scripts/RNASeqReadSimulator/RNASeqReadSimulator data/chr21.fa data/annotations/ENSG00000265590.gtf data/annotations/ENSG00000265590.fa 25000 100
        
        (one of the commands exited with non-zero exit code; note that snakemake uses bash strict mode!)
Removing output files of failed job generateReads since they might be corrupted:
data/annotations/ENSG00000157540.fa

Removing output files of failed job generateReads since they might be corrupted:
data/annotations/ENSG00000265590.fa
Complete log: /home/dlcgold/stage-unimib/extra/snake/.snakemake/log/2020-05-15T163407.142681.snakemake.log
