Building DAG of jobs...
Using shell: /usr/bin/bash
Provided cores: 4
Rules claiming more threads will be scaled down.
Job counts:
	count	jobs
	1	all
	1	create
	2

[Fri May 15 14:24:29 2020]
rule create:
    input: data/annotation21.gtf
    output: test.txt
    jobid: 1

[Fri May 15 14:24:29 2020]
Finished job 1.
1 of 2 steps (50%) done

[Fri May 15 14:24:29 2020]
localrule all:
    input: test.txt
    jobid: 0

[Fri May 15 14:24:29 2020]
Finished job 0.
2 of 2 steps (100%) done
Complete log: /home/dlcgold/stage-unimib/extra/snake/.snakemake/log/2020-05-15T142429.771747.snakemake.log
