Building DAG of jobs...
Updating job 0 (run_after_checkpoint).
Using shell: /usr/bin/bash
Provided cores: 4
Rules claiming more threads will be scaled down.
Job counts:
	count	jobs
	875	generateMemNoIntron
	1	run_after_checkpoint
	876

[Fri May 15 17:10:32 2020]
rule generateMemNoIntron:
    input: data/annotations/ENSG00000224924.gtf, data/chr21.fa, data/annotations/ENSG00000224924.fa
    output: data/annotations/ENSG00000224924.mem
    jobid: 2050
    wildcards: gene=ENSG00000224924


[Fri May 15 17:10:32 2020]
rule generateMemNoIntron:
    input: data/annotations/ENSG00000215386.gtf, data/chr21.fa, data/annotations/ENSG00000215386.fa
    output: data/annotations/ENSG00000215386.mem
    jobid: 2007
    wildcards: gene=ENSG00000215386


[Fri May 15 17:10:32 2020]
rule generateMemNoIntron:
    input: data/annotations/ENSG00000182670.gtf, data/chr21.fa, data/annotations/ENSG00000182670.fa
    output: data/annotations/ENSG00000182670.mem
    jobid: 1870
    wildcards: gene=ENSG00000182670


[Fri May 15 17:10:32 2020]
rule generateMemNoIntron:
    input: data/annotations/ENSG00000160191.gtf, data/chr21.fa, data/annotations/ENSG00000160191.fa
    output: data/annotations/ENSG00000160191.mem
    jobid: 2162
    wildcards: gene=ENSG00000160191

[Fri May 15 17:10:32 2020]
[Fri May 15 17:10:32 2020]
Error in rule generateMemNoIntron:
Error in rule generateMemNoIntron:
    jobid: 2050
    jobid: 2007
[Fri May 15 17:10:32 2020]
    output: data/annotations/ENSG00000224924.mem
    output: data/annotations/ENSG00000215386.mem
Error in rule generateMemNoIntron:
    shell:
        
        ../bin/SpliceAwareAligner -g data/chr21.fa -a data/annotations/ENSG00000224924.gtf -s data/annotations/ENSG00000224924.fa -o data/annotations/ENSG00000224924.mem
        
        (one of the commands exited with non-zero exit code; note that snakemake uses bash strict mode!)
    shell:
        
        ../bin/SpliceAwareAligner -g data/chr21.fa -a data/annotations/ENSG00000215386.gtf -s data/annotations/ENSG00000215386.fa -o data/annotations/ENSG00000215386.mem
        
        (one of the commands exited with non-zero exit code; note that snakemake uses bash strict mode!)
    jobid: 1870


    output: data/annotations/ENSG00000182670.mem
    shell:
        
        ../bin/SpliceAwareAligner -g data/chr21.fa -a data/annotations/ENSG00000182670.gtf -s data/annotations/ENSG00000182670.fa -o data/annotations/ENSG00000182670.mem
        
        (one of the commands exited with non-zero exit code; note that snakemake uses bash strict mode!)

[Fri May 15 17:10:32 2020]
Error in rule generateMemNoIntron:
    jobid: 2162
    output: data/annotations/ENSG00000160191.mem
    shell:
        
        ../bin/SpliceAwareAligner -g data/chr21.fa -a data/annotations/ENSG00000160191.gtf -s data/annotations/ENSG00000160191.fa -o data/annotations/ENSG00000160191.mem
        
        (one of the commands exited with non-zero exit code; note that snakemake uses bash strict mode!)

Shutting down, this might take some time.
Exiting because a job execution failed. Look above for error message
Complete log: /home/dlcgold/stage-unimib/extra/snake/.snakemake/log/2020-05-15T171030.334837.snakemake.log
