Building DAG of jobs...
Using shell: /usr/bin/bash
Provided cores: 4
Rules claiming more threads will be scaled down.
Job counts:
	count	jobs
	1	generatePlot
	1	run_after_checkpoint
	2

[Tue May 19 11:57:01 2020]
rule generatePlot:
    output: data/results/data.png, data/results/times.png, data/results/mems.png
    jobid: 1

[Tue May 19 11:57:02 2020]
Error in rule generatePlot:
    jobid: 1
    output: data/results/data.png, data/results/times.png, data/results/mems.png

RuleException:
CalledProcessError in line 215 of /home/dlcgold/stage-unimib/extra/snake/Snakefile:
Command 'set -euo pipefail;  /usr/bin/python /home/dlcgold/stage-unimib/extra/snake/.snakemake/scripts/tmp_pvzzw_5.generatePlot.py' returned non-zero exit status 1.
  File "/home/dlcgold/stage-unimib/extra/snake/Snakefile", line 215, in __rule_generatePlot
  File "/usr/lib/python3.8/concurrent/futures/thread.py", line 57, in run
Shutting down, this might take some time.
Exiting because a job execution failed. Look above for error message
Complete log: /home/dlcgold/stage-unimib/extra/snake/.snakemake/log/2020-05-19T115701.356832.snakemake.log
