Building DAG of jobs...
Updating job 0 (run_after_checkpoint).
Using shell: /usr/bin/bash
Provided cores: 4
Rules claiming more threads will be scaled down.
Job counts:
	count	jobs
	875	generateMemIntron
	1	run_after_checkpoint
	876

[Fri May 15 17:25:24 2020]
rule generateMemIntron:
    input: data/annotationsLessExon/ENSG00000215386.gtf, data/chr21.fa, data/annotations/ENSG00000215386.fa
    output: data/annotationsLessExon/ENSG00000215386.mem
    jobid: 2882
    wildcards: gene=ENSG00000215386


[Fri May 15 17:25:24 2020]
rule generateMemIntron:
    input: data/annotationsLessExon/ENSG00000224924.gtf, data/chr21.fa, data/annotations/ENSG00000224924.fa
    output: data/annotationsLessExon/ENSG00000224924.mem
    jobid: 2925
    wildcards: gene=ENSG00000224924


[Fri May 15 17:25:24 2020]
rule generateMemIntron:
    input: data/annotationsLessExon/ENSG00000182670.gtf, data/chr21.fa, data/annotations/ENSG00000182670.fa
    output: data/annotationsLessExon/ENSG00000182670.mem
    jobid: 2745
    wildcards: gene=ENSG00000182670


[Fri May 15 17:25:24 2020]
rule generateMemIntron:
    input: data/annotationsLessExon/ENSG00000205726.gtf, data/chr21.fa, data/annotations/ENSG00000205726.fa
    output: data/annotationsLessExon/ENSG00000205726.mem
    jobid: 2911
    wildcards: gene=ENSG00000205726

[Fri May 15 17:25:24 2020]
[Fri May 15 17:25:24 2020]
[Fri May 15 17:25:24 2020]
Error in rule generateMemIntron:
Error in rule generateMemIntron:
Error in rule generateMemIntron:
    jobid: 2745
    jobid: 2911
    jobid: 2925
    output: data/annotationsLessExon/ENSG00000182670.mem
    output: data/annotationsLessExon/ENSG00000205726.mem
    output: data/annotationsLessExon/ENSG00000224924.mem
    shell:
        
        ../bin/SpliceAwareAligner -g data/chr21.fa -a data/annotationsLessExon/ENSG00000182670.gtf -s data/annotations/ENSG00000182670.fa -o data/annotationsLessExon/ENSG00000182670.mem -i
        
        (one of the commands exited with non-zero exit code; note that snakemake uses bash strict mode!)
    shell:
        
        ../bin/SpliceAwareAligner -g data/chr21.fa -a data/annotationsLessExon/ENSG00000205726.gtf -s data/annotations/ENSG00000205726.fa -o data/annotationsLessExon/ENSG00000205726.mem -i
        
        (one of the commands exited with non-zero exit code; note that snakemake uses bash strict mode!)
    shell:
        
        ../bin/SpliceAwareAligner -g data/chr21.fa -a data/annotationsLessExon/ENSG00000224924.gtf -s data/annotations/ENSG00000224924.fa -o data/annotationsLessExon/ENSG00000224924.mem -i
        
        (one of the commands exited with non-zero exit code; note that snakemake uses bash strict mode!)



[Fri May 15 17:25:24 2020]
Error in rule generateMemIntron:
    jobid: 2882
    output: data/annotationsLessExon/ENSG00000215386.mem
    shell:
        
        ../bin/SpliceAwareAligner -g data/chr21.fa -a data/annotationsLessExon/ENSG00000215386.gtf -s data/annotations/ENSG00000215386.fa -o data/annotationsLessExon/ENSG00000215386.mem -i
        
        (one of the commands exited with non-zero exit code; note that snakemake uses bash strict mode!)

Shutting down, this might take some time.
Exiting because a job execution failed. Look above for error message
Complete log: /home/dlcgold/stage-unimib/extra/snake/.snakemake/log/2020-05-15T172521.102441.snakemake.log
