Building DAG of jobs...
Using shell: /usr/bin/bash
Provided cores: 4
Rules claiming more threads will be scaled down.
Job counts:
	count	jobs
	1	all
	1	downloadAnnotation
	1	downloadGenome
	1	extractAnnotation
	1	removeExon
	1	splitAnnotation
	6

[Wed May 13 18:18:55 2020]
rule downloadAnnotation:
    output: data/annotation.gtf
    jobid: 5


[Wed May 13 18:18:55 2020]
rule downloadGenome:
    output: data/chr21.fa
    jobid: 1

[Wed May 13 18:19:01 2020]
Finished job 1.
1 of 6 steps (17%) done
[Wed May 13 18:19:07 2020]
Finished job 5.
2 of 6 steps (33%) done

[Wed May 13 18:19:07 2020]
rule extractAnnotation:
    input: data/annotation.gtf
    output: data/annotation21.gtf
    jobid: 2

[Wed May 13 18:19:08 2020]
Finished job 2.
3 of 6 steps (50%) done

[Wed May 13 18:19:08 2020]
rule splitAnnotation:
    input: data/annotation21.gtf
    output: data/annotations.txt, data/annotations
    jobid: 3

[Wed May 13 18:19:14 2020]
Finished job 3.
4 of 6 steps (67%) done

[Wed May 13 18:19:14 2020]
rule removeExon:
    input: data/annotations, data/chr21.fa
    output: data/annotationsLessExon.txt, data/annotationsLessExon
    jobid: 4
    threads: 4

Terminating processes on user request, this might take some time.
[Wed May 13 18:19:23 2020]
Error in rule removeExon:
    jobid: 4
    output: data/annotationsLessExon.txt, data/annotationsLessExon

RuleException:
CalledProcessError in line 85 of /home/dlcgold/stage-unimib/extra/snake/Snakefile:
Command 'set -euo pipefail;  /usr/bin/python /home/dlcgold/stage-unimib/extra/snake/.snakemake/scripts/tmpn9p5wrsz.removeExon.py' died with <Signals.SIGINT: 2>.
  File "/home/dlcgold/stage-unimib/extra/snake/Snakefile", line 85, in __rule_removeExon
  File "/usr/lib/python3.8/concurrent/futures/thread.py", line 57, in run
Removing output files of failed job removeExon since they might be corrupted:
data/annotationsLessExon
Complete log: /home/dlcgold/stage-unimib/extra/snake/.snakemake/log/2020-05-13T181855.656297.snakemake.log
