Building DAG of jobs...
Using shell: /usr/bin/bash
Provided cores: 4
Rules claiming more threads will be scaled down.
Job counts:
	count	jobs
	1	all
	1	downloadG
	2

[Tue May 12 12:28:57 2020]
rule downloadG:
    output: data/genome.fa
    jobid: 1

[Tue May 12 12:29:04 2020]
Finished job 1.
1 of 2 steps (50%) done

[Tue May 12 12:29:04 2020]
localrule all:
    input: data/genome.fa, data/annotation.gtf
    jobid: 0

[Tue May 12 12:29:04 2020]
Finished job 0.
2 of 2 steps (100%) done
Complete log: /home/dlcgold/stage-unimib/extra/snake/.snakemake/log/2020-05-12T122857.518960.snakemake.log
