Building DAG of jobs...
Using shell: /usr/bin/bash
Provided cores: 4
Rules claiming more threads will be scaled down.
Job counts:
	count	jobs
	1	test
	1

[Thu May 14 18:35:09 2020]
rule test:
    jobid: 0

[Thu May 14 18:35:09 2020]
Error in rule test:
    jobid: 0
    shell:
        
        cat gene: gene
        
        (one of the commands exited with non-zero exit code; note that snakemake uses bash strict mode!)

Shutting down, this might take some time.
Exiting because a job execution failed. Look above for error message
Complete log: /home/dlcgold/stage-unimib/extra/snake/.snakemake/log/2020-05-14T183509.424547.snakemake.log
