Building DAG of jobs...
Using shell: /usr/bin/bash
Provided cores: 4
Rules claiming more threads will be scaled down.
Job counts:
	count	jobs
	1	all
	1	removeExon
	2

[Wed May 13 18:19:32 2020]
rule removeExon:
    input: data/annotations, data/chr21.fa
    output: data/annotationsLessExon.txt, data/annotationsLessExon
    jobid: 1
    threads: 4

Terminating processes on user request, this might take some time.
[Wed May 13 18:19:36 2020]
Error in rule removeExon:
    jobid: 1
    output: data/annotationsLessExon.txt, data/annotationsLessExon

RuleException:
CalledProcessError in line 85 of /home/dlcgold/stage-unimib/extra/snake/Snakefile:
Command 'set -euo pipefail;  /usr/bin/python /home/dlcgold/stage-unimib/extra/snake/.snakemake/scripts/tmpm_w8fvtb.removeExon.py' died with <Signals.SIGINT: 2>.
  File "/home/dlcgold/stage-unimib/extra/snake/Snakefile", line 85, in __rule_removeExon
  File "/usr/lib/python3.8/concurrent/futures/thread.py", line 57, in run
Removing output files of failed job removeExon since they might be corrupted:
data/annotationsLessExon
Complete log: /home/dlcgold/stage-unimib/extra/snake/.snakemake/log/2020-05-13T181931.966341.snakemake.log
