Building DAG of jobs...
Updating job 1 (generatePlot).
Using shell: /usr/bin/bash
Provided cores: 4
Rules claiming more threads will be scaled down.
Job counts:
	count	jobs
	874	compareMemIntron
	874	compareMemNoExon
	1	generatePlot
	1	run_after_checkpoint
	1750

[Fri May 22 13:25:52 2020]
rule compareMemIntron:
    input: data/annotationsLessExon/ENSG00000234880.mem, data/annotations/ENSG00000234880.mem, data/annotationsLessExon/ENSG00000234880.gtf, data/annotations/ENSG00000234880.gtf
    output: data/results/ENSG00000234880.txt
    jobid: 1694
    wildcards: gene=ENSG00000234880

[Fri May 22 13:25:52 2020]
rule compareMemNoExon:
    input: data/annotationsLessExon/ENSG00000234880NoExon.mem, data/annotations/ENSG00000234880.mem, data/annotationsLessExon/ENSG00000234880.gtf, data/annotations/ENSG00000234880.gtf
    output: data/results/ENSG00000234880NoExon.txt
    jobid: 1695
    wildcards: gene=ENSG00000234880

[Fri May 22 13:25:52 2020]
rule compareMemIntron:
    input: data/annotationsLessExon/ENSG00000183145.mem, data/annotations/ENSG00000183145.mem, data/annotationsLessExon/ENSG00000183145.gtf, data/annotations/ENSG00000183145.gtf
    output: data/results/ENSG00000183145.txt
    jobid: 40
    wildcards: gene=ENSG00000183145

[Fri May 22 13:25:52 2020]
rule compareMemNoExon:
    input: data/annotationsLessExon/ENSG00000183145NoExon.mem, data/annotations/ENSG00000183145.mem, data/annotationsLessExon/ENSG00000183145.gtf, data/annotations/ENSG00000183145.gtf
    output: data/results/ENSG00000183145NoExon.txt
    jobid: 41
    wildcards: gene=ENSG00000183145

[Fri May 22 13:25:53 2020]
Finished job 41.
1 of 1750 steps (0.06%) done
[Fri May 22 13:25:53 2020]
Finished job 40.
2 of 1750 steps (0.11%) done
[Fri May 22 13:25:53 2020]
Finished job 1694.
3 of 1750 steps (0.17%) done
[Fri May 22 13:25:53 2020]
Finished job 1695.
4 of 1750 steps (0.23%) done

[Fri May 22 13:25:53 2020]
rule compareMemIntron:
    input: data/annotationsLessExon/ENSG00000224018.mem, data/annotations/ENSG00000224018.mem, data/annotationsLessExon/ENSG00000224018.gtf, data/annotations/ENSG00000224018.gtf
    output: data/results/ENSG00000224018.txt
    jobid: 250
    wildcards: gene=ENSG00000224018

[Fri May 22 13:25:53 2020]
rule compareMemNoExon:
    input: data/annotationsLessExon/ENSG00000224018NoExon.mem, data/annotations/ENSG00000224018.mem, data/annotationsLessExon/ENSG00000224018.gtf, data/annotations/ENSG00000224018.gtf
    output: data/results/ENSG00000224018NoExon.txt
    jobid: 251
    wildcards: gene=ENSG00000224018


[Fri May 22 13:25:53 2020]
rule compareMemIntron:
    input: data/annotationsLessExon/ENSG00000229962.mem, data/annotations/ENSG00000229962.mem, data/annotationsLessExon/ENSG00000229962.gtf, data/annotations/ENSG00000229962.gtf
    output: data/results/ENSG00000229962.txt
    jobid: 934
    wildcards: gene=ENSG00000229962

[Fri May 22 13:25:53 2020]
rule compareMemNoExon:
    input: data/annotationsLessExon/ENSG00000229962NoExon.mem, data/annotations/ENSG00000229962.mem, data/annotationsLessExon/ENSG00000229962.gtf, data/annotations/ENSG00000229962.gtf
    output: data/results/ENSG00000229962NoExon.txt
    jobid: 935
    wildcards: gene=ENSG00000229962

[Fri May 22 13:25:54 2020]
Finished job 935.
5 of 1750 steps (0.29%) done
[Fri May 22 13:25:54 2020]
Finished job 250.
6 of 1750 steps (0.34%) done
[Fri May 22 13:25:54 2020]
Finished job 934.
7 of 1750 steps (0.40%) done
[Fri May 22 13:25:54 2020]
Finished job 251.
8 of 1750 steps (0.46%) done

[Fri May 22 13:25:54 2020]
rule compareMemIntron:
    input: data/annotationsLessExon/ENSG00000279094.mem, data/annotations/ENSG00000279094.mem, data/annotationsLessExon/ENSG00000279094.gtf, data/annotations/ENSG00000279094.gtf
    output: data/results/ENSG00000279094.txt
    jobid: 1384
    wildcards: gene=ENSG00000279094

[Fri May 22 13:25:54 2020]
rule compareMemIntron:
    input: data/annotationsLessExon/ENSG00000188660.mem, data/annotations/ENSG00000188660.mem, data/annotationsLessExon/ENSG00000188660.gtf, data/annotations/ENSG00000188660.gtf
    output: data/results/ENSG00000188660.txt
    jobid: 376
    wildcards: gene=ENSG00000188660


[Fri May 22 13:25:54 2020]
rule compareMemIntron:
    input: data/annotationsLessExon/ENSG00000226527.mem, data/annotations/ENSG00000226527.mem, data/annotationsLessExon/ENSG00000226527.gtf, data/annotations/ENSG00000226527.gtf
    output: data/results/ENSG00000226527.txt
    jobid: 278
    wildcards: gene=ENSG00000226527


[Fri May 22 13:25:54 2020]
rule compareMemNoExon:
    input: data/annotationsLessExon/ENSG00000226527NoExon.mem, data/annotations/ENSG00000226527.mem, data/annotationsLessExon/ENSG00000226527.gtf, data/annotations/ENSG00000226527.gtf
    output: data/results/ENSG00000226527NoExon.txt
    jobid: 279
    wildcards: gene=ENSG00000226527

[Fri May 22 13:25:54 2020]
Finished job 376.
9 of 1750 steps (0.51%) done

[Fri May 22 13:25:55 2020]
rule compareMemIntron:
    input: data/annotationsLessExon/ENSG00000160213.mem, data/annotations/ENSG00000160213.mem, data/annotationsLessExon/ENSG00000160213.gtf, data/annotations/ENSG00000160213.gtf
    output: data/results/ENSG00000160213.txt
    jobid: 1584
    wildcards: gene=ENSG00000160213

[Fri May 22 13:25:55 2020]
Finished job 279.
10 of 1750 steps (0.57%) done
[Fri May 22 13:25:55 2020]
Finished job 278.
11 of 1750 steps (0.63%) done

[Fri May 22 13:25:55 2020]
rule compareMemNoExon:
    input: data/annotationsLessExon/ENSG00000188660NoExon.mem, data/annotations/ENSG00000188660.mem, data/annotationsLessExon/ENSG00000188660.gtf, data/annotations/ENSG00000188660.gtf
    output: data/results/ENSG00000188660NoExon.txt
    jobid: 377
    wildcards: gene=ENSG00000188660

[Fri May 22 13:25:55 2020]
Finished job 1384.
12 of 1750 steps (0.69%) done

[Fri May 22 13:25:55 2020]
rule compareMemIntron:
    input: data/annotationsLessExon/ENSG00000205927.mem, data/annotations/ENSG00000205927.mem, data/annotationsLessExon/ENSG00000205927.gtf, data/annotations/ENSG00000205927.gtf
    output: data/results/ENSG00000205927.txt
    jobid: 1582
    wildcards: gene=ENSG00000205927


[Fri May 22 13:25:55 2020]
rule compareMemNoExon:
    input: data/annotationsLessExon/ENSG00000160213NoExon.mem, data/annotations/ENSG00000160213.mem, data/annotationsLessExon/ENSG00000160213.gtf, data/annotations/ENSG00000160213.gtf
    output: data/results/ENSG00000160213NoExon.txt
    jobid: 1585
    wildcards: gene=ENSG00000160213

[Fri May 22 13:25:55 2020]
Finished job 1584.
13 of 1750 steps (0.74%) done
[Fri May 22 13:25:55 2020]
Finished job 377.
14 of 1750 steps (0.80%) done

[Fri May 22 13:25:55 2020]
rule compareMemIntron:
    input: data/annotationsLessExon/ENSG00000236830.mem, data/annotations/ENSG00000236830.mem, data/annotationsLessExon/ENSG00000236830.gtf, data/annotations/ENSG00000236830.gtf
    output: data/results/ENSG00000236830.txt
    jobid: 1012
    wildcards: gene=ENSG00000236830

[Fri May 22 13:25:55 2020]
Finished job 1582.
15 of 1750 steps (0.86%) done
[Fri May 22 13:25:55 2020]
Finished job 1585.
16 of 1750 steps (0.91%) done

[Fri May 22 13:25:55 2020]
rule compareMemIntron:
    input: data/annotationsLessExon/ENSG00000224924.mem, data/annotations/ENSG00000224924.mem, data/annotationsLessExon/ENSG00000224924.gtf, data/annotations/ENSG00000224924.gtf
    output: data/results/ENSG00000224924.txt
    jobid: 594
    wildcards: gene=ENSG00000224924

[Fri May 22 13:25:55 2020]
rule compareMemIntron:
    input: data/annotationsLessExon/ENSG00000232401.mem, data/annotations/ENSG00000232401.mem, data/annotationsLessExon/ENSG00000232401.gtf, data/annotations/ENSG00000232401.gtf
    output: data/results/ENSG00000232401.txt
    jobid: 1656
    wildcards: gene=ENSG00000232401


[Fri May 22 13:25:55 2020]
rule compareMemIntron:
    input: data/annotationsLessExon/ENSG00000275496.mem, data/annotations/ENSG00000275496.mem, data/annotationsLessExon/ENSG00000275496.gtf, data/annotations/ENSG00000275496.gtf
    output: data/results/ENSG00000275496.txt
    jobid: 1418
    wildcards: gene=ENSG00000275496

[Fri May 22 13:25:56 2020]
Finished job 1656.
17 of 1750 steps (0.97%) done
[Fri May 22 13:25:56 2020]
Finished job 1012.
18 of 1750 steps (1%) done

[Fri May 22 13:25:56 2020]
rule compareMemIntron:
    input: data/annotationsLessExon/ENSG00000280441.mem, data/annotations/ENSG00000280441.mem, data/annotationsLessExon/ENSG00000280441.gtf, data/annotations/ENSG00000280441.gtf
    output: data/results/ENSG00000280441.txt
    jobid: 962
    wildcards: gene=ENSG00000280441

[Fri May 22 13:25:56 2020]
Finished job 1418.
19 of 1750 steps (1%) done
[Fri May 22 13:25:56 2020]
Finished job 594.
20 of 1750 steps (1%) done

[Fri May 22 13:25:56 2020]
rule compareMemIntron:
    input: data/annotationsLessExon/ENSG00000205581.mem, data/annotations/ENSG00000205581.mem, data/annotationsLessExon/ENSG00000205581.gtf, data/annotations/ENSG00000205581.gtf
    output: data/results/ENSG00000205581.txt
    jobid: 1706
    wildcards: gene=ENSG00000205581

[Fri May 22 13:25:56 2020]
rule compareMemNoExon:
    input: data/annotationsLessExon/ENSG00000205927NoExon.mem, data/annotations/ENSG00000205927.mem, data/annotationsLessExon/ENSG00000205927.gtf, data/annotations/ENSG00000205927.gtf
    output: data/results/ENSG00000205927NoExon.txt
    jobid: 1583
    wildcards: gene=ENSG00000205927


[Fri May 22 13:25:56 2020]
rule compareMemNoExon:
    input: data/annotationsLessExon/ENSG00000279094NoExon.mem, data/annotations/ENSG00000279094.mem, data/annotationsLessExon/ENSG00000279094.gtf, data/annotations/ENSG00000279094.gtf
    output: data/results/ENSG00000279094NoExon.txt
    jobid: 1385
    wildcards: gene=ENSG00000279094

Terminating processes on user request, this might take some time.
[Fri May 22 13:25:56 2020]
Error in rule compareMemIntron:
    jobid: 1706
[Fri May 22 13:25:56 2020]
    output: data/results/ENSG00000205581.txt
Error in rule compareMemNoExon:

[Fri May 22 13:25:56 2020]
    jobid: 1583
Error in rule compareMemIntron:
    output: data/results/ENSG00000205927NoExon.txt
    jobid: 962

    output: data/results/ENSG00000280441.txt

RuleException:
CalledProcessError in line 188 of /home/dlcgold/stage-unimib/extra/snake/Snakefile:
Command 'set -euo pipefail;  /usr/bin/python /home/dlcgold/stage-unimib/extra/snake/.snakemake/scripts/tmplabzma4q.compareMem.py' died with <Signals.SIGINT: 2>.
  File "/home/dlcgold/stage-unimib/extra/snake/Snakefile", line 188, in __rule_compareMemIntron
  File "/usr/lib/python3.8/concurrent/futures/thread.py", line 57, in run
RuleException:
CalledProcessError in line 188 of /home/dlcgold/stage-unimib/extra/snake/Snakefile:
Command 'set -euo pipefail;  /usr/bin/python /home/dlcgold/stage-unimib/extra/snake/.snakemake/scripts/tmptq0r4edn.compareMem.py' returned non-zero exit status 1.
  File "/home/dlcgold/stage-unimib/extra/snake/Snakefile", line 188, in __rule_compareMemIntron
  File "/usr/lib/python3.8/concurrent/futures/thread.py", line 57, in run
RuleException:
CalledProcessError in line 203 of /home/dlcgold/stage-unimib/extra/snake/Snakefile:
Command 'set -euo pipefail;  /usr/bin/python /home/dlcgold/stage-unimib/extra/snake/.snakemake/scripts/tmp2yl1n2ad.compareMem.py' died with <Signals.SIGINT: 2>.
  File "/home/dlcgold/stage-unimib/extra/snake/Snakefile", line 203, in __rule_compareMemNoExon
  File "/usr/lib/python3.8/concurrent/futures/thread.py", line 57, in run
[Fri May 22 13:25:57 2020]
Finished job 1385.
21 of 1750 steps (1%) done
Complete log: /home/dlcgold/stage-unimib/extra/snake/.snakemake/log/2020-05-22T132545.921333.snakemake.log
